<?xml version="1.0" encoding="UTF-8" standalone="no" ?>
<testsuites>
  <testsuite errors="0" failures="0" name="uiTest_AppUtil" skipped="0" tests="2" time="4.1526">
    <testcase classname="uiTest_AppUtil" name="clean_launch_1" time="4.1043"/>
    <testcase classname="uiTest_AppUtil" name="clean_launch_2" time="0.048311"/>
  </testsuite>
  <testsuite errors="0" failures="0" name="uiTest_ContourQuiverApp" skipped="0" tests="6" time="25.7126">
    <testcase classname="uiTest_ContourQuiverApp" name="clean_launch_1" time="6.0748"/>
    <testcase classname="uiTest_ContourQuiverApp" name="basic_test_1" time="4.9015"/>
    <testcase classname="uiTest_ContourQuiverApp" name="basic_test_2" time="4.7662"/>
    <testcase classname="uiTest_ContourQuiverApp" name="basic_test_3" time="3.6003"/>
    <testcase classname="uiTest_ContourQuiverApp" name="basic_test_4" time="3.7834"/>
    <testcase classname="uiTest_ContourQuiverApp" name="passing_test_1" time="2.5863"/>
  </testsuite>
  <testsuite errors="0" failures="0" name="uiUptodateTest_AppUtil" skipped="0" tests="2" time="0.097296">
    <testcase classname="uiUptodateTest_AppUtil" name="app_screenshot_dark_1" time="0.075477"/>
    <testcase classname="uiUptodateTest_AppUtil" name="app_screenshot_light_1" time="0.021819"/>
  </testsuite>
  <testsuite errors="0" failures="0" name="uitest_AlignComponents" skipped="0" tests="12" time="65.6661">
    <testcase classname="uitest_AlignComponents" name="clean_launch_1" time="0.92793"/>
    <testcase classname="uitest_AlignComponents" name="clean_launch_2" time="1.2154"/>
    <testcase classname="uitest_AlignComponents" name="clean_launch_3" time="3.1334"/>
    <testcase classname="uitest_AlignComponents" name="clean_launch_4" time="2.1643"/>
    <testcase classname="uitest_AlignComponents" name="DarkTheme_1" time="5.4243"/>
    <testcase classname="uitest_AlignComponents" name="LightTheme_1" time="3.2179"/>
    <testcase classname="uitest_AlignComponents" name="DarkTheme_2" time="1.9957"/>
    <testcase classname="uitest_AlignComponents" name="LightTheme_2" time="1.8729"/>
    <testcase classname="uitest_AlignComponents" name="DarkTheme_3" time="12.2307"/>
    <testcase classname="uitest_AlignComponents" name="LightTheme_3" time="11.2228"/>
    <testcase classname="uitest_AlignComponents" name="DarkTheme_4" time="11.3577"/>
    <testcase classname="uitest_AlignComponents" name="LightTheme_4" time="10.903"/>
  </testsuite>
  <testsuite errors="0" failures="0" name="uiTest_AppWindow" skipped="0" tests="2" time="1.3146">
    <testcase classname="uiTest_AppWindow" name="app_launches_without_warnings_1" time="0.31177"/>
    <testcase classname="uiTest_AppWindow" name="app_launches_without_warnings_2" time="1.0029"/>
  </testsuite>
  <testsuite errors="0" failures="0" name="uitest_Axes" skipped="0" tests="8" time="9.3883">
    <testcase classname="uitest_Axes" name="app_launches_without_warnings_1" time="1.3582"/>
    <testcase classname="uitest_Axes" name="app_launches_without_warnings_2" time="0.53071"/>
    <testcase classname="uitest_Axes" name="app_launches_without_warnings_3" time="1.3006"/>
    <testcase classname="uitest_Axes" name="app_launches_without_warnings_4" time="1.281"/>
    <testcase classname="uitest_Axes" name="LightTheme_1" time="0.93645"/>
    <testcase classname="uitest_Axes" name="LightTheme_2" time="1.5494"/>
    <testcase classname="uitest_Axes" name="DarkTheme_1" time="0.84054"/>
    <testcase classname="uitest_Axes" name="DarkTheme_2" time="1.5913"/>
  </testsuite>
  <testsuite errors="0" failures="0" name="uiTest_BaseWorkspaceStructParameterUI" skipped="0" tests="7" time="25.5203">
    <testcase classname="uiTest_BaseWorkspaceStructParameterUI" name="clean_launch_1" time="0.75215"/>
    <testcase classname="uiTest_BaseWorkspaceStructParameterUI" name="clean_launch_2" time="1.6538"/>
    <testcase classname="uiTest_BaseWorkspaceStructParameterUI" name="Gesture_1_1_1" time="2.9656"/>
    <testcase classname="uiTest_BaseWorkspaceStructParameterUI" name="Gesture_1_1_2" time="2.56"/>
    <testcase classname="uiTest_BaseWorkspaceStructParameterUI" name="Gesture_1_2" time="0.51647"/>
    <testcase classname="uiTest_BaseWorkspaceStructParameterUI" name="Gesture_2_1" time="12.4199"/>
    <testcase classname="uiTest_BaseWorkspaceStructParameterUI" name="Gesture_2_2" time="4.6524"/>
  </testsuite>
  <testsuite errors="0" failures="0" name="uiTest_BlockSelectorUI" skipped="0" tests="13" time="80.0651">
    <testcase classname="uiTest_BlockSelectorUI" name="app_launches_without_warnings_1" time="0.76487"/>
    <testcase classname="uiTest_BlockSelectorUI" name="app_launches_without_warnings_2" time="18.1943"/>
    <testcase classname="uiTest_BlockSelectorUI" name="app_launches_without_warnings_3" time="1.319"/>
    <testcase classname="uiTest_BlockSelectorUI" name="app_launches_without_warnings_4" time="2.5919"/>
    <testcase classname="uiTest_BlockSelectorUI" name="app_launches_without_warnings_5" time="2.5088"/>
    <testcase classname="uiTest_BlockSelectorUI" name="invalid_model" time="0.70121"/>
    <testcase classname="uiTest_BlockSelectorUI" name="duplicate_model_paths" time="1.1027"/>
    <testcase classname="uiTest_BlockSelectorUI" name="invalid_model_file" time="0.32192"/>
    <testcase classname="uiTest_BlockSelectorUI" name="Gesture_Highlight_Block" time="5.7087"/>
    <testcase classname="uiTest_BlockSelectorUI" name="Gesture_Model_Dropdown" time="8.2142"/>
    <testcase classname="uiTest_BlockSelectorUI" name="Gesture_Get_button" time="8.613"/>
    <testcase classname="uiTest_BlockSelectorUI" name="Gesture_Set_button" time="7.6446"/>
    <testcase classname="uiTest_BlockSelectorUI" name="Gesture_Highlight_button" time="22.38"/>
  </testsuite>
  <testsuite errors="0" failures="0" name="uitest_Button" skipped="0" tests="13" time="27.3738">
    <testcase classname="uitest_Button" name="app_launches_without_warnings_1" time="0.16097"/>
    <testcase classname="uitest_Button" name="app_launches_without_warnings_2" time="2.1736"/>
    <testcase classname="uitest_Button" name="app_launches_without_warnings_3" time="0.3089"/>
    <testcase classname="uitest_Button" name="app_launches_without_warnings_4" time="2.4506"/>
    <testcase classname="uitest_Button" name="Gesture_1" time="1.8217"/>
    <testcase classname="uitest_Button" name="LightTheme_1" time="0.96085"/>
    <testcase classname="uitest_Button" name="LightTheme_2" time="2.9593"/>
    <testcase classname="uitest_Button" name="LightTheme_3" time="2.4882"/>
    <testcase classname="uitest_Button" name="LightTheme_4" time="3.5561"/>
    <testcase classname="uitest_Button" name="DarkTheme_1" time="0.83089"/>
    <testcase classname="uitest_Button" name="DarkTheme_2" time="3.4732"/>
    <testcase classname="uitest_Button" name="DarkTheme_3" time="2.6105"/>
    <testcase classname="uitest_Button" name="DarkTheme_4" time="3.5792"/>
  </testsuite>
  <testsuite errors="0" failures="0" name="uitest_CheckBox" skipped="0" tests="10" time="40.1383">
    <testcase classname="uitest_CheckBox" name="app_launches_without_warnings_1" time="0.17331"/>
    <testcase classname="uitest_CheckBox" name="app_launches_without_warnings_2" time="2.2336"/>
    <testcase classname="uitest_CheckBox" name="app_launches_without_warnings_3" time="1.7395"/>
    <testcase classname="uitest_CheckBox" name="Gesture_1" time="4.6813"/>
    <testcase classname="uitest_CheckBox" name="LightTheme_1" time="0.66488"/>
    <testcase classname="uitest_CheckBox" name="LightTheme_2" time="2.8925"/>
    <testcase classname="uitest_CheckBox" name="LightTheme_3" time="11.7334"/>
    <testcase classname="uitest_CheckBox" name="DarkTheme_1" time="0.67537"/>
    <testcase classname="uitest_CheckBox" name="DarkTheme_2" time="3.3883"/>
    <testcase classname="uitest_CheckBox" name="DarkTheme_3" time="11.956"/>
  </testsuite>
  <testsuite errors="0" failures="0" name="uiTest_DoubleValueUI" skipped="0" tests="5" time="18.9215">
    <testcase classname="uiTest_DoubleValueUI" name="clean_launch_1" time="6.0509"/>
    <testcase classname="uiTest_DoubleValueUI" name="clean_launch_2" time="2.5569"/>
    <testcase classname="uiTest_DoubleValueUI" name="Gesture_1" time="4.5602"/>
    <testcase classname="uiTest_DoubleValueUI" name="BaseWorkspace_1" time="1.9383"/>
    <testcase classname="uiTest_DoubleValueUI" name="BaseWorkspace_2" time="3.8152"/>
  </testsuite>
  <testsuite errors="0" failures="0" name="uiUptodateTest_DoubleValueUI" skipped="0" tests="4" time="32.1646">
    <testcase classname="uiUptodateTest_DoubleValueUI" name="app_screenshot_1_dark" time="7.9291"/>
    <testcase classname="uiUptodateTest_DoubleValueUI" name="app_screenshot_1_light" time="6.8773"/>
    <testcase classname="uiUptodateTest_DoubleValueUI" name="app_screenshot_1_alert_dark" time="9.2814"/>
    <testcase classname="uiUptodateTest_DoubleValueUI" name="app_screenshot_1_alert_light" time="8.0768"/>
  </testsuite>
  <testsuite errors="0" failures="0" name="uiTest_DropDown" skipped="0" tests="7" time="14.0377">
    <testcase classname="uiTest_DropDown" name="clean_launch_1" time="0.29202"/>
    <testcase classname="uiTest_DropDown" name="clean_launch_2" time="0.95123"/>
    <testcase classname="uiTest_DropDown" name="clean_launch_3" time="1.1296"/>
    <testcase classname="uiTest_DropDown" name="clean_launch_4" time="1.0494"/>
    <testcase classname="uiTest_DropDown" name="choose_1" time="3.6359"/>
    <testcase classname="uiTest_DropDown" name="callback_2_1" time="2.6946"/>
    <testcase classname="uiTest_DropDown" name="test_3" time="4.2849"/>
  </testsuite>
  <testsuite errors="0" failures="0" name="uiUptodateTest_DropDown" skipped="0" tests="2" time="2.7865">
    <testcase classname="uiUptodateTest_DropDown" name="app_screenshot_1_1_dark" time="1.3174"/>
    <testcase classname="uiUptodateTest_DropDown" name="app_screenshot_1_2_light" time="1.4691"/>
  </testsuite>
  <testsuite errors="0" failures="0" name="uitest_EditField" skipped="0" tests="4" time="4.8994">
    <testcase classname="uitest_EditField" name="app_launches_without_warnings_1" time="0.74006"/>
    <testcase classname="uitest_EditField" name="Gesture_1" time="2.171"/>
    <testcase classname="uitest_EditField" name="LightTheme_1" time="0.97554"/>
    <testcase classname="uitest_EditField" name="DarkTheme_1" time="1.0128"/>
  </testsuite>
  <testsuite errors="0" failures="0" name="uitest_EnabledButton" skipped="0" tests="10" time="24.8757">
    <testcase classname="uitest_EnabledButton" name="app_launches_without_warnings_1" time="0.66076"/>
    <testcase classname="uitest_EnabledButton" name="app_launches_without_warnings_2" time="1.7556"/>
    <testcase classname="uitest_EnabledButton" name="app_launches_without_warnings_3" time="0.76192"/>
    <testcase classname="uitest_EnabledButton" name="Gesture_1" time="2.8872"/>
    <testcase classname="uitest_EnabledButton" name="LightTheme_1" time="1.4885"/>
    <testcase classname="uitest_EnabledButton" name="LightTheme_2" time="2.3936"/>
    <testcase classname="uitest_EnabledButton" name="LightTheme_3" time="5.5007"/>
    <testcase classname="uitest_EnabledButton" name="DarkTheme_1" time="1.8433"/>
    <testcase classname="uitest_EnabledButton" name="DarkTheme_2" time="2.7132"/>
    <testcase classname="uitest_EnabledButton" name="DarkTheme_3" time="4.8711"/>
  </testsuite>
  <testsuite errors="0" failures="0" name="uiTest_HorizontalContainer" skipped="0" tests="6" time="12.1991">
    <testcase classname="uiTest_HorizontalContainer" name="app_launches_without_warnings_1" time="2.8712"/>
    <testcase classname="uiTest_HorizontalContainer" name="app_launches_without_warnings_2" time="1.4164"/>
    <testcase classname="uiTest_HorizontalContainer" name="DarkTheme_1" time="2.0559"/>
    <testcase classname="uiTest_HorizontalContainer" name="LightTheme_1" time="1.7045"/>
    <testcase classname="uiTest_HorizontalContainer" name="DarkTheme_2" time="2.2033"/>
    <testcase classname="uiTest_HorizontalContainer" name="LightTheme_2" time="1.9479"/>
  </testsuite>
  <testsuite errors="0" failures="0" name="uitest_HorizontalLine" skipped="0" tests="3" time="3.0834">
    <testcase classname="uitest_HorizontalLine" name="app_launches_without_warnings_1" time="0.74258"/>
    <testcase classname="uitest_HorizontalLine" name="LightTheme_1" time="1.3792"/>
    <testcase classname="uitest_HorizontalLine" name="DarkTheme_1" time="0.96163"/>
  </testsuite>
  <testsuite errors="0" failures="0" name="uitest_Hyperlink" skipped="0" tests="6" time="9.8847">
    <testcase classname="uitest_Hyperlink" name="app_launches_without_warnings_1" time="0.51145"/>
    <testcase classname="uitest_Hyperlink" name="app_launches_without_warnings_2" time="1.8623"/>
    <testcase classname="uitest_Hyperlink" name="LightTheme_1" time="1.1213"/>
    <testcase classname="uitest_Hyperlink" name="LightTheme_2" time="2.6619"/>
    <testcase classname="uitest_Hyperlink" name="DarkTheme_1" time="1.0426"/>
    <testcase classname="uitest_Hyperlink" name="DarkTheme_2" time="2.6851"/>
  </testsuite>
  <testsuite errors="0" failures="0" name="uiUptodateTest_Image" skipped="0" tests="2" time="6.8462">
    <testcase classname="uiUptodateTest_Image" name="app_screenshot_1_dark" time="3.6457"/>
    <testcase classname="uiUptodateTest_Image" name="app_screenshot_1_light" time="3.2005"/>
  </testsuite>
  <testsuite errors="0" failures="0" name="uitest_Image" skipped="0" tests="5" time="5.3099">
    <testcase classname="uitest_Image" name="app_launches_without_warnings_0" time="0.74242"/>
    <testcase classname="uitest_Image" name="app_launches_without_warnings_1" time="0.84665"/>
    <testcase classname="uitest_Image" name="app_launches_without_warnings_2" time="0.6096"/>
    <testcase classname="uitest_Image" name="app_launches_without_warnings_3" time="1.4738"/>
    <testcase classname="uitest_Image" name="Gesture_1" time="1.6375"/>
  </testsuite>
  <testsuite errors="0" failures="0" name="uitest_Label" skipped="0" tests="7" time="13.6547">
    <testcase classname="uitest_Label" name="app_launches_without_warnings_1" time="0.79712"/>
    <testcase classname="uitest_Label" name="app_launches_without_warnings_2" time="2.3261"/>
    <testcase classname="uitest_Label" name="app_launches_without_warnings_3" time="0.66422"/>
    <testcase classname="uitest_Label" name="LightTheme_1" time="2.0432"/>
    <testcase classname="uitest_Label" name="LightTheme_2" time="3.1714"/>
    <testcase classname="uitest_Label" name="DarkTheme_1" time="1.4279"/>
    <testcase classname="uitest_Label" name="DarkTheme_2" time="3.2248"/>
  </testsuite>
  <testsuite errors="0" failures="0" name="uitest_ListBox" skipped="0" tests="4" time="5.4014">
    <testcase classname="uitest_ListBox" name="app_launches_without_warnings_1" time="0.82183"/>
    <testcase classname="uitest_ListBox" name="Gesture_1" time="2.2495"/>
    <testcase classname="uitest_ListBox" name="LightTheme_1" time="1.1596"/>
    <testcase classname="uitest_ListBox" name="DarkTheme_1" time="1.1704"/>
  </testsuite>
  <testsuite errors="0" failures="0" name="uitest_MixedLayout" skipped="0" tests="6" time="16.4811">
    <testcase classname="uitest_MixedLayout" name="app_launches_without_warnings_1" time="0.65991"/>
    <testcase classname="uitest_MixedLayout" name="app_launches_without_warnings_2" time="2.1994"/>
    <testcase classname="uitest_MixedLayout" name="LightTheme_1" time="3.2623"/>
    <testcase classname="uitest_MixedLayout" name="LightTheme_2" time="3.5092"/>
    <testcase classname="uitest_MixedLayout" name="DarkTheme_1" time="3.2838"/>
    <testcase classname="uitest_MixedLayout" name="DarkTheme_2" time="3.5665"/>
  </testsuite>
  <testsuite errors="0" failures="0" name="uitest_Panel" skipped="0" tests="24" time="65.2031">
    <testcase classname="uitest_Panel" name="app_launches_without_warnings_1" time="0.81947"/>
    <testcase classname="uitest_Panel" name="app_launches_without_warnings_2" time="2.1587"/>
    <testcase classname="uitest_Panel" name="app_launches_without_warnings_3" time="3.3162"/>
    <testcase classname="uitest_Panel" name="app_launches_without_warnings_4" time="2.1742"/>
    <testcase classname="uitest_Panel" name="app_launches_without_warnings_5" time="2.9902"/>
    <testcase classname="uitest_Panel" name="app_launches_without_warnings_6" time="4.7889"/>
    <testcase classname="uitest_Panel" name="app_launches_without_warnings_7" time="3.349"/>
    <testcase classname="uitest_Panel" name="app_launches_without_warnings_8" time="3.7773"/>
    <testcase classname="uitest_Panel" name="LightTheme_1" time="1.6973"/>
    <testcase classname="uitest_Panel" name="DarkTheme_1" time="1.5473"/>
    <testcase classname="uitest_Panel" name="LightTheme_2" time="2.8436"/>
    <testcase classname="uitest_Panel" name="DarkTheme_2" time="2.0074"/>
    <testcase classname="uitest_Panel" name="LightTheme_3" time="2.7579"/>
    <testcase classname="uitest_Panel" name="DarkTheme_3" time="3.2846"/>
    <testcase classname="uitest_Panel" name="LightTheme_4" time="2.6509"/>
    <testcase classname="uitest_Panel" name="DarkTheme_4" time="2.584"/>
    <testcase classname="uitest_Panel" name="LightTheme_5" time="2.7306"/>
    <testcase classname="uitest_Panel" name="DarkTheme_5" time="2.0981"/>
    <testcase classname="uitest_Panel" name="LightTheme_6" time="2.5635"/>
    <testcase classname="uitest_Panel" name="DarkTheme_6" time="2.1691"/>
    <testcase classname="uitest_Panel" name="LightTheme_7" time="3.722"/>
    <testcase classname="uitest_Panel" name="DarkTheme_7" time="2.9855"/>
    <testcase classname="uitest_Panel" name="LightTheme_8" time="3.6601"/>
    <testcase classname="uitest_Panel" name="DarkTheme_8" time="2.5272"/>
  </testsuite>
  <testsuite errors="0" failures="0" name="uiTest_PhysicalUnitDropDown" skipped="0" tests="10" time="30.7461">
    <testcase classname="uiTest_PhysicalUnitDropDown" name="clean_launch_1" time="6.5048"/>
    <testcase classname="uiTest_PhysicalUnitDropDown" name="clean_launch_2" time="17.9609"/>
    <testcase classname="uiTest_PhysicalUnitDropDown" name="set_UnitText_1_startup" time="0.22087"/>
    <testcase classname="uiTest_PhysicalUnitDropDown" name="set_UnitText_error_1_startup" time="0.16987"/>
    <testcase classname="uiTest_PhysicalUnitDropDown" name="set_UnitText_error_2" time="1.2189"/>
    <testcase classname="uiTest_PhysicalUnitDropDown" name="set_UnitText_get_UnitText_1" time="0.89311"/>
    <testcase classname="uiTest_PhysicalUnitDropDown" name="set_UnitItems_error_1_startup" time="0.10591"/>
    <testcase classname="uiTest_PhysicalUnitDropDown" name="set_UnitItems_error_2_startup" time="0.12302"/>
    <testcase classname="uiTest_PhysicalUnitDropDown" name="set_UnitItems_error_3" time="0.087679"/>
    <testcase classname="uiTest_PhysicalUnitDropDown" name="GestureTest_1" time="3.461"/>
  </testsuite>
  <testsuite errors="0" failures="0" name="uiTest_PhysicalUnitLabel" skipped="0" tests="13" time="12.3518">
    <testcase classname="uiTest_PhysicalUnitLabel" name="clean_launch_1" time="0.95511"/>
    <testcase classname="uiTest_PhysicalUnitLabel" name="clean_launch_2" time="0.89862"/>
    <testcase classname="uiTest_PhysicalUnitLabel" name="app_startup_1_ok" time="1.043"/>
    <testcase classname="uiTest_PhysicalUnitLabel" name="app_startup_2_error" time="0.070827"/>
    <testcase classname="uiTest_PhysicalUnitLabel" name="app_startup_3_error" time="1.0435"/>
    <testcase classname="uiTest_PhysicalUnitLabel" name="feature_1" time="0.87288"/>
    <testcase classname="uiTest_PhysicalUnitLabel" name="feature_2" time="1.0637"/>
    <testcase classname="uiTest_PhysicalUnitLabel" name="feature_3" time="0.9507"/>
    <testcase classname="uiTest_PhysicalUnitLabel" name="feature_4" time="1.0367"/>
    <testcase classname="uiTest_PhysicalUnitLabel" name="feature_5" time="0.97217"/>
    <testcase classname="uiTest_PhysicalUnitLabel" name="error_1" time="1.0818"/>
    <testcase classname="uiTest_PhysicalUnitLabel" name="error_2_catch_in_uialert" time="1.4046"/>
    <testcase classname="uiTest_PhysicalUnitLabel" name="callback_1" time="0.95809"/>
  </testsuite>
  <testsuite errors="0" failures="0" name="uiUptodateTest_PhysicalUnitLabel" skipped="0" tests="2" time="3.472">
    <testcase classname="uiUptodateTest_PhysicalUnitLabel" name="app_screenshot_1_1_dark" time="1.7617"/>
    <testcase classname="uiUptodateTest_PhysicalUnitLabel" name="app_screenshot_1_2_light" time="1.7103"/>
  </testsuite>
  <testsuite errors="0" failures="0" name="uiTest_PhysicalValueWithUnitDropDown" skipped="0" tests="12" time="26.6259">
    <testcase classname="uiTest_PhysicalValueWithUnitDropDown" name="app1_clean_launch" time="1.2456"/>
    <testcase classname="uiTest_PhysicalValueWithUnitDropDown" name="app1_default_states_1" time="1.443"/>
    <testcase classname="uiTest_PhysicalValueWithUnitDropDown" name="app1_basic_1" time="3.6126"/>
    <testcase classname="uiTest_PhysicalValueWithUnitDropDown" name="app1_error_1" time="2.8971"/>
    <testcase classname="uiTest_PhysicalValueWithUnitDropDown" name="app2_clean_launch" time="1.3927"/>
    <testcase classname="uiTest_PhysicalValueWithUnitDropDown" name="app2_basic_feature_1" time="2.6329"/>
    <testcase classname="uiTest_PhysicalValueWithUnitDropDown" name="app2_basic_feature_2" time="1.4693"/>
    <testcase classname="uiTest_PhysicalValueWithUnitDropDown" name="app2_basic_feature_3" time="2.8965"/>
    <testcase classname="uiTest_PhysicalValueWithUnitDropDown" name="app2_error_1" time="1.6934"/>
    <testcase classname="uiTest_PhysicalValueWithUnitDropDown" name="app2_error_2" time="2.3506"/>
    <testcase classname="uiTest_PhysicalValueWithUnitDropDown" name="app3_clean_launch" time="0.93988"/>
    <testcase classname="uiTest_PhysicalValueWithUnitDropDown" name="app3_basic_feature_1" time="4.0522"/>
  </testsuite>
  <testsuite errors="0" failures="0" name="uiTest_PhysicalValueWithUnitLabel" skipped="0" tests="12" time="31.4587">
    <testcase classname="uiTest_PhysicalValueWithUnitLabel" name="clean_launch_1" time="1.0327"/>
    <testcase classname="uiTest_PhysicalValueWithUnitLabel" name="clean_launch_2" time="1.2457"/>
    <testcase classname="uiTest_PhysicalValueWithUnitLabel" name="clean_launch_3" time="2.2326"/>
    <testcase classname="uiTest_PhysicalValueWithUnitLabel" name="basic_feature_1" time="1.7124"/>
    <testcase classname="uiTest_PhysicalValueWithUnitLabel" name="basic_feature_2_1" time="1.4702"/>
    <testcase classname="uiTest_PhysicalValueWithUnitLabel" name="basic_feature_2_2_gesture" time="6.0349"/>
    <testcase classname="uiTest_PhysicalValueWithUnitLabel" name="basic_feature_2_3_programmatic" time="1.0614"/>
    <testcase classname="uiTest_PhysicalValueWithUnitLabel" name="basic_feature_2_4_error_programmatic" time="1.2625"/>
    <testcase classname="uiTest_PhysicalValueWithUnitLabel" name="basic_feature_2_5_error_interactive" time="2.5062"/>
    <testcase classname="uiTest_PhysicalValueWithUnitLabel" name="basic_feature_2_6_error_UnitText" time="1.0214"/>
    <testcase classname="uiTest_PhysicalValueWithUnitLabel" name="basic_feature_3_1_error_interactive" time="6.9452"/>
    <testcase classname="uiTest_PhysicalValueWithUnitLabel" name="basic_feature_3_2_callback" time="4.9337"/>
  </testsuite>
  <testsuite errors="0" failures="0" name="uitest_PolarAxes" skipped="0" tests="6" time="9.0829">
    <testcase classname="uitest_PolarAxes" name="app_launches_without_warnings_1" time="1.3077"/>
    <testcase classname="uitest_PolarAxes" name="app_launches_without_warnings_2" time="1.2304"/>
    <testcase classname="uitest_PolarAxes" name="LightTheme_1" time="1.7455"/>
    <testcase classname="uitest_PolarAxes" name="DarkTheme_1" time="1.2556"/>
    <testcase classname="uitest_PolarAxes" name="LightTheme_2" time="1.7975"/>
    <testcase classname="uitest_PolarAxes" name="DarkTheme_2" time="1.7462"/>
  </testsuite>
  <testsuite errors="0" failures="0" name="uitest_StateButton" skipped="0" tests="4" time="5.4306">
    <testcase classname="uitest_StateButton" name="app_launches_without_warnings_1" time="0.55703"/>
    <testcase classname="uitest_StateButton" name="Gesture_1" time="2.2552"/>
    <testcase classname="uitest_StateButton" name="LightTheme_1" time="1.3445"/>
    <testcase classname="uitest_StateButton" name="DarkTheme_1" time="1.2738"/>
  </testsuite>
  <testsuite errors="0" failures="0" name="uitest_Table" skipped="0" tests="4" time="10.169">
    <testcase classname="uitest_Table" name="app_launches_without_warnings_1" time="0.82813"/>
    <testcase classname="uitest_Table" name="Gesture_1" time="5.1552"/>
    <testcase classname="uitest_Table" name="LightTheme_1" time="2.111"/>
    <testcase classname="uitest_Table" name="DarkTheme_1" time="2.0747"/>
  </testsuite>
  <testsuite errors="0" failures="0" name="uitest_TextArea" skipped="0" tests="4" time="5.2097">
    <testcase classname="uitest_TextArea" name="app_launches_without_warnings_1" time="0.59007"/>
    <testcase classname="uitest_TextArea" name="Gesture_1" time="2.3352"/>
    <testcase classname="uitest_TextArea" name="LightTheme_1" time="1.1546"/>
    <testcase classname="uitest_TextArea" name="DarkTheme_1" time="1.1299"/>
  </testsuite>
  <testsuite errors="0" failures="0" name="uiTest_VerticalContainer" skipped="0" tests="6" time="14.6449">
    <testcase classname="uiTest_VerticalContainer" name="app_launches_without_warnings_1" time="1.3216"/>
    <testcase classname="uiTest_VerticalContainer" name="app_launches_without_warnings_2" time="3.8234"/>
    <testcase classname="uiTest_VerticalContainer" name="DarkTheme_1" time="1.9642"/>
    <testcase classname="uiTest_VerticalContainer" name="LightTheme_1" time="1.5228"/>
    <testcase classname="uiTest_VerticalContainer" name="DarkTheme_2" time="3.0304"/>
    <testcase classname="uiTest_VerticalContainer" name="LightTheme_2" time="2.9825"/>
  </testsuite>
  <testsuite errors="0" failures="0" name="uitest_WindowHeader" skipped="0" tests="6" time="10.1839">
    <testcase classname="uitest_WindowHeader" name="app_launches_without_warnings_1" time="0.97132"/>
    <testcase classname="uitest_WindowHeader" name="app_launches_without_warnings_2" time="1.1143"/>
    <testcase classname="uitest_WindowHeader" name="app_launches_without_warnings_3" time="0.97453"/>
    <testcase classname="uitest_WindowHeader" name="Gesture_1" time="2.9734"/>
    <testcase classname="uitest_WindowHeader" name="LightTheme_1" time="2.1224"/>
    <testcase classname="uitest_WindowHeader" name="DarkTheme_1" time="2.028"/>
  </testsuite>
</testsuites>
