<?xml version="1.0" encoding="UTF-8" standalone="no" ?>
<coverage branch-rate="NaN" branches-covered="NaN" branches-valid="NaN" complexity="NaN" line-rate="0.91429" lines-covered="64" lines-valid="70" timestamp="1777636170.6453" version="">
  <sources>
    <source>C:\local\modutil\repo\worktrees\R2024b-devel\Devel\AppUtil\+AppUtil1\+Component\</source>
  </sources>
  <packages>
    <package branch-rate="NaN" complexity="NaN" line-rate="0.91429" name="AppUtil1.Component">
      <classes>
        <class branch-rate="NaN" complexity="NaN" filename="DropDown.m" line-rate="0.91429" name="AppUtil1.Component.DropDown">
          <methods>
            <method branch-rate="NaN" line-rate="0.94444" name="setup" signature="setup(component)">
              <lines>
                <line hits="9" number="83"/>
                <line hits="0" number="84"/>
                <line hits="9" number="87"/>
                <line hits="9" number="89"/>
                <line hits="9" number="90"/>
                <line hits="9" number="91"/>
                <line hits="9" number="92"/>
                <line hits="9" number="93"/>
                <line hits="9" number="94"/>
                <line hits="9" number="95"/>
                <line hits="9" number="96"/>
                <line hits="9" number="99"/>
                <line hits="9" number="100"/>
                <line hits="9" number="101"/>
                <line hits="9" number="102"/>
                <line hits="9" number="103"/>
                <line hits="9" number="106"/>
                <line hits="9" number="107"/>
              </lines>
            </method>
            <method branch-rate="NaN" line-rate="0.88889" name="update" signature="update(component)">
              <lines>
                <line hits="16" number="112"/>
                <line hits="0" number="113"/>
                <line hits="16" number="115"/>
                <line hits="16" number="116"/>
                <line hits="7" number="117"/>
                <line hits="7" number="119"/>
                <line hits="9" number="122"/>
                <line hits="9" number="123"/>
                <line hits="9" number="124"/>
              </lines>
            </method>
            <method branch-rate="NaN" line-rate="0.66667" name="first_update" signature="first_update(component)">
              <lines>
                <line hits="9" number="132"/>
                <line hits="0" number="133"/>
                <line hits="9" number="138"/>
              </lines>
            </method>
            <method branch-rate="NaN" line-rate="0.89286" name="regular_update" signature="regular_update(component)">
              <lines>
                <line hits="16" number="144"/>
                <line hits="0" number="145"/>
                <line hits="16" number="148"/>
                <line hits="16" number="149"/>
                <line hits="16" number="151"/>
                <line hits="16" number="152"/>
                <line hits="1" number="153"/>
                <line hits="15" number="154"/>
                <line hits="14" number="155"/>
                <line hits="1" number="156"/>
                <line hits="1" number="157"/>
                <line hits="16" number="160"/>
                <line hits="13" number="161"/>
                <line hits="13" number="162"/>
                <line hits="3" number="164"/>
                <line hits="3" number="165"/>
                <line hits="3" number="166"/>
                <line hits="1" number="167"/>
                <line hits="2" number="168"/>
                <line hits="1" number="169"/>
                <line hits="1" number="170"/>
                <line hits="1" number="171"/>
                <line hits="16" number="175"/>
                <line hits="2" number="176"/>
                <line hits="2" number="177"/>
                <line hits="2" number="178"/>
                <line hits="0" number="179"/>
                <line hits="0" number="180"/>
              </lines>
            </method>
            <method branch-rate="NaN" line-rate="1" name="get.Items" signature="x = get.Items(component)">
              <lines>
                <line hits="21" number="193"/>
              </lines>
            </method>
            <method branch-rate="NaN" line-rate="1" name="set.Items" signature="set.Items(component, x)">
              <lines>
                <line hits="20" number="201"/>
              </lines>
            </method>
            <method branch-rate="NaN" line-rate="1" name="get.Value" signature="x = get.Value(component)">
              <lines>
                <line hits="18" number="208"/>
              </lines>
            </method>
            <method branch-rate="NaN" line-rate="1" name="set.Value" signature="set.Value(component, x)">
              <lines>
                <line hits="15" number="217"/>
                <line hits="15" number="220"/>
              </lines>
            </method>
            <method branch-rate="NaN" line-rate="1" name="dropdownValueChanged" signature="dropdownValueChanged(component)">
              <lines>
                <line hits="22" number="228"/>
                <line hits="5" number="229"/>
                <line hits="5" number="230"/>
                <line hits="1" number="231"/>
                <line hits="22" number="235"/>
                <line hits="8" number="237"/>
                <line hits="22" number="240"/>
              </lines>
            </method>
          </methods>
          <lines>
            <line hits="9" number="83"/>
            <line hits="0" number="84"/>
            <line hits="9" number="87"/>
            <line hits="9" number="89"/>
            <line hits="9" number="90"/>
            <line hits="9" number="91"/>
            <line hits="9" number="92"/>
            <line hits="9" number="93"/>
            <line hits="9" number="94"/>
            <line hits="9" number="95"/>
            <line hits="9" number="96"/>
            <line hits="9" number="99"/>
            <line hits="9" number="100"/>
            <line hits="9" number="101"/>
            <line hits="9" number="102"/>
            <line hits="9" number="103"/>
            <line hits="9" number="106"/>
            <line hits="9" number="107"/>
            <line hits="16" number="112"/>
            <line hits="0" number="113"/>
            <line hits="16" number="115"/>
            <line hits="16" number="116"/>
            <line hits="7" number="117"/>
            <line hits="7" number="119"/>
            <line hits="9" number="122"/>
            <line hits="9" number="123"/>
            <line hits="9" number="124"/>
            <line hits="9" number="132"/>
            <line hits="0" number="133"/>
            <line hits="9" number="138"/>
            <line hits="16" number="144"/>
            <line hits="0" number="145"/>
            <line hits="16" number="148"/>
            <line hits="16" number="149"/>
            <line hits="16" number="151"/>
            <line hits="16" number="152"/>
            <line hits="1" number="153"/>
            <line hits="15" number="154"/>
            <line hits="14" number="155"/>
            <line hits="1" number="156"/>
            <line hits="1" number="157"/>
            <line hits="16" number="160"/>
            <line hits="13" number="161"/>
            <line hits="13" number="162"/>
            <line hits="3" number="164"/>
            <line hits="3" number="165"/>
            <line hits="3" number="166"/>
            <line hits="1" number="167"/>
            <line hits="2" number="168"/>
            <line hits="1" number="169"/>
            <line hits="1" number="170"/>
            <line hits="1" number="171"/>
            <line hits="16" number="175"/>
            <line hits="2" number="176"/>
            <line hits="2" number="177"/>
            <line hits="2" number="178"/>
            <line hits="0" number="179"/>
            <line hits="0" number="180"/>
            <line hits="21" number="193"/>
            <line hits="20" number="201"/>
            <line hits="18" number="208"/>
            <line hits="15" number="217"/>
            <line hits="15" number="220"/>
            <line hits="22" number="228"/>
            <line hits="5" number="229"/>
            <line hits="5" number="230"/>
            <line hits="1" number="231"/>
            <line hits="22" number="235"/>
            <line hits="8" number="237"/>
            <line hits="22" number="240"/>
          </lines>
        </class>
      </classes>
    </package>
  </packages>
</coverage>
