<?xml version="1.0" encoding="UTF-8" standalone="no" ?>
<coverage branch-rate="NaN" branches-covered="NaN" branches-valid="NaN" complexity="NaN" line-rate="0.84925" lines-covered="169" lines-valid="199" timestamp="1777542800.4076" version="">
  <sources>
    <source>C:\local\modutil\repo\worktrees\R2024b-devel\Devel\AppUtil\+AppUtil1\+Component\</source>
  </sources>
  <packages>
    <package branch-rate="NaN" complexity="NaN" line-rate="0.84925" name="AppUtil1.Component">
      <classes>
        <class branch-rate="NaN" complexity="NaN" filename="PhysicalValueWithUnitLabel.m" line-rate="0.84925" name="AppUtil1.Component.PhysicalValueWithUnitLabel">
          <methods>
            <method branch-rate="NaN" line-rate="0.96" name="setup" signature="setup(component)">
              <lines>
                <line hits="21" number="80"/>
                <line hits="0" number="81"/>
                <line hits="21" number="84"/>
                <line hits="21" number="86"/>
                <line hits="21" number="88"/>
                <line hits="21" number="93"/>
                <line hits="21" number="95"/>
                <line hits="21" number="96"/>
                <line hits="21" number="97"/>
                <line hits="21" number="98"/>
                <line hits="21" number="103"/>
                <line hits="21" number="105"/>
                <line hits="21" number="106"/>
                <line hits="21" number="107"/>
                <line hits="21" number="112"/>
                <line hits="21" number="114"/>
                <line hits="21" number="115"/>
                <line hits="21" number="120"/>
                <line hits="21" number="122"/>
                <line hits="21" number="123"/>
                <line hits="21" number="124"/>
                <line hits="21" number="125"/>
                <line hits="21" number="130"/>
                <line hits="21" number="132"/>
                <line hits="21" number="133"/>
              </lines>
            </method>
            <method branch-rate="NaN" line-rate="0.88889" name="update" signature="update(component)">
              <lines>
                <line hits="47" number="140"/>
                <line hits="0" number="141"/>
                <line hits="47" number="143"/>
                <line hits="47" number="144"/>
                <line hits="26" number="145"/>
                <line hits="26" number="147"/>
                <line hits="21" number="150"/>
                <line hits="21" number="151"/>
                <line hits="21" number="152"/>
              </lines>
            </method>
            <method branch-rate="NaN" line-rate="0.92308" name="regular_update" signature="regular_update(component)">
              <lines>
                <line hits="47" number="157"/>
                <line hits="0" number="158"/>
                <line hits="47" number="161"/>
                <line hits="21" number="162"/>
                <line hits="47" number="165"/>
                <line hits="3" number="167"/>
                <line hits="3" number="168"/>
                <line hits="3" number="169"/>
                <line hits="44" number="172"/>
                <line hits="44" number="173"/>
                <line hits="47" number="176"/>
                <line hits="47" number="177"/>
                <line hits="47" number="178"/>
                <line hits="47" number="180"/>
                <line hits="20" number="181"/>
                <line hits="0" number="182"/>
                <line hits="20" number="184"/>
                <line hits="20" number="185"/>
                <line hits="20" number="186"/>
                <line hits="20" number="187"/>
                <line hits="20" number="188"/>
                <line hits="20" number="189"/>
                <line hits="20" number="190"/>
                <line hits="2" number="191"/>
                <line hits="18" number="192"/>
                <line hits="18" number="193"/>
              </lines>
            </method>
            <method branch-rate="NaN" line-rate="0.93333" name="first_update" signature="first_update(component)">
              <lines>
                <line hits="21" number="203"/>
                <line hits="0" number="204"/>
                <line hits="21" number="207"/>
                <line hits="2" number="210"/>
                <line hits="21" number="213"/>
                <line hits="21" number="215"/>
                <line hits="21" number="216"/>
                <line hits="21" number="217"/>
                <line hits="21" number="219"/>
                <line hits="21" number="221"/>
                <line hits="21" number="222"/>
                <line hits="3" number="223"/>
                <line hits="21" number="226"/>
                <line hits="21" number="227"/>
                <line hits="21" number="229"/>
              </lines>
            </method>
            <method branch-rate="NaN" line-rate="0.88889" name="get.SimscapeValue" signature="x = get.SimscapeValue(component)">
              <lines>
                <line hits="23" number="260"/>
                <line hits="0" number="261"/>
                <line hits="23" number="263"/>
                <line hits="23" number="264"/>
                <line hits="21" number="265"/>
                <line hits="21" number="266"/>
                <line hits="2" number="267"/>
                <line hits="2" number="269"/>
                <line hits="21" number="272"/>
              </lines>
            </method>
            <method branch-rate="NaN" line-rate="0.625" name="set.SimscapeValue" signature="set.SimscapeValue(component, x)">
              <lines>
                <line hits="1" number="281"/>
                <line hits="0" number="282"/>
                <line hits="1" number="285"/>
                <line hits="1" number="286"/>
                <line hits="0" number="287"/>
                <line hits="0" number="289"/>
                <line hits="1" number="292"/>
                <line hits="1" number="293"/>
              </lines>
            </method>
            <method branch-rate="NaN" line-rate="0.66667" name="get.hasError" signature="true_or_false = get.hasError(component)">
              <lines>
                <line hits="14" number="304"/>
                <line hits="0" number="305"/>
                <line hits="14" number="307"/>
              </lines>
            </method>
            <method branch-rate="NaN" line-rate="0.66667" name="get.ValueText" signature="str = get.ValueText(component)">
              <lines>
                <line hits="28" number="320"/>
                <line hits="0" number="321"/>
                <line hits="28" number="323"/>
              </lines>
            </method>
            <method branch-rate="NaN" line-rate="0.84211" name="set.ValueText" signature="set.ValueText(component, str)">
              <lines>
                <line hits="20" number="332"/>
                <line hits="0" number="333"/>
                <line hits="20" number="336"/>
                <line hits="20" number="337"/>
                <line hits="4" number="339"/>
                <line hits="4" number="340"/>
                <line hits="4" number="342"/>
                <line hits="4" number="343"/>
                <line hits="0" number="344"/>
                <line hits="0" number="346"/>
                <line hits="4" number="349"/>
                <line hits="4" number="350"/>
                <line hits="4" number="351"/>
                <line hits="4" number="353"/>
                <line hits="16" number="357"/>
                <line hits="16" number="358"/>
                <line hits="16" number="361"/>
                <line hits="16" number="364"/>
                <line hits="16" number="366"/>
              </lines>
            </method>
            <method branch-rate="NaN" line-rate="0.85714" name="react_ValueTextUI_ValueChanged" signature="react_ValueTextUI_ValueChanged(component)">
              <lines>
                <line hits="14" number="374"/>
                <line hits="0" number="375"/>
                <line hits="14" number="378"/>
                <line hits="14" number="379"/>
                <line hits="14" number="380"/>
                <line hits="4" number="382"/>
                <line hits="4" number="383"/>
                <line hits="4" number="385"/>
                <line hits="4" number="386"/>
                <line hits="0" number="387"/>
                <line hits="0" number="389"/>
                <line hits="4" number="392"/>
                <line hits="4" number="393"/>
                <line hits="4" number="394"/>
                <line hits="4" number="396"/>
                <line hits="10" number="400"/>
                <line hits="10" number="401"/>
                <line hits="10" number="403"/>
                <line hits="10" number="405"/>
                <line hits="10" number="407"/>
                <line hits="10" number="409"/>
              </lines>
            </method>
            <method branch-rate="NaN" line-rate="0.93333" name="updateInfoAndUnitUIs" signature="updateInfoAndUnitUIs(component)">
              <lines>
                <line hits="26" number="419"/>
                <line hits="0" number="420"/>
                <line hits="26" number="423"/>
                <line hits="26" number="424"/>
                <line hits="26" number="425"/>
                <line hits="26" number="428"/>
                <line hits="2" number="429"/>
                <line hits="24" number="432"/>
                <line hits="24" number="433"/>
                <line hits="6" number="434"/>
                <line hits="18" number="436"/>
                <line hits="26" number="441"/>
                <line hits="2" number="444"/>
                <line hits="2" number="445"/>
                <line hits="24" number="449"/>
              </lines>
            </method>
            <method branch-rate="NaN" line-rate="0.66667" name="get.InfoText" signature="str = get.InfoText(component)">
              <lines>
                <line hits="55" number="461"/>
                <line hits="0" number="462"/>
                <line hits="55" number="464"/>
              </lines>
            </method>
            <method branch-rate="NaN" line-rate="0.83333" name="set.InfoText" signature="set.InfoText(component, NewInfoText)">
              <lines>
                <line hits="26" number="473"/>
                <line hits="0" number="474"/>
                <line hits="26" number="476"/>
                <line hits="26" number="477"/>
                <line hits="18" number="479"/>
                <line hits="8" number="482"/>
              </lines>
            </method>
            <method branch-rate="NaN" line-rate="0.66667" name="get.UnitText" signature="unit_text = get.UnitText(component)">
              <lines>
                <line hits="24" number="494"/>
                <line hits="0" number="495"/>
                <line hits="24" number="497"/>
              </lines>
            </method>
            <method branch-rate="NaN" line-rate="0.73684" name="set.UnitText" signature="set.UnitText(component, NewUnitText)">
              <lines>
                <line hits="19" number="506"/>
                <line hits="0" number="507"/>
                <line hits="19" number="509"/>
                <line hits="15" number="511"/>
                <line hits="0" number="512"/>
                <line hits="15" number="514"/>
                <line hits="19" number="516"/>
                <line hits="19" number="517"/>
                <line hits="0" number="518"/>
                <line hits="19" number="520"/>
                <line hits="1" number="521"/>
                <line hits="1" number="522"/>
                <line hits="0" number="523"/>
                <line hits="1" number="526"/>
                <line hits="18" number="529"/>
                <line hits="0" number="530"/>
                <line hits="18" number="532"/>
                <line hits="18" number="533"/>
                <line hits="18" number="534"/>
              </lines>
            </method>
            <method branch-rate="NaN" line-rate="0.66667" name="get.UnitAlias" signature="unit_alias = get.UnitAlias(component)">
              <lines>
                <line hits="1" number="545"/>
                <line hits="0" number="546"/>
                <line hits="1" number="548"/>
              </lines>
            </method>
            <method branch-rate="NaN" line-rate="0.75" name="set.UnitAlias" signature="set.UnitAlias(component, NewUnitAlias)">
              <lines>
                <line hits="6" number="557"/>
                <line hits="0" number="558"/>
                <line hits="6" number="560"/>
                <line hits="6" number="562"/>
                <line hits="0" number="563"/>
                <line hits="6" number="565"/>
                <line hits="6" number="567"/>
                <line hits="0" number="568"/>
                <line hits="6" number="571"/>
                <line hits="6" number="572"/>
                <line hits="6" number="573"/>
                <line hits="6" number="574"/>
              </lines>
            </method>
          </methods>
          <lines>
            <line hits="21" number="80"/>
            <line hits="0" number="81"/>
            <line hits="21" number="84"/>
            <line hits="21" number="86"/>
            <line hits="21" number="88"/>
            <line hits="21" number="93"/>
            <line hits="21" number="95"/>
            <line hits="21" number="96"/>
            <line hits="21" number="97"/>
            <line hits="21" number="98"/>
            <line hits="21" number="103"/>
            <line hits="21" number="105"/>
            <line hits="21" number="106"/>
            <line hits="21" number="107"/>
            <line hits="21" number="112"/>
            <line hits="21" number="114"/>
            <line hits="21" number="115"/>
            <line hits="21" number="120"/>
            <line hits="21" number="122"/>
            <line hits="21" number="123"/>
            <line hits="21" number="124"/>
            <line hits="21" number="125"/>
            <line hits="21" number="130"/>
            <line hits="21" number="132"/>
            <line hits="21" number="133"/>
            <line hits="47" number="140"/>
            <line hits="0" number="141"/>
            <line hits="47" number="143"/>
            <line hits="47" number="144"/>
            <line hits="26" number="145"/>
            <line hits="26" number="147"/>
            <line hits="21" number="150"/>
            <line hits="21" number="151"/>
            <line hits="21" number="152"/>
            <line hits="47" number="157"/>
            <line hits="0" number="158"/>
            <line hits="47" number="161"/>
            <line hits="21" number="162"/>
            <line hits="47" number="165"/>
            <line hits="3" number="167"/>
            <line hits="3" number="168"/>
            <line hits="3" number="169"/>
            <line hits="44" number="172"/>
            <line hits="44" number="173"/>
            <line hits="47" number="176"/>
            <line hits="47" number="177"/>
            <line hits="47" number="178"/>
            <line hits="47" number="180"/>
            <line hits="20" number="181"/>
            <line hits="0" number="182"/>
            <line hits="20" number="184"/>
            <line hits="20" number="185"/>
            <line hits="20" number="186"/>
            <line hits="20" number="187"/>
            <line hits="20" number="188"/>
            <line hits="20" number="189"/>
            <line hits="20" number="190"/>
            <line hits="2" number="191"/>
            <line hits="18" number="192"/>
            <line hits="18" number="193"/>
            <line hits="21" number="203"/>
            <line hits="0" number="204"/>
            <line hits="21" number="207"/>
            <line hits="2" number="210"/>
            <line hits="21" number="213"/>
            <line hits="21" number="215"/>
            <line hits="21" number="216"/>
            <line hits="21" number="217"/>
            <line hits="21" number="219"/>
            <line hits="21" number="221"/>
            <line hits="21" number="222"/>
            <line hits="3" number="223"/>
            <line hits="21" number="226"/>
            <line hits="21" number="227"/>
            <line hits="21" number="229"/>
            <line hits="23" number="260"/>
            <line hits="0" number="261"/>
            <line hits="23" number="263"/>
            <line hits="23" number="264"/>
            <line hits="21" number="265"/>
            <line hits="21" number="266"/>
            <line hits="2" number="267"/>
            <line hits="2" number="269"/>
            <line hits="21" number="272"/>
            <line hits="1" number="281"/>
            <line hits="0" number="282"/>
            <line hits="1" number="285"/>
            <line hits="1" number="286"/>
            <line hits="0" number="287"/>
            <line hits="0" number="289"/>
            <line hits="1" number="292"/>
            <line hits="1" number="293"/>
            <line hits="14" number="304"/>
            <line hits="0" number="305"/>
            <line hits="14" number="307"/>
            <line hits="28" number="320"/>
            <line hits="0" number="321"/>
            <line hits="28" number="323"/>
            <line hits="20" number="332"/>
            <line hits="0" number="333"/>
            <line hits="20" number="336"/>
            <line hits="20" number="337"/>
            <line hits="4" number="339"/>
            <line hits="4" number="340"/>
            <line hits="4" number="342"/>
            <line hits="4" number="343"/>
            <line hits="0" number="344"/>
            <line hits="0" number="346"/>
            <line hits="4" number="349"/>
            <line hits="4" number="350"/>
            <line hits="4" number="351"/>
            <line hits="4" number="353"/>
            <line hits="16" number="357"/>
            <line hits="16" number="358"/>
            <line hits="16" number="361"/>
            <line hits="16" number="364"/>
            <line hits="16" number="366"/>
            <line hits="14" number="374"/>
            <line hits="0" number="375"/>
            <line hits="14" number="378"/>
            <line hits="14" number="379"/>
            <line hits="14" number="380"/>
            <line hits="4" number="382"/>
            <line hits="4" number="383"/>
            <line hits="4" number="385"/>
            <line hits="4" number="386"/>
            <line hits="0" number="387"/>
            <line hits="0" number="389"/>
            <line hits="4" number="392"/>
            <line hits="4" number="393"/>
            <line hits="4" number="394"/>
            <line hits="4" number="396"/>
            <line hits="10" number="400"/>
            <line hits="10" number="401"/>
            <line hits="10" number="403"/>
            <line hits="10" number="405"/>
            <line hits="10" number="407"/>
            <line hits="10" number="409"/>
            <line hits="26" number="419"/>
            <line hits="0" number="420"/>
            <line hits="26" number="423"/>
            <line hits="26" number="424"/>
            <line hits="26" number="425"/>
            <line hits="26" number="428"/>
            <line hits="2" number="429"/>
            <line hits="24" number="432"/>
            <line hits="24" number="433"/>
            <line hits="6" number="434"/>
            <line hits="18" number="436"/>
            <line hits="26" number="441"/>
            <line hits="2" number="444"/>
            <line hits="2" number="445"/>
            <line hits="24" number="449"/>
            <line hits="55" number="461"/>
            <line hits="0" number="462"/>
            <line hits="55" number="464"/>
            <line hits="26" number="473"/>
            <line hits="0" number="474"/>
            <line hits="26" number="476"/>
            <line hits="26" number="477"/>
            <line hits="18" number="479"/>
            <line hits="8" number="482"/>
            <line hits="24" number="494"/>
            <line hits="0" number="495"/>
            <line hits="24" number="497"/>
            <line hits="19" number="506"/>
            <line hits="0" number="507"/>
            <line hits="19" number="509"/>
            <line hits="15" number="511"/>
            <line hits="0" number="512"/>
            <line hits="15" number="514"/>
            <line hits="19" number="516"/>
            <line hits="19" number="517"/>
            <line hits="0" number="518"/>
            <line hits="19" number="520"/>
            <line hits="1" number="521"/>
            <line hits="1" number="522"/>
            <line hits="0" number="523"/>
            <line hits="1" number="526"/>
            <line hits="18" number="529"/>
            <line hits="0" number="530"/>
            <line hits="18" number="532"/>
            <line hits="18" number="533"/>
            <line hits="18" number="534"/>
            <line hits="1" number="545"/>
            <line hits="0" number="546"/>
            <line hits="1" number="548"/>
            <line hits="6" number="557"/>
            <line hits="0" number="558"/>
            <line hits="6" number="560"/>
            <line hits="6" number="562"/>
            <line hits="0" number="563"/>
            <line hits="6" number="565"/>
            <line hits="6" number="567"/>
            <line hits="0" number="568"/>
            <line hits="6" number="571"/>
            <line hits="6" number="572"/>
            <line hits="6" number="573"/>
            <line hits="6" number="574"/>
          </lines>
        </class>
      </classes>
    </package>
  </packages>
</coverage>
