<?xml version="1.0" encoding="UTF-8" standalone="no" ?>
<coverage branch-rate="NaN" branches-covered="NaN" branches-valid="NaN" complexity="NaN" line-rate="0.92177" lines-covered="271" lines-valid="294" timestamp="1776951585.4409" version="">
  <sources>
    <source>C:\local\modutil\repo\worktrees\R2024b-devel\Devel\CodeUtil\</source>
  </sources>
  <packages>
    <package branch-rate="NaN" complexity="NaN" line-rate="0.89634" name="CodeUtil1">
      <classes>
        <class branch-rate="NaN" complexity="NaN" filename="+CodeUtil1\PhysicalValue.m" line-rate="0.89634" name="CodeUtil1.PhysicalValue">
          <methods>
            <method branch-rate="NaN" line-rate="0.80952" name="PhysicalValue" signature="physval = PhysicalValue(NameValuePair)">
              <lines>
                <line hits="64" number="109"/>
                <line hits="64" number="111"/>
                <line hits="30" number="112"/>
                <line hits="0" number="113"/>
                <line hits="30" number="115"/>
                <line hits="34" number="117"/>
                <line hits="4" number="119"/>
                <line hits="4" number="120"/>
                <line hits="1" number="121"/>
                <line hits="0" number="122"/>
                <line hits="1" number="124"/>
                <line hits="1" number="125"/>
                <line hits="1" number="127"/>
                <line hits="3" number="130"/>
                <line hits="1" number="131"/>
                <line hits="0" number="132"/>
                <line hits="1" number="134"/>
                <line hits="2" number="138"/>
                <line hits="2" number="139"/>
                <line hits="1" number="140"/>
                <line hits="1" number="141"/>
                <line hits="0" number="142"/>
                <line hits="1" number="145"/>
                <line hits="1" number="148"/>
                <line hits="0" number="149"/>
                <line hits="1" number="152"/>
                <line hits="30" number="154"/>
                <line hits="15" number="155"/>
                <line hits="0" number="156"/>
                <line hits="15" number="158"/>
                <line hits="15" number="159"/>
                <line hits="15" number="161"/>
                <line hits="4" number="162"/>
                <line hits="0" number="163"/>
                <line hits="4" number="165"/>
                <line hits="4" number="166"/>
                <line hits="11" number="168"/>
                <line hits="3" number="169"/>
                <line hits="0" number="170"/>
                <line hits="3" number="172"/>
                <line hits="3" number="173"/>
                <line hits="8" number="175"/>
                <line hits="6" number="176"/>
                <line hits="6" number="177"/>
                <line hits="6" number="178"/>
                <line hits="1" number="179"/>
                <line hits="1" number="180"/>
                <line hits="0" number="181"/>
                <line hits="1" number="184"/>
                <line hits="5" number="187"/>
                <line hits="0" number="188"/>
                <line hits="5" number="190"/>
                <line hits="2" number="192"/>
                <line hits="2" number="193"/>
                <line hits="2" number="194"/>
                <line hits="2" number="195"/>
                <line hits="1" number="196"/>
                <line hits="1" number="197"/>
                <line hits="0" number="198"/>
                <line hits="1" number="201"/>
                <line hits="1" number="204"/>
                <line hits="0" number="205"/>
                <line hits="1" number="207"/>
              </lines>
            </method>
            <method branch-rate="NaN" line-rate="0.86486" name="processValueText" signature="processValueText(physval, value_text)">
              <lines>
                <line hits="118" number="219"/>
                <line hits="0" number="220"/>
                <line hits="118" number="223"/>
                <line hits="118" number="225"/>
                <line hits="7" number="226"/>
                <line hits="0" number="227"/>
                <line hits="7" number="230"/>
                <line hits="7" number="231"/>
                <line hits="7" number="233"/>
                <line hits="111" number="237"/>
                <line hits="111" number="239"/>
                <line hits="36" number="240"/>
                <line hits="0" number="241"/>
                <line hits="36" number="244"/>
                <line hits="36" number="245"/>
                <line hits="36" number="247"/>
                <line hits="75" number="252"/>
                <line hits="75" number="255"/>
                <line hits="3" number="256"/>
                <line hits="3" number="257"/>
                <line hits="3" number="258"/>
                <line hits="3" number="260"/>
                <line hits="72" number="263"/>
                <line hits="19" number="264"/>
                <line hits="0" number="265"/>
                <line hits="19" number="267"/>
                <line hits="19" number="269"/>
                <line hits="53" number="272"/>
                <line hits="53" number="273"/>
                <line hits="53" number="274"/>
                <line hits="0" number="275"/>
                <line hits="53" number="277"/>
                <line hits="2" number="278"/>
                <line hits="2" number="279"/>
                <line hits="2" number="281"/>
                <line hits="51" number="284"/>
                <line hits="51" number="285"/>
              </lines>
            </method>
            <method branch-rate="NaN" line-rate="1" name="get.ValueText" signature="x = get.ValueText(physval)">
              <lines>
                <line hits="12" number="294"/>
              </lines>
            </method>
            <method branch-rate="NaN" line-rate="1" name="set.ValueText" signature="set.ValueText(physval, value_text)">
              <lines>
                <line hits="54" number="303"/>
                <line hits="18" number="304"/>
                <line hits="18" number="305"/>
                <line hits="54" number="307"/>
                <line hits="49" number="308"/>
                <line hits="49" number="309"/>
              </lines>
            </method>
            <method branch-rate="NaN" line-rate="1" name="get.UnitText" signature="x = get.UnitText(physval)">
              <lines>
                <line hits="11" number="317"/>
                <line hits="11" number="318"/>
              </lines>
            </method>
            <method branch-rate="NaN" line-rate="1" name="set.UnitText" signature="set.UnitText(physval, NewUnitText)">
              <lines>
                <line hits="46" number="327"/>
                <line hits="46" number="328"/>
                <line hits="46" number="330"/>
                <line hits="1" number="331"/>
                <line hits="1" number="332"/>
                <line hits="1" number="333"/>
                <line hits="1" number="335"/>
                <line hits="45" number="338"/>
                <line hits="1" number="339"/>
                <line hits="1" number="340"/>
                <line hits="1" number="342"/>
                <line hits="44" number="345"/>
                <line hits="44" number="346"/>
                <line hits="29" number="347"/>
                <line hits="44" number="349"/>
                <line hits="8" number="350"/>
                <line hits="36" number="352"/>
                <line hits="44" number="354"/>
              </lines>
            </method>
            <method branch-rate="NaN" line-rate="1" name="get.UnitAlias" signature="x = get.UnitAlias(physval)">
              <lines>
                <line hits="10" number="362"/>
              </lines>
            </method>
            <method branch-rate="NaN" line-rate="1" name="set.UnitAlias" signature="set.UnitAlias(physval, NewUnitAlias)">
              <lines>
                <line hits="13" number="372"/>
                <line hits="13" number="374"/>
                <line hits="1" number="375"/>
                <line hits="1" number="376"/>
                <line hits="1" number="378"/>
                <line hits="12" number="382"/>
                <line hits="12" number="383"/>
              </lines>
            </method>
            <method branch-rate="NaN" line-rate="1" name="get.SimscapeValue" signature="x = get.SimscapeValue(physval)">
              <lines>
                <line hits="55" number="392"/>
                <line hits="2" number="393"/>
                <line hits="2" number="395"/>
                <line hits="53" number="398"/>
                <line hits="53" number="399"/>
              </lines>
            </method>
            <method branch-rate="NaN" line-rate="1" name="set.SimscapeValue" signature="set.SimscapeValue(physval, x)">
              <lines>
                <line hits="21" number="409"/>
                <line hits="21" number="411"/>
                <line hits="5" number="412"/>
                <line hits="5" number="413"/>
                <line hits="5" number="414"/>
                <line hits="5" number="415"/>
                <line hits="5" number="416"/>
                <line hits="5" number="418"/>
                <line hits="16" number="422"/>
                <line hits="16" number="425"/>
                <line hits="1" number="426"/>
                <line hits="1" number="427"/>
                <line hits="1" number="429"/>
                <line hits="15" number="434"/>
                <line hits="1" number="435"/>
                <line hits="1" number="436"/>
                <line hits="1" number="438"/>
                <line hits="14" number="443"/>
                <line hits="14" number="444"/>
                <line hits="14" number="445"/>
                <line hits="14" number="446"/>
              </lines>
            </method>
          </methods>
          <lines>
            <line hits="34" number="104"/>
            <line hits="49" number="105"/>
            <line hits="46" number="106"/>
            <line hits="64" number="109"/>
            <line hits="64" number="111"/>
            <line hits="30" number="112"/>
            <line hits="0" number="113"/>
            <line hits="30" number="115"/>
            <line hits="34" number="117"/>
            <line hits="4" number="119"/>
            <line hits="4" number="120"/>
            <line hits="1" number="121"/>
            <line hits="0" number="122"/>
            <line hits="1" number="124"/>
            <line hits="1" number="125"/>
            <line hits="1" number="127"/>
            <line hits="3" number="130"/>
            <line hits="1" number="131"/>
            <line hits="0" number="132"/>
            <line hits="1" number="134"/>
            <line hits="2" number="138"/>
            <line hits="2" number="139"/>
            <line hits="1" number="140"/>
            <line hits="1" number="141"/>
            <line hits="0" number="142"/>
            <line hits="1" number="145"/>
            <line hits="1" number="148"/>
            <line hits="0" number="149"/>
            <line hits="1" number="152"/>
            <line hits="30" number="154"/>
            <line hits="15" number="155"/>
            <line hits="0" number="156"/>
            <line hits="15" number="158"/>
            <line hits="15" number="159"/>
            <line hits="15" number="161"/>
            <line hits="4" number="162"/>
            <line hits="0" number="163"/>
            <line hits="4" number="165"/>
            <line hits="4" number="166"/>
            <line hits="11" number="168"/>
            <line hits="3" number="169"/>
            <line hits="0" number="170"/>
            <line hits="3" number="172"/>
            <line hits="3" number="173"/>
            <line hits="8" number="175"/>
            <line hits="6" number="176"/>
            <line hits="6" number="177"/>
            <line hits="6" number="178"/>
            <line hits="1" number="179"/>
            <line hits="1" number="180"/>
            <line hits="0" number="181"/>
            <line hits="1" number="184"/>
            <line hits="5" number="187"/>
            <line hits="0" number="188"/>
            <line hits="5" number="190"/>
            <line hits="2" number="192"/>
            <line hits="2" number="193"/>
            <line hits="2" number="194"/>
            <line hits="2" number="195"/>
            <line hits="1" number="196"/>
            <line hits="1" number="197"/>
            <line hits="0" number="198"/>
            <line hits="1" number="201"/>
            <line hits="1" number="204"/>
            <line hits="0" number="205"/>
            <line hits="1" number="207"/>
            <line hits="118" number="219"/>
            <line hits="0" number="220"/>
            <line hits="118" number="223"/>
            <line hits="118" number="225"/>
            <line hits="7" number="226"/>
            <line hits="0" number="227"/>
            <line hits="7" number="230"/>
            <line hits="7" number="231"/>
            <line hits="7" number="233"/>
            <line hits="111" number="237"/>
            <line hits="111" number="239"/>
            <line hits="36" number="240"/>
            <line hits="0" number="241"/>
            <line hits="36" number="244"/>
            <line hits="36" number="245"/>
            <line hits="36" number="247"/>
            <line hits="75" number="252"/>
            <line hits="75" number="255"/>
            <line hits="3" number="256"/>
            <line hits="3" number="257"/>
            <line hits="3" number="258"/>
            <line hits="3" number="260"/>
            <line hits="72" number="263"/>
            <line hits="19" number="264"/>
            <line hits="0" number="265"/>
            <line hits="19" number="267"/>
            <line hits="19" number="269"/>
            <line hits="53" number="272"/>
            <line hits="53" number="273"/>
            <line hits="53" number="274"/>
            <line hits="0" number="275"/>
            <line hits="53" number="277"/>
            <line hits="2" number="278"/>
            <line hits="2" number="279"/>
            <line hits="2" number="281"/>
            <line hits="51" number="284"/>
            <line hits="51" number="285"/>
            <line hits="12" number="294"/>
            <line hits="54" number="303"/>
            <line hits="18" number="304"/>
            <line hits="18" number="305"/>
            <line hits="54" number="307"/>
            <line hits="49" number="308"/>
            <line hits="49" number="309"/>
            <line hits="11" number="317"/>
            <line hits="11" number="318"/>
            <line hits="46" number="327"/>
            <line hits="46" number="328"/>
            <line hits="46" number="330"/>
            <line hits="1" number="331"/>
            <line hits="1" number="332"/>
            <line hits="1" number="333"/>
            <line hits="1" number="335"/>
            <line hits="45" number="338"/>
            <line hits="1" number="339"/>
            <line hits="1" number="340"/>
            <line hits="1" number="342"/>
            <line hits="44" number="345"/>
            <line hits="44" number="346"/>
            <line hits="29" number="347"/>
            <line hits="44" number="349"/>
            <line hits="8" number="350"/>
            <line hits="36" number="352"/>
            <line hits="44" number="354"/>
            <line hits="10" number="362"/>
            <line hits="13" number="372"/>
            <line hits="13" number="374"/>
            <line hits="1" number="375"/>
            <line hits="1" number="376"/>
            <line hits="1" number="378"/>
            <line hits="12" number="382"/>
            <line hits="12" number="383"/>
            <line hits="55" number="392"/>
            <line hits="2" number="393"/>
            <line hits="2" number="395"/>
            <line hits="53" number="398"/>
            <line hits="53" number="399"/>
            <line hits="21" number="409"/>
            <line hits="21" number="411"/>
            <line hits="5" number="412"/>
            <line hits="5" number="413"/>
            <line hits="5" number="414"/>
            <line hits="5" number="415"/>
            <line hits="5" number="416"/>
            <line hits="5" number="418"/>
            <line hits="16" number="422"/>
            <line hits="16" number="425"/>
            <line hits="1" number="426"/>
            <line hits="1" number="427"/>
            <line hits="1" number="429"/>
            <line hits="15" number="434"/>
            <line hits="1" number="435"/>
            <line hits="1" number="436"/>
            <line hits="1" number="438"/>
            <line hits="14" number="443"/>
            <line hits="14" number="444"/>
            <line hits="14" number="445"/>
            <line hits="14" number="446"/>
          </lines>
        </class>
      </classes>
    </package>
    <package branch-rate="NaN" complexity="NaN" line-rate="0.95385" name="">
      <classes>
        <class branch-rate="NaN" complexity="NaN" filename="Test\PhysicalValue\DemoApp_PhysicalValue_1_workspace.m" line-rate="0.95385" name="DemoApp_PhysicalValue_1_workspace">
          <methods/>
          <lines>
            <line hits="3" number="9"/>
            <line hits="3" number="11"/>
            <line hits="3" number="12"/>
            <line hits="3" number="13"/>
            <line hits="3" number="14"/>
            <line hits="3" number="16"/>
            <line hits="3" number="19"/>
            <line hits="3" number="21"/>
            <line hits="3" number="22"/>
            <line hits="3" number="23"/>
            <line hits="3" number="24"/>
            <line hits="3" number="25"/>
            <line hits="3" number="26"/>
            <line hits="3" number="27"/>
            <line hits="3" number="28"/>
            <line hits="3" number="29"/>
            <line hits="3" number="32"/>
            <line hits="3" number="34"/>
            <line hits="3" number="35"/>
            <line hits="3" number="38"/>
            <line hits="3" number="39"/>
            <line hits="3" number="40"/>
            <line hits="3" number="41"/>
            <line hits="3" number="42"/>
            <line hits="3" number="43"/>
            <line hits="3" number="46"/>
            <line hits="3" number="47"/>
            <line hits="3" number="49"/>
            <line hits="3" number="50"/>
            <line hits="3" number="51"/>
            <line hits="3" number="52"/>
            <line hits="3" number="54"/>
            <line hits="3" number="55"/>
            <line hits="3" number="56"/>
            <line hits="3" number="59"/>
            <line hits="3" number="60"/>
            <line hits="3" number="62"/>
            <line hits="3" number="63"/>
            <line hits="3" number="64"/>
            <line hits="3" number="65"/>
            <line hits="3" number="67"/>
            <line hits="3" number="68"/>
            <line hits="3" number="69"/>
            <line hits="7" number="72"/>
            <line hits="7" number="73"/>
            <line hits="7" number="74"/>
            <line hits="0" number="75"/>
            <line hits="0" number="76"/>
            <line hits="0" number="78"/>
            <line hits="7" number="81"/>
            <line hits="7" number="82"/>
            <line hits="7" number="84"/>
            <line hits="1" number="88"/>
            <line hits="3" number="92"/>
            <line hits="3" number="94"/>
            <line hits="3" number="96"/>
            <line hits="3" number="97"/>
            <line hits="3" number="98"/>
            <line hits="3" number="99"/>
            <line hits="2" number="100"/>
            <line hits="2" number="101"/>
            <line hits="2" number="102"/>
            <line hits="2" number="103"/>
            <line hits="2" number="104"/>
            <line hits="2" number="105"/>
          </lines>
        </class>
        <class branch-rate="NaN" complexity="NaN" filename="Test\PhysicalValue\DemoApp_PhysicalValue_2_listener.m" line-rate="0.95385" name="DemoApp_PhysicalValue_2_listener">
          <methods/>
          <lines>
            <line hits="3" number="10"/>
            <line hits="3" number="13"/>
            <line hits="3" number="20"/>
            <line hits="3" number="24"/>
            <line hits="3" number="26"/>
            <line hits="3" number="28"/>
            <line hits="3" number="29"/>
            <line hits="3" number="30"/>
            <line hits="3" number="31"/>
            <line hits="3" number="33"/>
            <line hits="3" number="36"/>
            <line hits="3" number="38"/>
            <line hits="3" number="39"/>
            <line hits="3" number="40"/>
            <line hits="3" number="41"/>
            <line hits="3" number="42"/>
            <line hits="3" number="43"/>
            <line hits="3" number="44"/>
            <line hits="3" number="47"/>
            <line hits="3" number="48"/>
            <line hits="3" number="50"/>
            <line hits="3" number="51"/>
            <line hits="3" number="52"/>
            <line hits="3" number="53"/>
            <line hits="3" number="55"/>
            <line hits="3" number="56"/>
            <line hits="3" number="57"/>
            <line hits="3" number="60"/>
            <line hits="3" number="62"/>
            <line hits="3" number="63"/>
            <line hits="3" number="64"/>
            <line hits="3" number="65"/>
            <line hits="3" number="66"/>
            <line hits="3" number="69"/>
            <line hits="3" number="71"/>
            <line hits="3" number="72"/>
            <line hits="3" number="75"/>
            <line hits="3" number="76"/>
            <line hits="3" number="78"/>
            <line hits="3" number="79"/>
            <line hits="3" number="80"/>
            <line hits="3" number="81"/>
            <line hits="3" number="83"/>
            <line hits="3" number="84"/>
            <line hits="3" number="85"/>
            <line hits="6" number="88"/>
            <line hits="6" number="89"/>
            <line hits="0" number="90"/>
            <line hits="0" number="91"/>
            <line hits="0" number="93"/>
            <line hits="6" number="96"/>
            <line hits="6" number="97"/>
            <line hits="1" number="101"/>
            <line hits="3" number="105"/>
            <line hits="3" number="107"/>
            <line hits="3" number="109"/>
            <line hits="3" number="110"/>
            <line hits="3" number="111"/>
            <line hits="3" number="112"/>
            <line hits="2" number="113"/>
            <line hits="2" number="114"/>
            <line hits="2" number="115"/>
            <line hits="2" number="116"/>
            <line hits="2" number="117"/>
            <line hits="6" number="127"/>
          </lines>
        </class>
      </classes>
    </package>
  </packages>
</coverage>
