<?xml version="1.0" encoding="UTF-8" standalone="no" ?>
<coverage branch-rate="NaN" branches-covered="NaN" branches-valid="NaN" complexity="NaN" line-rate="0.95159" lines-covered="806" lines-valid="847" timestamp="1783009748.3064" version="">
  <sources>
    <source>C:\local\modutil\repo\worktrees\R2024b-devel\Devel\+mus1\+app\+Vehicle1DForce\</source>
  </sources>
  <packages>
    <package branch-rate="NaN" complexity="NaN" line-rate="0.95159" name="mus1.app.Vehicle1DForce">
      <classes>
        <class branch-rate="NaN" complexity="NaN" filename="Vehicle1DForceAppMain.m" line-rate="0.93269" name="mus1.app.Vehicle1DForce.Vehicle1DForceAppMain">
          <methods>
            <method branch-rate="NaN" line-rate="0.93578" name="Vehicle1DForceAppMain" signature="App = Vehicle1DForceAppMain(NameValuePair)">
              <lines>
                <line hits="31" number="128"/>
                <line hits="31" number="131"/>
                <line hits="31" number="133"/>
                <line hits="31" number="134"/>
                <line hits="31" number="137"/>
                <line hits="7" number="138"/>
                <line hits="7" number="139"/>
                <line hits="7" number="140"/>
                <line hits="0" number="141"/>
                <line hits="0" number="142"/>
                <line hits="0" number="144"/>
                <line hits="24" number="147"/>
                <line hits="3" number="148"/>
                <line hits="3" number="149"/>
                <line hits="21" number="152"/>
                <line hits="21" number="153"/>
                <line hits="21" number="154"/>
                <line hits="31" number="157"/>
                <line hits="10" number="158"/>
                <line hits="10" number="159"/>
                <line hits="2" number="160"/>
                <line hits="2" number="161"/>
                <line hits="2" number="162"/>
                <line hits="2" number="164"/>
                <line hits="8" number="169"/>
                <line hits="8" number="170"/>
                <line hits="1" number="171"/>
                <line hits="1" number="172"/>
                <line hits="1" number="173"/>
                <line hits="1" number="175"/>
                <line hits="7" number="179"/>
                <line hits="1" number="181"/>
                <line hits="6" number="183"/>
                <line hits="1" number="184"/>
                <line hits="1" number="185"/>
                <line hits="1" number="187"/>
                <line hits="27" number="194"/>
                <line hits="27" number="196"/>
                <line hits="27" number="197"/>
                <line hits="27" number="198"/>
                <line hits="27" number="199"/>
                <line hits="27" number="200"/>
                <line hits="27" number="204"/>
                <line hits="27" number="209"/>
                <line hits="3" number="210"/>
                <line hits="1" number="211"/>
                <line hits="1" number="212"/>
                <line hits="1" number="214"/>
                <line hits="2" number="217"/>
                <line hits="1" number="218"/>
                <line hits="1" number="219"/>
                <line hits="1" number="221"/>
                <line hits="1" number="226"/>
                <line hits="1" number="227"/>
                <line hits="1" number="228"/>
                <line hits="1" number="229"/>
                <line hits="1" number="230"/>
                <line hits="0" number="231"/>
                <line hits="0" number="233"/>
                <line hits="1" number="237"/>
                <line hits="1" number="238"/>
                <line hits="1" number="240"/>
                <line hits="1" number="242"/>
                <line hits="1" number="243"/>
                <line hits="1" number="245"/>
                <line hits="24" number="247"/>
                <line hits="1" number="248"/>
                <line hits="1" number="250"/>
                <line hits="1" number="251"/>
                <line hits="1" number="253"/>
                <line hits="23" number="258"/>
                <line hits="23" number="259"/>
                <line hits="23" number="260"/>
                <line hits="23" number="261"/>
                <line hits="23" number="263"/>
                <line hits="23" number="264"/>
                <line hits="23" number="266"/>
                <line hits="23" number="268"/>
                <line hits="23" number="269"/>
                <line hits="23" number="270"/>
                <line hits="23" number="272"/>
                <line hits="23" number="273"/>
                <line hits="23" number="274"/>
                <line hits="23" number="275"/>
                <line hits="25" number="278"/>
                <line hits="6" number="279"/>
                <line hits="6" number="280"/>
                <line hits="6" number="281"/>
                <line hits="0" number="282"/>
                <line hits="0" number="284"/>
                <line hits="6" number="287"/>
                <line hits="6" number="289"/>
                <line hits="5" number="293"/>
                <line hits="5" number="296"/>
                <line hits="5" number="298"/>
                <line hits="5" number="299"/>
                <line hits="5" number="300"/>
                <line hits="5" number="301"/>
                <line hits="5" number="303"/>
                <line hits="5" number="304"/>
                <line hits="5" number="305"/>
                <line hits="5" number="306"/>
                <line hits="24" number="311"/>
                <line hits="24" number="313"/>
                <line hits="24" number="315"/>
                <line hits="24" number="316"/>
                <line hits="24" number="317"/>
                <line hits="24" number="318"/>
                <line hits="4" number="319"/>
              </lines>
            </method>
            <method branch-rate="NaN" line-rate="1" name="build_app_gui" signature="build_app_gui(App)">
              <lines>
                <line hits="27" number="325"/>
                <line hits="27" number="326"/>
                <line hits="27" number="328"/>
                <line hits="27" number="333"/>
                <line hits="27" number="334"/>
                <line hits="27" number="336"/>
                <line hits="27" number="337"/>
                <line hits="27" number="338"/>
                <line hits="27" number="339"/>
                <line hits="27" number="344"/>
                <line hits="27" number="345"/>
                <line hits="27" number="347"/>
                <line hits="27" number="348"/>
                <line hits="27" number="352"/>
                <line hits="27" number="353"/>
                <line hits="27" number="355"/>
                <line hits="27" number="356"/>
                <line hits="27" number="357"/>
                <line hits="27" number="358"/>
                <line hits="27" number="359"/>
                <line hits="27" number="360"/>
                <line hits="27" number="365"/>
                <line hits="27" number="366"/>
                <line hits="27" number="367"/>
                <line hits="27" number="370"/>
                <line hits="27" number="372"/>
                <line hits="27" number="373"/>
                <line hits="27" number="374"/>
                <line hits="27" number="375"/>
                <line hits="27" number="376"/>
                <line hits="27" number="377"/>
                <line hits="27" number="378"/>
                <line hits="27" number="379"/>
                <line hits="27" number="380"/>
                <line hits="27" number="383"/>
                <line hits="27" number="385"/>
                <line hits="27" number="386"/>
                <line hits="27" number="387"/>
                <line hits="27" number="388"/>
                <line hits="27" number="389"/>
                <line hits="27" number="390"/>
                <line hits="27" number="393"/>
                <line hits="27" number="395"/>
                <line hits="27" number="396"/>
                <line hits="27" number="397"/>
                <line hits="27" number="398"/>
                <line hits="27" number="399"/>
                <line hits="27" number="400"/>
                <line hits="27" number="403"/>
                <line hits="27" number="405"/>
                <line hits="27" number="406"/>
                <line hits="27" number="407"/>
                <line hits="27" number="408"/>
                <line hits="27" number="409"/>
                <line hits="27" number="410"/>
                <line hits="27" number="411"/>
                <line hits="27" number="412"/>
                <line hits="27" number="413"/>
                <line hits="27" number="418"/>
                <line hits="27" number="419"/>
                <line hits="27" number="420"/>
                <line hits="27" number="423"/>
                <line hits="27" number="425"/>
                <line hits="27" number="426"/>
                <line hits="27" number="427"/>
                <line hits="27" number="428"/>
                <line hits="27" number="429"/>
                <line hits="27" number="430"/>
                <line hits="27" number="433"/>
                <line hits="27" number="435"/>
                <line hits="27" number="436"/>
                <line hits="27" number="437"/>
                <line hits="27" number="438"/>
                <line hits="27" number="439"/>
                <line hits="27" number="440"/>
                <line hits="27" number="445"/>
                <line hits="27" number="446"/>
                <line hits="27" number="447"/>
                <line hits="27" number="450"/>
                <line hits="27" number="452"/>
                <line hits="27" number="453"/>
                <line hits="27" number="454"/>
                <line hits="27" number="455"/>
                <line hits="27" number="456"/>
                <line hits="27" number="457"/>
                <line hits="27" number="462"/>
                <line hits="27" number="463"/>
                <line hits="27" number="464"/>
                <line hits="27" number="467"/>
                <line hits="27" number="469"/>
                <line hits="27" number="470"/>
                <line hits="27" number="471"/>
                <line hits="27" number="472"/>
                <line hits="27" number="473"/>
                <line hits="27" number="474"/>
                <line hits="27" number="475"/>
                <line hits="27" number="476"/>
                <line hits="27" number="477"/>
                <line hits="27" number="480"/>
                <line hits="27" number="482"/>
                <line hits="27" number="483"/>
                <line hits="27" number="484"/>
                <line hits="27" number="485"/>
                <line hits="27" number="486"/>
                <line hits="27" number="487"/>
                <line hits="27" number="490"/>
                <line hits="27" number="492"/>
                <line hits="27" number="493"/>
                <line hits="27" number="494"/>
                <line hits="27" number="495"/>
                <line hits="27" number="496"/>
                <line hits="27" number="497"/>
                <line hits="27" number="502"/>
                <line hits="27" number="503"/>
                <line hits="27" number="504"/>
                <line hits="27" number="507"/>
                <line hits="27" number="509"/>
                <line hits="27" number="510"/>
                <line hits="27" number="511"/>
                <line hits="27" number="512"/>
                <line hits="27" number="513"/>
                <line hits="27" number="514"/>
                <line hits="27" number="517"/>
                <line hits="27" number="519"/>
                <line hits="27" number="520"/>
                <line hits="27" number="521"/>
                <line hits="27" number="522"/>
                <line hits="27" number="523"/>
                <line hits="27" number="524"/>
                <line hits="27" number="527"/>
                <line hits="27" number="529"/>
                <line hits="27" number="530"/>
                <line hits="27" number="531"/>
                <line hits="27" number="532"/>
                <line hits="27" number="533"/>
                <line hits="27" number="534"/>
                <line hits="27" number="537"/>
                <line hits="27" number="539"/>
                <line hits="27" number="540"/>
                <line hits="27" number="541"/>
                <line hits="27" number="542"/>
                <line hits="27" number="543"/>
                <line hits="27" number="544"/>
                <line hits="27" number="547"/>
                <line hits="27" number="549"/>
                <line hits="27" number="550"/>
                <line hits="27" number="551"/>
                <line hits="27" number="552"/>
                <line hits="27" number="553"/>
                <line hits="27" number="554"/>
                <line hits="27" number="557"/>
                <line hits="27" number="559"/>
                <line hits="27" number="560"/>
                <line hits="27" number="561"/>
                <line hits="27" number="562"/>
                <line hits="27" number="563"/>
                <line hits="27" number="564"/>
                <line hits="27" number="568"/>
                <line hits="27" number="573"/>
                <line hits="27" number="574"/>
                <line hits="27" number="577"/>
                <line hits="27" number="578"/>
                <line hits="27" number="580"/>
                <line hits="27" number="581"/>
                <line hits="27" number="582"/>
                <line hits="27" number="583"/>
                <line hits="27" number="584"/>
                <line hits="27" number="585"/>
                <line hits="27" number="586"/>
                <line hits="27" number="587"/>
                <line hits="27" number="588"/>
                <line hits="27" number="589"/>
                <line hits="27" number="590"/>
                <line hits="27" number="592"/>
                <line hits="27" number="594"/>
                <line hits="27" number="595"/>
                <line hits="27" number="596"/>
                <line hits="27" number="597"/>
                <line hits="27" number="599"/>
                <line hits="3" number="601"/>
                <line hits="3" number="602"/>
                <line hits="3" number="603"/>
                <line hits="27" number="607"/>
                <line hits="27" number="609"/>
                <line hits="27" number="610"/>
                <line hits="27" number="615"/>
                <line hits="27" number="616"/>
                <line hits="27" number="617"/>
                <line hits="27" number="620"/>
                <line hits="27" number="622"/>
                <line hits="27" number="623"/>
                <line hits="27" number="624"/>
                <line hits="27" number="625"/>
                <line hits="27" number="626"/>
                <line hits="27" number="627"/>
                <line hits="27" number="628"/>
                <line hits="27" number="629"/>
                <line hits="27" number="630"/>
                <line hits="27" number="633"/>
                <line hits="27" number="635"/>
                <line hits="27" number="636"/>
                <line hits="27" number="637"/>
                <line hits="27" number="638"/>
                <line hits="27" number="639"/>
                <line hits="27" number="640"/>
                <line hits="27" number="641"/>
                <line hits="27" number="642"/>
                <line hits="27" number="643"/>
                <line hits="27" number="646"/>
                <line hits="27" number="648"/>
                <line hits="27" number="649"/>
                <line hits="27" number="650"/>
                <line hits="27" number="651"/>
                <line hits="27" number="652"/>
                <line hits="27" number="653"/>
                <line hits="27" number="656"/>
                <line hits="27" number="658"/>
                <line hits="27" number="659"/>
                <line hits="27" number="660"/>
                <line hits="27" number="661"/>
                <line hits="27" number="662"/>
                <line hits="27" number="663"/>
                <line hits="27" number="669"/>
                <line hits="27" number="670"/>
                <line hits="27" number="673"/>
                <line hits="27" number="674"/>
                <line hits="27" number="675"/>
                <line hits="27" number="678"/>
                <line hits="27" number="679"/>
                <line hits="27" number="682"/>
                <line hits="27" number="683"/>
                <line hits="27" number="684"/>
                <line hits="27" number="685"/>
                <line hits="27" number="686"/>
              </lines>
            </method>
            <method branch-rate="NaN" line-rate="1" name="callback_set_parameters" signature="callback_set_parameters(App)">
              <lines>
                <line hits="2" number="701"/>
                <line hits="2" number="702"/>
                <line hits="2" number="704"/>
                <line hits="2" number="706"/>
                <line hits="2" number="707"/>
                <line hits="1" number="708"/>
                <line hits="1" number="710"/>
                <line hits="2" number="712"/>
                <line hits="2" number="715"/>
                <line hits="2" number="718"/>
                <line hits="2" number="720"/>
                <line hits="2" number="721"/>
                <line hits="1" number="722"/>
                <line hits="1" number="724"/>
                <line hits="2" number="726"/>
                <line hits="2" number="728"/>
                <line hits="2" number="729"/>
                <line hits="1" number="730"/>
                <line hits="1" number="732"/>
                <line hits="2" number="734"/>
              </lines>
            </method>
            <method branch-rate="NaN" line-rate="1" name="callback_get_parameters" signature="callback_get_parameters(App)">
              <lines>
                <line hits="7" number="742"/>
                <line hits="7" number="744"/>
                <line hits="7" number="749"/>
                <line hits="7" number="750"/>
                <line hits="2" number="751"/>
                <line hits="2" number="752"/>
                <line hits="1" number="753"/>
                <line hits="1" number="754"/>
                <line hits="1" number="755"/>
                <line hits="1" number="757"/>
                <line hits="1" number="761"/>
                <line hits="5" number="768"/>
                <line hits="5" number="769"/>
                <line hits="5" number="772"/>
                <line hits="5" number="773"/>
                <line hits="5" number="775"/>
                <line hits="5" number="777"/>
                <line hits="5" number="779"/>
                <line hits="5" number="780"/>
                <line hits="5" number="782"/>
                <line hits="5" number="783"/>
                <line hits="5" number="789"/>
                <line hits="5" number="792"/>
              </lines>
            </method>
            <method branch-rate="NaN" line-rate="0.89474" name="loadParametersFromBaseWorkspace" signature="loadParametersFromBaseWorkspace(App, NameValuePair)">
              <lines>
                <line hits="7" number="803"/>
                <line hits="5" number="804"/>
                <line hits="2" number="806"/>
                <line hits="7" number="809"/>
                <line hits="1" number="811"/>
                <line hits="6" number="815"/>
                <line hits="1" number="816"/>
                <line hits="5" number="818"/>
                <line hits="6" number="820"/>
                <line hits="6" number="821"/>
                <line hits="6" number="822"/>
                <line hits="1" number="823"/>
                <line hits="1" number="824"/>
                <line hits="1" number="826"/>
                <line hits="5" number="830"/>
                <line hits="5" number="836"/>
                <line hits="5" number="837"/>
                <line hits="5" number="838"/>
                <line hits="5" number="839"/>
                <line hits="5" number="841"/>
                <line hits="5" number="842"/>
                <line hits="5" number="844"/>
                <line hits="5" number="846"/>
                <line hits="5" number="847"/>
                <line hits="5" number="848"/>
                <line hits="5" number="853"/>
                <line hits="5" number="854"/>
                <line hits="5" number="855"/>
                <line hits="5" number="856"/>
                <line hits="5" number="859"/>
                <line hits="70" number="865"/>
                <line hits="70" number="866"/>
                <line hits="0" number="867"/>
                <line hits="0" number="869"/>
                <line hits="70" number="872"/>
                <line hits="70" number="873"/>
                <line hits="0" number="874"/>
                <line hits="0" number="875"/>
              </lines>
            </method>
            <method branch-rate="NaN" line-rate="0.95455" name="react_PresetChanged" signature="react_PresetChanged(App)">
              <lines>
                <line hits="6" number="882"/>
                <line hits="6" number="884"/>
                <line hits="0" number="886"/>
                <line hits="6" number="890"/>
                <line hits="6" number="894"/>
                <line hits="6" number="895"/>
                <line hits="6" number="899"/>
                <line hits="6" number="900"/>
                <line hits="6" number="901"/>
                <line hits="6" number="902"/>
                <line hits="6" number="905"/>
                <line hits="6" number="906"/>
                <line hits="6" number="909"/>
                <line hits="6" number="912"/>
                <line hits="6" number="913"/>
                <line hits="6" number="914"/>
                <line hits="6" number="917"/>
                <line hits="6" number="918"/>
                <line hits="6" number="919"/>
                <line hits="6" number="920"/>
                <line hits="6" number="924"/>
                <line hits="6" number="927"/>
              </lines>
            </method>
            <method branch-rate="NaN" line-rate="0.66176" name="updateApp" signature="updateApp(App, NameValuePair)">
              <lines>
                <line hits="48" number="943"/>
                <line hits="48" number="944"/>
                <line hits="48" number="945"/>
                <line hits="48" number="946"/>
                <line hits="48" number="947"/>
                <line hits="48" number="948"/>
                <line hits="48" number="949"/>
                <line hits="48" number="950"/>
                <line hits="48" number="951"/>
                <line hits="48" number="952"/>
                <line hits="48" number="954"/>
                <line hits="48" number="955"/>
                <line hits="48" number="956"/>
                <line hits="48" number="957"/>
                <line hits="672" number="970"/>
                <line hits="672" number="971"/>
                <line hits="480" number="972"/>
                <line hits="480" number="973"/>
                <line hits="192" number="976"/>
                <line hits="192" number="977"/>
                <line hits="3" number="979"/>
                <line hits="3" number="980"/>
                <line hits="2" number="981"/>
                <line hits="1" number="983"/>
                <line hits="3" number="985"/>
                <line hits="3" number="986"/>
                <line hits="3" number="987"/>
                <line hits="3" number="988"/>
                <line hits="3" number="990"/>
                <line hits="0" number="994"/>
                <line hits="48" number="1003"/>
                <line hits="48" number="1004"/>
                <line hits="48" number="1005"/>
                <line hits="0" number="1006"/>
                <line hits="0" number="1007"/>
                <line hits="0" number="1009"/>
                <line hits="0" number="1010"/>
                <line hits="0" number="1011"/>
                <line hits="0" number="1012"/>
                <line hits="0" number="1013"/>
                <line hits="0" number="1014"/>
                <line hits="0" number="1015"/>
                <line hits="0" number="1016"/>
                <line hits="0" number="1017"/>
                <line hits="0" number="1018"/>
                <line hits="0" number="1019"/>
                <line hits="0" number="1020"/>
                <line hits="0" number="1021"/>
                <line hits="0" number="1022"/>
                <line hits="0" number="1024"/>
                <line hits="0" number="1025"/>
                <line hits="0" number="1027"/>
                <line hits="0" number="1028"/>
                <line hits="0" number="1029"/>
                <line hits="0" number="1031"/>
                <line hits="48" number="1038"/>
                <line hits="48" number="1040"/>
                <line hits="48" number="1041"/>
                <line hits="48" number="1042"/>
                <line hits="48" number="1044"/>
                <line hits="48" number="1045"/>
                <line hits="48" number="1048"/>
                <line hits="1" number="1050"/>
                <line hits="47" number="1052"/>
                <line hits="47" number="1053"/>
                <line hits="47" number="1054"/>
                <line hits="47" number="1055"/>
                <line hits="47" number="1056"/>
              </lines>
            </method>
          </methods>
          <lines>
            <line hits="27" number="117"/>
            <line hits="26" number="118"/>
            <line hits="23" number="120"/>
            <line hits="26" number="121"/>
            <line hits="31" number="128"/>
            <line hits="31" number="131"/>
            <line hits="31" number="133"/>
            <line hits="31" number="134"/>
            <line hits="31" number="137"/>
            <line hits="7" number="138"/>
            <line hits="7" number="139"/>
            <line hits="7" number="140"/>
            <line hits="0" number="141"/>
            <line hits="0" number="142"/>
            <line hits="0" number="144"/>
            <line hits="24" number="147"/>
            <line hits="3" number="148"/>
            <line hits="3" number="149"/>
            <line hits="21" number="152"/>
            <line hits="21" number="153"/>
            <line hits="21" number="154"/>
            <line hits="31" number="157"/>
            <line hits="10" number="158"/>
            <line hits="10" number="159"/>
            <line hits="2" number="160"/>
            <line hits="2" number="161"/>
            <line hits="2" number="162"/>
            <line hits="2" number="164"/>
            <line hits="8" number="169"/>
            <line hits="8" number="170"/>
            <line hits="1" number="171"/>
            <line hits="1" number="172"/>
            <line hits="1" number="173"/>
            <line hits="1" number="175"/>
            <line hits="7" number="179"/>
            <line hits="1" number="181"/>
            <line hits="6" number="183"/>
            <line hits="1" number="184"/>
            <line hits="1" number="185"/>
            <line hits="1" number="187"/>
            <line hits="27" number="194"/>
            <line hits="27" number="196"/>
            <line hits="27" number="197"/>
            <line hits="27" number="198"/>
            <line hits="27" number="199"/>
            <line hits="27" number="200"/>
            <line hits="27" number="204"/>
            <line hits="27" number="209"/>
            <line hits="3" number="210"/>
            <line hits="1" number="211"/>
            <line hits="1" number="212"/>
            <line hits="1" number="214"/>
            <line hits="2" number="217"/>
            <line hits="1" number="218"/>
            <line hits="1" number="219"/>
            <line hits="1" number="221"/>
            <line hits="1" number="226"/>
            <line hits="1" number="227"/>
            <line hits="1" number="228"/>
            <line hits="1" number="229"/>
            <line hits="1" number="230"/>
            <line hits="0" number="231"/>
            <line hits="0" number="233"/>
            <line hits="1" number="237"/>
            <line hits="1" number="238"/>
            <line hits="1" number="240"/>
            <line hits="1" number="242"/>
            <line hits="1" number="243"/>
            <line hits="1" number="245"/>
            <line hits="24" number="247"/>
            <line hits="1" number="248"/>
            <line hits="1" number="250"/>
            <line hits="1" number="251"/>
            <line hits="1" number="253"/>
            <line hits="23" number="258"/>
            <line hits="23" number="259"/>
            <line hits="23" number="260"/>
            <line hits="23" number="261"/>
            <line hits="23" number="263"/>
            <line hits="23" number="264"/>
            <line hits="23" number="266"/>
            <line hits="23" number="268"/>
            <line hits="23" number="269"/>
            <line hits="23" number="270"/>
            <line hits="23" number="272"/>
            <line hits="23" number="273"/>
            <line hits="23" number="274"/>
            <line hits="23" number="275"/>
            <line hits="25" number="278"/>
            <line hits="6" number="279"/>
            <line hits="6" number="280"/>
            <line hits="6" number="281"/>
            <line hits="0" number="282"/>
            <line hits="0" number="284"/>
            <line hits="6" number="287"/>
            <line hits="6" number="289"/>
            <line hits="5" number="293"/>
            <line hits="5" number="296"/>
            <line hits="5" number="298"/>
            <line hits="5" number="299"/>
            <line hits="5" number="300"/>
            <line hits="5" number="301"/>
            <line hits="5" number="303"/>
            <line hits="5" number="304"/>
            <line hits="5" number="305"/>
            <line hits="5" number="306"/>
            <line hits="24" number="311"/>
            <line hits="24" number="313"/>
            <line hits="24" number="315"/>
            <line hits="24" number="316"/>
            <line hits="24" number="317"/>
            <line hits="24" number="318"/>
            <line hits="4" number="319"/>
            <line hits="27" number="325"/>
            <line hits="27" number="326"/>
            <line hits="27" number="328"/>
            <line hits="27" number="333"/>
            <line hits="27" number="334"/>
            <line hits="27" number="336"/>
            <line hits="27" number="337"/>
            <line hits="27" number="338"/>
            <line hits="27" number="339"/>
            <line hits="27" number="344"/>
            <line hits="27" number="345"/>
            <line hits="27" number="347"/>
            <line hits="27" number="348"/>
            <line hits="27" number="352"/>
            <line hits="27" number="353"/>
            <line hits="27" number="355"/>
            <line hits="27" number="356"/>
            <line hits="27" number="357"/>
            <line hits="27" number="358"/>
            <line hits="27" number="359"/>
            <line hits="27" number="360"/>
            <line hits="27" number="365"/>
            <line hits="27" number="366"/>
            <line hits="27" number="367"/>
            <line hits="27" number="370"/>
            <line hits="27" number="372"/>
            <line hits="27" number="373"/>
            <line hits="27" number="374"/>
            <line hits="27" number="375"/>
            <line hits="27" number="376"/>
            <line hits="27" number="377"/>
            <line hits="27" number="378"/>
            <line hits="27" number="379"/>
            <line hits="27" number="380"/>
            <line hits="27" number="383"/>
            <line hits="27" number="385"/>
            <line hits="27" number="386"/>
            <line hits="27" number="387"/>
            <line hits="27" number="388"/>
            <line hits="27" number="389"/>
            <line hits="27" number="390"/>
            <line hits="27" number="393"/>
            <line hits="27" number="395"/>
            <line hits="27" number="396"/>
            <line hits="27" number="397"/>
            <line hits="27" number="398"/>
            <line hits="27" number="399"/>
            <line hits="27" number="400"/>
            <line hits="27" number="403"/>
            <line hits="27" number="405"/>
            <line hits="27" number="406"/>
            <line hits="27" number="407"/>
            <line hits="27" number="408"/>
            <line hits="27" number="409"/>
            <line hits="27" number="410"/>
            <line hits="27" number="411"/>
            <line hits="27" number="412"/>
            <line hits="27" number="413"/>
            <line hits="27" number="418"/>
            <line hits="27" number="419"/>
            <line hits="27" number="420"/>
            <line hits="27" number="423"/>
            <line hits="27" number="425"/>
            <line hits="27" number="426"/>
            <line hits="27" number="427"/>
            <line hits="27" number="428"/>
            <line hits="27" number="429"/>
            <line hits="27" number="430"/>
            <line hits="27" number="433"/>
            <line hits="27" number="435"/>
            <line hits="27" number="436"/>
            <line hits="27" number="437"/>
            <line hits="27" number="438"/>
            <line hits="27" number="439"/>
            <line hits="27" number="440"/>
            <line hits="27" number="445"/>
            <line hits="27" number="446"/>
            <line hits="27" number="447"/>
            <line hits="27" number="450"/>
            <line hits="27" number="452"/>
            <line hits="27" number="453"/>
            <line hits="27" number="454"/>
            <line hits="27" number="455"/>
            <line hits="27" number="456"/>
            <line hits="27" number="457"/>
            <line hits="27" number="462"/>
            <line hits="27" number="463"/>
            <line hits="27" number="464"/>
            <line hits="27" number="467"/>
            <line hits="27" number="469"/>
            <line hits="27" number="470"/>
            <line hits="27" number="471"/>
            <line hits="27" number="472"/>
            <line hits="27" number="473"/>
            <line hits="27" number="474"/>
            <line hits="27" number="475"/>
            <line hits="27" number="476"/>
            <line hits="27" number="477"/>
            <line hits="27" number="480"/>
            <line hits="27" number="482"/>
            <line hits="27" number="483"/>
            <line hits="27" number="484"/>
            <line hits="27" number="485"/>
            <line hits="27" number="486"/>
            <line hits="27" number="487"/>
            <line hits="27" number="490"/>
            <line hits="27" number="492"/>
            <line hits="27" number="493"/>
            <line hits="27" number="494"/>
            <line hits="27" number="495"/>
            <line hits="27" number="496"/>
            <line hits="27" number="497"/>
            <line hits="27" number="502"/>
            <line hits="27" number="503"/>
            <line hits="27" number="504"/>
            <line hits="27" number="507"/>
            <line hits="27" number="509"/>
            <line hits="27" number="510"/>
            <line hits="27" number="511"/>
            <line hits="27" number="512"/>
            <line hits="27" number="513"/>
            <line hits="27" number="514"/>
            <line hits="27" number="517"/>
            <line hits="27" number="519"/>
            <line hits="27" number="520"/>
            <line hits="27" number="521"/>
            <line hits="27" number="522"/>
            <line hits="27" number="523"/>
            <line hits="27" number="524"/>
            <line hits="27" number="527"/>
            <line hits="27" number="529"/>
            <line hits="27" number="530"/>
            <line hits="27" number="531"/>
            <line hits="27" number="532"/>
            <line hits="27" number="533"/>
            <line hits="27" number="534"/>
            <line hits="27" number="537"/>
            <line hits="27" number="539"/>
            <line hits="27" number="540"/>
            <line hits="27" number="541"/>
            <line hits="27" number="542"/>
            <line hits="27" number="543"/>
            <line hits="27" number="544"/>
            <line hits="27" number="547"/>
            <line hits="27" number="549"/>
            <line hits="27" number="550"/>
            <line hits="27" number="551"/>
            <line hits="27" number="552"/>
            <line hits="27" number="553"/>
            <line hits="27" number="554"/>
            <line hits="27" number="557"/>
            <line hits="27" number="559"/>
            <line hits="27" number="560"/>
            <line hits="27" number="561"/>
            <line hits="27" number="562"/>
            <line hits="27" number="563"/>
            <line hits="27" number="564"/>
            <line hits="27" number="568"/>
            <line hits="27" number="573"/>
            <line hits="27" number="574"/>
            <line hits="27" number="577"/>
            <line hits="27" number="578"/>
            <line hits="27" number="580"/>
            <line hits="27" number="581"/>
            <line hits="27" number="582"/>
            <line hits="27" number="583"/>
            <line hits="27" number="584"/>
            <line hits="27" number="585"/>
            <line hits="27" number="586"/>
            <line hits="27" number="587"/>
            <line hits="27" number="588"/>
            <line hits="27" number="589"/>
            <line hits="27" number="590"/>
            <line hits="27" number="592"/>
            <line hits="27" number="594"/>
            <line hits="27" number="595"/>
            <line hits="27" number="596"/>
            <line hits="27" number="597"/>
            <line hits="27" number="599"/>
            <line hits="3" number="601"/>
            <line hits="3" number="602"/>
            <line hits="3" number="603"/>
            <line hits="27" number="607"/>
            <line hits="27" number="609"/>
            <line hits="27" number="610"/>
            <line hits="27" number="615"/>
            <line hits="27" number="616"/>
            <line hits="27" number="617"/>
            <line hits="27" number="620"/>
            <line hits="27" number="622"/>
            <line hits="27" number="623"/>
            <line hits="27" number="624"/>
            <line hits="27" number="625"/>
            <line hits="27" number="626"/>
            <line hits="27" number="627"/>
            <line hits="27" number="628"/>
            <line hits="27" number="629"/>
            <line hits="27" number="630"/>
            <line hits="27" number="633"/>
            <line hits="27" number="635"/>
            <line hits="27" number="636"/>
            <line hits="27" number="637"/>
            <line hits="27" number="638"/>
            <line hits="27" number="639"/>
            <line hits="27" number="640"/>
            <line hits="27" number="641"/>
            <line hits="27" number="642"/>
            <line hits="27" number="643"/>
            <line hits="27" number="646"/>
            <line hits="27" number="648"/>
            <line hits="27" number="649"/>
            <line hits="27" number="650"/>
            <line hits="27" number="651"/>
            <line hits="27" number="652"/>
            <line hits="27" number="653"/>
            <line hits="27" number="656"/>
            <line hits="27" number="658"/>
            <line hits="27" number="659"/>
            <line hits="27" number="660"/>
            <line hits="27" number="661"/>
            <line hits="27" number="662"/>
            <line hits="27" number="663"/>
            <line hits="27" number="669"/>
            <line hits="27" number="670"/>
            <line hits="27" number="673"/>
            <line hits="27" number="674"/>
            <line hits="27" number="675"/>
            <line hits="27" number="678"/>
            <line hits="27" number="679"/>
            <line hits="27" number="682"/>
            <line hits="27" number="683"/>
            <line hits="27" number="684"/>
            <line hits="27" number="685"/>
            <line hits="27" number="686"/>
            <line hits="2" number="701"/>
            <line hits="2" number="702"/>
            <line hits="2" number="704"/>
            <line hits="2" number="706"/>
            <line hits="2" number="707"/>
            <line hits="1" number="708"/>
            <line hits="1" number="710"/>
            <line hits="2" number="712"/>
            <line hits="2" number="715"/>
            <line hits="2" number="718"/>
            <line hits="2" number="720"/>
            <line hits="2" number="721"/>
            <line hits="1" number="722"/>
            <line hits="1" number="724"/>
            <line hits="2" number="726"/>
            <line hits="2" number="728"/>
            <line hits="2" number="729"/>
            <line hits="1" number="730"/>
            <line hits="1" number="732"/>
            <line hits="2" number="734"/>
            <line hits="7" number="742"/>
            <line hits="7" number="744"/>
            <line hits="7" number="749"/>
            <line hits="7" number="750"/>
            <line hits="2" number="751"/>
            <line hits="2" number="752"/>
            <line hits="1" number="753"/>
            <line hits="1" number="754"/>
            <line hits="1" number="755"/>
            <line hits="1" number="757"/>
            <line hits="1" number="761"/>
            <line hits="5" number="768"/>
            <line hits="5" number="769"/>
            <line hits="5" number="772"/>
            <line hits="5" number="773"/>
            <line hits="5" number="775"/>
            <line hits="5" number="777"/>
            <line hits="5" number="779"/>
            <line hits="5" number="780"/>
            <line hits="5" number="782"/>
            <line hits="5" number="783"/>
            <line hits="5" number="789"/>
            <line hits="5" number="792"/>
            <line hits="2" number="800"/>
            <line hits="7" number="803"/>
            <line hits="5" number="804"/>
            <line hits="2" number="806"/>
            <line hits="7" number="809"/>
            <line hits="1" number="811"/>
            <line hits="6" number="815"/>
            <line hits="1" number="816"/>
            <line hits="5" number="818"/>
            <line hits="6" number="820"/>
            <line hits="6" number="821"/>
            <line hits="6" number="822"/>
            <line hits="1" number="823"/>
            <line hits="1" number="824"/>
            <line hits="1" number="826"/>
            <line hits="5" number="830"/>
            <line hits="5" number="836"/>
            <line hits="5" number="837"/>
            <line hits="5" number="838"/>
            <line hits="5" number="839"/>
            <line hits="5" number="841"/>
            <line hits="5" number="842"/>
            <line hits="5" number="844"/>
            <line hits="5" number="846"/>
            <line hits="5" number="847"/>
            <line hits="5" number="848"/>
            <line hits="5" number="853"/>
            <line hits="5" number="854"/>
            <line hits="5" number="855"/>
            <line hits="5" number="856"/>
            <line hits="5" number="859"/>
            <line hits="70" number="865"/>
            <line hits="70" number="866"/>
            <line hits="0" number="867"/>
            <line hits="0" number="869"/>
            <line hits="70" number="872"/>
            <line hits="70" number="873"/>
            <line hits="0" number="874"/>
            <line hits="0" number="875"/>
            <line hits="6" number="882"/>
            <line hits="6" number="884"/>
            <line hits="0" number="886"/>
            <line hits="6" number="890"/>
            <line hits="6" number="894"/>
            <line hits="6" number="895"/>
            <line hits="6" number="899"/>
            <line hits="6" number="900"/>
            <line hits="6" number="901"/>
            <line hits="6" number="902"/>
            <line hits="6" number="905"/>
            <line hits="6" number="906"/>
            <line hits="6" number="909"/>
            <line hits="6" number="912"/>
            <line hits="6" number="913"/>
            <line hits="6" number="914"/>
            <line hits="6" number="917"/>
            <line hits="6" number="918"/>
            <line hits="6" number="919"/>
            <line hits="6" number="920"/>
            <line hits="6" number="924"/>
            <line hits="6" number="927"/>
            <line hits="48" number="937"/>
            <line hits="48" number="943"/>
            <line hits="48" number="944"/>
            <line hits="48" number="945"/>
            <line hits="48" number="946"/>
            <line hits="48" number="947"/>
            <line hits="48" number="948"/>
            <line hits="48" number="949"/>
            <line hits="48" number="950"/>
            <line hits="48" number="951"/>
            <line hits="48" number="952"/>
            <line hits="48" number="954"/>
            <line hits="48" number="955"/>
            <line hits="48" number="956"/>
            <line hits="48" number="957"/>
            <line hits="672" number="970"/>
            <line hits="672" number="971"/>
            <line hits="480" number="972"/>
            <line hits="480" number="973"/>
            <line hits="192" number="976"/>
            <line hits="192" number="977"/>
            <line hits="3" number="979"/>
            <line hits="3" number="980"/>
            <line hits="2" number="981"/>
            <line hits="1" number="983"/>
            <line hits="3" number="985"/>
            <line hits="3" number="986"/>
            <line hits="3" number="987"/>
            <line hits="3" number="988"/>
            <line hits="3" number="990"/>
            <line hits="0" number="994"/>
            <line hits="48" number="1003"/>
            <line hits="48" number="1004"/>
            <line hits="48" number="1005"/>
            <line hits="0" number="1006"/>
            <line hits="0" number="1007"/>
            <line hits="0" number="1009"/>
            <line hits="0" number="1010"/>
            <line hits="0" number="1011"/>
            <line hits="0" number="1012"/>
            <line hits="0" number="1013"/>
            <line hits="0" number="1014"/>
            <line hits="0" number="1015"/>
            <line hits="0" number="1016"/>
            <line hits="0" number="1017"/>
            <line hits="0" number="1018"/>
            <line hits="0" number="1019"/>
            <line hits="0" number="1020"/>
            <line hits="0" number="1021"/>
            <line hits="0" number="1022"/>
            <line hits="0" number="1024"/>
            <line hits="0" number="1025"/>
            <line hits="0" number="1027"/>
            <line hits="0" number="1028"/>
            <line hits="0" number="1029"/>
            <line hits="0" number="1031"/>
            <line hits="48" number="1038"/>
            <line hits="48" number="1040"/>
            <line hits="48" number="1041"/>
            <line hits="48" number="1042"/>
            <line hits="48" number="1044"/>
            <line hits="48" number="1045"/>
            <line hits="48" number="1048"/>
            <line hits="1" number="1050"/>
            <line hits="47" number="1052"/>
            <line hits="47" number="1053"/>
            <line hits="47" number="1054"/>
            <line hits="47" number="1055"/>
            <line hits="47" number="1056"/>
          </lines>
        </class>
        <class branch-rate="NaN" complexity="NaN" filename="Vehicle1DForceAppParameters.m" line-rate="NaN" name="mus1.app.Vehicle1DForce.Vehicle1DForceAppParameters">
          <methods/>
          <lines/>
        </class>
        <class branch-rate="NaN" complexity="NaN" filename="Vehicle1DForceDataSet.m" line-rate="0.96053" name="mus1.app.Vehicle1DForce.Vehicle1DForceDataSet">
          <methods>
            <method branch-rate="NaN" line-rate="0.89286" name="Vehicle1DForceDataSet" signature="DataSet = Vehicle1DForceDataSet(NameValuePair)">
              <lines>
                <line hits="164" number="103"/>
                <line hits="164" number="105"/>
                <line hits="7" number="106"/>
                <line hits="7" number="107"/>
                <line hits="7" number="109"/>
                <line hits="164" number="112"/>
                <line hits="113" number="114"/>
                <line hits="51" number="118"/>
                <line hits="44" number="121"/>
                <line hits="7" number="126"/>
                <line hits="7" number="128"/>
                <line hits="7" number="129"/>
                <line hits="0" number="130"/>
                <line hits="0" number="131"/>
                <line hits="0" number="133"/>
                <line hits="7" number="137"/>
                <line hits="7" number="138"/>
                <line hits="7" number="139"/>
                <line hits="2" number="140"/>
                <line hits="2" number="141"/>
                <line hits="2" number="143"/>
                <line hits="5" number="147"/>
                <line hits="5" number="148"/>
                <line hits="5" number="149"/>
                <line hits="5" number="150"/>
                <line hits="5" number="151"/>
                <line hits="5" number="155"/>
                <line hits="5" number="157"/>
              </lines>
            </method>
            <method branch-rate="NaN" line-rate="1" name="resetDataSet" signature="DataSet = resetDataSet(DataSet)">
              <lines>
                <line hits="44" number="163"/>
                <line hits="44" number="164"/>
                <line hits="44" number="165"/>
                <line hits="44" number="166"/>
                <line hits="44" number="168"/>
                <line hits="44" number="169"/>
                <line hits="44" number="171"/>
                <line hits="44" number="173"/>
                <line hits="44" number="174"/>
                <line hits="44" number="175"/>
                <line hits="44" number="177"/>
              </lines>
            </method>
            <method branch-rate="NaN" line-rate="1" name="resetCommonSettings" signature="DataSet = resetCommonSettings(DataSet)">
              <lines>
                <line hits="49" number="183"/>
                <line hits="49" number="185"/>
                <line hits="49" number="186"/>
                <line hits="49" number="187"/>
                <line hits="49" number="188"/>
                <line hits="49" number="190"/>
              </lines>
            </method>
            <method branch-rate="NaN" line-rate="1" name="updateDataSet" signature="DataSet = updateDataSet(DataSet)">
              <lines>
                <line hits="102" number="196"/>
                <line hits="102" number="198"/>
                <line hits="102" number="200"/>
                <line hits="102" number="202"/>
                <line hits="102" number="203"/>
                <line hits="102" number="204"/>
                <line hits="102" number="206"/>
                <line hits="102" number="207"/>
                <line hits="102" number="209"/>
                <line hits="102" number="210"/>
                <line hits="102" number="211"/>
                <line hits="102" number="214"/>
                <line hits="102" number="215"/>
                <line hits="102" number="217"/>
                <line hits="102" number="218"/>
                <line hits="102" number="219"/>
                <line hits="102" number="221"/>
                <line hits="102" number="222"/>
                <line hits="102" number="225"/>
                <line hits="102" number="226"/>
                <line hits="503" number="227"/>
                <line hits="503" number="228"/>
                <line hits="503" number="229"/>
                <line hits="503" number="230"/>
                <line hits="102" number="232"/>
                <line hits="102" number="235"/>
                <line hits="102" number="236"/>
                <line hits="399" number="237"/>
                <line hits="102" number="239"/>
              </lines>
            </method>
          </methods>
          <lines>
            <line hits="120" number="99"/>
            <line hits="157" number="100"/>
            <line hits="164" number="103"/>
            <line hits="164" number="105"/>
            <line hits="7" number="106"/>
            <line hits="7" number="107"/>
            <line hits="7" number="109"/>
            <line hits="164" number="112"/>
            <line hits="113" number="114"/>
            <line hits="51" number="118"/>
            <line hits="44" number="121"/>
            <line hits="7" number="126"/>
            <line hits="7" number="128"/>
            <line hits="7" number="129"/>
            <line hits="0" number="130"/>
            <line hits="0" number="131"/>
            <line hits="0" number="133"/>
            <line hits="7" number="137"/>
            <line hits="7" number="138"/>
            <line hits="7" number="139"/>
            <line hits="2" number="140"/>
            <line hits="2" number="141"/>
            <line hits="2" number="143"/>
            <line hits="5" number="147"/>
            <line hits="5" number="148"/>
            <line hits="5" number="149"/>
            <line hits="5" number="150"/>
            <line hits="5" number="151"/>
            <line hits="5" number="155"/>
            <line hits="5" number="157"/>
            <line hits="44" number="163"/>
            <line hits="44" number="164"/>
            <line hits="44" number="165"/>
            <line hits="44" number="166"/>
            <line hits="44" number="168"/>
            <line hits="44" number="169"/>
            <line hits="44" number="171"/>
            <line hits="44" number="173"/>
            <line hits="44" number="174"/>
            <line hits="44" number="175"/>
            <line hits="44" number="177"/>
            <line hits="49" number="183"/>
            <line hits="49" number="185"/>
            <line hits="49" number="186"/>
            <line hits="49" number="187"/>
            <line hits="49" number="188"/>
            <line hits="49" number="190"/>
            <line hits="102" number="196"/>
            <line hits="102" number="198"/>
            <line hits="102" number="200"/>
            <line hits="102" number="202"/>
            <line hits="102" number="203"/>
            <line hits="102" number="204"/>
            <line hits="102" number="206"/>
            <line hits="102" number="207"/>
            <line hits="102" number="209"/>
            <line hits="102" number="210"/>
            <line hits="102" number="211"/>
            <line hits="102" number="214"/>
            <line hits="102" number="215"/>
            <line hits="102" number="217"/>
            <line hits="102" number="218"/>
            <line hits="102" number="219"/>
            <line hits="102" number="221"/>
            <line hits="102" number="222"/>
            <line hits="102" number="225"/>
            <line hits="102" number="226"/>
            <line hits="503" number="227"/>
            <line hits="503" number="228"/>
            <line hits="503" number="229"/>
            <line hits="503" number="230"/>
            <line hits="102" number="232"/>
            <line hits="102" number="235"/>
            <line hits="102" number="236"/>
            <line hits="399" number="237"/>
            <line hits="102" number="239"/>
          </lines>
        </class>
        <class branch-rate="NaN" complexity="NaN" filename="Vehicle1DForceModelParameters.m" line-rate="1" name="mus1.app.Vehicle1DForce.Vehicle1DForceModelParameters">
          <methods>
            <method branch-rate="NaN" line-rate="1" name="Vehicle1DForceModelParameters" signature="ModelParams = Vehicle1DForceModelParameters(NameValuePair)">
              <lines>
                <line hits="173" number="113"/>
                <line hits="167" number="115"/>
                <line hits="6" number="119"/>
                <line hits="6" number="120"/>
                <line hits="6" number="121"/>
                <line hits="6" number="122"/>
                <line hits="6" number="123"/>
                <line hits="6" number="125"/>
                <line hits="6" number="126"/>
                <line hits="6" number="128"/>
                <line hits="6" number="130"/>
                <line hits="6" number="131"/>
                <line hits="6" number="132"/>
                <line hits="6" number="134"/>
              </lines>
            </method>
            <method branch-rate="NaN" line-rate="1" name="updateDerivedParameters" signature="ModelParams = updateDerivedParameters(ModelParams)">
              <lines>
                <line hits="216" number="141"/>
                <line hits="216" number="142"/>
                <line hits="216" number="143"/>
                <line hits="216" number="144"/>
                <line hits="216" number="146"/>
                <line hits="216" number="147"/>
                <line hits="216" number="148"/>
                <line hits="216" number="149"/>
                <line hits="216" number="151"/>
                <line hits="216" number="152"/>
                <line hits="216" number="153"/>
                <line hits="216" number="155"/>
                <line hits="216" number="156"/>
                <line hits="216" number="157"/>
                <line hits="216" number="158"/>
                <line hits="216" number="159"/>
                <line hits="216" number="160"/>
                <line hits="216" number="161"/>
                <line hits="216" number="162"/>
                <line hits="216" number="163"/>
              </lines>
            </method>
          </methods>
          <lines>
            <line hits="166" number="110"/>
            <line hits="173" number="113"/>
            <line hits="167" number="115"/>
            <line hits="6" number="119"/>
            <line hits="6" number="120"/>
            <line hits="6" number="121"/>
            <line hits="6" number="122"/>
            <line hits="6" number="123"/>
            <line hits="6" number="125"/>
            <line hits="6" number="126"/>
            <line hits="6" number="128"/>
            <line hits="6" number="130"/>
            <line hits="6" number="131"/>
            <line hits="6" number="132"/>
            <line hits="6" number="134"/>
            <line hits="216" number="141"/>
            <line hits="216" number="142"/>
            <line hits="216" number="143"/>
            <line hits="216" number="144"/>
            <line hits="216" number="146"/>
            <line hits="216" number="147"/>
            <line hits="216" number="148"/>
            <line hits="216" number="149"/>
            <line hits="216" number="151"/>
            <line hits="216" number="152"/>
            <line hits="216" number="153"/>
            <line hits="216" number="155"/>
            <line hits="216" number="156"/>
            <line hits="216" number="157"/>
            <line hits="216" number="158"/>
            <line hits="216" number="159"/>
            <line hits="216" number="160"/>
            <line hits="216" number="161"/>
            <line hits="216" number="162"/>
            <line hits="216" number="163"/>
          </lines>
        </class>
        <class branch-rate="NaN" complexity="NaN" filename="Vehicle1DForcePresets.m" line-rate="1" name="mus1.app.Vehicle1DForce.Vehicle1DForcePresets">
          <methods>
            <method branch-rate="NaN" line-rate="1" name="Vehicle1DForcePresets" signature="PresetDictionary = Vehicle1DForcePresets()">
              <lines>
                <line hits="36" number="14"/>
                <line hits="36" number="16"/>
                <line hits="36" number="17"/>
                <line hits="36" number="18"/>
                <line hits="36" number="19"/>
                <line hits="36" number="20"/>
                <line hits="36" number="21"/>
                <line hits="36" number="22"/>
                <line hits="36" number="23"/>
                <line hits="36" number="24"/>
                <line hits="36" number="25"/>
                <line hits="36" number="27"/>
                <line hits="36" number="29"/>
                <line hits="36" number="30"/>
                <line hits="36" number="31"/>
                <line hits="36" number="32"/>
                <line hits="36" number="34"/>
                <line hits="36" number="38"/>
                <line hits="36" number="40"/>
                <line hits="36" number="41"/>
                <line hits="36" number="42"/>
                <line hits="36" number="43"/>
                <line hits="36" number="44"/>
                <line hits="36" number="45"/>
                <line hits="36" number="46"/>
                <line hits="36" number="47"/>
                <line hits="36" number="48"/>
                <line hits="36" number="49"/>
                <line hits="36" number="51"/>
                <line hits="36" number="53"/>
                <line hits="36" number="54"/>
                <line hits="36" number="55"/>
                <line hits="36" number="56"/>
                <line hits="36" number="58"/>
                <line hits="36" number="62"/>
                <line hits="36" number="64"/>
                <line hits="36" number="65"/>
                <line hits="36" number="66"/>
                <line hits="36" number="67"/>
                <line hits="36" number="68"/>
                <line hits="36" number="69"/>
                <line hits="36" number="70"/>
                <line hits="36" number="71"/>
                <line hits="36" number="72"/>
                <line hits="36" number="73"/>
                <line hits="36" number="75"/>
                <line hits="36" number="77"/>
                <line hits="36" number="78"/>
                <line hits="36" number="79"/>
                <line hits="36" number="80"/>
                <line hits="36" number="82"/>
              </lines>
            </method>
          </methods>
          <lines>
            <line hits="36" number="14"/>
            <line hits="36" number="16"/>
            <line hits="36" number="17"/>
            <line hits="36" number="18"/>
            <line hits="36" number="19"/>
            <line hits="36" number="20"/>
            <line hits="36" number="21"/>
            <line hits="36" number="22"/>
            <line hits="36" number="23"/>
            <line hits="36" number="24"/>
            <line hits="36" number="25"/>
            <line hits="36" number="27"/>
            <line hits="36" number="29"/>
            <line hits="36" number="30"/>
            <line hits="36" number="31"/>
            <line hits="36" number="32"/>
            <line hits="36" number="34"/>
            <line hits="36" number="38"/>
            <line hits="36" number="40"/>
            <line hits="36" number="41"/>
            <line hits="36" number="42"/>
            <line hits="36" number="43"/>
            <line hits="36" number="44"/>
            <line hits="36" number="45"/>
            <line hits="36" number="46"/>
            <line hits="36" number="47"/>
            <line hits="36" number="48"/>
            <line hits="36" number="49"/>
            <line hits="36" number="51"/>
            <line hits="36" number="53"/>
            <line hits="36" number="54"/>
            <line hits="36" number="55"/>
            <line hits="36" number="56"/>
            <line hits="36" number="58"/>
            <line hits="36" number="62"/>
            <line hits="36" number="64"/>
            <line hits="36" number="65"/>
            <line hits="36" number="66"/>
            <line hits="36" number="67"/>
            <line hits="36" number="68"/>
            <line hits="36" number="69"/>
            <line hits="36" number="70"/>
            <line hits="36" number="71"/>
            <line hits="36" number="72"/>
            <line hits="36" number="73"/>
            <line hits="36" number="75"/>
            <line hits="36" number="77"/>
            <line hits="36" number="78"/>
            <line hits="36" number="79"/>
            <line hits="36" number="80"/>
            <line hits="36" number="82"/>
          </lines>
        </class>
        <class branch-rate="NaN" complexity="NaN" filename="plotVehicle1DForce.m" line-rate="0.98182" name="mus1.app.Vehicle1DForce.plotVehicle1DForce">
          <methods/>
          <lines>
            <line hits="50" number="20"/>
            <line hits="57" number="23"/>
            <line hits="57" number="24"/>
            <line hits="57" number="27"/>
            <line hits="53" number="28"/>
            <line hits="57" number="37"/>
            <line hits="56" number="38"/>
            <line hits="57" number="40"/>
            <line hits="57" number="42"/>
            <line hits="57" number="45"/>
            <line hits="57" number="46"/>
            <line hits="57" number="49"/>
            <line hits="56" number="50"/>
            <line hits="57" number="53"/>
            <line hits="56" number="54"/>
            <line hits="57" number="57"/>
            <line hits="56" number="58"/>
            <line hits="57" number="61"/>
            <line hits="56" number="62"/>
            <line hits="57" number="64"/>
            <line hits="57" number="66"/>
            <line hits="57" number="71"/>
            <line hits="57" number="75"/>
            <line hits="56" number="76"/>
            <line hits="57" number="80"/>
            <line hits="56" number="81"/>
            <line hits="57" number="85"/>
            <line hits="56" number="86"/>
            <line hits="57" number="89"/>
            <line hits="2" number="95"/>
            <line hits="57" number="98"/>
            <line hits="57" number="103"/>
            <line hits="3" number="107"/>
            <line hits="3" number="108"/>
            <line hits="3" number="109"/>
            <line hits="3" number="110"/>
            <line hits="3" number="112"/>
            <line hits="3" number="114"/>
            <line hits="3" number="115"/>
            <line hits="3" number="116"/>
            <line hits="3" number="117"/>
            <line hits="3" number="120"/>
            <line hits="3" number="121"/>
            <line hits="3" number="125"/>
            <line hits="3" number="126"/>
            <line hits="3" number="127"/>
            <line hits="3" number="128"/>
            <line hits="3" number="129"/>
            <line hits="3" number="130"/>
            <line hits="3" number="131"/>
            <line hits="3" number="133"/>
            <line hits="3" number="134"/>
            <line hits="3" number="135"/>
            <line hits="3" number="137"/>
            <line hits="3" number="138"/>
            <line hits="3" number="140"/>
            <line hits="3" number="141"/>
            <line hits="3" number="143"/>
            <line hits="3" number="144"/>
            <line hits="3" number="146"/>
            <line hits="3" number="149"/>
            <line hits="3" number="151"/>
            <line hits="3" number="152"/>
            <line hits="3" number="154"/>
            <line hits="3" number="155"/>
            <line hits="3" number="157"/>
            <line hits="3" number="158"/>
            <line hits="13" number="159"/>
            <line hits="13" number="160"/>
            <line hits="13" number="161"/>
            <line hits="13" number="162"/>
            <line hits="3" number="166"/>
            <line hits="3" number="167"/>
            <line hits="11" number="168"/>
            <line hits="54" number="174"/>
            <line hits="53" number="175"/>
            <line hits="1" number="177"/>
            <line hits="54" number="180"/>
            <line hits="54" number="181"/>
            <line hits="54" number="182"/>
            <line hits="54" number="184"/>
            <line hits="54" number="185"/>
            <line hits="54" number="186"/>
            <line hits="54" number="188"/>
            <line hits="54" number="189"/>
            <line hits="54" number="191"/>
            <line hits="54" number="192"/>
            <line hits="54" number="194"/>
            <line hits="54" number="195"/>
            <line hits="54" number="197"/>
            <line hits="54" number="199"/>
            <line hits="54" number="201"/>
            <line hits="54" number="202"/>
            <line hits="54" number="203"/>
            <line hits="267" number="204"/>
            <line hits="267" number="205"/>
            <line hits="54" number="208"/>
            <line hits="54" number="209"/>
            <line hits="57" number="216"/>
            <line hits="50" number="217"/>
            <line hits="50" number="218"/>
            <line hits="50" number="219"/>
            <line hits="0" number="221"/>
            <line hits="0" number="222"/>
            <line hits="0" number="224"/>
            <line hits="7" number="228"/>
            <line hits="7" number="229"/>
            <line hits="7" number="230"/>
            <line hits="7" number="231"/>
            <line hits="7" number="233"/>
            <line hits="57" number="237"/>
            <line hits="57" number="242"/>
            <line hits="57" number="244"/>
            <line hits="57" number="246"/>
            <line hits="57" number="247"/>
            <line hits="57" number="248"/>
            <line hits="57" number="250"/>
            <line hits="57" number="252"/>
            <line hits="57" number="253"/>
            <line hits="223" number="254"/>
            <line hits="223" number="255"/>
            <line hits="223" number="256"/>
            <line hits="57" number="260"/>
            <line hits="57" number="262"/>
            <line hits="57" number="264"/>
            <line hits="57" number="266"/>
            <line hits="57" number="268"/>
            <line hits="57" number="269"/>
            <line hits="57" number="270"/>
            <line hits="57" number="271"/>
            <line hits="57" number="276"/>
            <line hits="57" number="277"/>
            <line hits="219" number="278"/>
            <line hits="219" number="279"/>
            <line hits="219" number="280"/>
            <line hits="219" number="282"/>
            <line hits="219" number="283"/>
            <line hits="219" number="284"/>
            <line hits="57" number="287"/>
            <line hits="57" number="288"/>
            <line hits="57" number="289"/>
            <line hits="57" number="294"/>
            <line hits="57" number="295"/>
            <line hits="57" number="296"/>
            <line hits="57" number="297"/>
            <line hits="57" number="298"/>
            <line hits="57" number="299"/>
            <line hits="57" number="300"/>
            <line hits="57" number="301"/>
            <line hits="57" number="302"/>
            <line hits="57" number="303"/>
            <line hits="57" number="306"/>
            <line hits="57" number="307"/>
            <line hits="57" number="308"/>
            <line hits="57" number="309"/>
            <line hits="57" number="312"/>
            <line hits="57" number="313"/>
            <line hits="57" number="314"/>
            <line hits="57" number="315"/>
            <line hits="57" number="319"/>
            <line hits="57" number="320"/>
            <line hits="57" number="321"/>
            <line hits="57" number="323"/>
            <line hits="57" number="325"/>
            <line hits="2" number="326"/>
          </lines>
        </class>
      </classes>
    </package>
  </packages>
</coverage>
