<?xml version="1.0" encoding="UTF-8" standalone="no" ?>
<coverage branch-rate="NaN" branches-covered="NaN" branches-valid="NaN" complexity="NaN" line-rate="0.8337" lines-covered="7209" lines-valid="8647" timestamp="1783167091.9049" version="">
  <sources>
    <source>C:\local\modutil\repo\worktrees\R2024b-devel\Devel\Test\</source>
  </sources>
  <packages>
    <package branch-rate="NaN" complexity="NaN" line-rate="0.8337" name="">
      <classes>
        <class branch-rate="NaN" complexity="NaN" filename="AppUtil\AlignComponents\apptest_AlignComponents_1_horizontal.m" line-rate="1" name="apptest_AlignComponents_1_horizontal">
          <methods/>
          <lines>
            <line hits="5" number="26"/>
            <line hits="5" number="27"/>
            <line hits="5" number="28"/>
            <line hits="5" number="29"/>
            <line hits="5" number="31"/>
            <line hits="5" number="34"/>
            <line hits="5" number="35"/>
            <line hits="5" number="38"/>
            <line hits="5" number="39"/>
            <line hits="5" number="41"/>
            <line hits="5" number="42"/>
            <line hits="5" number="43"/>
            <line hits="5" number="44"/>
            <line hits="5" number="46"/>
            <line hits="5" number="47"/>
            <line hits="5" number="48"/>
            <line hits="5" number="50"/>
            <line hits="5" number="51"/>
            <line hits="5" number="52"/>
            <line hits="5" number="54"/>
            <line hits="5" number="55"/>
            <line hits="5" number="56"/>
            <line hits="5" number="58"/>
            <line hits="5" number="59"/>
            <line hits="5" number="60"/>
            <line hits="5" number="61"/>
            <line hits="5" number="63"/>
            <line hits="5" number="64"/>
            <line hits="5" number="65"/>
            <line hits="5" number="67"/>
            <line hits="5" number="68"/>
            <line hits="5" number="69"/>
            <line hits="5" number="71"/>
            <line hits="5" number="72"/>
            <line hits="5" number="73"/>
            <line hits="5" number="76"/>
            <line hits="5" number="77"/>
            <line hits="5" number="80"/>
            <line hits="5" number="81"/>
            <line hits="5" number="83"/>
            <line hits="5" number="84"/>
            <line hits="5" number="85"/>
            <line hits="5" number="87"/>
            <line hits="5" number="88"/>
            <line hits="5" number="89"/>
            <line hits="5" number="90"/>
            <line hits="5" number="92"/>
            <line hits="5" number="93"/>
            <line hits="5" number="94"/>
            <line hits="5" number="96"/>
            <line hits="5" number="97"/>
            <line hits="5" number="98"/>
            <line hits="5" number="100"/>
            <line hits="5" number="101"/>
            <line hits="5" number="102"/>
            <line hits="5" number="103"/>
            <line hits="5" number="105"/>
            <line hits="5" number="106"/>
            <line hits="5" number="107"/>
            <line hits="5" number="109"/>
            <line hits="5" number="110"/>
            <line hits="5" number="111"/>
            <line hits="5" number="113"/>
            <line hits="5" number="114"/>
            <line hits="5" number="115"/>
            <line hits="5" number="118"/>
            <line hits="5" number="119"/>
            <line hits="5" number="122"/>
            <line hits="5" number="123"/>
            <line hits="5" number="125"/>
            <line hits="5" number="126"/>
            <line hits="5" number="127"/>
            <line hits="5" number="129"/>
            <line hits="5" number="130"/>
            <line hits="5" number="131"/>
            <line hits="5" number="133"/>
            <line hits="5" number="134"/>
            <line hits="5" number="135"/>
            <line hits="5" number="137"/>
            <line hits="5" number="138"/>
            <line hits="5" number="139"/>
            <line hits="5" number="141"/>
            <line hits="5" number="142"/>
            <line hits="5" number="143"/>
            <line hits="5" number="144"/>
            <line hits="5" number="146"/>
            <line hits="5" number="147"/>
            <line hits="5" number="148"/>
            <line hits="5" number="150"/>
            <line hits="5" number="151"/>
            <line hits="5" number="152"/>
            <line hits="5" number="154"/>
            <line hits="5" number="155"/>
            <line hits="5" number="156"/>
            <line hits="5" number="159"/>
            <line hits="5" number="160"/>
            <line hits="5" number="163"/>
            <line hits="5" number="164"/>
            <line hits="5" number="166"/>
            <line hits="5" number="167"/>
            <line hits="5" number="168"/>
            <line hits="5" number="169"/>
            <line hits="5" number="170"/>
            <line hits="5" number="171"/>
            <line hits="5" number="172"/>
            <line hits="5" number="173"/>
            <line hits="5" number="174"/>
            <line hits="5" number="175"/>
            <line hits="5" number="176"/>
            <line hits="5" number="177"/>
            <line hits="5" number="178"/>
            <line hits="5" number="179"/>
            <line hits="5" number="180"/>
            <line hits="5" number="181"/>
            <line hits="5" number="182"/>
            <line hits="5" number="183"/>
            <line hits="5" number="184"/>
            <line hits="5" number="185"/>
            <line hits="5" number="186"/>
            <line hits="5" number="187"/>
            <line hits="5" number="188"/>
            <line hits="5" number="189"/>
            <line hits="5" number="190"/>
            <line hits="5" number="193"/>
            <line hits="5" number="194"/>
            <line hits="5" number="196"/>
            <line hits="5" number="197"/>
            <line hits="5" number="198"/>
            <line hits="5" number="199"/>
            <line hits="5" number="200"/>
            <line hits="5" number="201"/>
            <line hits="5" number="202"/>
            <line hits="5" number="203"/>
            <line hits="5" number="204"/>
            <line hits="5" number="205"/>
            <line hits="5" number="206"/>
            <line hits="5" number="207"/>
            <line hits="5" number="208"/>
            <line hits="5" number="209"/>
            <line hits="5" number="210"/>
            <line hits="5" number="211"/>
            <line hits="5" number="212"/>
            <line hits="5" number="213"/>
            <line hits="5" number="214"/>
            <line hits="5" number="215"/>
            <line hits="5" number="216"/>
            <line hits="5" number="217"/>
            <line hits="5" number="218"/>
            <line hits="5" number="219"/>
            <line hits="5" number="220"/>
            <line hits="5" number="223"/>
            <line hits="5" number="224"/>
            <line hits="5" number="226"/>
            <line hits="5" number="227"/>
            <line hits="5" number="228"/>
            <line hits="5" number="229"/>
            <line hits="5" number="230"/>
            <line hits="5" number="231"/>
            <line hits="5" number="232"/>
            <line hits="5" number="233"/>
            <line hits="5" number="234"/>
            <line hits="5" number="235"/>
            <line hits="5" number="236"/>
            <line hits="5" number="237"/>
            <line hits="5" number="238"/>
            <line hits="5" number="239"/>
            <line hits="5" number="240"/>
            <line hits="5" number="241"/>
            <line hits="5" number="242"/>
            <line hits="5" number="243"/>
            <line hits="5" number="244"/>
            <line hits="5" number="245"/>
            <line hits="5" number="246"/>
            <line hits="5" number="247"/>
            <line hits="5" number="248"/>
            <line hits="5" number="249"/>
            <line hits="5" number="250"/>
            <line hits="5" number="253"/>
            <line hits="5" number="254"/>
            <line hits="5" number="257"/>
            <line hits="5" number="258"/>
            <line hits="5" number="261"/>
            <line hits="5" number="262"/>
            <line hits="5" number="263"/>
            <line hits="5" number="264"/>
            <line hits="4" number="265"/>
            <line hits="4" number="266"/>
          </lines>
        </class>
        <class branch-rate="NaN" complexity="NaN" filename="AppUtil\AlignComponents\apptest_AlignComponents_2_vertical.m" line-rate="0.97101" name="apptest_AlignComponents_2_vertical">
          <methods/>
          <lines>
            <line hits="1" number="13"/>
            <line hits="1" number="15"/>
            <line hits="1" number="16"/>
            <line hits="1" number="18"/>
            <line hits="1" number="21"/>
            <line hits="1" number="22"/>
            <line hits="1" number="24"/>
            <line hits="1" number="25"/>
            <line hits="1" number="26"/>
            <line hits="1" number="27"/>
            <line hits="1" number="29"/>
            <line hits="1" number="30"/>
            <line hits="1" number="31"/>
            <line hits="1" number="33"/>
            <line hits="1" number="34"/>
            <line hits="1" number="35"/>
            <line hits="1" number="37"/>
            <line hits="1" number="38"/>
            <line hits="1" number="39"/>
            <line hits="1" number="41"/>
            <line hits="1" number="42"/>
            <line hits="1" number="43"/>
            <line hits="1" number="44"/>
            <line hits="1" number="46"/>
            <line hits="1" number="47"/>
            <line hits="1" number="48"/>
            <line hits="1" number="50"/>
            <line hits="1" number="51"/>
            <line hits="1" number="52"/>
            <line hits="1" number="54"/>
            <line hits="1" number="55"/>
            <line hits="1" number="56"/>
            <line hits="1" number="59"/>
            <line hits="1" number="60"/>
            <line hits="1" number="62"/>
            <line hits="1" number="63"/>
            <line hits="1" number="64"/>
            <line hits="1" number="66"/>
            <line hits="1" number="67"/>
            <line hits="1" number="68"/>
            <line hits="1" number="69"/>
            <line hits="1" number="71"/>
            <line hits="1" number="72"/>
            <line hits="1" number="73"/>
            <line hits="1" number="74"/>
            <line hits="1" number="76"/>
            <line hits="1" number="77"/>
            <line hits="1" number="78"/>
            <line hits="1" number="80"/>
            <line hits="1" number="81"/>
            <line hits="1" number="82"/>
            <line hits="1" number="84"/>
            <line hits="1" number="85"/>
            <line hits="1" number="86"/>
            <line hits="1" number="88"/>
            <line hits="1" number="89"/>
            <line hits="1" number="90"/>
            <line hits="1" number="92"/>
            <line hits="1" number="93"/>
            <line hits="1" number="94"/>
            <line hits="1" number="95"/>
            <line hits="1" number="98"/>
            <line hits="1" number="99"/>
            <line hits="1" number="102"/>
            <line hits="1" number="103"/>
            <line hits="1" number="104"/>
            <line hits="1" number="105"/>
            <line hits="0" number="106"/>
            <line hits="0" number="107"/>
          </lines>
        </class>
        <class branch-rate="NaN" complexity="NaN" filename="AppUtil\AlignComponents\apptest_Align_EditField_DropDown_1_horizontal.m" line-rate="1" name="apptest_Align_EditField_DropDown_1_horizontal">
          <methods/>
          <lines>
            <line hits="3" number="17"/>
            <line hits="3" number="18"/>
            <line hits="3" number="19"/>
            <line hits="3" number="20"/>
            <line hits="3" number="22"/>
            <line hits="3" number="23"/>
            <line hits="3" number="26"/>
            <line hits="3" number="29"/>
            <line hits="3" number="31"/>
            <line hits="3" number="32"/>
            <line hits="3" number="34"/>
            <line hits="3" number="35"/>
            <line hits="3" number="36"/>
            <line hits="3" number="38"/>
            <line hits="3" number="39"/>
            <line hits="3" number="40"/>
            <line hits="3" number="42"/>
            <line hits="3" number="43"/>
            <line hits="3" number="44"/>
            <line hits="3" number="45"/>
            <line hits="3" number="47"/>
            <line hits="3" number="48"/>
            <line hits="3" number="50"/>
            <line hits="3" number="51"/>
            <line hits="3" number="52"/>
            <line hits="3" number="55"/>
            <line hits="3" number="57"/>
            <line hits="3" number="58"/>
            <line hits="3" number="59"/>
            <line hits="3" number="61"/>
            <line hits="3" number="62"/>
            <line hits="3" number="63"/>
            <line hits="3" number="64"/>
            <line hits="3" number="65"/>
            <line hits="3" number="67"/>
            <line hits="3" number="68"/>
            <line hits="3" number="70"/>
            <line hits="3" number="71"/>
            <line hits="3" number="72"/>
            <line hits="3" number="73"/>
            <line hits="3" number="75"/>
            <line hits="3" number="76"/>
            <line hits="3" number="77"/>
            <line hits="3" number="79"/>
            <line hits="3" number="80"/>
            <line hits="3" number="81"/>
            <line hits="3" number="82"/>
            <line hits="3" number="83"/>
            <line hits="3" number="87"/>
            <line hits="3" number="88"/>
            <line hits="3" number="89"/>
            <line hits="3" number="90"/>
            <line hits="2" number="91"/>
            <line hits="2" number="92"/>
          </lines>
        </class>
        <class branch-rate="NaN" complexity="NaN" filename="AppUtil\AlignComponents\apptest_Align_EditField_DropDown_2_vertical.m" line-rate="1" name="apptest_Align_EditField_DropDown_2_vertical">
          <methods/>
          <lines>
            <line hits="3" number="13"/>
            <line hits="3" number="14"/>
            <line hits="3" number="15"/>
            <line hits="3" number="16"/>
            <line hits="3" number="18"/>
            <line hits="3" number="20"/>
            <line hits="3" number="21"/>
            <line hits="3" number="22"/>
            <line hits="3" number="24"/>
            <line hits="3" number="25"/>
            <line hits="3" number="26"/>
            <line hits="3" number="27"/>
            <line hits="3" number="29"/>
            <line hits="3" number="30"/>
            <line hits="3" number="31"/>
            <line hits="3" number="33"/>
            <line hits="3" number="34"/>
            <line hits="3" number="35"/>
            <line hits="3" number="36"/>
            <line hits="3" number="37"/>
            <line hits="3" number="39"/>
            <line hits="3" number="40"/>
            <line hits="3" number="41"/>
            <line hits="3" number="44"/>
            <line hits="3" number="45"/>
            <line hits="3" number="48"/>
            <line hits="3" number="49"/>
            <line hits="3" number="50"/>
            <line hits="3" number="51"/>
            <line hits="2" number="52"/>
            <line hits="2" number="53"/>
          </lines>
        </class>
        <class branch-rate="NaN" complexity="NaN" filename="AppUtil\AlignComponents\uitest_AlignComponents.m" line-rate="0.93548" name="uitest_AlignComponents">
          <methods>
            <method branch-rate="NaN" line-rate="1" name="test_method_setup_1" signature="test_method_setup_1(testcase)">
              <lines>
                <line hits="12" number="22"/>
                <line hits="12" number="23"/>
                <line hits="12" number="27"/>
                <line hits="12" number="30"/>
                <line hits="12" number="31"/>
                <line hits="12" number="32"/>
                <line hits="12" number="33"/>
                <line hits="12" number="35"/>
              </lines>
            </method>
            <method branch-rate="NaN" line-rate="1" name="clean_launch_1" signature="clean_launch_1(testcase)">
              <lines>
                <line hits="1" number="52"/>
              </lines>
            </method>
            <method branch-rate="NaN" line-rate="1" name="clean_launch_2" signature="clean_launch_2(testcase)">
              <lines>
                <line hits="1" number="56"/>
              </lines>
            </method>
            <method branch-rate="NaN" line-rate="1" name="clean_launch_3" signature="clean_launch_3(testcase)">
              <lines>
                <line hits="1" number="60"/>
              </lines>
            </method>
            <method branch-rate="NaN" line-rate="1" name="clean_launch_4" signature="clean_launch_4(testcase)">
              <lines>
                <line hits="1" number="64"/>
              </lines>
            </method>
            <method branch-rate="NaN" line-rate="0.85714" name="DarkTheme_1" signature="DarkTheme_1(~)">
              <lines>
                <line hits="1" number="71"/>
                <line hits="0" number="73"/>
                <line hits="1" number="76"/>
                <line hits="1" number="77"/>
                <line hits="1" number="78"/>
                <line hits="1" number="79"/>
                <line hits="1" number="80"/>
              </lines>
            </method>
            <method branch-rate="NaN" line-rate="1" name="LightTheme_1" signature="LightTheme_1(~)">
              <lines>
                <line hits="1" number="84"/>
                <line hits="1" number="85"/>
                <line hits="1" number="86"/>
                <line hits="1" number="87"/>
                <line hits="1" number="89"/>
                <line hits="1" number="90"/>
              </lines>
            </method>
            <method branch-rate="NaN" line-rate="0.85714" name="DarkTheme_2" signature="DarkTheme_2(~)">
              <lines>
                <line hits="1" number="94"/>
                <line hits="0" number="96"/>
                <line hits="1" number="99"/>
                <line hits="1" number="100"/>
                <line hits="1" number="101"/>
                <line hits="1" number="102"/>
                <line hits="1" number="103"/>
              </lines>
            </method>
            <method branch-rate="NaN" line-rate="1" name="LightTheme_2" signature="LightTheme_2(~)">
              <lines>
                <line hits="1" number="107"/>
                <line hits="1" number="108"/>
                <line hits="1" number="109"/>
                <line hits="1" number="110"/>
                <line hits="1" number="112"/>
                <line hits="1" number="113"/>
              </lines>
            </method>
            <method branch-rate="NaN" line-rate="0.85714" name="DarkTheme_3" signature="DarkTheme_3(~)">
              <lines>
                <line hits="1" number="117"/>
                <line hits="0" number="119"/>
                <line hits="1" number="122"/>
                <line hits="1" number="123"/>
                <line hits="1" number="124"/>
                <line hits="1" number="125"/>
                <line hits="1" number="126"/>
              </lines>
            </method>
            <method branch-rate="NaN" line-rate="1" name="LightTheme_3" signature="LightTheme_3(~)">
              <lines>
                <line hits="1" number="130"/>
                <line hits="1" number="131"/>
                <line hits="1" number="132"/>
                <line hits="1" number="133"/>
                <line hits="1" number="134"/>
              </lines>
            </method>
            <method branch-rate="NaN" line-rate="0.85714" name="DarkTheme_4" signature="DarkTheme_4(~)">
              <lines>
                <line hits="1" number="138"/>
                <line hits="0" number="140"/>
                <line hits="1" number="143"/>
                <line hits="1" number="144"/>
                <line hits="1" number="145"/>
                <line hits="1" number="146"/>
                <line hits="1" number="147"/>
              </lines>
            </method>
            <method branch-rate="NaN" line-rate="1" name="LightTheme_4" signature="LightTheme_4(~)">
              <lines>
                <line hits="1" number="151"/>
                <line hits="1" number="152"/>
                <line hits="1" number="153"/>
                <line hits="1" number="154"/>
                <line hits="1" number="155"/>
              </lines>
            </method>
          </methods>
          <lines>
            <line hits="12" number="22"/>
            <line hits="12" number="23"/>
            <line hits="12" number="27"/>
            <line hits="12" number="30"/>
            <line hits="12" number="31"/>
            <line hits="12" number="32"/>
            <line hits="12" number="33"/>
            <line hits="12" number="35"/>
            <line hits="1" number="52"/>
            <line hits="1" number="56"/>
            <line hits="1" number="60"/>
            <line hits="1" number="64"/>
            <line hits="1" number="71"/>
            <line hits="0" number="73"/>
            <line hits="1" number="76"/>
            <line hits="1" number="77"/>
            <line hits="1" number="78"/>
            <line hits="1" number="79"/>
            <line hits="1" number="80"/>
            <line hits="1" number="84"/>
            <line hits="1" number="85"/>
            <line hits="1" number="86"/>
            <line hits="1" number="87"/>
            <line hits="1" number="89"/>
            <line hits="1" number="90"/>
            <line hits="1" number="94"/>
            <line hits="0" number="96"/>
            <line hits="1" number="99"/>
            <line hits="1" number="100"/>
            <line hits="1" number="101"/>
            <line hits="1" number="102"/>
            <line hits="1" number="103"/>
            <line hits="1" number="107"/>
            <line hits="1" number="108"/>
            <line hits="1" number="109"/>
            <line hits="1" number="110"/>
            <line hits="1" number="112"/>
            <line hits="1" number="113"/>
            <line hits="1" number="117"/>
            <line hits="0" number="119"/>
            <line hits="1" number="122"/>
            <line hits="1" number="123"/>
            <line hits="1" number="124"/>
            <line hits="1" number="125"/>
            <line hits="1" number="126"/>
            <line hits="1" number="130"/>
            <line hits="1" number="131"/>
            <line hits="1" number="132"/>
            <line hits="1" number="133"/>
            <line hits="1" number="134"/>
            <line hits="1" number="138"/>
            <line hits="0" number="140"/>
            <line hits="1" number="143"/>
            <line hits="1" number="144"/>
            <line hits="1" number="145"/>
            <line hits="1" number="146"/>
            <line hits="1" number="147"/>
            <line hits="1" number="151"/>
            <line hits="1" number="152"/>
            <line hits="1" number="153"/>
            <line hits="1" number="154"/>
            <line hits="1" number="155"/>
          </lines>
        </class>
        <class branch-rate="NaN" complexity="NaN" filename="AppUtil\AppWindow\apptest_AppWindow_1_simplest.m" line-rate="0.84615" name="apptest_AppWindow_1_simplest">
          <methods/>
          <lines>
            <line hits="1" number="9"/>
            <line hits="1" number="11"/>
            <line hits="1" number="12"/>
            <line hits="1" number="13"/>
            <line hits="1" number="14"/>
            <line hits="1" number="17"/>
            <line hits="1" number="18"/>
            <line hits="1" number="21"/>
            <line hits="1" number="22"/>
            <line hits="1" number="23"/>
            <line hits="1" number="24"/>
            <line hits="0" number="25"/>
            <line hits="0" number="26"/>
          </lines>
        </class>
        <class branch-rate="NaN" complexity="NaN" filename="AppUtil\AppWindow\apptest_AppWindow_2_vertical_scrollbar.m" line-rate="0.91667" name="apptest_AppWindow_2_vertical_scrollbar">
          <methods/>
          <lines>
            <line hits="1" number="9"/>
            <line hits="1" number="11"/>
            <line hits="1" number="12"/>
            <line hits="1" number="13"/>
            <line hits="1" number="14"/>
            <line hits="1" number="16"/>
            <line hits="1" number="18"/>
            <line hits="1" number="20"/>
            <line hits="1" number="21"/>
            <line hits="1" number="22"/>
            <line hits="1" number="23"/>
            <line hits="1" number="24"/>
            <line hits="1" number="25"/>
            <line hits="1" number="26"/>
            <line hits="1" number="27"/>
            <line hits="1" number="28"/>
            <line hits="1" number="31"/>
            <line hits="1" number="32"/>
            <line hits="1" number="35"/>
            <line hits="1" number="36"/>
            <line hits="1" number="37"/>
            <line hits="1" number="38"/>
            <line hits="0" number="39"/>
            <line hits="0" number="40"/>
          </lines>
        </class>
        <class branch-rate="NaN" complexity="NaN" filename="AppUtil\AppWindow\uiTest_AppWindow.m" line-rate="1" name="uiTest_AppWindow">
          <methods>
            <method branch-rate="NaN" line-rate="1" name="test_method_setup_1" signature="test_method_setup_1(testcase)">
              <lines>
                <line hits="2" number="22"/>
                <line hits="2" number="23"/>
                <line hits="2" number="24"/>
                <line hits="2" number="28"/>
                <line hits="2" number="32"/>
                <line hits="2" number="33"/>
                <line hits="2" number="34"/>
                <line hits="2" number="35"/>
                <line hits="2" number="38"/>
              </lines>
            </method>
            <method branch-rate="NaN" line-rate="1" name="app_launches_without_warnings_1" signature="app_launches_without_warnings_1(testcase)">
              <lines>
                <line hits="1" number="59"/>
              </lines>
            </method>
            <method branch-rate="NaN" line-rate="1" name="app_launches_without_warnings_2" signature="app_launches_without_warnings_2(testcase)">
              <lines>
                <line hits="1" number="63"/>
              </lines>
            </method>
          </methods>
          <lines>
            <line hits="2" number="22"/>
            <line hits="2" number="23"/>
            <line hits="2" number="24"/>
            <line hits="2" number="28"/>
            <line hits="2" number="32"/>
            <line hits="2" number="33"/>
            <line hits="2" number="34"/>
            <line hits="2" number="35"/>
            <line hits="2" number="38"/>
            <line hits="1" number="59"/>
            <line hits="1" number="63"/>
          </lines>
        </class>
        <class branch-rate="NaN" complexity="NaN" filename="AppUtil\Axes\apptest_Axes_1_simplest.m" line-rate="1" name="apptest_Axes_1_simplest">
          <methods/>
          <lines>
            <line hits="3" number="9"/>
            <line hits="3" number="10"/>
            <line hits="3" number="11"/>
            <line hits="3" number="12"/>
            <line hits="3" number="14"/>
            <line hits="3" number="15"/>
            <line hits="3" number="16"/>
            <line hits="3" number="17"/>
            <line hits="3" number="18"/>
            <line hits="3" number="19"/>
            <line hits="3" number="21"/>
            <line hits="3" number="26"/>
            <line hits="3" number="30"/>
            <line hits="3" number="33"/>
            <line hits="3" number="36"/>
            <line hits="3" number="37"/>
            <line hits="3" number="38"/>
            <line hits="3" number="39"/>
            <line hits="2" number="40"/>
            <line hits="2" number="41"/>
          </lines>
        </class>
        <class branch-rate="NaN" complexity="NaN" filename="AppUtil\Axes\apptest_Axes_2_vertical_scrollbar.m" line-rate="1" name="apptest_Axes_2_vertical_scrollbar">
          <methods/>
          <lines>
            <line hits="3" number="9"/>
            <line hits="3" number="10"/>
            <line hits="3" number="11"/>
            <line hits="3" number="12"/>
            <line hits="3" number="14"/>
            <line hits="3" number="15"/>
            <line hits="3" number="18"/>
            <line hits="3" number="19"/>
            <line hits="3" number="20"/>
            <line hits="3" number="21"/>
            <line hits="3" number="22"/>
            <line hits="3" number="23"/>
            <line hits="3" number="25"/>
            <line hits="3" number="29"/>
            <line hits="3" number="33"/>
            <line hits="3" number="36"/>
            <line hits="3" number="39"/>
            <line hits="3" number="40"/>
            <line hits="3" number="41"/>
            <line hits="3" number="42"/>
            <line hits="2" number="43"/>
            <line hits="2" number="44"/>
          </lines>
        </class>
        <class branch-rate="NaN" complexity="NaN" filename="AppUtil\Axes\apptest_Axes_3_WithLayout.m" line-rate="0.875" name="apptest_Axes_3_WithLayout">
          <methods/>
          <lines>
            <line hits="1" number="9"/>
            <line hits="1" number="10"/>
            <line hits="1" number="11"/>
            <line hits="1" number="12"/>
            <line hits="1" number="14"/>
            <line hits="1" number="15"/>
            <line hits="1" number="18"/>
            <line hits="1" number="20"/>
            <line hits="1" number="24"/>
            <line hits="1" number="27"/>
            <line hits="1" number="30"/>
            <line hits="1" number="31"/>
            <line hits="1" number="32"/>
            <line hits="1" number="33"/>
            <line hits="0" number="34"/>
            <line hits="0" number="35"/>
          </lines>
        </class>
        <class branch-rate="NaN" complexity="NaN" filename="AppUtil\Axes\apptest_Axes_4_WithAppWindow.m" line-rate="0.92857" name="apptest_Axes_4_WithAppWindow">
          <methods/>
          <lines>
            <line hits="1" number="9"/>
            <line hits="1" number="11"/>
            <line hits="1" number="12"/>
            <line hits="1" number="13"/>
            <line hits="1" number="14"/>
            <line hits="1" number="16"/>
            <line hits="1" number="18"/>
            <line hits="1" number="22"/>
            <line hits="1" number="25"/>
            <line hits="1" number="28"/>
            <line hits="1" number="29"/>
            <line hits="1" number="30"/>
            <line hits="1" number="31"/>
            <line hits="0" number="32"/>
          </lines>
        </class>
        <class branch-rate="NaN" complexity="NaN" filename="AppUtil\Axes\uitest_Axes.m" line-rate="0.94872" name="uitest_Axes">
          <methods>
            <method branch-rate="NaN" line-rate="1" name="test_method_setup_1" signature="test_method_setup_1(testcase)">
              <lines>
                <line hits="8" number="22"/>
                <line hits="8" number="23"/>
                <line hits="8" number="24"/>
                <line hits="8" number="28"/>
                <line hits="8" number="32"/>
                <line hits="8" number="33"/>
                <line hits="8" number="34"/>
                <line hits="8" number="35"/>
                <line hits="8" number="38"/>
              </lines>
            </method>
            <method branch-rate="NaN" line-rate="1" name="app_launches_without_warnings_1" signature="app_launches_without_warnings_1(testcase)">
              <lines>
                <line hits="1" number="59"/>
              </lines>
            </method>
            <method branch-rate="NaN" line-rate="1" name="app_launches_without_warnings_2" signature="app_launches_without_warnings_2(testcase)">
              <lines>
                <line hits="1" number="63"/>
              </lines>
            </method>
            <method branch-rate="NaN" line-rate="1" name="app_launches_without_warnings_3" signature="app_launches_without_warnings_3(testcase)">
              <lines>
                <line hits="1" number="67"/>
              </lines>
            </method>
            <method branch-rate="NaN" line-rate="1" name="app_launches_without_warnings_4" signature="app_launches_without_warnings_4(testcase)">
              <lines>
                <line hits="1" number="71"/>
              </lines>
            </method>
            <method branch-rate="NaN" line-rate="1" name="LightTheme_1" signature="LightTheme_1(~)">
              <lines>
                <line hits="1" number="78"/>
                <line hits="1" number="79"/>
                <line hits="1" number="80"/>
                <line hits="1" number="81"/>
                <line hits="1" number="83"/>
                <line hits="1" number="84"/>
              </lines>
            </method>
            <method branch-rate="NaN" line-rate="1" name="LightTheme_2" signature="LightTheme_2(~)">
              <lines>
                <line hits="1" number="88"/>
                <line hits="1" number="89"/>
                <line hits="1" number="90"/>
                <line hits="1" number="91"/>
                <line hits="1" number="93"/>
                <line hits="1" number="94"/>
              </lines>
            </method>
            <method branch-rate="NaN" line-rate="0.85714" name="DarkTheme_1" signature="DarkTheme_1(~)">
              <lines>
                <line hits="1" number="98"/>
                <line hits="0" number="100"/>
                <line hits="1" number="103"/>
                <line hits="1" number="104"/>
                <line hits="1" number="105"/>
                <line hits="1" number="106"/>
                <line hits="1" number="107"/>
              </lines>
            </method>
            <method branch-rate="NaN" line-rate="0.85714" name="DarkTheme_2" signature="DarkTheme_2(~)">
              <lines>
                <line hits="1" number="111"/>
                <line hits="0" number="113"/>
                <line hits="1" number="116"/>
                <line hits="1" number="117"/>
                <line hits="1" number="118"/>
                <line hits="1" number="119"/>
                <line hits="1" number="120"/>
              </lines>
            </method>
          </methods>
          <lines>
            <line hits="8" number="22"/>
            <line hits="8" number="23"/>
            <line hits="8" number="24"/>
            <line hits="8" number="28"/>
            <line hits="8" number="32"/>
            <line hits="8" number="33"/>
            <line hits="8" number="34"/>
            <line hits="8" number="35"/>
            <line hits="8" number="38"/>
            <line hits="1" number="59"/>
            <line hits="1" number="63"/>
            <line hits="1" number="67"/>
            <line hits="1" number="71"/>
            <line hits="1" number="78"/>
            <line hits="1" number="79"/>
            <line hits="1" number="80"/>
            <line hits="1" number="81"/>
            <line hits="1" number="83"/>
            <line hits="1" number="84"/>
            <line hits="1" number="88"/>
            <line hits="1" number="89"/>
            <line hits="1" number="90"/>
            <line hits="1" number="91"/>
            <line hits="1" number="93"/>
            <line hits="1" number="94"/>
            <line hits="1" number="98"/>
            <line hits="0" number="100"/>
            <line hits="1" number="103"/>
            <line hits="1" number="104"/>
            <line hits="1" number="105"/>
            <line hits="1" number="106"/>
            <line hits="1" number="107"/>
            <line hits="1" number="111"/>
            <line hits="0" number="113"/>
            <line hits="1" number="116"/>
            <line hits="1" number="117"/>
            <line hits="1" number="118"/>
            <line hits="1" number="119"/>
            <line hits="1" number="120"/>
          </lines>
        </class>
        <class branch-rate="NaN" complexity="NaN" filename="AppUtil\BaseWorkspaceStructParameterUI\BaseWorkspaceStructParameterUI_SampleParams1.m" line-rate="1" name="BaseWorkspaceStructParameterUI_SampleParams1">
          <methods/>
          <lines>
            <line hits="4" number="5"/>
            <line hits="4" number="6"/>
          </lines>
        </class>
        <class branch-rate="NaN" complexity="NaN" filename="AppUtil\BaseWorkspaceStructParameterUI\BaseWorkspaceStructParameterUI_SampleParams2.m" line-rate="1" name="BaseWorkspaceStructParameterUI_SampleParams2">
          <methods/>
          <lines>
            <line hits="4" number="5"/>
            <line hits="4" number="6"/>
          </lines>
        </class>
        <class branch-rate="NaN" complexity="NaN" filename="AppUtil\BaseWorkspaceStructParameterUI\DemoApp_BaseWorkspaceStructParameterUI_1_simplest.m" line-rate="1" name="DemoApp_BaseWorkspaceStructParameterUI_1_simplest">
          <methods/>
          <lines>
            <line hits="3" number="6"/>
            <line hits="4" number="9"/>
            <line hits="4" number="10"/>
            <line hits="4" number="11"/>
            <line hits="4" number="12"/>
            <line hits="4" number="14"/>
            <line hits="4" number="15"/>
            <line hits="4" number="18"/>
            <line hits="4" number="19"/>
            <line hits="4" number="20"/>
            <line hits="4" number="21"/>
            <line hits="4" number="22"/>
            <line hits="4" number="23"/>
            <line hits="4" number="28"/>
            <line hits="4" number="33"/>
            <line hits="4" number="34"/>
            <line hits="4" number="35"/>
            <line hits="4" number="36"/>
            <line hits="3" number="37"/>
            <line hits="3" number="38"/>
            <line hits="3" number="39"/>
          </lines>
        </class>
        <class branch-rate="NaN" complexity="NaN" filename="AppUtil\BaseWorkspaceStructParameterUI\DemoApp_BaseWorkspaceStructParameterUI_2.m" line-rate="1" name="DemoApp_BaseWorkspaceStructParameterUI_2">
          <methods/>
          <lines>
            <line hits="2" number="6"/>
            <line hits="3" number="9"/>
            <line hits="3" number="10"/>
            <line hits="3" number="11"/>
            <line hits="3" number="12"/>
            <line hits="3" number="14"/>
            <line hits="3" number="15"/>
            <line hits="3" number="18"/>
            <line hits="3" number="19"/>
            <line hits="3" number="20"/>
            <line hits="3" number="21"/>
            <line hits="3" number="22"/>
            <line hits="3" number="23"/>
            <line hits="3" number="28"/>
            <line hits="3" number="29"/>
            <line hits="1" number="32"/>
            <line hits="1" number="33"/>
            <line hits="1" number="35"/>
            <line hits="1" number="37"/>
            <line hits="3" number="44"/>
            <line hits="3" number="45"/>
            <line hits="3" number="46"/>
            <line hits="3" number="47"/>
            <line hits="2" number="48"/>
            <line hits="2" number="49"/>
            <line hits="2" number="50"/>
          </lines>
        </class>
        <class branch-rate="NaN" complexity="NaN" filename="AppUtil\BaseWorkspaceStructParameterUI\runTestForCoverage_BaseWorkspaceStructParameterUI.m" line-rate="0" name="runTestForCoverage_BaseWorkspaceStructParameterUI">
          <methods/>
          <lines>
            <line hits="0" number="8"/>
            <line hits="0" number="9"/>
            <line hits="0" number="11"/>
            <line hits="0" number="15"/>
            <line hits="0" number="16"/>
            <line hits="0" number="18"/>
            <line hits="0" number="19"/>
            <line hits="0" number="20"/>
            <line hits="0" number="21"/>
            <line hits="0" number="22"/>
            <line hits="0" number="24"/>
            <line hits="0" number="25"/>
            <line hits="0" number="27"/>
            <line hits="0" number="29"/>
            <line hits="0" number="34"/>
            <line hits="0" number="35"/>
            <line hits="0" number="36"/>
            <line hits="0" number="41"/>
            <line hits="0" number="42"/>
          </lines>
        </class>
        <class branch-rate="NaN" complexity="NaN" filename="AppUtil\BaseWorkspaceStructParameterUI\uiTest_BaseWorkspaceStructParameterUI.m" line-rate="0.92" name="uiTest_BaseWorkspaceStructParameterUI">
          <methods>
            <method branch-rate="NaN" line-rate="1" name="test_method_setup_1" signature="test_method_setup_1(testcase)">
              <lines>
                <line hits="7" number="27"/>
                <line hits="7" number="28"/>
                <line hits="7" number="32"/>
                <line hits="7" number="35"/>
                <line hits="7" number="36"/>
                <line hits="7" number="37"/>
                <line hits="7" number="38"/>
                <line hits="7" number="40"/>
              </lines>
            </method>
            <method branch-rate="NaN" line-rate="1" name="clean_launch_1" signature="clean_launch_1(testcase)">
              <lines>
                <line hits="1" number="57"/>
              </lines>
            </method>
            <method branch-rate="NaN" line-rate="1" name="clean_launch_2" signature="clean_launch_2(testcase)">
              <lines>
                <line hits="1" number="61"/>
              </lines>
            </method>
            <method branch-rate="NaN" line-rate="1" name="Gesture_1_1_1" signature="Gesture_1_1_1(testcase)">
              <lines>
                <line hits="1" number="67"/>
                <line hits="1" number="68"/>
                <line hits="1" number="69"/>
                <line hits="1" number="71"/>
              </lines>
            </method>
            <method branch-rate="NaN" line-rate="1" name="Gesture_1_1_2" signature="Gesture_1_1_2(testcase)">
              <lines>
                <line hits="1" number="76"/>
                <line hits="1" number="77"/>
                <line hits="1" number="78"/>
              </lines>
            </method>
            <method branch-rate="NaN" line-rate="1" name="Gesture_1_2" signature="Gesture_1_2(~)">
              <lines>
                <line hits="1" number="84"/>
                <line hits="1" number="87"/>
              </lines>
            </method>
            <method branch-rate="NaN" line-rate="0.88235" name="Gesture_2_1" signature="Gesture_2_1(testcase)">
              <lines>
                <line hits="1" number="92"/>
                <line hits="0" number="93"/>
                <line hits="0" number="95"/>
                <line hits="1" number="99"/>
                <line hits="1" number="101"/>
                <line hits="1" number="102"/>
                <line hits="1" number="105"/>
                <line hits="1" number="106"/>
                <line hits="1" number="108"/>
                <line hits="1" number="110"/>
                <line hits="1" number="111"/>
                <line hits="1" number="112"/>
                <line hits="1" number="114"/>
                <line hits="1" number="117"/>
                <line hits="1" number="119"/>
                <line hits="1" number="120"/>
                <line hits="1" number="122"/>
              </lines>
            </method>
            <method branch-rate="NaN" line-rate="0.85714" name="Gesture_2_2" signature="Gesture_2_2(testcase)">
              <lines>
                <line hits="1" number="128"/>
                <line hits="0" number="129"/>
                <line hits="0" number="131"/>
                <line hits="1" number="134"/>
                <line hits="1" number="136"/>
                <line hits="1" number="137"/>
                <line hits="1" number="140"/>
                <line hits="1" number="141"/>
                <line hits="1" number="143"/>
                <line hits="1" number="145"/>
                <line hits="1" number="147"/>
                <line hits="1" number="149"/>
                <line hits="1" number="151"/>
                <line hits="1" number="153"/>
              </lines>
            </method>
          </methods>
          <lines>
            <line hits="7" number="27"/>
            <line hits="7" number="28"/>
            <line hits="7" number="32"/>
            <line hits="7" number="35"/>
            <line hits="7" number="36"/>
            <line hits="7" number="37"/>
            <line hits="7" number="38"/>
            <line hits="7" number="40"/>
            <line hits="1" number="57"/>
            <line hits="1" number="61"/>
            <line hits="1" number="67"/>
            <line hits="1" number="68"/>
            <line hits="1" number="69"/>
            <line hits="1" number="71"/>
            <line hits="1" number="76"/>
            <line hits="1" number="77"/>
            <line hits="1" number="78"/>
            <line hits="1" number="84"/>
            <line hits="1" number="87"/>
            <line hits="1" number="92"/>
            <line hits="0" number="93"/>
            <line hits="0" number="95"/>
            <line hits="1" number="99"/>
            <line hits="1" number="101"/>
            <line hits="1" number="102"/>
            <line hits="1" number="105"/>
            <line hits="1" number="106"/>
            <line hits="1" number="108"/>
            <line hits="1" number="110"/>
            <line hits="1" number="111"/>
            <line hits="1" number="112"/>
            <line hits="1" number="114"/>
            <line hits="1" number="117"/>
            <line hits="1" number="119"/>
            <line hits="1" number="120"/>
            <line hits="1" number="122"/>
            <line hits="1" number="128"/>
            <line hits="0" number="129"/>
            <line hits="0" number="131"/>
            <line hits="1" number="134"/>
            <line hits="1" number="136"/>
            <line hits="1" number="137"/>
            <line hits="1" number="140"/>
            <line hits="1" number="141"/>
            <line hits="1" number="143"/>
            <line hits="1" number="145"/>
            <line hits="1" number="147"/>
            <line hits="1" number="149"/>
            <line hits="1" number="151"/>
            <line hits="1" number="153"/>
          </lines>
        </class>
        <class branch-rate="NaN" complexity="NaN" filename="AppUtil\BlockSelectorUI\DemoApp_BlockSelectorUI_1_simplest.m" line-rate="0.80952" name="DemoApp_BlockSelectorUI_1_simplest">
          <methods/>
          <lines>
            <line hits="0" number="6"/>
            <line hits="1" number="9"/>
            <line hits="1" number="10"/>
            <line hits="1" number="11"/>
            <line hits="1" number="13"/>
            <line hits="1" number="14"/>
            <line hits="1" number="17"/>
            <line hits="1" number="18"/>
            <line hits="1" number="19"/>
            <line hits="1" number="20"/>
            <line hits="1" number="21"/>
            <line hits="1" number="22"/>
            <line hits="1" number="27"/>
            <line hits="1" number="29"/>
            <line hits="1" number="32"/>
            <line hits="1" number="33"/>
            <line hits="1" number="34"/>
            <line hits="1" number="35"/>
            <line hits="0" number="36"/>
            <line hits="0" number="37"/>
            <line hits="0" number="38"/>
          </lines>
        </class>
        <class branch-rate="NaN" complexity="NaN" filename="AppUtil\BlockSelectorUI\DemoApp_BlockSelectorUI_2_preselect_block.m" line-rate="0.9375" name="DemoApp_BlockSelectorUI_2_preselect_block">
          <methods/>
          <lines>
            <line hits="5" number="6"/>
            <line hits="6" number="11"/>
            <line hits="0" number="12"/>
            <line hits="6" number="14"/>
            <line hits="6" number="18"/>
            <line hits="6" number="19"/>
            <line hits="6" number="20"/>
            <line hits="6" number="22"/>
            <line hits="6" number="23"/>
            <line hits="6" number="24"/>
            <line hits="6" number="25"/>
            <line hits="6" number="26"/>
            <line hits="6" number="27"/>
            <line hits="6" number="32"/>
            <line hits="6" number="35"/>
            <line hits="6" number="36"/>
            <line hits="6" number="37"/>
            <line hits="6" number="38"/>
            <line hits="3" number="41"/>
            <line hits="4" number="45"/>
            <line hits="6" number="50"/>
            <line hits="6" number="53"/>
            <line hits="0" number="54"/>
            <line hits="6" number="56"/>
            <line hits="6" number="61"/>
            <line hits="6" number="64"/>
            <line hits="6" number="65"/>
            <line hits="6" number="66"/>
            <line hits="6" number="67"/>
            <line hits="5" number="68"/>
            <line hits="5" number="69"/>
            <line hits="5" number="70"/>
          </lines>
        </class>
        <class branch-rate="NaN" complexity="NaN" filename="AppUtil\BlockSelectorUI\DemoApp_BlockSelectorUI_3_preload_2models.m" line-rate="0.75" name="DemoApp_BlockSelectorUI_3_preload_2models">
          <methods/>
          <lines>
            <line hits="0" number="6"/>
            <line hits="1" number="9"/>
            <line hits="1" number="10"/>
            <line hits="1" number="11"/>
            <line hits="1" number="13"/>
            <line hits="1" number="14"/>
            <line hits="1" number="15"/>
            <line hits="1" number="16"/>
            <line hits="1" number="17"/>
            <line hits="1" number="18"/>
            <line hits="1" number="23"/>
            <line hits="1" number="25"/>
            <line hits="1" number="26"/>
            <line hits="1" number="29"/>
            <line hits="0" number="30"/>
            <line hits="0" number="31"/>
            <line hits="1" number="33"/>
            <line hits="1" number="34"/>
            <line hits="1" number="38"/>
            <line hits="0" number="39"/>
            <line hits="1" number="41"/>
            <line hits="1" number="45"/>
            <line hits="1" number="46"/>
            <line hits="1" number="47"/>
            <line hits="1" number="48"/>
            <line hits="0" number="49"/>
            <line hits="0" number="50"/>
            <line hits="0" number="51"/>
          </lines>
        </class>
        <class branch-rate="NaN" complexity="NaN" filename="AppUtil\BlockSelectorUI\DemoApp_BlockSelectorUI_4_2blocks.m" line-rate="0.78125" name="DemoApp_BlockSelectorUI_4_2blocks">
          <methods/>
          <lines>
            <line hits="0" number="6"/>
            <line hits="1" number="13"/>
            <line hits="1" number="14"/>
            <line hits="1" number="15"/>
            <line hits="1" number="16"/>
            <line hits="1" number="18"/>
            <line hits="0" number="19"/>
            <line hits="1" number="21"/>
            <line hits="1" number="24"/>
            <line hits="1" number="25"/>
            <line hits="1" number="26"/>
            <line hits="1" number="28"/>
            <line hits="1" number="29"/>
            <line hits="1" number="30"/>
            <line hits="1" number="31"/>
            <line hits="1" number="32"/>
            <line hits="1" number="33"/>
            <line hits="1" number="38"/>
            <line hits="1" number="40"/>
            <line hits="1" number="41"/>
            <line hits="1" number="43"/>
            <line hits="0" number="46"/>
            <line hits="1" number="49"/>
            <line hits="0" number="52"/>
            <line hits="1" number="56"/>
            <line hits="1" number="59"/>
            <line hits="1" number="60"/>
            <line hits="1" number="61"/>
            <line hits="1" number="62"/>
            <line hits="0" number="63"/>
            <line hits="0" number="64"/>
            <line hits="0" number="65"/>
          </lines>
        </class>
        <class branch-rate="NaN" complexity="NaN" filename="AppUtil\BlockSelectorUI\DemoApp_BlockSelectorUI_5_mix.m" line-rate="0.75862" name="DemoApp_BlockSelectorUI_5_mix">
          <methods/>
          <lines>
            <line hits="0" number="11"/>
            <line hits="1" number="16"/>
            <line hits="0" number="17"/>
            <line hits="1" number="19"/>
            <line hits="1" number="23"/>
            <line hits="1" number="24"/>
            <line hits="1" number="25"/>
            <line hits="1" number="27"/>
            <line hits="1" number="28"/>
            <line hits="1" number="29"/>
            <line hits="1" number="30"/>
            <line hits="1" number="31"/>
            <line hits="1" number="32"/>
            <line hits="1" number="37"/>
            <line hits="1" number="43"/>
            <line hits="1" number="54"/>
            <line hits="1" number="55"/>
            <line hits="1" number="58"/>
            <line hits="1" number="59"/>
            <line hits="0" number="62"/>
            <line hits="0" number="66"/>
            <line hits="1" number="70"/>
            <line hits="1" number="73"/>
            <line hits="1" number="74"/>
            <line hits="1" number="75"/>
            <line hits="1" number="76"/>
            <line hits="0" number="77"/>
            <line hits="0" number="78"/>
            <line hits="0" number="79"/>
          </lines>
        </class>
        <class branch-rate="NaN" complexity="NaN" filename="AppUtil\BlockSelectorUI\uiTest_BlockSelectorUI.m" line-rate="0.95954" name="uiTest_BlockSelectorUI">
          <methods>
            <method branch-rate="NaN" line-rate="1" name="test_method_setup_1" signature="test_method_setup_1(testcase)">
              <lines>
                <line hits="13" number="22"/>
                <line hits="13" number="23"/>
                <line hits="13" number="27"/>
                <line hits="13" number="30"/>
                <line hits="13" number="31"/>
                <line hits="13" number="32"/>
                <line hits="13" number="33"/>
                <line hits="13" number="35"/>
              </lines>
            </method>
            <method branch-rate="NaN" line-rate="1" name="app_launches_without_warnings_1" signature="app_launches_without_warnings_1(testcase)">
              <lines>
                <line hits="1" number="52"/>
              </lines>
            </method>
            <method branch-rate="NaN" line-rate="1" name="app_launches_without_warnings_2" signature="app_launches_without_warnings_2(testcase)">
              <lines>
                <line hits="1" number="56"/>
              </lines>
            </method>
            <method branch-rate="NaN" line-rate="1" name="app_launches_without_warnings_3" signature="app_launches_without_warnings_3(testcase)">
              <lines>
                <line hits="1" number="60"/>
              </lines>
            </method>
            <method branch-rate="NaN" line-rate="1" name="app_launches_without_warnings_4" signature="app_launches_without_warnings_4(testcase)">
              <lines>
                <line hits="1" number="64"/>
              </lines>
            </method>
            <method branch-rate="NaN" line-rate="1" name="app_launches_without_warnings_5" signature="app_launches_without_warnings_5(testcase)">
              <lines>
                <line hits="1" number="68"/>
              </lines>
            </method>
            <method branch-rate="NaN" line-rate="0.9375" name="invalid_model" signature="invalid_model(testcase)">
              <lines>
                <line hits="1" number="76"/>
                <line hits="1" number="77"/>
                <line hits="1" number="78"/>
                <line hits="1" number="80"/>
                <line hits="1" number="81"/>
                <line hits="1" number="82"/>
                <line hits="1" number="83"/>
                <line hits="1" number="84"/>
                <line hits="1" number="85"/>
                <line hits="1" number="90"/>
                <line hits="1" number="92"/>
                <line hits="1" number="95"/>
                <line hits="1" number="99"/>
                <line hits="0" number="100"/>
                <line hits="1" number="102"/>
                <line hits="1" number="106"/>
              </lines>
            </method>
            <method branch-rate="NaN" line-rate="0.8125" name="duplicate_model_paths" signature="duplicate_model_paths(testcase)">
              <lines>
                <line hits="1" number="116"/>
                <line hits="1" number="117"/>
                <line hits="1" number="118"/>
                <line hits="1" number="120"/>
                <line hits="1" number="121"/>
                <line hits="1" number="122"/>
                <line hits="1" number="123"/>
                <line hits="1" number="124"/>
                <line hits="1" number="125"/>
                <line hits="1" number="130"/>
                <line hits="1" number="133"/>
                <line hits="1" number="134"/>
                <line hits="1" number="136"/>
                <line hits="0" number="137"/>
                <line hits="0" number="138"/>
                <line hits="0" number="139"/>
                <line hits="0" number="140"/>
                <line hits="0" number="141"/>
                <line hits="0" number="142"/>
                <line hits="1" number="144"/>
                <line hits="1" number="145"/>
                <line hits="1" number="146"/>
                <line hits="1" number="147"/>
                <line hits="1" number="148"/>
                <line hits="1" number="149"/>
                <line hits="1" number="152"/>
                <line hits="1" number="153"/>
                <line hits="1" number="154"/>
                <line hits="1" number="160"/>
                <line hits="1" number="162"/>
                <line hits="1" number="163"/>
                <line hits="1" number="165"/>
              </lines>
            </method>
            <method branch-rate="NaN" line-rate="1" name="invalid_model_file" signature="invalid_model_file(testcase)">
              <lines>
                <line hits="1" number="172"/>
                <line hits="1" number="173"/>
                <line hits="1" number="174"/>
                <line hits="1" number="176"/>
                <line hits="1" number="177"/>
                <line hits="1" number="178"/>
                <line hits="1" number="179"/>
                <line hits="1" number="180"/>
                <line hits="1" number="181"/>
                <line hits="1" number="183"/>
                <line hits="1" number="184"/>
                <line hits="1" number="186"/>
                <line hits="1" number="187"/>
                <line hits="1" number="190"/>
                <line hits="1" number="193"/>
              </lines>
            </method>
            <method branch-rate="NaN" line-rate="1" name="Gesture_Highlight_Block" signature="Gesture_Highlight_Block(testcase)">
              <lines>
                <line hits="1" number="201"/>
                <line hits="1" number="204"/>
                <line hits="1" number="205"/>
                <line hits="1" number="206"/>
              </lines>
            </method>
            <method branch-rate="NaN" line-rate="1" name="Gesture_Model_Dropdown" signature="Gesture_Model_Dropdown(testcase)">
              <lines>
                <line hits="1" number="213"/>
                <line hits="1" number="216"/>
                <line hits="1" number="217"/>
                <line hits="1" number="221"/>
                <line hits="1" number="224"/>
                <line hits="1" number="225"/>
                <line hits="1" number="226"/>
                <line hits="1" number="230"/>
                <line hits="1" number="231"/>
                <line hits="1" number="232"/>
                <line hits="1" number="233"/>
                <line hits="1" number="234"/>
                <line hits="1" number="235"/>
                <line hits="1" number="238"/>
                <line hits="1" number="239"/>
                <line hits="1" number="240"/>
                <line hits="1" number="243"/>
                <line hits="1" number="244"/>
              </lines>
            </method>
            <method branch-rate="NaN" line-rate="1" name="Gesture_Get_button" signature="Gesture_Get_button(testcase)">
              <lines>
                <line hits="1" number="252"/>
                <line hits="1" number="255"/>
                <line hits="1" number="256"/>
                <line hits="1" number="260"/>
                <line hits="1" number="264"/>
                <line hits="1" number="265"/>
                <line hits="1" number="266"/>
                <line hits="1" number="271"/>
                <line hits="1" number="272"/>
                <line hits="1" number="273"/>
                <line hits="1" number="274"/>
                <line hits="1" number="275"/>
                <line hits="1" number="276"/>
                <line hits="1" number="278"/>
                <line hits="1" number="279"/>
                <line hits="1" number="280"/>
                <line hits="1" number="281"/>
                <line hits="1" number="282"/>
                <line hits="1" number="283"/>
                <line hits="1" number="285"/>
                <line hits="1" number="286"/>
                <line hits="1" number="287"/>
                <line hits="1" number="288"/>
                <line hits="1" number="289"/>
                <line hits="1" number="290"/>
              </lines>
            </method>
            <method branch-rate="NaN" line-rate="1" name="Gesture_Set_button" signature="Gesture_Set_button(testcase)">
              <lines>
                <line hits="1" number="298"/>
                <line hits="1" number="301"/>
                <line hits="1" number="302"/>
                <line hits="1" number="306"/>
                <line hits="1" number="310"/>
                <line hits="1" number="311"/>
                <line hits="1" number="312"/>
                <line hits="1" number="313"/>
                <line hits="1" number="314"/>
                <line hits="1" number="315"/>
                <line hits="1" number="317"/>
                <line hits="1" number="318"/>
                <line hits="1" number="319"/>
                <line hits="1" number="320"/>
                <line hits="1" number="321"/>
                <line hits="1" number="322"/>
                <line hits="1" number="324"/>
                <line hits="1" number="325"/>
                <line hits="1" number="326"/>
                <line hits="1" number="327"/>
                <line hits="1" number="328"/>
                <line hits="1" number="329"/>
              </lines>
            </method>
            <method branch-rate="NaN" line-rate="1" name="Gesture_Highlight_button" signature="Gesture_Highlight_button(testcase)">
              <lines>
                <line hits="1" number="340"/>
                <line hits="1" number="343"/>
                <line hits="1" number="347"/>
                <line hits="1" number="348"/>
                <line hits="1" number="351"/>
                <line hits="1" number="354"/>
                <line hits="1" number="355"/>
                <line hits="1" number="356"/>
                <line hits="1" number="359"/>
                <line hits="1" number="362"/>
                <line hits="1" number="363"/>
                <line hits="1" number="364"/>
                <line hits="1" number="367"/>
                <line hits="1" number="370"/>
                <line hits="1" number="371"/>
                <line hits="1" number="372"/>
                <line hits="1" number="375"/>
                <line hits="1" number="378"/>
                <line hits="1" number="379"/>
                <line hits="1" number="380"/>
                <line hits="1" number="383"/>
                <line hits="1" number="386"/>
                <line hits="1" number="387"/>
                <line hits="1" number="388"/>
                <line hits="1" number="391"/>
                <line hits="1" number="394"/>
                <line hits="1" number="395"/>
                <line hits="1" number="396"/>
              </lines>
            </method>
          </methods>
          <lines>
            <line hits="13" number="22"/>
            <line hits="13" number="23"/>
            <line hits="13" number="27"/>
            <line hits="13" number="30"/>
            <line hits="13" number="31"/>
            <line hits="13" number="32"/>
            <line hits="13" number="33"/>
            <line hits="13" number="35"/>
            <line hits="1" number="52"/>
            <line hits="1" number="56"/>
            <line hits="1" number="60"/>
            <line hits="1" number="64"/>
            <line hits="1" number="68"/>
            <line hits="1" number="76"/>
            <line hits="1" number="77"/>
            <line hits="1" number="78"/>
            <line hits="1" number="80"/>
            <line hits="1" number="81"/>
            <line hits="1" number="82"/>
            <line hits="1" number="83"/>
            <line hits="1" number="84"/>
            <line hits="1" number="85"/>
            <line hits="1" number="90"/>
            <line hits="1" number="92"/>
            <line hits="1" number="95"/>
            <line hits="1" number="99"/>
            <line hits="0" number="100"/>
            <line hits="1" number="102"/>
            <line hits="1" number="106"/>
            <line hits="1" number="116"/>
            <line hits="1" number="117"/>
            <line hits="1" number="118"/>
            <line hits="1" number="120"/>
            <line hits="1" number="121"/>
            <line hits="1" number="122"/>
            <line hits="1" number="123"/>
            <line hits="1" number="124"/>
            <line hits="1" number="125"/>
            <line hits="1" number="130"/>
            <line hits="1" number="133"/>
            <line hits="1" number="134"/>
            <line hits="1" number="136"/>
            <line hits="0" number="137"/>
            <line hits="0" number="138"/>
            <line hits="0" number="139"/>
            <line hits="0" number="140"/>
            <line hits="0" number="141"/>
            <line hits="0" number="142"/>
            <line hits="1" number="144"/>
            <line hits="1" number="145"/>
            <line hits="1" number="146"/>
            <line hits="1" number="147"/>
            <line hits="1" number="148"/>
            <line hits="1" number="149"/>
            <line hits="1" number="152"/>
            <line hits="1" number="153"/>
            <line hits="1" number="154"/>
            <line hits="1" number="160"/>
            <line hits="1" number="162"/>
            <line hits="1" number="163"/>
            <line hits="1" number="165"/>
            <line hits="1" number="172"/>
            <line hits="1" number="173"/>
            <line hits="1" number="174"/>
            <line hits="1" number="176"/>
            <line hits="1" number="177"/>
            <line hits="1" number="178"/>
            <line hits="1" number="179"/>
            <line hits="1" number="180"/>
            <line hits="1" number="181"/>
            <line hits="1" number="183"/>
            <line hits="1" number="184"/>
            <line hits="1" number="186"/>
            <line hits="1" number="187"/>
            <line hits="1" number="190"/>
            <line hits="1" number="193"/>
            <line hits="1" number="201"/>
            <line hits="1" number="204"/>
            <line hits="1" number="205"/>
            <line hits="1" number="206"/>
            <line hits="1" number="213"/>
            <line hits="1" number="216"/>
            <line hits="1" number="217"/>
            <line hits="1" number="221"/>
            <line hits="1" number="224"/>
            <line hits="1" number="225"/>
            <line hits="1" number="226"/>
            <line hits="1" number="230"/>
            <line hits="1" number="231"/>
            <line hits="1" number="232"/>
            <line hits="1" number="233"/>
            <line hits="1" number="234"/>
            <line hits="1" number="235"/>
            <line hits="1" number="238"/>
            <line hits="1" number="239"/>
            <line hits="1" number="240"/>
            <line hits="1" number="243"/>
            <line hits="1" number="244"/>
            <line hits="1" number="252"/>
            <line hits="1" number="255"/>
            <line hits="1" number="256"/>
            <line hits="1" number="260"/>
            <line hits="1" number="264"/>
            <line hits="1" number="265"/>
            <line hits="1" number="266"/>
            <line hits="1" number="271"/>
            <line hits="1" number="272"/>
            <line hits="1" number="273"/>
            <line hits="1" number="274"/>
            <line hits="1" number="275"/>
            <line hits="1" number="276"/>
            <line hits="1" number="278"/>
            <line hits="1" number="279"/>
            <line hits="1" number="280"/>
            <line hits="1" number="281"/>
            <line hits="1" number="282"/>
            <line hits="1" number="283"/>
            <line hits="1" number="285"/>
            <line hits="1" number="286"/>
            <line hits="1" number="287"/>
            <line hits="1" number="288"/>
            <line hits="1" number="289"/>
            <line hits="1" number="290"/>
            <line hits="1" number="298"/>
            <line hits="1" number="301"/>
            <line hits="1" number="302"/>
            <line hits="1" number="306"/>
            <line hits="1" number="310"/>
            <line hits="1" number="311"/>
            <line hits="1" number="312"/>
            <line hits="1" number="313"/>
            <line hits="1" number="314"/>
            <line hits="1" number="315"/>
            <line hits="1" number="317"/>
            <line hits="1" number="318"/>
            <line hits="1" number="319"/>
            <line hits="1" number="320"/>
            <line hits="1" number="321"/>
            <line hits="1" number="322"/>
            <line hits="1" number="324"/>
            <line hits="1" number="325"/>
            <line hits="1" number="326"/>
            <line hits="1" number="327"/>
            <line hits="1" number="328"/>
            <line hits="1" number="329"/>
            <line hits="1" number="340"/>
            <line hits="1" number="343"/>
            <line hits="1" number="347"/>
            <line hits="1" number="348"/>
            <line hits="1" number="351"/>
            <line hits="1" number="354"/>
            <line hits="1" number="355"/>
            <line hits="1" number="356"/>
            <line hits="1" number="359"/>
            <line hits="1" number="362"/>
            <line hits="1" number="363"/>
            <line hits="1" number="364"/>
            <line hits="1" number="367"/>
            <line hits="1" number="370"/>
            <line hits="1" number="371"/>
            <line hits="1" number="372"/>
            <line hits="1" number="375"/>
            <line hits="1" number="378"/>
            <line hits="1" number="379"/>
            <line hits="1" number="380"/>
            <line hits="1" number="383"/>
            <line hits="1" number="386"/>
            <line hits="1" number="387"/>
            <line hits="1" number="388"/>
            <line hits="1" number="391"/>
            <line hits="1" number="394"/>
            <line hits="1" number="395"/>
            <line hits="1" number="396"/>
          </lines>
        </class>
        <class branch-rate="NaN" complexity="NaN" filename="AppUtil\Button\apptest_Button_1_simplest.m" line-rate="1" name="apptest_Button_1_simplest">
          <methods/>
          <lines>
            <line hits="4" number="9"/>
            <line hits="4" number="10"/>
            <line hits="4" number="11"/>
            <line hits="4" number="13"/>
            <line hits="4" number="14"/>
            <line hits="4" number="15"/>
            <line hits="4" number="16"/>
            <line hits="4" number="17"/>
            <line hits="4" number="18"/>
            <line hits="4" number="22"/>
            <line hits="4" number="23"/>
            <line hits="4" number="24"/>
            <line hits="4" number="27"/>
            <line hits="4" number="30"/>
            <line hits="4" number="31"/>
            <line hits="4" number="34"/>
            <line hits="4" number="35"/>
            <line hits="4" number="36"/>
            <line hits="4" number="37"/>
            <line hits="4" number="38"/>
            <line hits="4" number="39"/>
            <line hits="4" number="40"/>
          </lines>
        </class>
        <class branch-rate="NaN" complexity="NaN" filename="AppUtil\Button\apptest_Button_2_align_inside.m" line-rate="1" name="apptest_Button_2_align_inside">
          <methods/>
          <lines>
            <line hits="3" number="10"/>
            <line hits="3" number="12"/>
            <line hits="3" number="13"/>
            <line hits="3" number="14"/>
            <line hits="3" number="16"/>
            <line hits="3" number="19"/>
            <line hits="3" number="20"/>
            <line hits="3" number="22"/>
            <line hits="3" number="23"/>
            <line hits="3" number="24"/>
            <line hits="3" number="25"/>
            <line hits="3" number="26"/>
            <line hits="3" number="27"/>
            <line hits="3" number="29"/>
            <line hits="3" number="30"/>
            <line hits="3" number="31"/>
            <line hits="3" number="32"/>
            <line hits="3" number="33"/>
            <line hits="3" number="34"/>
            <line hits="3" number="36"/>
            <line hits="3" number="37"/>
            <line hits="3" number="38"/>
            <line hits="3" number="39"/>
            <line hits="3" number="40"/>
            <line hits="3" number="41"/>
            <line hits="3" number="44"/>
            <line hits="3" number="45"/>
            <line hits="3" number="47"/>
            <line hits="3" number="48"/>
            <line hits="3" number="49"/>
            <line hits="3" number="50"/>
            <line hits="3" number="51"/>
            <line hits="3" number="52"/>
            <line hits="3" number="54"/>
            <line hits="3" number="55"/>
            <line hits="3" number="56"/>
            <line hits="3" number="57"/>
            <line hits="3" number="58"/>
            <line hits="3" number="59"/>
            <line hits="3" number="61"/>
            <line hits="3" number="62"/>
            <line hits="3" number="63"/>
            <line hits="3" number="64"/>
            <line hits="3" number="65"/>
            <line hits="3" number="66"/>
            <line hits="3" number="69"/>
            <line hits="3" number="70"/>
            <line hits="3" number="72"/>
            <line hits="3" number="73"/>
            <line hits="3" number="74"/>
            <line hits="3" number="75"/>
            <line hits="3" number="76"/>
            <line hits="3" number="77"/>
            <line hits="3" number="79"/>
            <line hits="3" number="80"/>
            <line hits="3" number="81"/>
            <line hits="3" number="82"/>
            <line hits="3" number="83"/>
            <line hits="3" number="84"/>
            <line hits="3" number="86"/>
            <line hits="3" number="87"/>
            <line hits="3" number="88"/>
            <line hits="3" number="89"/>
            <line hits="3" number="90"/>
            <line hits="3" number="91"/>
            <line hits="3" number="94"/>
            <line hits="3" number="95"/>
            <line hits="3" number="98"/>
            <line hits="3" number="99"/>
            <line hits="3" number="100"/>
            <line hits="3" number="101"/>
            <line hits="3" number="102"/>
            <line hits="3" number="103"/>
          </lines>
        </class>
        <class branch-rate="NaN" complexity="NaN" filename="AppUtil\Button\apptest_Button_3_icon.m" line-rate="1" name="apptest_Button_3_icon">
          <methods/>
          <lines>
            <line hits="3" number="10"/>
            <line hits="3" number="11"/>
            <line hits="3" number="13"/>
            <line hits="3" number="14"/>
            <line hits="3" number="15"/>
            <line hits="3" number="17"/>
            <line hits="3" number="20"/>
            <line hits="3" number="21"/>
            <line hits="3" number="23"/>
            <line hits="3" number="24"/>
            <line hits="3" number="25"/>
            <line hits="3" number="26"/>
            <line hits="3" number="27"/>
            <line hits="3" number="29"/>
            <line hits="3" number="30"/>
            <line hits="3" number="31"/>
            <line hits="3" number="32"/>
            <line hits="3" number="33"/>
            <line hits="3" number="35"/>
            <line hits="3" number="36"/>
            <line hits="3" number="37"/>
            <line hits="3" number="38"/>
            <line hits="3" number="39"/>
            <line hits="3" number="42"/>
            <line hits="3" number="43"/>
            <line hits="3" number="45"/>
            <line hits="3" number="46"/>
            <line hits="3" number="47"/>
            <line hits="3" number="48"/>
            <line hits="3" number="49"/>
            <line hits="3" number="51"/>
            <line hits="3" number="52"/>
            <line hits="3" number="53"/>
            <line hits="3" number="54"/>
            <line hits="3" number="55"/>
            <line hits="3" number="57"/>
            <line hits="3" number="58"/>
            <line hits="3" number="59"/>
            <line hits="3" number="60"/>
            <line hits="3" number="61"/>
            <line hits="3" number="64"/>
            <line hits="3" number="65"/>
            <line hits="3" number="68"/>
            <line hits="3" number="69"/>
            <line hits="3" number="70"/>
            <line hits="3" number="71"/>
            <line hits="3" number="72"/>
            <line hits="3" number="73"/>
          </lines>
        </class>
        <class branch-rate="NaN" complexity="NaN" filename="AppUtil\Button\apptest_Button_4_tiling.m" line-rate="1" name="apptest_Button_4_tiling">
          <methods/>
          <lines>
            <line hits="3" number="10"/>
            <line hits="3" number="11"/>
            <line hits="3" number="12"/>
            <line hits="3" number="14"/>
            <line hits="3" number="17"/>
            <line hits="3" number="18"/>
            <line hits="3" number="20"/>
            <line hits="3" number="21"/>
            <line hits="3" number="22"/>
            <line hits="3" number="23"/>
            <line hits="3" number="25"/>
            <line hits="3" number="26"/>
            <line hits="3" number="27"/>
            <line hits="3" number="28"/>
            <line hits="3" number="30"/>
            <line hits="3" number="31"/>
            <line hits="3" number="32"/>
            <line hits="3" number="33"/>
            <line hits="3" number="36"/>
            <line hits="3" number="37"/>
            <line hits="3" number="39"/>
            <line hits="3" number="40"/>
[...]
            <line hits="1" number="5"/>
            <line hits="1" number="6"/>
            <line hits="1" number="7"/>
            <line hits="1" number="8"/>
            <line hits="1" number="9"/>
            <line hits="1" number="10"/>
            <line hits="1" number="11"/>
            <line hits="1" number="12"/>
            <line hits="1" number="13"/>
            <line hits="1" number="15"/>
            <line hits="1" number="16"/>
            <line hits="1" number="17"/>
            <line hits="1" number="19"/>
            <line hits="1" number="20"/>
            <line hits="1" number="22"/>
            <line hits="1" number="23"/>
            <line hits="1" number="24"/>
            <line hits="1" number="25"/>
            <line hits="1" number="27"/>
            <line hits="1" number="28"/>
            <line hits="1" number="30"/>
            <line hits="1" number="31"/>
            <line hits="1" number="32"/>
            <line hits="1" number="35"/>
            <line hits="1" number="37"/>
          </lines>
        </class>
        <class branch-rate="NaN" complexity="NaN" filename="TestUtil\summarizeTestResult\unittest_summarizeTestResult.m" line-rate="1" name="unittest_summarizeTestResult">
          <methods>
            <method branch-rate="NaN" line-rate="1" name="test_method_setup_1" signature="test_method_setup_1(testcase)">
              <lines>
                <line hits="6" number="20"/>
                <line hits="6" number="21"/>
                <line hits="3" number="23"/>
                <line hits="3" number="26"/>
              </lines>
            </method>
            <method branch-rate="NaN" line-rate="1" name="Test_error_1" signature="Test_error_1(testcase)">
              <lines>
                <line hits="1" number="41"/>
                <line hits="1" number="43"/>
              </lines>
            </method>
            <method branch-rate="NaN" line-rate="1" name="PassingTest_1" signature="PassingTest_1(~)">
              <lines>
                <line hits="1" number="50"/>
              </lines>
            </method>
            <method branch-rate="NaN" line-rate="1" name="Test_1" signature="Test_1(testcase)">
              <lines>
                <line hits="1" number="58"/>
                <line hits="1" number="59"/>
                <line hits="1" number="60"/>
                <line hits="1" number="61"/>
                <line hits="1" number="62"/>
                <line hits="1" number="63"/>
                <line hits="1" number="64"/>
                <line hits="1" number="65"/>
                <line hits="1" number="66"/>
                <line hits="1" number="67"/>
              </lines>
            </method>
          </methods>
          <lines>
            <line hits="6" number="20"/>
            <line hits="6" number="21"/>
            <line hits="3" number="23"/>
            <line hits="3" number="26"/>
            <line hits="1" number="41"/>
            <line hits="1" number="43"/>
            <line hits="1" number="50"/>
            <line hits="1" number="58"/>
            <line hits="1" number="59"/>
            <line hits="1" number="60"/>
            <line hits="1" number="61"/>
            <line hits="1" number="62"/>
            <line hits="1" number="63"/>
            <line hits="1" number="64"/>
            <line hits="1" number="65"/>
            <line hits="1" number="66"/>
            <line hits="1" number="67"/>
          </lines>
        </class>
        <class branch-rate="NaN" complexity="NaN" filename="TestUtil\uiTest_TestUtil.m" line-rate="1" name="uiTest_TestUtil">
          <methods>
            <method branch-rate="NaN" line-rate="1" name="test_method_setup" signature="test_method_setup(testcase)">
              <lines>
                <line hits="2" number="19"/>
                <line hits="2" number="20"/>
                <line hits="2" number="24"/>
                <line hits="2" number="27"/>
                <line hits="2" number="28"/>
                <line hits="2" number="29"/>
                <line hits="2" number="30"/>
                <line hits="2" number="32"/>
              </lines>
            </method>
            <method branch-rate="NaN" line-rate="1" name="app_launches_without_warnings_1" signature="app_launches_without_warnings_1(testcase)">
              <lines>
                <line hits="1" number="49"/>
                <line hits="1" number="51"/>
              </lines>
            </method>
            <method branch-rate="NaN" line-rate="1" name="PassingTest_1" signature="PassingTest_1(~)">
              <lines>
                <line hits="1" number="58"/>
                <line hits="1" number="59"/>
                <line hits="1" number="60"/>
              </lines>
            </method>
          </methods>
          <lines>
            <line hits="2" number="19"/>
            <line hits="2" number="20"/>
            <line hits="2" number="24"/>
            <line hits="2" number="27"/>
            <line hits="2" number="28"/>
            <line hits="2" number="29"/>
            <line hits="2" number="30"/>
            <line hits="2" number="32"/>
            <line hits="1" number="49"/>
            <line hits="1" number="51"/>
            <line hits="1" number="58"/>
            <line hits="1" number="59"/>
            <line hits="1" number="60"/>
          </lines>
        </class>
        <class branch-rate="NaN" complexity="NaN" filename="TestUtil\uiUptodateTest_TestUtil.m" line-rate="0.61029" name="uiUptodateTest_TestUtil">
          <methods>
            <method branch-rate="NaN" line-rate="0.75" name="test_method_setup" signature="test_method_setup(testcase)">
              <lines>
                <line hits="6" number="27"/>
                <line hits="6" number="28"/>
                <line hits="6" number="32"/>
                <line hits="6" number="35"/>
                <line hits="6" number="36"/>
                <line hits="0" number="37"/>
                <line hits="0" number="38"/>
                <line hits="6" number="40"/>
              </lines>
            </method>
            <method branch-rate="NaN" line-rate="0.54545" name="app_screenshot_1_dark" signature="app_screenshot_1_dark(testcase)">
              <lines>
                <line hits="1" number="57"/>
                <line hits="0" number="58"/>
                <line hits="0" number="60"/>
                <line hits="1" number="64"/>
                <line hits="1" number="66"/>
                <line hits="1" number="67"/>
                <line hits="1" number="68"/>
                <line hits="1" number="70"/>
                <line hits="1" number="72"/>
                <line hits="1" number="73"/>
                <line hits="0" number="75"/>
                <line hits="1" number="78"/>
                <line hits="0" number="79"/>
                <line hits="0" number="81"/>
                <line hits="0" number="82"/>
                <line hits="0" number="83"/>
                <line hits="0" number="84"/>
                <line hits="0" number="85"/>
                <line hits="0" number="86"/>
                <line hits="1" number="88"/>
                <line hits="1" number="91"/>
                <line hits="1" number="92"/>
              </lines>
            </method>
            <method branch-rate="NaN" line-rate="0.54167" name="app_screenshot_1_light" signature="app_screenshot_1_light(testcase)">
              <lines>
                <line hits="1" number="97"/>
                <line hits="0" number="98"/>
                <line hits="0" number="100"/>
                <line hits="1" number="104"/>
                <line hits="1" number="106"/>
                <line hits="1" number="107"/>
                <line hits="1" number="108"/>
                <line hits="1" number="110"/>
                <line hits="0" number="111"/>
                <line hits="1" number="113"/>
                <line hits="1" number="116"/>
                <line hits="1" number="117"/>
                <line hits="0" number="119"/>
                <line hits="1" number="122"/>
                <line hits="0" number="123"/>
                <line hits="0" number="125"/>
                <line hits="0" number="126"/>
                <line hits="0" number="127"/>
                <line hits="0" number="128"/>
                <line hits="0" number="129"/>
                <line hits="0" number="130"/>
                <line hits="1" number="132"/>
                <line hits="1" number="135"/>
                <line hits="1" number="136"/>
              </lines>
            </method>
            <method branch-rate="NaN" line-rate="0.65" name="app_screenshot_2_dark" signature="app_screenshot_2_dark(testcase)">
              <lines>
                <line hits="1" number="145"/>
                <line hits="0" number="146"/>
                <line hits="0" number="148"/>
                <line hits="1" number="152"/>
                <line hits="1" number="154"/>
                <line hits="1" number="155"/>
                <line hits="1" number="156"/>
                <line hits="1" number="157"/>
                <line hits="1" number="159"/>
                <line hits="1" number="161"/>
                <line hits="1" number="162"/>
                <line hits="0" number="164"/>
                <line hits="1" number="167"/>
                <line hits="0" number="168"/>
                <line hits="0" number="169"/>
                <line hits="0" number="170"/>
                <line hits="0" number="171"/>
                <line hits="1" number="173"/>
                <line hits="1" number="176"/>
                <line hits="1" number="177"/>
              </lines>
            </method>
            <method branch-rate="NaN" line-rate="0.63636" name="app_screenshot_2_light" signature="app_screenshot_2_light(testcase)">
              <lines>
                <line hits="1" number="182"/>
                <line hits="0" number="183"/>
                <line hits="0" number="185"/>
                <line hits="1" number="189"/>
                <line hits="1" number="191"/>
                <line hits="1" number="192"/>
                <line hits="1" number="193"/>
                <line hits="1" number="194"/>
                <line hits="1" number="196"/>
                <line hits="0" number="197"/>
                <line hits="1" number="199"/>
                <line hits="1" number="202"/>
                <line hits="1" number="203"/>
                <line hits="0" number="205"/>
                <line hits="1" number="208"/>
                <line hits="0" number="209"/>
                <line hits="0" number="210"/>
                <line hits="0" number="211"/>
                <line hits="0" number="212"/>
                <line hits="1" number="214"/>
                <line hits="1" number="217"/>
                <line hits="1" number="218"/>
              </lines>
            </method>
            <method branch-rate="NaN" line-rate="0.63158" name="app_screenshot_3_dark" signature="app_screenshot_3_dark(testcase)">
              <lines>
                <line hits="1" number="226"/>
                <line hits="0" number="227"/>
                <line hits="0" number="229"/>
                <line hits="1" number="233"/>
                <line hits="1" number="235"/>
                <line hits="1" number="236"/>
                <line hits="1" number="237"/>
                <line hits="1" number="239"/>
                <line hits="1" number="241"/>
                <line hits="1" number="242"/>
                <line hits="0" number="244"/>
                <line hits="1" number="247"/>
                <line hits="0" number="248"/>
                <line hits="0" number="249"/>
                <line hits="0" number="250"/>
                <line hits="0" number="251"/>
                <line hits="1" number="253"/>
                <line hits="1" number="256"/>
                <line hits="1" number="257"/>
              </lines>
            </method>
            <method branch-rate="NaN" line-rate="0.61905" name="app_screenshot_3_light" signature="app_screenshot_3_light(testcase)">
              <lines>
                <line hits="1" number="262"/>
                <line hits="0" number="263"/>
                <line hits="0" number="265"/>
                <line hits="1" number="269"/>
                <line hits="1" number="271"/>
                <line hits="1" number="272"/>
                <line hits="1" number="273"/>
                <line hits="1" number="275"/>
                <line hits="0" number="276"/>
                <line hits="1" number="278"/>
                <line hits="1" number="281"/>
                <line hits="1" number="282"/>
                <line hits="0" number="284"/>
                <line hits="1" number="287"/>
                <line hits="0" number="288"/>
                <line hits="0" number="289"/>
                <line hits="0" number="290"/>
                <line hits="0" number="291"/>
                <line hits="1" number="293"/>
                <line hits="1" number="296"/>
                <line hits="1" number="297"/>
              </lines>
            </method>
          </methods>
          <lines>
            <line hits="6" number="27"/>
            <line hits="6" number="28"/>
            <line hits="6" number="32"/>
            <line hits="6" number="35"/>
            <line hits="6" number="36"/>
            <line hits="0" number="37"/>
            <line hits="0" number="38"/>
            <line hits="6" number="40"/>
            <line hits="1" number="57"/>
            <line hits="0" number="58"/>
            <line hits="0" number="60"/>
            <line hits="1" number="64"/>
            <line hits="1" number="66"/>
            <line hits="1" number="67"/>
            <line hits="1" number="68"/>
            <line hits="1" number="70"/>
            <line hits="1" number="72"/>
            <line hits="1" number="73"/>
            <line hits="0" number="75"/>
            <line hits="1" number="78"/>
            <line hits="0" number="79"/>
            <line hits="0" number="81"/>
            <line hits="0" number="82"/>
            <line hits="0" number="83"/>
            <line hits="0" number="84"/>
            <line hits="0" number="85"/>
            <line hits="0" number="86"/>
            <line hits="1" number="88"/>
            <line hits="1" number="91"/>
            <line hits="1" number="92"/>
            <line hits="1" number="97"/>
            <line hits="0" number="98"/>
            <line hits="0" number="100"/>
            <line hits="1" number="104"/>
            <line hits="1" number="106"/>
            <line hits="1" number="107"/>
            <line hits="1" number="108"/>
            <line hits="1" number="110"/>
            <line hits="0" number="111"/>
            <line hits="1" number="113"/>
            <line hits="1" number="116"/>
            <line hits="1" number="117"/>
            <line hits="0" number="119"/>
            <line hits="1" number="122"/>
            <line hits="0" number="123"/>
            <line hits="0" number="125"/>
            <line hits="0" number="126"/>
            <line hits="0" number="127"/>
            <line hits="0" number="128"/>
            <line hits="0" number="129"/>
            <line hits="0" number="130"/>
            <line hits="1" number="132"/>
            <line hits="1" number="135"/>
            <line hits="1" number="136"/>
            <line hits="1" number="145"/>
            <line hits="0" number="146"/>
            <line hits="0" number="148"/>
            <line hits="1" number="152"/>
            <line hits="1" number="154"/>
            <line hits="1" number="155"/>
            <line hits="1" number="156"/>
            <line hits="1" number="157"/>
            <line hits="1" number="159"/>
            <line hits="1" number="161"/>
            <line hits="1" number="162"/>
            <line hits="0" number="164"/>
            <line hits="1" number="167"/>
            <line hits="0" number="168"/>
            <line hits="0" number="169"/>
            <line hits="0" number="170"/>
            <line hits="0" number="171"/>
            <line hits="1" number="173"/>
            <line hits="1" number="176"/>
            <line hits="1" number="177"/>
            <line hits="1" number="182"/>
            <line hits="0" number="183"/>
            <line hits="0" number="185"/>
            <line hits="1" number="189"/>
            <line hits="1" number="191"/>
            <line hits="1" number="192"/>
            <line hits="1" number="193"/>
            <line hits="1" number="194"/>
            <line hits="1" number="196"/>
            <line hits="0" number="197"/>
            <line hits="1" number="199"/>
            <line hits="1" number="202"/>
            <line hits="1" number="203"/>
            <line hits="0" number="205"/>
            <line hits="1" number="208"/>
            <line hits="0" number="209"/>
            <line hits="0" number="210"/>
            <line hits="0" number="211"/>
            <line hits="0" number="212"/>
            <line hits="1" number="214"/>
            <line hits="1" number="217"/>
            <line hits="1" number="218"/>
            <line hits="1" number="226"/>
            <line hits="0" number="227"/>
            <line hits="0" number="229"/>
            <line hits="1" number="233"/>
            <line hits="1" number="235"/>
            <line hits="1" number="236"/>
            <line hits="1" number="237"/>
            <line hits="1" number="239"/>
            <line hits="1" number="241"/>
            <line hits="1" number="242"/>
            <line hits="0" number="244"/>
            <line hits="1" number="247"/>
            <line hits="0" number="248"/>
            <line hits="0" number="249"/>
            <line hits="0" number="250"/>
            <line hits="0" number="251"/>
            <line hits="1" number="253"/>
            <line hits="1" number="256"/>
            <line hits="1" number="257"/>
            <line hits="1" number="262"/>
            <line hits="0" number="263"/>
            <line hits="0" number="265"/>
            <line hits="1" number="269"/>
            <line hits="1" number="271"/>
            <line hits="1" number="272"/>
            <line hits="1" number="273"/>
            <line hits="1" number="275"/>
            <line hits="0" number="276"/>
            <line hits="1" number="278"/>
            <line hits="1" number="281"/>
            <line hits="1" number="282"/>
            <line hits="0" number="284"/>
            <line hits="1" number="287"/>
            <line hits="0" number="288"/>
            <line hits="0" number="289"/>
            <line hits="0" number="290"/>
            <line hits="0" number="291"/>
            <line hits="1" number="293"/>
            <line hits="1" number="296"/>
            <line hits="1" number="297"/>
          </lines>
        </class>
        <class branch-rate="NaN" complexity="NaN" filename="buildfile.m" line-rate="0" name="buildfile">
          <methods/>
          <lines>
            <line hits="0" number="24"/>
            <line hits="0" number="26"/>
            <line hits="0" number="28"/>
            <line hits="0" number="29"/>
            <line hits="0" number="30"/>
            <line hits="0" number="31"/>
            <line hits="0" number="32"/>
            <line hits="0" number="33"/>
            <line hits="0" number="34"/>
            <line hits="0" number="36"/>
            <line hits="0" number="37"/>
            <line hits="0" number="38"/>
            <line hits="0" number="39"/>
            <line hits="0" number="40"/>
            <line hits="0" number="41"/>
            <line hits="0" number="42"/>
            <line hits="0" number="43"/>
            <line hits="0" number="44"/>
            <line hits="0" number="45"/>
            <line hits="0" number="46"/>
          </lines>
        </class>
      </classes>
    </package>
  </packages>
</coverage>
