<?xml version="1.0" encoding="UTF-8" standalone="no" ?>
<coverage branch-rate="NaN" branches-covered="NaN" branches-valid="NaN" complexity="NaN" line-rate="0.78846" lines-covered="82" lines-valid="104" timestamp="1777564935.7775" version="">
  <sources>
    <source>C:\local\modutil\repo\worktrees\R2024b-devel\Devel\AppUtil\+AppUtil1\+Component\</source>
  </sources>
  <packages>
    <package branch-rate="NaN" complexity="NaN" line-rate="0.78846" name="AppUtil1.Component">
      <classes>
        <class branch-rate="NaN" complexity="NaN" filename="PhysicalUnitDropDown.m" line-rate="0.78846" name="AppUtil1.Component.PhysicalUnitDropDown">
          <methods>
            <method branch-rate="NaN" line-rate="0.9" name="setup" signature="setup(component)">
              <lines>
                <line hits="10" number="60"/>
                <line hits="0" number="61"/>
                <line hits="10" number="64"/>
                <line hits="10" number="66"/>
                <line hits="10" number="68"/>
                <line hits="10" number="70"/>
                <line hits="10" number="71"/>
                <line hits="10" number="72"/>
                <line hits="10" number="75"/>
                <line hits="10" number="76"/>
              </lines>
            </method>
            <method branch-rate="NaN" line-rate="0.88889" name="update" signature="update(component)">
              <lines>
                <line hits="10" number="82"/>
                <line hits="0" number="83"/>
                <line hits="10" number="85"/>
                <line hits="10" number="86"/>
                <line hits="5" number="87"/>
                <line hits="5" number="89"/>
                <line hits="5" number="92"/>
                <line hits="5" number="93"/>
                <line hits="5" number="94"/>
              </lines>
            </method>
            <method branch-rate="NaN" line-rate="0.73333" name="regular_update" signature="regular_update(component)">
              <lines>
                <line hits="15" number="99"/>
                <line hits="0" number="100"/>
                <line hits="15" number="103"/>
                <line hits="15" number="104"/>
                <line hits="15" number="106"/>
                <line hits="15" number="107"/>
                <line hits="15" number="109"/>
                <line hits="5" number="110"/>
                <line hits="5" number="111"/>
                <line hits="0" number="112"/>
                <line hits="5" number="114"/>
                <line hits="5" number="115"/>
                <line hits="5" number="116"/>
                <line hits="0" number="117"/>
                <line hits="0" number="118"/>
              </lines>
            </method>
            <method branch-rate="NaN" line-rate="0.8" name="first_update" signature="first_update(component)">
              <lines>
                <line hits="5" number="128"/>
                <line hits="0" number="129"/>
                <line hits="5" number="132"/>
                <line hits="2" number="134"/>
                <line hits="5" number="137"/>
              </lines>
            </method>
            <method branch-rate="NaN" line-rate="0.66667" name="get.UnitItems" signature="unit_items = get.UnitItems(component)">
              <lines>
                <line hits="8" number="152"/>
                <line hits="0" number="153"/>
                <line hits="8" number="155"/>
              </lines>
            </method>
            <method branch-rate="NaN" line-rate="0.74074" name="set.UnitItems" signature="set.UnitItems(component, NewUnitItems)">
              <lines>
                <line hits="10" number="164"/>
                <line hits="0" number="165"/>
                <line hits="10" number="168"/>
                <line hits="1" number="169"/>
                <line hits="1" number="170"/>
                <line hits="1" number="172"/>
                <line hits="9" number="178"/>
                <line hits="9" number="179"/>
                <line hits="7" number="180"/>
                <line hits="2" number="181"/>
                <line hits="2" number="183"/>
                <line hits="2" number="184"/>
                <line hits="2" number="185"/>
                <line hits="0" number="187"/>
                <line hits="0" number="188"/>
                <line hits="0" number="190"/>
                <line hits="0" number="191"/>
                <line hits="0" number="193"/>
                <line hits="2" number="196"/>
                <line hits="0" number="197"/>
                <line hits="2" number="199"/>
                <line hits="2" number="201"/>
                <line hits="7" number="207"/>
                <line hits="7" number="208"/>
                <line hits="7" number="209"/>
                <line hits="7" number="210"/>
                <line hits="7" number="211"/>
              </lines>
            </method>
            <method branch-rate="NaN" line-rate="0.66667" name="get.UnitText" signature="unit_text = get.UnitText(component)">
              <lines>
                <line hits="5" number="222"/>
                <line hits="0" number="223"/>
                <line hits="5" number="225"/>
              </lines>
            </method>
            <method branch-rate="NaN" line-rate="0.80769" name="set.UnitText" signature="set.UnitText(component, NewUnitText)">
              <lines>
                <line hits="8" number="234"/>
                <line hits="0" number="235"/>
                <line hits="8" number="238"/>
                <line hits="1" number="239"/>
                <line hits="1" number="240"/>
                <line hits="1" number="241"/>
                <line hits="0" number="242"/>
                <line hits="0" number="243"/>
                <line hits="0" number="245"/>
                <line hits="1" number="248"/>
                <line hits="1" number="250"/>
                <line hits="7" number="255"/>
                <line hits="2" number="256"/>
                <line hits="2" number="257"/>
                <line hits="2" number="258"/>
                <line hits="1" number="259"/>
                <line hits="1" number="260"/>
                <line hits="1" number="262"/>
                <line hits="1" number="265"/>
                <line hits="1" number="267"/>
                <line hits="5" number="272"/>
                <line hits="0" number="273"/>
                <line hits="5" number="275"/>
                <line hits="5" number="276"/>
                <line hits="5" number="277"/>
                <line hits="5" number="278"/>
              </lines>
            </method>
            <method branch-rate="NaN" line-rate="0.83333" name="reactToUnitDropDownChanged" signature="reactToUnitDropDownChanged(component)">
              <lines>
                <line hits="3" number="287"/>
                <line hits="0" number="288"/>
                <line hits="3" number="292"/>
                <line hits="3" number="295"/>
                <line hits="3" number="297"/>
                <line hits="3" number="299"/>
              </lines>
            </method>
          </methods>
          <lines>
            <line hits="10" number="60"/>
            <line hits="0" number="61"/>
            <line hits="10" number="64"/>
            <line hits="10" number="66"/>
            <line hits="10" number="68"/>
            <line hits="10" number="70"/>
            <line hits="10" number="71"/>
            <line hits="10" number="72"/>
            <line hits="10" number="75"/>
            <line hits="10" number="76"/>
            <line hits="10" number="82"/>
            <line hits="0" number="83"/>
            <line hits="10" number="85"/>
            <line hits="10" number="86"/>
            <line hits="5" number="87"/>
            <line hits="5" number="89"/>
            <line hits="5" number="92"/>
            <line hits="5" number="93"/>
            <line hits="5" number="94"/>
            <line hits="15" number="99"/>
            <line hits="0" number="100"/>
            <line hits="15" number="103"/>
            <line hits="15" number="104"/>
            <line hits="15" number="106"/>
            <line hits="15" number="107"/>
            <line hits="15" number="109"/>
            <line hits="5" number="110"/>
            <line hits="5" number="111"/>
            <line hits="0" number="112"/>
            <line hits="5" number="114"/>
            <line hits="5" number="115"/>
            <line hits="5" number="116"/>
            <line hits="0" number="117"/>
            <line hits="0" number="118"/>
            <line hits="5" number="128"/>
            <line hits="0" number="129"/>
            <line hits="5" number="132"/>
            <line hits="2" number="134"/>
            <line hits="5" number="137"/>
            <line hits="8" number="152"/>
            <line hits="0" number="153"/>
            <line hits="8" number="155"/>
            <line hits="10" number="164"/>
            <line hits="0" number="165"/>
            <line hits="10" number="168"/>
            <line hits="1" number="169"/>
            <line hits="1" number="170"/>
            <line hits="1" number="172"/>
            <line hits="9" number="178"/>
            <line hits="9" number="179"/>
            <line hits="7" number="180"/>
            <line hits="2" number="181"/>
            <line hits="2" number="183"/>
            <line hits="2" number="184"/>
            <line hits="2" number="185"/>
            <line hits="0" number="187"/>
            <line hits="0" number="188"/>
            <line hits="0" number="190"/>
            <line hits="0" number="191"/>
            <line hits="0" number="193"/>
            <line hits="2" number="196"/>
            <line hits="0" number="197"/>
            <line hits="2" number="199"/>
            <line hits="2" number="201"/>
            <line hits="7" number="207"/>
            <line hits="7" number="208"/>
            <line hits="7" number="209"/>
            <line hits="7" number="210"/>
            <line hits="7" number="211"/>
            <line hits="5" number="222"/>
            <line hits="0" number="223"/>
            <line hits="5" number="225"/>
            <line hits="8" number="234"/>
            <line hits="0" number="235"/>
            <line hits="8" number="238"/>
            <line hits="1" number="239"/>
            <line hits="1" number="240"/>
            <line hits="1" number="241"/>
            <line hits="0" number="242"/>
            <line hits="0" number="243"/>
            <line hits="0" number="245"/>
            <line hits="1" number="248"/>
            <line hits="1" number="250"/>
            <line hits="7" number="255"/>
            <line hits="2" number="256"/>
            <line hits="2" number="257"/>
            <line hits="2" number="258"/>
            <line hits="1" number="259"/>
            <line hits="1" number="260"/>
            <line hits="1" number="262"/>
            <line hits="1" number="265"/>
            <line hits="1" number="267"/>
            <line hits="5" number="272"/>
            <line hits="0" number="273"/>
            <line hits="5" number="275"/>
            <line hits="5" number="276"/>
            <line hits="5" number="277"/>
            <line hits="5" number="278"/>
            <line hits="3" number="287"/>
            <line hits="0" number="288"/>
            <line hits="3" number="292"/>
            <line hits="3" number="295"/>
            <line hits="3" number="297"/>
            <line hits="3" number="299"/>
          </lines>
        </class>
      </classes>
    </package>
  </packages>
</coverage>
