<?xml version="1.0" encoding="UTF-8" standalone="no" ?>
<testsuites>
  <testsuite errors="0" failures="0" name="uiTest_SearchUtil" skipped="0" tests="6" time="27.2061">
    <testcase classname="uiTest_SearchUtil" name="app_launches_without_warnings_1" time="2.2097"/>
    <testcase classname="uiTest_SearchUtil" name="app_launches_without_warnings_2" time="3.3343"/>
    <testcase classname="uiTest_SearchUtil" name="app_launches_without_warnings_3" time="4.3792"/>
    <testcase classname="uiTest_SearchUtil" name="Gesture_1" time="5.5158"/>
    <testcase classname="uiTest_SearchUtil" name="Gesture_2" time="6.0543"/>
    <testcase classname="uiTest_SearchUtil" name="Gesture_3" time="5.7128"/>
  </testsuite>
  <testsuite errors="0" failures="0" name="uiUptodateTest_SearchUtil" skipped="0" tests="6" time="0.1166">
    <testcase classname="uiUptodateTest_SearchUtil" name="app_screenshot_dark_1" time="0.018375"/>
    <testcase classname="uiUptodateTest_SearchUtil" name="app_screenshot_dark_2" time="0.0033742"/>
    <testcase classname="uiUptodateTest_SearchUtil" name="app_screenshot_dark_3" time="0.0045444"/>
    <testcase classname="uiUptodateTest_SearchUtil" name="app_screenshot_light_1" time="0.045682"/>
    <testcase classname="uiUptodateTest_SearchUtil" name="app_screenshot_light_2" time="0.022542"/>
    <testcase classname="uiUptodateTest_SearchUtil" name="app_screenshot_light_3" time="0.022087"/>
  </testsuite>
  <testsuite errors="0" failures="0" name="uiTest_FileSearchAppMain" skipped="0" tests="3" time="6.8841">
    <testcase classname="uiTest_FileSearchAppMain" name="app_launches_without_warnings_1" time="2.109"/>
    <testcase classname="uiTest_FileSearchAppMain" name="Gesture_1" time="2.366"/>
    <testcase classname="uiTest_FileSearchAppMain" name="Gesture_2" time="2.409"/>
  </testsuite>
  <testsuite errors="0" failures="0" name="uiUptodateTest_FileSearchAppMain" skipped="0" tests="2" time="0.029575">
    <testcase classname="uiUptodateTest_FileSearchAppMain" name="app_screenshot_dark_1" time="0.010095"/>
    <testcase classname="uiUptodateTest_FileSearchAppMain" name="app_screenshot_light_1" time="0.019479"/>
  </testsuite>
  <testsuite errors="0" failures="0" name="uiTest_FileSearchResultAppMain" skipped="0" tests="3" time="8.7063">
    <testcase classname="uiTest_FileSearchResultAppMain" name="app_launches_without_warnings_1" time="2.4846"/>
    <testcase classname="uiTest_FileSearchResultAppMain" name="Gesture_1" time="4.0055"/>
    <testcase classname="uiTest_FileSearchResultAppMain" name="Gesture_2" time="2.2162"/>
  </testsuite>
  <testsuite errors="0" failures="0" name="uiUptodateTest_FileSearchResultAppMain" skipped="0" tests="2" time="0.032161">
    <testcase classname="uiUptodateTest_FileSearchResultAppMain" name="app_screenshot_dark_1" time="0.011659"/>
    <testcase classname="uiUptodateTest_FileSearchResultAppMain" name="app_screenshot_light_1" time="0.020502"/>
  </testsuite>
  <testsuite errors="0" failures="0" name="uiTest_TextSearchAppMain" skipped="0" tests="3" time="11.6895">
    <testcase classname="uiTest_TextSearchAppMain" name="app_launches_without_warnings_1" time="2.9281"/>
    <testcase classname="uiTest_TextSearchAppMain" name="Gesture_1" time="5.8419"/>
    <testcase classname="uiTest_TextSearchAppMain" name="Gesture_2" time="2.9195"/>
  </testsuite>
  <testsuite errors="0" failures="0" name="uiUptodateTest_TextSearchAppMain" skipped="0" tests="2" time="0.02629">
    <testcase classname="uiUptodateTest_TextSearchAppMain" name="app_screenshot_dark_1" time="0.009973"/>
    <testcase classname="uiUptodateTest_TextSearchAppMain" name="app_screenshot_light_1" time="0.016317"/>
  </testsuite>
  <testsuite errors="0" failures="0" name="uiTest_TextSearchResultAppMain" skipped="0" tests="3" time="11.8963">
    <testcase classname="uiTest_TextSearchResultAppMain" name="app_launches_without_warnings_1" time="3.1281"/>
    <testcase classname="uiTest_TextSearchResultAppMain" name="Gesture_1" time="5.6334"/>
    <testcase classname="uiTest_TextSearchResultAppMain" name="Gesture_2" time="3.1348"/>
  </testsuite>
  <testsuite errors="0" failures="0" name="uiUptodateTest_TextSearchResultAppMain" skipped="0" tests="2" time="0.026145">
    <testcase classname="uiUptodateTest_TextSearchResultAppMain" name="app_screenshot_dark_1" time="0.0097646"/>
    <testcase classname="uiUptodateTest_TextSearchResultAppMain" name="app_screenshot_light_1" time="0.01638"/>
  </testsuite>
  <testsuite errors="0" failures="0" name="unittest_TextSearcher" skipped="0" tests="4" time="0.11226">
    <testcase classname="unittest_TextSearcher" name="PassingTest_1" time="0.029367"/>
    <testcase classname="unittest_TextSearcher" name="Error_1" time="0.04782"/>
    <testcase classname="unittest_TextSearcher" name="Test_1" time="0.026331"/>
    <testcase classname="unittest_TextSearcher" name="Test_2" time="0.008741"/>
  </testsuite>
  <testsuite errors="0" failures="0" name="unittest_buildReplaceCommandText" skipped="0" tests="9" time="0.43788">
    <testcase classname="unittest_buildReplaceCommandText" name="PassingTest_1" time="0.1944"/>
    <testcase classname="unittest_buildReplaceCommandText" name="PassingTest_2" time="0.11921"/>
    <testcase classname="unittest_buildReplaceCommandText" name="Error_1" time="0.020801"/>
    <testcase classname="unittest_buildReplaceCommandText" name="Error_2" time="0.028724"/>
    <testcase classname="unittest_buildReplaceCommandText" name="Error_3" time="0.014079"/>
    <testcase classname="unittest_buildReplaceCommandText" name="Error_4" time="0.011962"/>
    <testcase classname="unittest_buildReplaceCommandText" name="Error_5" time="0.011167"/>
    <testcase classname="unittest_buildReplaceCommandText" name="Error_6" time="0.012409"/>
    <testcase classname="unittest_buildReplaceCommandText" name="Error_7" time="0.025126"/>
  </testsuite>
  <testsuite errors="0" failures="0" name="unittest_replaceText" skipped="0" tests="7" time="0.42998">
    <testcase classname="unittest_replaceText" name="PassingTest_1" time="0.090517"/>
    <testcase classname="unittest_replaceText" name="PassingTest_2" time="0.15172"/>
    <testcase classname="unittest_replaceText" name="Error_1" time="0.025269"/>
    <testcase classname="unittest_replaceText" name="Error_2" time="0.03614"/>
    <testcase classname="unittest_replaceText" name="Error_3" time="0.013698"/>
    <testcase classname="unittest_replaceText" name="Test_1" time="0.057691"/>
    <testcase classname="unittest_replaceText" name="Test_2" time="0.054953"/>
  </testsuite>
  <testsuite errors="0" failures="0" name="unittest_searchFiles" skipped="0" tests="6" time="0.094893">
    <testcase classname="unittest_searchFiles" name="Test_error_1" time="0.023382"/>
    <testcase classname="unittest_searchFiles" name="Test_error_2" time="0.016211"/>
    <testcase classname="unittest_searchFiles" name="PassingTest_1" time="0.015967"/>
    <testcase classname="unittest_searchFiles" name="PassingTest_2" time="0.01576"/>
    <testcase classname="unittest_searchFiles" name="PassingTest_3" time="0.0098376"/>
    <testcase classname="unittest_searchFiles" name="PassingTest_4" time="0.013736"/>
  </testsuite>
  <testsuite errors="0" failures="0" name="unittest_searchText" skipped="0" tests="10" time="0.30669">
    <testcase classname="unittest_searchText" name="PassingTest_1" time="0.035066"/>
    <testcase classname="unittest_searchText" name="Error_1" time="0.019388"/>
    <testcase classname="unittest_searchText" name="Error_2" time="0.018741"/>
    <testcase classname="unittest_searchText" name="Error_3" time="0.022124"/>
    <testcase classname="unittest_searchText" name="Error_4" time="0.013304"/>
    <testcase classname="unittest_searchText" name="Test_1" time="0.015909"/>
    <testcase classname="unittest_searchText" name="Test_2" time="0.014874"/>
    <testcase classname="unittest_searchText" name="Test_3" time="0.034322"/>
    <testcase classname="unittest_searchText" name="Test_4" time="0.018821"/>
    <testcase classname="unittest_searchText" name="Test_5" time="0.11415"/>
  </testsuite>
</testsuites>
