<?xml version="1.0" encoding="UTF-8" standalone="no" ?>
<coverage branch-rate="NaN" branches-covered="NaN" branches-valid="NaN" complexity="NaN" line-rate="1" lines-covered="89" lines-valid="89" timestamp="1777027631.5762" version="">
  <sources>
    <source>C:\local\modutil\repo\worktrees\R2024b-devel\Devel\AppUtil\+AppUtil1\+Component\</source>
  </sources>
  <packages>
    <package branch-rate="NaN" complexity="NaN" line-rate="1" name="AppUtil1.Component">
      <classes>
        <class branch-rate="NaN" complexity="NaN" filename="PhysicalUnitLabel.m" line-rate="1" name="AppUtil1.Component.PhysicalUnitLabel">
          <methods>
            <method branch-rate="NaN" line-rate="1" name="setup" signature="setup(component)">
              <lines>
                <line hits="14" number="67"/>
                <line hits="14" number="71"/>
                <line hits="14" number="72"/>
                <line hits="14" number="73"/>
                <line hits="14" number="74"/>
                <line hits="14" number="75"/>
                <line hits="14" number="76"/>
                <line hits="14" number="78"/>
                <line hits="14" number="81"/>
                <line hits="14" number="84"/>
                <line hits="14" number="85"/>
                <line hits="14" number="87"/>
                <line hits="14" number="88"/>
                <line hits="14" number="90"/>
                <line hits="14" number="91"/>
              </lines>
            </method>
            <method branch-rate="NaN" line-rate="1" name="update" signature="update(component)">
              <lines>
                <line hits="15" number="97"/>
                <line hits="15" number="99"/>
                <line hits="15" number="100"/>
                <line hits="15" number="102"/>
                <line hits="15" number="103"/>
                <line hits="15" number="105"/>
                <line hits="12" number="106"/>
              </lines>
            </method>
            <method branch-rate="NaN" line-rate="1" name="get.UnitText" signature="unit_text = get.UnitText(component)">
              <lines>
                <line hits="6" number="128"/>
                <line hits="5" number="129"/>
                <line hits="6" number="131"/>
              </lines>
            </method>
            <method branch-rate="NaN" line-rate="1" name="set.UnitText" signature="set.UnitText(component, NewUnitText)">
              <lines>
                <line hits="15" number="140"/>
                <line hits="8" number="141"/>
                <line hits="15" number="145"/>
                <line hits="6" number="146"/>
                <line hits="2" number="148"/>
                <line hits="2" number="149"/>
                <line hits="2" number="151"/>
                <line hits="1" number="152"/>
                <line hits="1" number="153"/>
                <line hits="1" number="155"/>
                <line hits="1" number="161"/>
                <line hits="1" number="162"/>
                <line hits="1" number="164"/>
                <line hits="4" number="170"/>
                <line hits="2" number="171"/>
                <line hits="4" number="173"/>
                <line hits="1" number="174"/>
                <line hits="1" number="175"/>
                <line hits="1" number="177"/>
                <line hits="3" number="180"/>
                <line hits="3" number="181"/>
                <line hits="3" number="182"/>
                <line hits="9" number="188"/>
                <line hits="4" number="189"/>
                <line hits="9" number="191"/>
                <line hits="9" number="193"/>
                <line hits="1" number="194"/>
                <line hits="1" number="195"/>
                <line hits="1" number="196"/>
                <line hits="1" number="198"/>
                <line hits="8" number="201"/>
                <line hits="8" number="202"/>
                <line hits="8" number="203"/>
                <line hits="8" number="205"/>
                <line hits="8" number="207"/>
              </lines>
            </method>
            <method branch-rate="NaN" line-rate="1" name="get.UnitAlias" signature="AliasText = get.UnitAlias(component)">
              <lines>
                <line hits="3" number="220"/>
                <line hits="3" number="221"/>
                <line hits="3" number="223"/>
                <line hits="1" number="224"/>
                <line hits="2" number="226"/>
              </lines>
            </method>
            <method branch-rate="NaN" line-rate="1" name="set.UnitAlias" signature="set.UnitAlias(component, NewAliasString)">
              <lines>
                <line hits="5" number="236"/>
                <line hits="5" number="237"/>
                <line hits="5" number="240"/>
                <line hits="3" number="241"/>
                <line hits="3" number="242"/>
                <line hits="3" number="246"/>
                <line hits="3" number="247"/>
                <line hits="3" number="248"/>
                <line hits="3" number="249"/>
                <line hits="3" number="250"/>
                <line hits="3" number="252"/>
                <line hits="2" number="258"/>
                <line hits="1" number="259"/>
                <line hits="1" number="260"/>
                <line hits="1" number="262"/>
                <line hits="1" number="263"/>
                <line hits="1" number="265"/>
                <line hits="1" number="268"/>
                <line hits="1" number="269"/>
                <line hits="1" number="271"/>
                <line hits="1" number="272"/>
                <line hits="1" number="273"/>
              </lines>
            </method>
            <method branch-rate="NaN" line-rate="1" name="react_UnitLabelChanged" signature="react_UnitLabelChanged(component)">
              <lines>
                <line hits="16" number="281"/>
                <line hits="2" number="283"/>
              </lines>
            </method>
          </methods>
          <lines>
            <line hits="14" number="67"/>
            <line hits="14" number="71"/>
            <line hits="14" number="72"/>
            <line hits="14" number="73"/>
            <line hits="14" number="74"/>
            <line hits="14" number="75"/>
            <line hits="14" number="76"/>
            <line hits="14" number="78"/>
            <line hits="14" number="81"/>
            <line hits="14" number="84"/>
            <line hits="14" number="85"/>
            <line hits="14" number="87"/>
            <line hits="14" number="88"/>
            <line hits="14" number="90"/>
            <line hits="14" number="91"/>
            <line hits="15" number="97"/>
            <line hits="15" number="99"/>
            <line hits="15" number="100"/>
            <line hits="15" number="102"/>
            <line hits="15" number="103"/>
            <line hits="15" number="105"/>
            <line hits="12" number="106"/>
            <line hits="6" number="128"/>
            <line hits="5" number="129"/>
            <line hits="6" number="131"/>
            <line hits="15" number="140"/>
            <line hits="8" number="141"/>
            <line hits="15" number="145"/>
            <line hits="6" number="146"/>
            <line hits="2" number="148"/>
            <line hits="2" number="149"/>
            <line hits="2" number="151"/>
            <line hits="1" number="152"/>
            <line hits="1" number="153"/>
            <line hits="1" number="155"/>
            <line hits="1" number="161"/>
            <line hits="1" number="162"/>
            <line hits="1" number="164"/>
            <line hits="4" number="170"/>
            <line hits="2" number="171"/>
            <line hits="4" number="173"/>
            <line hits="1" number="174"/>
            <line hits="1" number="175"/>
            <line hits="1" number="177"/>
            <line hits="3" number="180"/>
            <line hits="3" number="181"/>
            <line hits="3" number="182"/>
            <line hits="9" number="188"/>
            <line hits="4" number="189"/>
            <line hits="9" number="191"/>
            <line hits="9" number="193"/>
            <line hits="1" number="194"/>
            <line hits="1" number="195"/>
            <line hits="1" number="196"/>
            <line hits="1" number="198"/>
            <line hits="8" number="201"/>
            <line hits="8" number="202"/>
            <line hits="8" number="203"/>
            <line hits="8" number="205"/>
            <line hits="8" number="207"/>
            <line hits="3" number="220"/>
            <line hits="3" number="221"/>
            <line hits="3" number="223"/>
            <line hits="1" number="224"/>
            <line hits="2" number="226"/>
            <line hits="5" number="236"/>
            <line hits="5" number="237"/>
            <line hits="5" number="240"/>
            <line hits="3" number="241"/>
            <line hits="3" number="242"/>
            <line hits="3" number="246"/>
            <line hits="3" number="247"/>
            <line hits="3" number="248"/>
            <line hits="3" number="249"/>
            <line hits="3" number="250"/>
            <line hits="3" number="252"/>
            <line hits="2" number="258"/>
            <line hits="1" number="259"/>
            <line hits="1" number="260"/>
            <line hits="1" number="262"/>
            <line hits="1" number="263"/>
            <line hits="1" number="265"/>
            <line hits="1" number="268"/>
            <line hits="1" number="269"/>
            <line hits="1" number="271"/>
            <line hits="1" number="272"/>
            <line hits="1" number="273"/>
            <line hits="16" number="281"/>
            <line hits="2" number="283"/>
          </lines>
        </class>
      </classes>
    </package>
  </packages>
</coverage>
