<?xml version="1.0" encoding="UTF-8" standalone="no" ?>
<testsuites>
  <testsuite errors="0" failures="0" name="uiTest_CodeUtil" skipped="0" tests="2" time="2.1703">
    <testcase classname="uiTest_CodeUtil" name="app_launches_without_warnings_1" time="0.72255"/>
    <testcase classname="uiTest_CodeUtil" name="app_launches_without_warnings_2" time="1.4477"/>
  </testsuite>
  <testsuite errors="0" failures="0" name="uiUptodateTest_CodeUtil" skipped="0" tests="4" time="0.053555">
    <testcase classname="uiUptodateTest_CodeUtil" name="app_screenshot_dark_1" time="0.029067"/>
    <testcase classname="uiUptodateTest_CodeUtil" name="app_screenshot_light_1" time="0.0054825"/>
    <testcase classname="uiUptodateTest_CodeUtil" name="app_screenshot_dark_2" time="0.014255"/>
    <testcase classname="uiUptodateTest_CodeUtil" name="app_screenshot_light_2" time="0.0047497"/>
  </testsuite>
  <testsuite errors="0" failures="0" name="uiTest_DoubleValue" skipped="0" tests="3" time="4.3936">
    <testcase classname="uiTest_DoubleValue" name="app_launches_without_warnings_1" time="0.78087"/>
    <testcase classname="uiTest_DoubleValue" name="app_launches_without_warnings_2" time="1.2625"/>
    <testcase classname="uiTest_DoubleValue" name="Gesture_1" time="2.3502"/>
  </testsuite>
  <testsuite errors="0" failures="0" name="uiUptodateTest_DoubleValue" skipped="0" tests="4" time="0.042165">
    <testcase classname="uiUptodateTest_DoubleValue" name="app_screenshot_dark_1" time="0.020631"/>
    <testcase classname="uiUptodateTest_DoubleValue" name="app_screenshot_light_1" time="0.0035576"/>
    <testcase classname="uiUptodateTest_DoubleValue" name="app_screenshot_dark_2" time="0.013886"/>
    <testcase classname="uiUptodateTest_DoubleValue" name="app_screenshot_light_2" time="0.0040906"/>
  </testsuite>
  <testsuite errors="0" failures="0" name="unittest_DoubleValue" skipped="0" tests="15" time="0.085226">
    <testcase classname="unittest_DoubleValue" name="PassingTest_1" time="0.0031473"/>
    <testcase classname="unittest_DoubleValue" name="PassingTest_2" time="0.002921"/>
    <testcase classname="unittest_DoubleValue" name="PassingTest_3" time="0.0041702"/>
    <testcase classname="unittest_DoubleValue" name="PassingTest_4" time="0.0066084"/>
    <testcase classname="unittest_DoubleValue" name="Test_Default_1" time="0.0066468"/>
    <testcase classname="unittest_DoubleValue" name="Test_ValueText_1_1" time="0.0017806"/>
    <testcase classname="unittest_DoubleValue" name="Test_ValueText_1_2" time="0.011171"/>
    <testcase classname="unittest_DoubleValue" name="Test_ValueText_1_3" time="0.0060753"/>
    <testcase classname="unittest_DoubleValue" name="Test_ValueText_1_4" time="0.0058569"/>
    <testcase classname="unittest_DoubleValue" name="Test_ValueText_1_5" time="0.0036596"/>
    <testcase classname="unittest_DoubleValue" name="Test_ValueText_1_6" time="0.0047351"/>
    <testcase classname="unittest_DoubleValue" name="Test_ValueText_2" time="0.010232"/>
    <testcase classname="unittest_DoubleValue" name="Test_ValueText_3_1" time="0.0054055"/>
    <testcase classname="unittest_DoubleValue" name="Test_workspace_1" time="0.0038979"/>
    <testcase classname="unittest_DoubleValue" name="Test_workspace_2" time="0.0089185"/>
  </testsuite>
  <testsuite errors="0" failures="0" name="uiTest_PhysicalValue" skipped="0" tests="6" time="13.8829">
    <testcase classname="uiTest_PhysicalValue" name="clean_launch_1" time="0.53887"/>
    <testcase classname="uiTest_PhysicalValue" name="clean_launch_2" time="1.3981"/>
    <testcase classname="uiTest_PhysicalValue" name="Geasture_1_1" time="3.776"/>
    <testcase classname="uiTest_PhysicalValue" name="Geasture_1_2" time="2.6998"/>
    <testcase classname="uiTest_PhysicalValue" name="Geasture_2_1" time="2.7805"/>
    <testcase classname="uiTest_PhysicalValue" name="Geasture_2_2" time="2.6896"/>
  </testsuite>
  <testsuite errors="0" failures="0" name="uiUptodateTest_PhysicalValue" skipped="0" tests="4" time="0.046625">
    <testcase classname="uiUptodateTest_PhysicalValue" name="app_screenshot_dark_1" time="0.023319"/>
    <testcase classname="uiUptodateTest_PhysicalValue" name="app_screenshot_light_1" time="0.0041625"/>
    <testcase classname="uiUptodateTest_PhysicalValue" name="app_screenshot_dark_2" time="0.014146"/>
    <testcase classname="uiUptodateTest_PhysicalValue" name="app_screenshot_light_2" time="0.004998"/>
  </testsuite>
  <testsuite errors="0" failures="0" name="unittest_PhysicalValue" skipped="0" tests="46" time="0.24682">
    <testcase classname="unittest_PhysicalValue" name="PassingTest_1" time="0.0031981"/>
    <testcase classname="unittest_PhysicalValue" name="Test_Default_1" time="0.0040011"/>
    <testcase classname="unittest_PhysicalValue" name="set_SimscapeValue_Initialization_1" time="0.0044773"/>
    <testcase classname="unittest_PhysicalValue" name="set_SimscapeValue_PassingTest_1" time="0.002386"/>
    <testcase classname="unittest_PhysicalValue" name="set_SimscapeValue_PassingTest_2" time="0.001852"/>
    <testcase classname="unittest_PhysicalValue" name="set_SimscapeValue_Error_1" time="0.0081873"/>
    <testcase classname="unittest_PhysicalValue" name="set_SimscapeValue_Error_2" time="0.0084472"/>
    <testcase classname="unittest_PhysicalValue" name="get_SimscapeValue_Test_1" time="0.0064047"/>
    <testcase classname="unittest_PhysicalValue" name="get_SimscapeValue_Test_2" time="0.0029131"/>
    <testcase classname="unittest_PhysicalValue" name="set_ValueText_initialization_1" time="0.0016773"/>
    <testcase classname="unittest_PhysicalValue" name="set_ValueText_test_1" time="0.013298"/>
    <testcase classname="unittest_PhysicalValue" name="set_ValueText_test_2" time="0.0045607"/>
    <testcase classname="unittest_PhysicalValue" name="set_ValueText_test_3" time="0.0041455"/>
    <testcase classname="unittest_PhysicalValue" name="set_ValueText_constructor_1" time="0.0038876"/>
    <testcase classname="unittest_PhysicalValue" name="set_ValueText_error_1" time="0.0089539"/>
    <testcase classname="unittest_PhysicalValue" name="set_UnitText_Initialization_1" time="0.0019007"/>
    <testcase classname="unittest_PhysicalValue" name="set_UnitText_PassingTest_1" time="0.0044392"/>
    <testcase classname="unittest_PhysicalValue" name="set_UnitText_ErrorTest_1" time="0.006036"/>
    <testcase classname="unittest_PhysicalValue" name="set_UnitText_ErrorTest_2" time="0.0072723"/>
    <testcase classname="unittest_PhysicalValue" name="constructor_1_ok" time="0.0014629"/>
    <testcase classname="unittest_PhysicalValue" name="constructor_2_1_error" time="0.0071648"/>
    <testcase classname="unittest_PhysicalValue" name="constructor_2_2_ok" time="0.0027212"/>
    <testcase classname="unittest_PhysicalValue" name="constructor_2_3_error" time="0.010239"/>
    <testcase classname="unittest_PhysicalValue" name="constructor_2_4_ok" time="0.0023605"/>
    <testcase classname="unittest_PhysicalValue" name="constructor_3_ok" time="0.0028423"/>
    <testcase classname="unittest_PhysicalValue" name="constructor_4_ok" time="0.0011712"/>
    <testcase classname="unittest_PhysicalValue" name="constructor_5_ok" time="0.0026366"/>
    <testcase classname="unittest_PhysicalValue" name="constructor_6_1_error" time="0.009517"/>
    <testcase classname="unittest_PhysicalValue" name="constructor_6_2_ok" time="0.0019977"/>
    <testcase classname="unittest_PhysicalValue" name="constructor_7_1_error" time="0.0078256"/>
    <testcase classname="unittest_PhysicalValue" name="constructor_7_2_ok" time="0.0018655"/>
    <testcase classname="unittest_PhysicalValue" name="get_ValueText_Test_1" time="0.0028611"/>
    <testcase classname="unittest_PhysicalValue" name="get_ValueText_Test_2" time="0.0018682"/>
    <testcase classname="unittest_PhysicalValue" name="get_UnitText_Test_1" time="0.0033685"/>
    <testcase classname="unittest_PhysicalValue" name="get_UnitText_Test_2" time="0.0019648"/>
    <testcase classname="unittest_PhysicalValue" name="set_UnitAlias_Test_1" time="0.0020248"/>
    <testcase classname="unittest_PhysicalValue" name="set_UnitAlias_Test_2" time="0.0020643"/>
    <testcase classname="unittest_PhysicalValue" name="Test_UnitAlias_3" time="0.0052297"/>
    <testcase classname="unittest_PhysicalValue" name="get_UnitAlias_Test_1" time="0.002638"/>
    <testcase classname="unittest_PhysicalValue" name="EventListner_1" time="0.0080222"/>
    <testcase classname="unittest_PhysicalValue" name="BaseWorkspace_1" time="0.0043171"/>
    <testcase classname="unittest_PhysicalValue" name="BaseWorkspace_2" time="0.0055738"/>
    <testcase classname="unittest_PhysicalValue" name="BaseWorkspace_3" time="0.014832"/>
    <testcase classname="unittest_PhysicalValue" name="DemoScript_PassingTest_1" time="0.02388"/>
    <testcase classname="unittest_PhysicalValue" name="DemoScript_PassingTest_2" time="0.007786"/>
    <testcase classname="unittest_PhysicalValue" name="DemoScript_PassingTest_3" time="0.010544"/>
  </testsuite>
  <testsuite errors="0" failures="0" name="unittest_cleanupCodeText" skipped="0" tests="2" time="0.0090016">
    <testcase classname="unittest_cleanupCodeText" name="PassingTest_1" time="0.0029274"/>
    <testcase classname="unittest_cleanupCodeText" name="PassingTest_2" time="0.0060742"/>
  </testsuite>
  <testsuite errors="0" failures="0" name="unittest_getDoubleOrSimscapeValueFromText" skipped="0" tests="16" time="0.049533">
    <testcase classname="unittest_getDoubleOrSimscapeValueFromText" name="PassingTest_1" time="0.003054"/>
    <testcase classname="unittest_getDoubleOrSimscapeValueFromText" name="Test_default_1" time="0.0039433"/>
    <testcase classname="unittest_getDoubleOrSimscapeValueFromText" name="Test_empty_text_1" time="0.0026135"/>
    <testcase classname="unittest_getDoubleOrSimscapeValueFromText" name="Test_empty_text_2" time="0.002214"/>
    <testcase classname="unittest_getDoubleOrSimscapeValueFromText" name="Test_MaxTextLength_1" time="0.0033313"/>
    <testcase classname="unittest_getDoubleOrSimscapeValueFromText" name="Test_MaxTextLength_2" time="0.0076238"/>
    <testcase classname="unittest_getDoubleOrSimscapeValueFromText" name="Test_MaxTextLength_3" time="0.0019444"/>
    <testcase classname="unittest_getDoubleOrSimscapeValueFromText" name="Test_MaxTextLength_4" time="0.0041889"/>
    <testcase classname="unittest_getDoubleOrSimscapeValueFromText" name="Test_simscapeValue_1" time="0.0042142"/>
    <testcase classname="unittest_getDoubleOrSimscapeValueFromText" name="Test_simscapeValue_2" time="0.0029483"/>
    <testcase classname="unittest_getDoubleOrSimscapeValueFromText" name="Test_simscapeValue_3" time="0.0022863"/>
    <testcase classname="unittest_getDoubleOrSimscapeValueFromText" name="Test_double_1" time="0.002072"/>
    <testcase classname="unittest_getDoubleOrSimscapeValueFromText" name="Test_evaluated_1" time="0.0017279"/>
    <testcase classname="unittest_getDoubleOrSimscapeValueFromText" name="Test_evaluated_2" time="0.0014219"/>
    <testcase classname="unittest_getDoubleOrSimscapeValueFromText" name="Test_evaluated_3" time="0.0036972"/>
    <testcase classname="unittest_getDoubleOrSimscapeValueFromText" name="Test_workspace_1" time="0.0022522"/>
  </testsuite>
  <testsuite errors="0" failures="0" name="unittest_getNumberArrayFromText" skipped="0" tests="6" time="0.026634">
    <testcase classname="unittest_getNumberArrayFromText" name="Test_1" time="0.0028184"/>
    <testcase classname="unittest_getNumberArrayFromText" name="Test_2" time="0.0024676"/>
    <testcase classname="unittest_getNumberArrayFromText" name="Test_3" time="0.0015036"/>
    <testcase classname="unittest_getNumberArrayFromText" name="Test_4" time="0.0009145"/>
    <testcase classname="unittest_getNumberArrayFromText" name="Test_5" time="0.0008491"/>
    <testcase classname="unittest_getNumberArrayFromText" name="Test_error_1" time="0.018081"/>
  </testsuite>
  <testsuite errors="0" failures="0" name="unittest_getNumericValueFromText" skipped="0" tests="7" time="0.021754">
    <testcase classname="unittest_getNumericValueFromText" name="Test_1" time="0.0035519"/>
    <testcase classname="unittest_getNumericValueFromText" name="Test_2" time="0.0016201"/>
    <testcase classname="unittest_getNumericValueFromText" name="Test_3" time="0.0008315"/>
    <testcase classname="unittest_getNumericValueFromText" name="Test_workspace_1" time="0.001572"/>
    <testcase classname="unittest_getNumericValueFromText" name="Test_workspace_2" time="0.002911"/>
    <testcase classname="unittest_getNumericValueFromText" name="Test_workspace_3" time="0.0007978"/>
    <testcase classname="unittest_getNumericValueFromText" name="Test_error_1" time="0.01047"/>
  </testsuite>
  <testsuite errors="0" failures="0" name="unittest_mustBeNonnegativeOrNan" skipped="0" tests="4" time="0.03043">
    <testcase classname="unittest_mustBeNonnegativeOrNan" name="PassingTest_1" time="0.0029042"/>
    <testcase classname="unittest_mustBeNonnegativeOrNan" name="PassingTest_2" time="0.0007486"/>
    <testcase classname="unittest_mustBeNonnegativeOrNan" name="Error_1" time="0.019826"/>
    <testcase classname="unittest_mustBeNonnegativeOrNan" name="Error_2" time="0.0069518"/>
  </testsuite>
  <testsuite errors="0" failures="0" name="unittest_mustBeNumericValueStringOrValidNameOrEmpty" skipped="0" tests="15" time="0.034288">
    <testcase classname="unittest_mustBeNumericValueStringOrValidNameOrEmpty" name="Test_1" time="0.0038912"/>
    <testcase classname="unittest_mustBeNumericValueStringOrValidNameOrEmpty" name="Test_2" time="0.0008911"/>
    <testcase classname="unittest_mustBeNumericValueStringOrValidNameOrEmpty" name="Test_3" time="0.0009306"/>
    <testcase classname="unittest_mustBeNumericValueStringOrValidNameOrEmpty" name="Test_4" time="0.000972"/>
    <testcase classname="unittest_mustBeNumericValueStringOrValidNameOrEmpty" name="Test_value_1" time="0.0010826"/>
    <testcase classname="unittest_mustBeNumericValueStringOrValidNameOrEmpty" name="Test_value_2" time="0.0010941"/>
    <testcase classname="unittest_mustBeNumericValueStringOrValidNameOrEmpty" name="Test_value_3" time="0.000875"/>
    <testcase classname="unittest_mustBeNumericValueStringOrValidNameOrEmpty" name="Test_value_4" time="0.001023"/>
    <testcase classname="unittest_mustBeNumericValueStringOrValidNameOrEmpty" name="Test_value_5" time="0.0013011"/>
    <testcase classname="unittest_mustBeNumericValueStringOrValidNameOrEmpty" name="Test_value_6" time="0.0011268"/>
    <testcase classname="unittest_mustBeNumericValueStringOrValidNameOrEmpty" name="Test_error_1" time="0.0056936"/>
    <testcase classname="unittest_mustBeNumericValueStringOrValidNameOrEmpty" name="Test_error_2" time="0.0035724"/>
    <testcase classname="unittest_mustBeNumericValueStringOrValidNameOrEmpty" name="Test_error_3" time="0.0039511"/>
    <testcase classname="unittest_mustBeNumericValueStringOrValidNameOrEmpty" name="Test_error_4" time="0.0044626"/>
    <testcase classname="unittest_mustBeNumericValueStringOrValidNameOrEmpty" name="Test_error_5" time="0.0034213"/>
  </testsuite>
  <testsuite errors="0" failures="0" name="unittest_mustBePhysicalUnit" skipped="0" tests="6" time="0.020001">
    <testcase classname="unittest_mustBePhysicalUnit" name="Test_1" time="0.0041536"/>
    <testcase classname="unittest_mustBePhysicalUnit" name="Test_2" time="0.0009671"/>
    <testcase classname="unittest_mustBePhysicalUnit" name="Test_3" time="0.0010518"/>
    <testcase classname="unittest_mustBePhysicalUnit" name="Test_error_1" time="0.0059462"/>
    <testcase classname="unittest_mustBePhysicalUnit" name="Test_error_2" time="0.0047061"/>
    <testcase classname="unittest_mustBePhysicalUnit" name="Test_error_3" time="0.0031761"/>
  </testsuite>
  <testsuite errors="0" failures="0" name="unittest_mustBePositiveOrNan" skipped="0" tests="4" time="0.019775">
    <testcase classname="unittest_mustBePositiveOrNan" name="PassingTest_1" time="0.0030291"/>
    <testcase classname="unittest_mustBePositiveOrNan" name="PassingTest_2" time="0.0011396"/>
    <testcase classname="unittest_mustBePositiveOrNan" name="Error_1" time="0.011228"/>
    <testcase classname="unittest_mustBePositiveOrNan" name="Error_2" time="0.0043781"/>
  </testsuite>
  <testsuite errors="0" failures="0" name="unittest_mustBeSimscapeValueNonnegativeOrNan" skipped="0" tests="5" time="0.017424">
    <testcase classname="unittest_mustBeSimscapeValueNonnegativeOrNan" name="PassingTest_1" time="0.003449"/>
    <testcase classname="unittest_mustBeSimscapeValueNonnegativeOrNan" name="PassingTest_2" time="0.0010419"/>
    <testcase classname="unittest_mustBeSimscapeValueNonnegativeOrNan" name="PassingTest_3" time="0.0013308"/>
    <testcase classname="unittest_mustBeSimscapeValueNonnegativeOrNan" name="Test_1" time="0.0074676"/>
    <testcase classname="unittest_mustBeSimscapeValueNonnegativeOrNan" name="Test_2" time="0.0041344"/>
  </testsuite>
  <testsuite errors="0" failures="0" name="unittest_mustBeSimscapeValuePositiveOrNan" skipped="0" tests="4" time="0.017335">
    <testcase classname="unittest_mustBeSimscapeValuePositiveOrNan" name="PassingTest_1" time="0.0034669"/>
    <testcase classname="unittest_mustBeSimscapeValuePositiveOrNan" name="PassingTest_2" time="0.0009349"/>
    <testcase classname="unittest_mustBeSimscapeValuePositiveOrNan" name="Error_1" time="0.0071261"/>
    <testcase classname="unittest_mustBeSimscapeValuePositiveOrNan" name="Error_2" time="0.0058073"/>
  </testsuite>
  <testsuite errors="0" failures="0" name="unittest_mustBeSimscapeValueStrictAscend" skipped="0" tests="3" time="0.012414">
    <testcase classname="unittest_mustBeSimscapeValueStrictAscend" name="PassingTest_1" time="0.0033985"/>
    <testcase classname="unittest_mustBeSimscapeValueStrictAscend" name="PassingTest_2" time="0.0019809"/>
    <testcase classname="unittest_mustBeSimscapeValueStrictAscend" name="Test_1" time="0.007035"/>
  </testsuite>
  <testsuite errors="0" failures="0" name="unittest_mustBeStrictAscend" skipped="0" tests="4" time="0.012442">
    <testcase classname="unittest_mustBeStrictAscend" name="Test_1" time="0.0031943"/>
    <testcase classname="unittest_mustBeStrictAscend" name="Test_2" time="0.0010968"/>
    <testcase classname="unittest_mustBeStrictAscend" name="Test_3" time="0.0009745"/>
    <testcase classname="unittest_mustBeStrictAscend" name="Test_error_1" time="0.0071767"/>
  </testsuite>
  <testsuite errors="0" failures="0" name="unittest_mustBeStringOrPositiveInteger" skipped="0" tests="4" time="0.0099278">
    <testcase classname="unittest_mustBeStringOrPositiveInteger" name="Test_1" time="0.0001054"/>
    <testcase classname="unittest_mustBeStringOrPositiveInteger" name="Test_2" time="0.0001337"/>
    <testcase classname="unittest_mustBeStringOrPositiveInteger" name="Test_error_1" time="0.0066334"/>
    <testcase classname="unittest_mustBeStringOrPositiveInteger" name="Test_error_2" time="0.0030553"/>
  </testsuite>
  <testsuite errors="0" failures="0" name="unittest_mustBeTextOrNonnegativeNumber" skipped="0" tests="4" time="0.0079294">
    <testcase classname="unittest_mustBeTextOrNonnegativeNumber" name="PassingTest_1" time="0.0008806"/>
    <testcase classname="unittest_mustBeTextOrNonnegativeNumber" name="PassingTest_2" time="0.0006463"/>
    <testcase classname="unittest_mustBeTextOrNonnegativeNumber" name="PassingTest_3" time="0.000212"/>
    <testcase classname="unittest_mustBeTextOrNonnegativeNumber" name="Test_error_1" time="0.0061905"/>
  </testsuite>
  <testsuite errors="0" failures="0" name="unittest_mustBeTextOrPositiveInteger" skipped="0" tests="4" time="0.011204">
    <testcase classname="unittest_mustBeTextOrPositiveInteger" name="Test_1" time="0.0009757"/>
    <testcase classname="unittest_mustBeTextOrPositiveInteger" name="Test_2" time="0.0003445"/>
    <testcase classname="unittest_mustBeTextOrPositiveInteger" name="Test_error_1" time="0.0067938"/>
    <testcase classname="unittest_mustBeTextOrPositiveInteger" name="Test_error_2" time="0.0030896"/>
  </testsuite>
  <testsuite errors="0" failures="0" name="unittest_mustBeTextOrPositiveNumber" skipped="0" tests="3" time="0.0065233">
    <testcase classname="unittest_mustBeTextOrPositiveNumber" name="Test_1" time="0.000111"/>
    <testcase classname="unittest_mustBeTextOrPositiveNumber" name="Test_2" time="0.0001461"/>
    <testcase classname="unittest_mustBeTextOrPositiveNumber" name="Test_error_1" time="0.0062662"/>
  </testsuite>
  <testsuite errors="0" failures="0" name="unittest_squashCodeText" skipped="0" tests="12" time="0.030864">
    <testcase classname="unittest_squashCodeText" name="Test_1" time="0.0096249"/>
    <testcase classname="unittest_squashCodeText" name="Test_2" time="0.0019456"/>
    <testcase classname="unittest_squashCodeText" name="Test_3" time="0.001949"/>
    <testcase classname="unittest_squashCodeText" name="Test_4" time="0.0024279"/>
    <testcase classname="unittest_squashCodeText" name="TestRowVector_1" time="0.0023245"/>
    <testcase classname="unittest_squashCodeText" name="TestRowVector_2" time="0.0021144"/>
    <testcase classname="unittest_squashCodeText" name="TestRowVector_3" time="0.0019116"/>
    <testcase classname="unittest_squashCodeText" name="TestColumnVector_1" time="0.0014711"/>
    <testcase classname="unittest_squashCodeText" name="TestColumnVector_2" time="0.0015345"/>
    <testcase classname="unittest_squashCodeText" name="TestMatrix_1" time="0.0013836"/>
    <testcase classname="unittest_squashCodeText" name="TestMatrix_2" time="0.0022286"/>
    <testcase classname="unittest_squashCodeText" name="TestMatrix_3" time="0.0019488"/>
  </testsuite>
</testsuites>
