<?xml version="1.0" encoding="UTF-8" standalone="no" ?>
<coverage branch-rate="NaN" branches-covered="NaN" branches-valid="NaN" complexity="NaN" line-rate="0.74044" lines-covered="639" lines-valid="863" timestamp="1769544606.0083" version="">
  <sources>
    <source>C:\local\modutil\modeling-utility\Devel\AppsForPhysicalSystems\</source>
  </sources>
  <packages>
    <package branch-rate="NaN" complexity="NaN" line-rate="0.60215" name="">
      <classes>
        <class branch-rate="NaN" complexity="NaN" filename="CodeCoverageApp_AppsForPhysicalSystems.m" line-rate="1" name="CodeCoverageApp_AppsForPhysicalSystems">
          <methods/>
          <lines>
            <line hits="1" number="4"/>
            <line hits="2" number="11"/>
            <line hits="2" number="13"/>
            <line hits="2" number="15"/>
            <line hits="2" number="16"/>
          </lines>
        </class>
        <class branch-rate="NaN" complexity="NaN" filename="RotationalFriction\RotationalFrictionApp.m" line-rate="1" name="RotationalFrictionApp">
          <methods/>
          <lines>
            <line hits="5" number="13"/>
            <line hits="5" number="14"/>
            <line hits="5" number="17"/>
            <line hits="5" number="18"/>
            <line hits="5" number="21"/>
            <line hits="5" number="22"/>
            <line hits="5" number="23"/>
            <line hits="5" number="24"/>
            <line hits="5" number="25"/>
            <line hits="5" number="28"/>
            <line hits="5" number="30"/>
            <line hits="5" number="31"/>
          </lines>
        </class>
        <class branch-rate="NaN" complexity="NaN" filename="RotationalFriction\RotationalFrictionCustomApp1.m" line-rate="1" name="RotationalFrictionCustomApp1">
          <methods/>
          <lines>
            <line hits="1" number="13"/>
            <line hits="1" number="17"/>
            <line hits="1" number="18"/>
            <line hits="1" number="22"/>
            <line hits="1" number="23"/>
            <line hits="1" number="25"/>
            <line hits="1" number="26"/>
            <line hits="1" number="27"/>
            <line hits="1" number="30"/>
            <line hits="1" number="35"/>
            <line hits="1" number="36"/>
            <line hits="1" number="38"/>
            <line hits="1" number="39"/>
            <line hits="1" number="41"/>
            <line hits="1" number="42"/>
            <line hits="1" number="44"/>
            <line hits="1" number="45"/>
            <line hits="1" number="49"/>
            <line hits="1" number="50"/>
          </lines>
        </class>
        <class branch-rate="NaN" complexity="NaN" filename="RotationalFriction\RotationalFriction_Description.mlx" line-rate="1" name="RotationalFriction_Description">
          <methods/>
          <lines>
            <line hits="1" number="1"/>
          </lines>
        </class>
        <class branch-rate="NaN" complexity="NaN" filename="RotationalFriction\Test\apptest_RotationalFrictionAppMain_1_simplest.m" line-rate="0" name="apptest_RotationalFrictionAppMain_1_simplest">
          <methods/>
          <lines>
            <line hits="0" number="9"/>
            <line hits="0" number="11"/>
            <line hits="0" number="12"/>
          </lines>
        </class>
        <class branch-rate="NaN" complexity="NaN" filename="RotationalFriction\Test\apptest_RotationalFrictionApp_1_simplest.m" line-rate="0" name="apptest_RotationalFrictionApp_1_simplest">
          <methods/>
          <lines>
            <line hits="0" number="9"/>
            <line hits="0" number="11"/>
            <line hits="0" number="12"/>
          </lines>
        </class>
        <class branch-rate="NaN" complexity="NaN" filename="RotationalFriction\Test\uiTest_RotationalFriction.m" line-rate="1" name="uiTest_RotationalFriction">
          <methods>
            <method branch-rate="NaN" line-rate="1" name="test_method_setup" signature="test_method_setup(testcase)">
              <lines>
                <line hits="16" number="26"/>
                <line hits="16" number="27"/>
                <line hits="16" number="28"/>
                <line hits="16" number="33"/>
                <line hits="16" number="35"/>
                <line hits="16" number="36"/>
              </lines>
            </method>
            <method branch-rate="NaN" line-rate="1" name="app_launches_without_warnings_1" signature="app_launches_without_warnings_1(testcase)">
              <lines>
                <line hits="1" number="52"/>
                <line hits="1" number="54"/>
              </lines>
            </method>
            <method branch-rate="NaN" line-rate="1" name="app_launches_without_warnings_2" signature="app_launches_without_warnings_2(testcase)">
              <lines>
                <line hits="1" number="59"/>
                <line hits="1" number="61"/>
              </lines>
            </method>
            <method branch-rate="NaN" line-rate="1" name="app_launches_without_warnings_3" signature="app_launches_without_warnings_3(testcase)">
              <lines>
                <line hits="1" number="66"/>
                <line hits="1" number="68"/>
              </lines>
            </method>
            <method branch-rate="NaN" line-rate="1" name="Test_error_1" signature="Test_error_1(testcase)">
              <lines>
                <line hits="1" number="75"/>
                <line hits="1" number="78"/>
                <line hits="1" number="79"/>
                <line hits="1" number="81"/>
                <line hits="1" number="82"/>
              </lines>
            </method>
            <method branch-rate="NaN" line-rate="1" name="Test_error_2" signature="Test_error_2(testcase)">
              <lines>
                <line hits="1" number="87"/>
                <line hits="1" number="90"/>
                <line hits="1" number="91"/>
                <line hits="1" number="93"/>
                <line hits="1" number="94"/>
                <line hits="1" number="95"/>
              </lines>
            </method>
            <method branch-rate="NaN" line-rate="1" name="VisualTest_1_1" signature="VisualTest_1_1(testcase)">
              <lines>
                <line hits="1" number="104"/>
              </lines>
            </method>
            <method branch-rate="NaN" line-rate="1" name="VisualTest_1_2" signature="VisualTest_1_2(testcase)">
              <lines>
                <line hits="1" number="109"/>
              </lines>
            </method>
            <method branch-rate="NaN" line-rate="1" name="VisualTest_2_1" signature="VisualTest_2_1(testcase)">
              <lines>
                <line hits="1" number="114"/>
                <line hits="1" number="117"/>
                <line hits="1" number="118"/>
              </lines>
            </method>
            <method branch-rate="NaN" line-rate="1" name="VisualTest_2_2" signature="VisualTest_2_2(testcase)">
              <lines>
                <line hits="1" number="123"/>
                <line hits="1" number="126"/>
                <line hits="1" number="127"/>
              </lines>
            </method>
            <method branch-rate="NaN" line-rate="1" name="VisualTest_3" signature="VisualTest_3(testcase)">
              <lines>
                <line hits="1" number="132"/>
                <line hits="1" number="134"/>
                <line hits="1" number="135"/>
                <line hits="1" number="136"/>
                <line hits="1" number="138"/>
                <line hits="1" number="139"/>
                <line hits="1" number="141"/>
                <line hits="1" number="142"/>
                <line hits="1" number="144"/>
                <line hits="1" number="145"/>
              </lines>
            </method>
            <method branch-rate="NaN" line-rate="1" name="Test_samplemodel_1" signature="Test_samplemodel_1(testcase)">
              <lines>
                <line hits="1" number="154"/>
                <line hits="1" number="156"/>
                <line hits="1" number="158"/>
                <line hits="1" number="160"/>
                <line hits="1" number="163"/>
                <line hits="1" number="164"/>
                <line hits="1" number="167"/>
                <line hits="1" number="168"/>
              </lines>
            </method>
            <method branch-rate="NaN" line-rate="1" name="Test_with_samplemodel_1" signature="Test_with_samplemodel_1(testcase)">
              <lines>
                <line hits="1" number="173"/>
                <line hits="1" number="174"/>
              </lines>
            </method>
            <method branch-rate="NaN" line-rate="1" name="Test_with_samplemodel_2" signature="Test_with_samplemodel_2(testcase)">
              <lines>
                <line hits="1" number="180"/>
                <line hits="1" number="181"/>
                <line hits="1" number="182"/>
                <line hits="1" number="183"/>
              </lines>
            </method>
            <method branch-rate="NaN" line-rate="1" name="Test_1" signature="Test_1(testcase)">
              <lines>
                <line hits="1" number="191"/>
                <line hits="1" number="192"/>
                <line hits="1" number="195"/>
                <line hits="1" number="200"/>
                <line hits="1" number="201"/>
                <line hits="1" number="202"/>
                <line hits="1" number="205"/>
                <line hits="1" number="206"/>
                <line hits="1" number="207"/>
                <line hits="1" number="210"/>
                <line hits="1" number="211"/>
                <line hits="1" number="212"/>
                <line hits="1" number="215"/>
                <line hits="1" number="216"/>
                <line hits="1" number="217"/>
                <line hits="1" number="220"/>
                <line hits="1" number="221"/>
                <line hits="1" number="222"/>
                <line hits="1" number="225"/>
                <line hits="1" number="226"/>
                <line hits="1" number="227"/>
                <line hits="1" number="230"/>
                <line hits="1" number="231"/>
                <line hits="1" number="232"/>
                <line hits="1" number="235"/>
                <line hits="1" number="236"/>
                <line hits="1" number="237"/>
              </lines>
            </method>
            <method branch-rate="NaN" line-rate="1" name="Test_2" signature="Test_2(testcase)">
              <lines>
                <line hits="1" number="242"/>
                <line hits="1" number="243"/>
                <line hits="1" number="244"/>
                <line hits="1" number="249"/>
                <line hits="1" number="250"/>
                <line hits="1" number="251"/>
                <line hits="1" number="253"/>
                <line hits="1" number="254"/>
                <line hits="1" number="255"/>
              </lines>
            </method>
            <method branch-rate="NaN" line-rate="1" name="Gesture_1" signature="Gesture_1(testcase)">
              <lines>
                <line hits="1" number="264"/>
                <line hits="1" number="265"/>
                <line hits="1" number="266"/>
              </lines>
            </method>
          </methods>
          <lines>
            <line hits="16" number="26"/>
            <line hits="16" number="27"/>
            <line hits="16" number="28"/>
            <line hits="16" number="33"/>
            <line hits="16" number="35"/>
            <line hits="16" number="36"/>
            <line hits="1" number="52"/>
            <line hits="1" number="54"/>
            <line hits="1" number="59"/>
            <line hits="1" number="61"/>
            <line hits="1" number="66"/>
            <line hits="1" number="68"/>
            <line hits="1" number="75"/>
            <line hits="1" number="78"/>
            <line hits="1" number="79"/>
            <line hits="1" number="81"/>
            <line hits="1" number="82"/>
            <line hits="1" number="87"/>
            <line hits="1" number="90"/>
            <line hits="1" number="91"/>
            <line hits="1" number="93"/>
            <line hits="1" number="94"/>
            <line hits="1" number="95"/>
            <line hits="1" number="104"/>
            <line hits="1" number="109"/>
            <line hits="1" number="114"/>
            <line hits="1" number="117"/>
            <line hits="1" number="118"/>
            <line hits="1" number="123"/>
            <line hits="1" number="126"/>
            <line hits="1" number="127"/>
            <line hits="1" number="132"/>
            <line hits="1" number="134"/>
            <line hits="1" number="135"/>
            <line hits="1" number="136"/>
            <line hits="1" number="138"/>
            <line hits="1" number="139"/>
            <line hits="1" number="141"/>
            <line hits="1" number="142"/>
            <line hits="1" number="144"/>
            <line hits="1" number="145"/>
            <line hits="1" number="154"/>
            <line hits="1" number="156"/>
            <line hits="1" number="158"/>
            <line hits="1" number="160"/>
            <line hits="1" number="163"/>
            <line hits="1" number="164"/>
            <line hits="1" number="167"/>
            <line hits="1" number="168"/>
            <line hits="1" number="173"/>
            <line hits="1" number="174"/>
            <line hits="1" number="180"/>
            <line hits="1" number="181"/>
            <line hits="1" number="182"/>
            <line hits="1" number="183"/>
            <line hits="1" number="191"/>
            <line hits="1" number="192"/>
            <line hits="1" number="195"/>
            <line hits="1" number="200"/>
            <line hits="1" number="201"/>
            <line hits="1" number="202"/>
            <line hits="1" number="205"/>
            <line hits="1" number="206"/>
            <line hits="1" number="207"/>
            <line hits="1" number="210"/>
            <line hits="1" number="211"/>
            <line hits="1" number="212"/>
            <line hits="1" number="215"/>
            <line hits="1" number="216"/>
            <line hits="1" number="217"/>
            <line hits="1" number="220"/>
            <line hits="1" number="221"/>
            <line hits="1" number="222"/>
            <line hits="1" number="225"/>
            <line hits="1" number="226"/>
            <line hits="1" number="227"/>
            <line hits="1" number="230"/>
            <line hits="1" number="231"/>
            <line hits="1" number="232"/>
            <line hits="1" number="235"/>
            <line hits="1" number="236"/>
            <line hits="1" number="237"/>
            <line hits="1" number="242"/>
            <line hits="1" number="243"/>
            <line hits="1" number="244"/>
            <line hits="1" number="249"/>
            <line hits="1" number="250"/>
            <line hits="1" number="251"/>
            <line hits="1" number="253"/>
            <line hits="1" number="254"/>
            <line hits="1" number="255"/>
            <line hits="1" number="264"/>
            <line hits="1" number="265"/>
            <line hits="1" number="266"/>
          </lines>
        </class>
        <class branch-rate="NaN" complexity="NaN" filename="RotationalFriction\Test\uiUptodateTest_RotationalFriction.m" line-rate="0.30233" name="uiUptodateTest_RotationalFriction">
          <methods>
            <method branch-rate="NaN" line-rate="1" name="test_method_setup" signature="test_method_setup(testcase)">
              <lines>
                <line hits="4" number="26"/>
                <line hits="4" number="27"/>
                <line hits="4" number="28"/>
                <line hits="4" number="33"/>
                <line hits="4" number="35"/>
                <line hits="4" number="36"/>
              </lines>
            </method>
            <method branch-rate="NaN" line-rate="0.25" name="app_screenshot_1_1_dark" signature="app_screenshot_1_1_dark(testcase)">
              <lines>
                <line hits="1" number="50"/>
                <line hits="1" number="53"/>
                <line hits="1" number="54"/>
                <line hits="1" number="55"/>
                <line hits="1" number="57"/>
                <line hits="0" number="61"/>
                <line hits="0" number="62"/>
                <line hits="0" number="64"/>
                <line hits="0" number="65"/>
                <line hits="0" number="67"/>
                <line hits="0" number="70"/>
                <line hits="0" number="71"/>
                <line hits="0" number="72"/>
                <line hits="0" number="73"/>
                <line hits="0" number="74"/>
                <line hits="0" number="77"/>
                <line hits="0" number="78"/>
                <line hits="0" number="79"/>
                <line hits="0" number="82"/>
                <line hits="0" number="83"/>
              </lines>
            </method>
            <method branch-rate="NaN" line-rate="0.25" name="app_screenshot_1_2_dark" signature="app_screenshot_1_2_dark(testcase)">
              <lines>
                <line hits="1" number="88"/>
                <line hits="1" number="91"/>
                <line hits="1" number="92"/>
                <line hits="1" number="93"/>
                <line hits="1" number="95"/>
                <line hits="0" number="99"/>
                <line hits="0" number="100"/>
                <line hits="0" number="102"/>
                <line hits="0" number="103"/>
                <line hits="0" number="105"/>
                <line hits="0" number="108"/>
                <line hits="0" number="109"/>
                <line hits="0" number="110"/>
                <line hits="0" number="111"/>
                <line hits="0" number="112"/>
                <line hits="0" number="115"/>
                <line hits="0" number="116"/>
                <line hits="0" number="117"/>
                <line hits="0" number="120"/>
                <line hits="0" number="121"/>
              </lines>
            </method>
            <method branch-rate="NaN" line-rate="0.25" name="app_screenshot_2_1_light" signature="app_screenshot_2_1_light(testcase)">
              <lines>
                <line hits="1" number="126"/>
                <line hits="1" number="129"/>
                <line hits="1" number="130"/>
                <line hits="1" number="131"/>
                <line hits="1" number="133"/>
                <line hits="0" number="137"/>
                <line hits="0" number="138"/>
                <line hits="0" number="140"/>
                <line hits="0" number="141"/>
                <line hits="0" number="143"/>
                <line hits="0" number="146"/>
                <line hits="0" number="147"/>
                <line hits="0" number="148"/>
                <line hits="0" number="149"/>
                <line hits="0" number="150"/>
                <line hits="0" number="153"/>
                <line hits="0" number="154"/>
                <line hits="0" number="155"/>
                <line hits="0" number="158"/>
                <line hits="0" number="159"/>
              </lines>
            </method>
            <method branch-rate="NaN" line-rate="0.25" name="app_screenshot_2_2_light" signature="app_screenshot_2_2_light(testcase)">
              <lines>
                <line hits="1" number="164"/>
                <line hits="1" number="167"/>
                <line hits="1" number="168"/>
                <line hits="1" number="169"/>
                <line hits="1" number="171"/>
                <line hits="0" number="175"/>
                <line hits="0" number="176"/>
                <line hits="0" number="178"/>
                <line hits="0" number="179"/>
                <line hits="0" number="181"/>
                <line hits="0" number="184"/>
                <line hits="0" number="185"/>
                <line hits="0" number="186"/>
                <line hits="0" number="187"/>
                <line hits="0" number="188"/>
                <line hits="0" number="191"/>
                <line hits="0" number="192"/>
                <line hits="0" number="193"/>
                <line hits="0" number="196"/>
                <line hits="0" number="197"/>
              </lines>
            </method>
          </methods>
          <lines>
            <line hits="4" number="26"/>
            <line hits="4" number="27"/>
            <line hits="4" number="28"/>
            <line hits="4" number="33"/>
            <line hits="4" number="35"/>
            <line hits="4" number="36"/>
            <line hits="1" number="50"/>
            <line hits="1" number="53"/>
            <line hits="1" number="54"/>
            <line hits="1" number="55"/>
            <line hits="1" number="57"/>
            <line hits="0" number="61"/>
            <line hits="0" number="62"/>
            <line hits="0" number="64"/>
            <line hits="0" number="65"/>
            <line hits="0" number="67"/>
            <line hits="0" number="70"/>
            <line hits="0" number="71"/>
            <line hits="0" number="72"/>
            <line hits="0" number="73"/>
            <line hits="0" number="74"/>
            <line hits="0" number="77"/>
            <line hits="0" number="78"/>
            <line hits="0" number="79"/>
            <line hits="0" number="82"/>
            <line hits="0" number="83"/>
            <line hits="1" number="88"/>
            <line hits="1" number="91"/>
            <line hits="1" number="92"/>
            <line hits="1" number="93"/>
            <line hits="1" number="95"/>
            <line hits="0" number="99"/>
            <line hits="0" number="100"/>
            <line hits="0" number="102"/>
            <line hits="0" number="103"/>
            <line hits="0" number="105"/>
            <line hits="0" number="108"/>
            <line hits="0" number="109"/>
            <line hits="0" number="110"/>
            <line hits="0" number="111"/>
            <line hits="0" number="112"/>
            <line hits="0" number="115"/>
            <line hits="0" number="116"/>
            <line hits="0" number="117"/>
            <line hits="0" number="120"/>
            <line hits="0" number="121"/>
            <line hits="1" number="126"/>
            <line hits="1" number="129"/>
            <line hits="1" number="130"/>
            <line hits="1" number="131"/>
            <line hits="1" number="133"/>
            <line hits="0" number="137"/>
            <line hits="0" number="138"/>
            <line hits="0" number="140"/>
            <line hits="0" number="141"/>
            <line hits="0" number="143"/>
            <line hits="0" number="146"/>
            <line hits="0" number="147"/>
            <line hits="0" number="148"/>
            <line hits="0" number="149"/>
            <line hits="0" number="150"/>
            <line hits="0" number="153"/>
            <line hits="0" number="154"/>
            <line hits="0" number="155"/>
            <line hits="0" number="158"/>
            <line hits="0" number="159"/>
            <line hits="1" number="164"/>
            <line hits="1" number="167"/>
            <line hits="1" number="168"/>
            <line hits="1" number="169"/>
            <line hits="1" number="171"/>
            <line hits="0" number="175"/>
            <line hits="0" number="176"/>
            <line hits="0" number="178"/>
            <line hits="0" number="179"/>
            <line hits="0" number="181"/>
            <line hits="0" number="184"/>
            <line hits="0" number="185"/>
            <line hits="0" number="186"/>
            <line hits="0" number="187"/>
            <line hits="0" number="188"/>
            <line hits="0" number="191"/>
            <line hits="0" number="192"/>
            <line hits="0" number="193"/>
            <line hits="0" number="196"/>
            <line hits="0" number="197"/>
          </lines>
        </class>
        <class branch-rate="NaN" complexity="NaN" filename="RotationalFriction\Test\uiUptodateTest_RotationalFriction_24b.m" line-rate="0.47222" name="uiUptodateTest_RotationalFriction_24b">
          <methods>
            <method branch-rate="NaN" line-rate="0.75" name="test_method_setup" signature="test_method_setup(testcase)">
              <lines>
                <line hits="2" number="23"/>
                <line hits="2" number="24"/>
                <line hits="2" number="28"/>
                <line hits="2" number="31"/>
                <line hits="2" number="32"/>
                <line hits="0" number="33"/>
                <line hits="0" number="34"/>
                <line hits="2" number="36"/>
              </lines>
            </method>
            <method branch-rate="NaN" line-rate="0.23077" name="app_screenshot_dark_1" signature="app_screenshot_dark_1(testcase)">
              <lines>
                <line hits="1" number="50"/>
                <line hits="1" number="51"/>
                <line hits="1" number="53"/>
                <line hits="0" number="57"/>
                <line hits="0" number="58"/>
                <line hits="0" number="60"/>
                <line hits="0" number="61"/>
                <line hits="0" number="62"/>
                <line hits="0" number="63"/>
                <line hits="0" number="64"/>
                <line hits="0" number="66"/>
                <line hits="0" number="69"/>
                <line hits="0" number="70"/>
              </lines>
            </method>
            <method branch-rate="NaN" line-rate="0.53333" name="app_screenshot_light_1" signature="app_screenshot_light_1(testcase)">
              <lines>
                <line hits="1" number="75"/>
                <line hits="0" number="76"/>
                <line hits="0" number="78"/>
                <line hits="1" number="81"/>
                <line hits="1" number="82"/>
                <line hits="1" number="84"/>
                <line hits="0" number="87"/>
                <line hits="1" number="90"/>
                <line hits="0" number="91"/>
                <line hits="0" number="92"/>
                <line hits="0" number="93"/>
                <line hits="0" number="94"/>
                <line hits="1" number="96"/>
                <line hits="1" number="99"/>
                <line hits="1" number="100"/>
              </lines>
            </method>
          </methods>
          <lines>
            <line hits="2" number="23"/>
            <line hits="2" number="24"/>
            <line hits="2" number="28"/>
            <line hits="2" number="31"/>
            <line hits="2" number="32"/>
            <line hits="0" number="33"/>
            <line hits="0" number="34"/>
            <line hits="2" number="36"/>
            <line hits="1" number="50"/>
            <line hits="1" number="51"/>
            <line hits="1" number="53"/>
            <line hits="0" number="57"/>
            <line hits="0" number="58"/>
            <line hits="0" number="60"/>
            <line hits="0" number="61"/>
            <line hits="0" number="62"/>
            <line hits="0" number="63"/>
            <line hits="0" number="64"/>
            <line hits="0" number="66"/>
            <line hits="0" number="69"/>
            <line hits="0" number="70"/>
            <line hits="1" number="75"/>
            <line hits="0" number="76"/>
            <line hits="0" number="78"/>
            <line hits="1" number="81"/>
            <line hits="1" number="82"/>
            <line hits="1" number="84"/>
            <line hits="0" number="87"/>
            <line hits="1" number="90"/>
            <line hits="0" number="91"/>
            <line hits="0" number="92"/>
            <line hits="0" number="93"/>
            <line hits="0" number="94"/>
            <line hits="1" number="96"/>
            <line hits="1" number="99"/>
            <line hits="1" number="100"/>
          </lines>
        </class>
        <class branch-rate="NaN" complexity="NaN" filename="RotationalFriction\Test\unittest_RotationalFriction.m" line-rate="1" name="unittest_RotationalFriction">
          <methods>
            <method branch-rate="NaN" line-rate="1" name="test_method_setup_1" signature="test_method_setup_1(testcase)">
              <lines>
                <line hits="2" number="20"/>
                <line hits="2" number="21"/>
                <line hits="1" number="23"/>
                <line hits="1" number="26"/>
              </lines>
            </method>
            <method branch-rate="NaN" line-rate="1" name="PassingTest_1" signature="PassingTest_1(~)">
              <lines>
                <line hits="1" number="39"/>
              </lines>
            </method>
          </methods>
          <lines>
            <line hits="2" number="20"/>
            <line hits="2" number="21"/>
            <line hits="1" number="23"/>
            <line hits="1" number="26"/>
            <line hits="1" number="39"/>
          </lines>
        </class>
        <class branch-rate="NaN" complexity="NaN" filename="RotationalFriction\Test\unittest_RotationalFriction_settings.m" line-rate="1" name="unittest_RotationalFriction_settings">
          <methods>
            <method branch-rate="NaN" line-rate="1" name="test_method_setup_1" signature="test_method_setup_1(testcase)">
              <lines>
                <line hits="4" number="20"/>
                <line hits="4" number="21"/>
                <line hits="2" number="23"/>
                <line hits="2" number="26"/>
              </lines>
            </method>
            <method branch-rate="NaN" line-rate="1" name="Test_1" signature="Test_1(testcase)">
              <lines>
                <line hits="1" number="40"/>
                <line hits="1" number="41"/>
              </lines>
            </method>
            <method branch-rate="NaN" line-rate="1" name="Test_2" signature="Test_2(testcase)">
              <lines>
                <line hits="1" number="46"/>
                <line hits="1" number="47"/>
              </lines>
            </method>
          </methods>
          <lines>
            <line hits="4" number="20"/>
            <line hits="4" number="21"/>
            <line hits="2" number="23"/>
            <line hits="2" number="26"/>
            <line hits="1" number="40"/>
            <line hits="1" number="41"/>
            <line hits="1" number="46"/>
            <line hits="1" number="47"/>
          </lines>
        </class>
        <class branch-rate="NaN" complexity="NaN" filename="RotationalFriction\Test\uptodateTest_RotationalFriction.m" line-rate="0.58824" name="uptodateTest_RotationalFriction">
          <methods>
            <method branch-rate="NaN" line-rate="1" name="PassingTest_1" signature="PassingTest_1(~)">
              <lines>
                <line hits="1" number="31"/>
                <line hits="1" number="32"/>
              </lines>
            </method>
            <method branch-rate="NaN" line-rate="0.5625" name="description_html_is_uptodate" signature="description_html_is_uptodate(testcase)">
              <lines>
                <line hits="1" number="38"/>
                <line hits="0" number="39"/>
                <line hits="1" number="42"/>
                <line hits="0" number="43"/>
                <line hits="0" number="45"/>
                <line hits="1" number="49"/>
                <line hits="1" number="50"/>
                <line hits="1" number="51"/>
                <line hits="1" number="52"/>
                <line hits="1" number="53"/>
                <line hits="1" number="54"/>
                <line hits="1" number="56"/>
                <line hits="0" number="61"/>
                <line hits="0" number="62"/>
                <line hits="0" number="63"/>
                <line hits="0" number="64"/>
              </lines>
            </method>
            <method branch-rate="NaN" line-rate="0.5625" name="description_markdown_is_uptodate" signature="description_markdown_is_uptodate(testcase)">
              <lines>
                <line hits="1" number="70"/>
                <line hits="0" number="71"/>
                <line hits="1" number="74"/>
                <line hits="0" number="75"/>
                <line hits="0" number="77"/>
                <line hits="1" number="80"/>
                <line hits="1" number="81"/>
                <line hits="1" number="82"/>
                <line hits="1" number="83"/>
                <line hits="1" number="84"/>
                <line hits="1" number="85"/>
                <line hits="1" number="87"/>
                <line hits="0" number="92"/>
                <line hits="0" number="93"/>
                <line hits="0" number="94"/>
                <line hits="0" number="95"/>
              </lines>
            </method>
          </methods>
          <lines>
            <line hits="1" number="31"/>
            <line hits="1" number="32"/>
            <line hits="1" number="38"/>
            <line hits="0" number="39"/>
            <line hits="1" number="42"/>
            <line hits="0" number="43"/>
            <line hits="0" number="45"/>
            <line hits="1" number="49"/>
            <line hits="1" number="50"/>
            <line hits="1" number="51"/>
            <line hits="1" number="52"/>
            <line hits="1" number="53"/>
            <line hits="1" number="54"/>
            <line hits="1" number="56"/>
            <line hits="0" number="61"/>
            <line hits="0" number="62"/>
            <line hits="0" number="63"/>
            <line hits="0" number="64"/>
            <line hits="1" number="70"/>
            <line hits="0" number="71"/>
            <line hits="1" number="74"/>
            <line hits="0" number="75"/>
            <line hits="0" number="77"/>
            <line hits="1" number="80"/>
            <line hits="1" number="81"/>
            <line hits="1" number="82"/>
            <line hits="1" number="83"/>
            <line hits="1" number="84"/>
            <line hits="1" number="85"/>
            <line hits="1" number="87"/>
            <line hits="0" number="92"/>
            <line hits="0" number="93"/>
            <line hits="0" number="94"/>
            <line hits="0" number="95"/>
          </lines>
        </class>
        <class branch-rate="NaN" complexity="NaN" filename="RotationalFriction\sampleparams_RotationalFriction.m" line-rate="1" name="sampleparams_RotationalFriction">
          <methods/>
          <lines>
            <line hits="3" number="5"/>
            <line hits="3" number="6"/>
            <line hits="3" number="7"/>
            <line hits="3" number="8"/>
          </lines>
        </class>
        <class branch-rate="NaN" complexity="NaN" filename="buildfile.m" line-rate="0" name="buildfile">
          <methods/>
          <lines>
            <line hits="0" number="13"/>
            <line hits="0" number="14"/>
            <line hits="0" number="16"/>
            <line hits="0" number="17"/>
            <line hits="0" number="18"/>
            <line hits="0" number="19"/>
            <line hits="0" number="20"/>
            <line hits="0" number="21"/>
            <line hits="0" number="22"/>
            <line hits="0" number="24"/>
            <line hits="0" number="25"/>
            <line hits="0" number="26"/>
            <line hits="0" number="27"/>
            <line hits="0" number="28"/>
            <line hits="0" number="29"/>
            <line hits="0" number="30"/>
            <line hits="0" number="31"/>
            <line hits="0" number="32"/>
            <line hits="0" number="33"/>
            <line hits="0" number="34"/>
            <line hits="0" number="35"/>
            <line hits="0" number="36"/>
            <line hits="0" number="37"/>
            <line hits="0" number="38"/>
          </lines>
        </class>
        <class branch-rate="NaN" complexity="NaN" filename="buildfile_R2024b.m" line-rate="0" name="buildfile_R2024b">
          <methods/>
          <lines>
            <line hits="0" number="15"/>
            <line hits="0" number="16"/>
            <line hits="0" number="18"/>
            <line hits="0" number="19"/>
            <line hits="0" number="20"/>
            <line hits="0" number="21"/>
            <line hits="0" number="22"/>
            <line hits="0" number="23"/>
            <line hits="0" number="24"/>
            <line hits="0" number="28"/>
            <line hits="0" number="29"/>
            <line hits="0" number="30"/>
            <line hits="0" number="31"/>
            <line hits="0" number="32"/>
            <line hits="0" number="33"/>
            <line hits="0" number="34"/>
            <line hits="0" number="35"/>
            <line hits="0" number="36"/>
            <line hits="0" number="37"/>
            <line hits="0" number="38"/>
          </lines>
        </class>
        <class branch-rate="NaN" complexity="NaN" filename="uitest_AppsForPhysicalSystems.m" line-rate="0.72222" name="uitest_AppsForPhysicalSystems">
          <methods>
            <method branch-rate="NaN" line-rate="0.88889" name="test_method_setup" signature="test_method_setup(testcase)">
              <lines>
                <line hits="2" number="31"/>
                <line hits="2" number="32"/>
                <line hits="0" number="35"/>
                <line hits="2" number="38"/>
                <line hits="2" number="40"/>
                <line hits="2" number="41"/>
                <line hits="2" number="46"/>
                <line hits="2" number="48"/>
                <line hits="2" number="49"/>
              </lines>
            </method>
            <method branch-rate="NaN" line-rate="0.4" name="PassingTest_1_local_test_only" signature="PassingTest_1_local_test_only(testcase)">
              <lines>
                <line hits="1" number="65"/>
                <line hits="0" number="66"/>
                <line hits="0" number="67"/>
                <line hits="0" number="69"/>
                <line hits="1" number="72"/>
              </lines>
            </method>
            <method branch-rate="NaN" line-rate="0.75" name="PassingTest_2" signature="PassingTest_2(testcase)">
              <lines>
                <line hits="1" number="76"/>
                <line hits="1" number="77"/>
                <line hits="0" number="80"/>
                <line hits="1" number="82"/>
              </lines>
            </method>
          </methods>
          <lines>
            <line hits="2" number="31"/>
            <line hits="2" number="32"/>
            <line hits="0" number="35"/>
            <line hits="2" number="38"/>
            <line hits="2" number="40"/>
            <line hits="2" number="41"/>
            <line hits="2" number="46"/>
            <line hits="2" number="48"/>
            <line hits="2" number="49"/>
            <line hits="1" number="65"/>
            <line hits="0" number="66"/>
            <line hits="0" number="67"/>
            <line hits="0" number="69"/>
            <line hits="1" number="72"/>
            <line hits="1" number="76"/>
            <line hits="1" number="77"/>
            <line hits="0" number="80"/>
            <line hits="1" number="82"/>
          </lines>
        </class>
      </classes>
    </package>
    <package branch-rate="NaN" complexity="NaN" line-rate="0.84521" name="RotationalFriction1">
      <classes>
        <class branch-rate="NaN" complexity="NaN" filename="RotationalFriction\+RotationalFriction1\RotationalFrictionAppMain.m" line-rate="0.8329" name="RotationalFriction1.RotationalFrictionAppMain">
          <methods>
            <method branch-rate="NaN" line-rate="0.83099" name="RotationalFrictionAppMain" signature="App = RotationalFrictionAppMain(NameValuePair)">
              <lines>
                <line hits="15" number="90"/>
                <line hits="0" number="91"/>
                <line hits="0" number="92"/>
                <line hits="0" number="94"/>
                <line hits="15" number="99"/>
                <line hits="3" number="100"/>
                <line hits="3" number="101"/>
                <line hits="3" number="102"/>
                <line hits="0" number="103"/>
                <line hits="0" number="104"/>
                <line hits="0" number="106"/>
                <line hits="12" number="109"/>
                <line hits="3" number="110"/>
                <line hits="3" number="111"/>
                <line hits="9" number="114"/>
                <line hits="9" number="115"/>
                <line hits="9" number="116"/>
                <line hits="15" number="119"/>
                <line hits="6" number="120"/>
                <line hits="6" number="121"/>
                <line hits="1" number="122"/>
                <line hits="1" number="123"/>
                <line hits="1" number="124"/>
                <line hits="1" number="126"/>
                <line hits="5" number="131"/>
                <line hits="5" number="132"/>
                <line hits="1" number="133"/>
                <line hits="1" number="134"/>
                <line hits="1" number="135"/>
                <line hits="1" number="137"/>
                <line hits="4" number="141"/>
                <line hits="2" number="143"/>
                <line hits="2" number="145"/>
                <line hits="0" number="146"/>
                <line hits="0" number="147"/>
                <line hits="0" number="149"/>
                <line hits="13" number="156"/>
                <line hits="13" number="158"/>
                <line hits="13" number="159"/>
                <line hits="13" number="160"/>
                <line hits="13" number="161"/>
                <line hits="13" number="162"/>
                <line hits="13" number="166"/>
                <line hits="13" number="171"/>
                <line hits="4" number="172"/>
                <line hits="4" number="173"/>
                <line hits="4" number="176"/>
                <line hits="0" number="177"/>
                <line hits="0" number="179"/>
                <line hits="4" number="182"/>
                <line hits="4" number="183"/>
                <line hits="9" number="187"/>
                <line hits="9" number="188"/>
                <line hits="9" number="189"/>
                <line hits="9" number="190"/>
                <line hits="9" number="191"/>
                <line hits="13" number="195"/>
                <line hits="13" number="196"/>
                <line hits="13" number="197"/>
                <line hits="13" number="200"/>
                <line hits="13" number="201"/>
                <line hits="13" number="202"/>
                <line hits="13" number="204"/>
                <line hits="13" number="205"/>
                <line hits="13" number="208"/>
                <line hits="13" number="210"/>
                <line hits="13" number="212"/>
                <line hits="13" number="213"/>
                <line hits="13" number="214"/>
                <line hits="13" number="215"/>
                <line hits="0" number="216"/>
              </lines>
            </method>
            <method branch-rate="NaN" line-rate="0.8625" name="build_app_gui" signature="build_app_gui(App)">
              <lines>
                <line hits="13" number="222"/>
                <line hits="13" number="223"/>
                <line hits="13" number="224"/>
                <line hits="13" number="229"/>
                <line hits="13" number="230"/>
                <line hits="13" number="233"/>
                <line hits="13" number="235"/>
                <line hits="13" number="236"/>
                <line hits="13" number="237"/>
                <line hits="13" number="238"/>
                <line hits="13" number="239"/>
                <line hits="13" number="240"/>
                <line hits="13" number="241"/>
                <line hits="13" number="242"/>
                <line hits="13" number="243"/>
                <line hits="13" number="246"/>
                <line hits="13" number="248"/>
                <line hits="13" number="249"/>
                <line hits="13" number="250"/>
                <line hits="13" number="251"/>
                <line hits="13" number="252"/>
                <line hits="13" number="253"/>
                <line hits="13" number="254"/>
                <line hits="13" number="255"/>
                <line hits="13" number="256"/>
                <line hits="13" number="257"/>
                <line hits="13" number="258"/>
                <line hits="13" number="259"/>
                <line hits="13" number="262"/>
                <line hits="13" number="263"/>
                <line hits="13" number="265"/>
                <line hits="13" number="266"/>
                <line hits="13" number="267"/>
                <line hits="13" number="268"/>
                <line hits="13" number="269"/>
                <line hits="13" number="271"/>
                <line hits="13" number="272"/>
                <line hits="13" number="273"/>
                <line hits="13" number="274"/>
                <line hits="13" number="275"/>
                <line hits="13" number="277"/>
                <line hits="13" number="278"/>
                <line hits="13" number="279"/>
                <line hits="13" number="280"/>
                <line hits="13" number="281"/>
                <line hits="13" number="282"/>
                <line hits="13" number="283"/>
                <line hits="13" number="284"/>
                <line hits="13" number="289"/>
                <line hits="13" number="290"/>
                <line hits="13" number="291"/>
                <line hits="13" number="293"/>
                <line hits="13" number="294"/>
                <line hits="13" number="295"/>
                <line hits="13" number="296"/>
                <line hits="13" number="297"/>
                <line hits="13" number="298"/>
                <line hits="13" number="299"/>
                <line hits="13" number="300"/>
                <line hits="0" number="302"/>
                <line hits="0" number="307"/>
                <line hits="0" number="308"/>
                <line hits="0" number="309"/>
                <line hits="0" number="310"/>
                <line hits="0" number="311"/>
                <line hits="0" number="313"/>
                <line hits="0" number="317"/>
                <line hits="0" number="321"/>
                <line hits="13" number="324"/>
                <line hits="13" number="325"/>
                <line hits="13" number="326"/>
                <line hits="13" number="327"/>
                <line hits="13" number="328"/>
                <line hits="13" number="329"/>
                <line hits="13" number="330"/>
                <line hits="13" number="331"/>
                <line hits="0" number="333"/>
                <line hits="0" number="338"/>
                <line hits="0" number="339"/>
                <line hits="0" number="340"/>
                <line hits="0" number="341"/>
                <line hits="0" number="342"/>
                <line hits="0" number="344"/>
                <line hits="0" number="348"/>
                <line hits="0" number="352"/>
                <line hits="13" number="355"/>
                <line hits="13" number="356"/>
                <line hits="13" number="357"/>
                <line hits="13" number="358"/>
                <line hits="13" number="359"/>
                <line hits="13" number="360"/>
                <line hits="13" number="361"/>
                <line hits="13" number="362"/>
                <line hits="0" number="364"/>
                <line hits="0" number="369"/>
                <line hits="0" number="370"/>
                <line hits="0" number="371"/>
                <line hits="0" number="372"/>
                <line hits="0" number="373"/>
                <line hits="0" number="375"/>
                <line hits="0" number="379"/>
                <line hits="0" number="383"/>
                <line hits="13" number="386"/>
                <line hits="13" number="387"/>
                <line hits="13" number="388"/>
                <line hits="13" number="389"/>
                <line hits="13" number="390"/>
                <line hits="13" number="391"/>
                <line hits="13" number="392"/>
                <line hits="13" number="393"/>
                <line hits="2" number="395"/>
                <line hits="2" number="400"/>
                <line hits="0" number="401"/>
                <line hits="0" number="402"/>
                <line hits="0" number="403"/>
                <line hits="0" number="404"/>
                <line hits="0" number="406"/>
                <line hits="0" number="410"/>
                <line hits="2" number="414"/>
                <line hits="13" number="421"/>
                <line hits="13" number="422"/>
                <line hits="13" number="423"/>
                <line hits="13" number="424"/>
                <line hits="13" number="426"/>
                <line hits="13" number="428"/>
                <line hits="13" number="429"/>
                <line hits="13" number="430"/>
                <line hits="13" number="431"/>
                <line hits="13" number="432"/>
                <line hits="13" number="433"/>
                <line hits="13" number="434"/>
                <line hits="13" number="435"/>
                <line hits="13" number="436"/>
                <line hits="13" number="438"/>
                <line hits="13" number="439"/>
                <line hits="13" number="440"/>
                <line hits="13" number="441"/>
                <line hits="13" number="442"/>
                <line hits="13" number="443"/>
                <line hits="13" number="444"/>
                <line hits="13" number="445"/>
                <line hits="13" number="446"/>
                <line hits="13" number="448"/>
                <line hits="13" number="449"/>
                <line hits="13" number="450"/>
                <line hits="13" number="451"/>
                <line hits="13" number="452"/>
                <line hits="13" number="453"/>
                <line hits="13" number="454"/>
                <line hits="13" number="455"/>
                <line hits="13" number="456"/>
                <line hits="13" number="462"/>
                <line hits="13" number="463"/>
                <line hits="13" number="466"/>
                <line hits="13" number="467"/>
                <line hits="13" number="469"/>
                <line hits="13" number="470"/>
                <line hits="13" number="471"/>
                <line hits="13" number="472"/>
                <line hits="13" number="473"/>
                <line hits="13" number="474"/>
                <line hits="13" number="475"/>
                <line hits="13" number="476"/>
                <line hits="13" number="477"/>
                <line hits="13" number="478"/>
                <line hits="13" number="479"/>
                <line hits="13" number="481"/>
                <line hits="13" number="483"/>
                <line hits="13" number="484"/>
                <line hits="13" number="485"/>
                <line hits="13" number="486"/>
                <line hits="13" number="487"/>
                <line hits="13" number="490"/>
                <line hits="13" number="492"/>
                <line hits="13" number="493"/>
                <line hits="13" number="496"/>
                <line hits="13" number="497"/>
                <line hits="13" number="499"/>
                <line hits="13" number="500"/>
                <line hits="13" number="501"/>
                <line hits="13" number="502"/>
                <line hits="13" number="504"/>
                <line hits="13" number="505"/>
                <line hits="13" number="506"/>
                <line hits="13" number="507"/>
                <line hits="3" number="509"/>
                <line hits="3" number="510"/>
                <line hits="13" number="513"/>
                <line hits="13" number="514"/>
                <line hits="13" number="515"/>
                <line hits="13" number="516"/>
                <line hits="3" number="518"/>
                <line hits="3" number="519"/>
                <line hits="13" number="522"/>
                <line hits="13" number="523"/>
                <line hits="13" number="524"/>
                <line hits="13" number="525"/>
                <line hits="3" number="527"/>
                <line hits="3" number="528"/>
                <line hits="13" number="532"/>
                <line hits="13" number="533"/>
                <line hits="13" number="536"/>
                <line hits="13" number="538"/>
                <line hits="13" number="539"/>
                <line hits="13" number="540"/>
                <line hits="13" number="542"/>
                <line hits="13" number="545"/>
                <line hits="13" number="547"/>
                <line hits="13" number="548"/>
                <line hits="13" number="550"/>
                <line hits="13" number="551"/>
                <line hits="13" number="552"/>
                <line hits="13" number="553"/>
                <line hits="13" number="555"/>
                <line hits="13" number="556"/>
                <line hits="13" number="557"/>
                <line hits="13" number="558"/>
                <line hits="13" number="559"/>
                <line hits="13" number="560"/>
                <line hits="13" number="563"/>
                <line hits="13" number="565"/>
                <line hits="13" number="566"/>
                <line hits="13" number="568"/>
                <line hits="13" number="569"/>
                <line hits="13" number="570"/>
                <line hits="13" number="571"/>
                <line hits="13" number="573"/>
                <line hits="13" number="574"/>
                <line hits="13" number="575"/>
                <line hits="13" number="576"/>
                <line hits="13" number="577"/>
                <line hits="13" number="578"/>
                <line hits="13" number="581"/>
                <line hits="13" number="582"/>
                <line hits="13" number="586"/>
                <line hits="13" number="588"/>
                <line hits="13" number="589"/>
                <line hits="13" number="590"/>
                <line hits="13" number="591"/>
                <line hits="13" number="592"/>
              </lines>
            </method>
            <method branch-rate="NaN" line-rate="1" name="react_TorquePlotUnitChanged" signature="react_TorquePlotUnitChanged(App)">
              <lines>
                <line hits="15" number="597"/>
                <line hits="15" number="598"/>
              </lines>
            </method>
            <method branch-rate="NaN" line-rate="1" name="react_VelocityPlotUnitChanged" signature="react_VelocityPlotUnitChanged(App)">
              <lines>
                <line hits="15" number="602"/>
                <line hits="15" number="603"/>
              </lines>
            </method>
            <method branch-rate="NaN" line-rate="0" name="callback_set_parameters" signature="callback_set_parameters(App)">
              <lines>
                <line hits="0" number="612"/>
                <line hits="0" number="613"/>
                <line hits="0" number="615"/>
                <line hits="0" number="617"/>
                <line hits="0" number="618"/>
                <line hits="0" number="620"/>
                <line hits="0" number="621"/>
                <line hits="0" number="623"/>
                <line hits="0" number="624"/>
                <line hits="0" number="626"/>
                <line hits="0" number="627"/>
              </lines>
            </method>
            <method branch-rate="NaN" line-rate="0.80556" name="callback_get_parameters" signature="callback_get_parameters(App)">
              <lines>
                <line hits="4" number="635"/>
                <line hits="4" number="637"/>
                <line hits="4" number="643"/>
                <line hits="4" number="644"/>
                <line hits="0" number="645"/>
                <line hits="0" number="646"/>
                <line hits="0" number="647"/>
                <line hits="0" number="648"/>
                <line hits="0" number="649"/>
                <line hits="0" number="651"/>
                <line hits="0" number="655"/>
                <line hits="4" number="662"/>
                <line hits="4" number="663"/>
                <line hits="4" number="665"/>
                <line hits="4" number="667"/>
                <line hits="4" number="668"/>
                <line hits="4" number="669"/>
                <line hits="4" number="670"/>
                <line hits="4" number="671"/>
                <line hits="4" number="673"/>
                <line hits="4" number="674"/>
                <line hits="4" number="675"/>
                <line hits="4" number="676"/>
                <line hits="4" number="677"/>
                <line hits="4" number="679"/>
                <line hits="4" number="680"/>
                <line hits="4" number="681"/>
                <line hits="4" number="682"/>
                <line hits="4" number="683"/>
                <line hits="4" number="685"/>
                <line hits="4" number="686"/>
                <line hits="4" number="687"/>
                <line hits="4" number="688"/>
                <line hits="4" number="689"/>
                <line hits="4" number="692"/>
                <line hits="4" number="695"/>
              </lines>
            </method>
            <method branch-rate="NaN" line-rate="1" name="react_UIChanged" signature="react_UIChanged(App)">
              <lines>
                <line hits="19" number="704"/>
                <line hits="19" number="705"/>
                <line hits="19" number="706"/>
                <line hits="19" number="708"/>
                <line hits="19" number="709"/>
                <line hits="19" number="711"/>
                <line hits="19" number="712"/>
                <line hits="19" number="713"/>
                <line hits="19" number="715"/>
              </lines>
            </method>
            <method branch-rate="NaN" line-rate="1" name="update_DerivedParameterUI" signature="update_DerivedParameterUI(App, ParamName)">
              <lines>
                <line hits="57" number="728"/>
                <line hits="57" number="729"/>
                <line hits="57" number="730"/>
              </lines>
            </method>
            <method branch-rate="NaN" line-rate="1" name="auto_update_plot" signature="auto_update_plot(App, NameValuePair)">
              <lines>
                <line hits="58" number="739"/>
                <line hits="58" number="741"/>
              </lines>
            </method>
            <method branch-rate="NaN" line-rate="0.83333" name="update_plot" signature="update_plot(App, NameValuePair)">
              <lines>
                <line hits="58" number="754"/>
                <line hits="0" number="755"/>
                <line hits="58" number="757"/>
                <line hits="58" number="760"/>
                <line hits="19" number="761"/>
                <line hits="58" number="764"/>
              </lines>
            </method>
          </methods>
          <lines>
            <line hits="7" number="79"/>
            <line hits="7" number="80"/>
            <line hits="15" number="83"/>
            <line hits="15" number="84"/>
            <line hits="15" number="90"/>
            <line hits="0" number="91"/>
            <line hits="0" number="92"/>
            <line hits="0" number="94"/>
            <line hits="15" number="99"/>
            <line hits="3" number="100"/>
            <line hits="3" number="101"/>
            <line hits="3" number="102"/>
            <line hits="0" number="103"/>
            <line hits="0" number="104"/>
            <line hits="0" number="106"/>
            <line hits="12" number="109"/>
            <line hits="3" number="110"/>
            <line hits="3" number="111"/>
            <line hits="9" number="114"/>
            <line hits="9" number="115"/>
            <line hits="9" number="116"/>
            <line hits="15" number="119"/>
            <line hits="6" number="120"/>
            <line hits="6" number="121"/>
            <line hits="1" number="122"/>
            <line hits="1" number="123"/>
            <line hits="1" number="124"/>
            <line hits="1" number="126"/>
            <line hits="5" number="131"/>
            <line hits="5" number="132"/>
            <line hits="1" number="133"/>
            <line hits="1" number="134"/>
            <line hits="1" number="135"/>
            <line hits="1" number="137"/>
            <line hits="4" number="141"/>
            <line hits="2" number="143"/>
            <line hits="2" number="145"/>
            <line hits="0" number="146"/>
            <line hits="0" number="147"/>
            <line hits="0" number="149"/>
            <line hits="13" number="156"/>
            <line hits="13" number="158"/>
            <line hits="13" number="159"/>
            <line hits="13" number="160"/>
            <line hits="13" number="161"/>
            <line hits="13" number="162"/>
            <line hits="13" number="166"/>
            <line hits="13" number="171"/>
            <line hits="4" number="172"/>
            <line hits="4" number="173"/>
            <line hits="4" number="176"/>
            <line hits="0" number="177"/>
            <line hits="0" number="179"/>
            <line hits="4" number="182"/>
            <line hits="4" number="183"/>
            <line hits="9" number="187"/>
            <line hits="9" number="188"/>
            <line hits="9" number="189"/>
            <line hits="9" number="190"/>
            <line hits="9" number="191"/>
            <line hits="13" number="195"/>
            <line hits="13" number="196"/>
            <line hits="13" number="197"/>
            <line hits="13" number="200"/>
            <line hits="13" number="201"/>
            <line hits="13" number="202"/>
            <line hits="13" number="204"/>
            <line hits="13" number="205"/>
            <line hits="13" number="208"/>
            <line hits="13" number="210"/>
            <line hits="13" number="212"/>
            <line hits="13" number="213"/>
            <line hits="13" number="214"/>
            <line hits="13" number="215"/>
            <line hits="0" number="216"/>
            <line hits="13" number="222"/>
            <line hits="13" number="223"/>
            <line hits="13" number="224"/>
            <line hits="13" number="229"/>
            <line hits="13" number="230"/>
            <line hits="13" number="233"/>
            <line hits="13" number="235"/>
            <line hits="13" number="236"/>
            <line hits="13" number="237"/>
            <line hits="13" number="238"/>
            <line hits="13" number="239"/>
            <line hits="13" number="240"/>
            <line hits="13" number="241"/>
            <line hits="13" number="242"/>
            <line hits="13" number="243"/>
            <line hits="13" number="246"/>
            <line hits="13" number="248"/>
            <line hits="13" number="249"/>
            <line hits="13" number="250"/>
            <line hits="13" number="251"/>
            <line hits="13" number="252"/>
            <line hits="13" number="253"/>
            <line hits="13" number="254"/>
            <line hits="13" number="255"/>
            <line hits="13" number="256"/>
            <line hits="13" number="257"/>
            <line hits="13" number="258"/>
            <line hits="13" number="259"/>
            <line hits="13" number="262"/>
            <line hits="13" number="263"/>
            <line hits="13" number="265"/>
            <line hits="13" number="266"/>
            <line hits="13" number="267"/>
            <line hits="13" number="268"/>
            <line hits="13" number="269"/>
            <line hits="13" number="271"/>
            <line hits="13" number="272"/>
            <line hits="13" number="273"/>
            <line hits="13" number="274"/>
            <line hits="13" number="275"/>
            <line hits="13" number="277"/>
            <line hits="13" number="278"/>
            <line hits="13" number="279"/>
            <line hits="13" number="280"/>
            <line hits="13" number="281"/>
            <line hits="13" number="282"/>
            <line hits="13" number="283"/>
            <line hits="13" number="284"/>
            <line hits="13" number="289"/>
            <line hits="13" number="290"/>
            <line hits="13" number="291"/>
            <line hits="13" number="293"/>
            <line hits="13" number="294"/>
            <line hits="13" number="295"/>
            <line hits="13" number="296"/>
            <line hits="13" number="297"/>
            <line hits="13" number="298"/>
            <line hits="13" number="299"/>
            <line hits="13" number="300"/>
            <line hits="0" number="302"/>
            <line hits="0" number="307"/>
            <line hits="0" number="308"/>
            <line hits="0" number="309"/>
            <line hits="0" number="310"/>
            <line hits="0" number="311"/>
            <line hits="0" number="313"/>
            <line hits="0" number="317"/>
            <line hits="0" number="321"/>
            <line hits="13" number="324"/>
            <line hits="13" number="325"/>
            <line hits="13" number="326"/>
            <line hits="13" number="327"/>
            <line hits="13" number="328"/>
            <line hits="13" number="329"/>
            <line hits="13" number="330"/>
            <line hits="13" number="331"/>
            <line hits="0" number="333"/>
            <line hits="0" number="338"/>
            <line hits="0" number="339"/>
            <line hits="0" number="340"/>
            <line hits="0" number="341"/>
            <line hits="0" number="342"/>
            <line hits="0" number="344"/>
            <line hits="0" number="348"/>
            <line hits="0" number="352"/>
            <line hits="13" number="355"/>
            <line hits="13" number="356"/>
            <line hits="13" number="357"/>
            <line hits="13" number="358"/>
            <line hits="13" number="359"/>
            <line hits="13" number="360"/>
            <line hits="13" number="361"/>
            <line hits="13" number="362"/>
            <line hits="0" number="364"/>
            <line hits="0" number="369"/>
            <line hits="0" number="370"/>
            <line hits="0" number="371"/>
            <line hits="0" number="372"/>
            <line hits="0" number="373"/>
            <line hits="0" number="375"/>
            <line hits="0" number="379"/>
            <line hits="0" number="383"/>
            <line hits="13" number="386"/>
            <line hits="13" number="387"/>
            <line hits="13" number="388"/>
            <line hits="13" number="389"/>
            <line hits="13" number="390"/>
            <line hits="13" number="391"/>
            <line hits="13" number="392"/>
            <line hits="13" number="393"/>
            <line hits="2" number="395"/>
            <line hits="2" number="400"/>
            <line hits="0" number="401"/>
            <line hits="0" number="402"/>
            <line hits="0" number="403"/>
            <line hits="0" number="404"/>
            <line hits="0" number="406"/>
            <line hits="0" number="410"/>
            <line hits="2" number="414"/>
            <line hits="13" number="421"/>
            <line hits="13" number="422"/>
            <line hits="13" number="423"/>
            <line hits="13" number="424"/>
            <line hits="13" number="426"/>
            <line hits="13" number="428"/>
            <line hits="13" number="429"/>
            <line hits="13" number="430"/>
            <line hits="13" number="431"/>
            <line hits="13" number="432"/>
            <line hits="13" number="433"/>
            <line hits="13" number="434"/>
            <line hits="13" number="435"/>
            <line hits="13" number="436"/>
            <line hits="13" number="438"/>
            <line hits="13" number="439"/>
            <line hits="13" number="440"/>
            <line hits="13" number="441"/>
            <line hits="13" number="442"/>
            <line hits="13" number="443"/>
            <line hits="13" number="444"/>
            <line hits="13" number="445"/>
            <line hits="13" number="446"/>
            <line hits="13" number="448"/>
            <line hits="13" number="449"/>
            <line hits="13" number="450"/>
            <line hits="13" number="451"/>
            <line hits="13" number="452"/>
            <line hits="13" number="453"/>
            <line hits="13" number="454"/>
            <line hits="13" number="455"/>
            <line hits="13" number="456"/>
            <line hits="13" number="462"/>
            <line hits="13" number="463"/>
            <line hits="13" number="466"/>
            <line hits="13" number="467"/>
            <line hits="13" number="469"/>
            <line hits="13" number="470"/>
            <line hits="13" number="471"/>
            <line hits="13" number="472"/>
            <line hits="13" number="473"/>
            <line hits="13" number="474"/>
            <line hits="13" number="475"/>
            <line hits="13" number="476"/>
            <line hits="13" number="477"/>
            <line hits="13" number="478"/>
            <line hits="13" number="479"/>
            <line hits="13" number="481"/>
            <line hits="13" number="483"/>
            <line hits="13" number="484"/>
            <line hits="13" number="485"/>
            <line hits="13" number="486"/>
            <line hits="13" number="487"/>
            <line hits="13" number="490"/>
            <line hits="13" number="492"/>
            <line hits="13" number="493"/>
            <line hits="13" number="496"/>
            <line hits="13" number="497"/>
            <line hits="13" number="499"/>
            <line hits="13" number="500"/>
            <line hits="13" number="501"/>
            <line hits="13" number="502"/>
            <line hits="13" number="504"/>
            <line hits="13" number="505"/>
            <line hits="13" number="506"/>
            <line hits="13" number="507"/>
            <line hits="3" number="509"/>
            <line hits="3" number="510"/>
            <line hits="13" number="513"/>
            <line hits="13" number="514"/>
            <line hits="13" number="515"/>
            <line hits="13" number="516"/>
            <line hits="3" number="518"/>
            <line hits="3" number="519"/>
            <line hits="13" number="522"/>
            <line hits="13" number="523"/>
            <line hits="13" number="524"/>
            <line hits="13" number="525"/>
            <line hits="3" number="527"/>
            <line hits="3" number="528"/>
            <line hits="13" number="532"/>
            <line hits="13" number="533"/>
            <line hits="13" number="536"/>
            <line hits="13" number="538"/>
            <line hits="13" number="539"/>
            <line hits="13" number="540"/>
            <line hits="13" number="542"/>
            <line hits="13" number="545"/>
            <line hits="13" number="547"/>
            <line hits="13" number="548"/>
            <line hits="13" number="550"/>
            <line hits="13" number="551"/>
            <line hits="13" number="552"/>
            <line hits="13" number="553"/>
            <line hits="13" number="555"/>
            <line hits="13" number="556"/>
            <line hits="13" number="557"/>
            <line hits="13" number="558"/>
            <line hits="13" number="559"/>
            <line hits="13" number="560"/>
            <line hits="13" number="563"/>
            <line hits="13" number="565"/>
            <line hits="13" number="566"/>
            <line hits="13" number="568"/>
            <line hits="13" number="569"/>
            <line hits="13" number="570"/>
            <line hits="13" number="571"/>
            <line hits="13" number="573"/>
            <line hits="13" number="574"/>
            <line hits="13" number="575"/>
            <line hits="13" number="576"/>
            <line hits="13" number="577"/>
            <line hits="13" number="578"/>
            <line hits="13" number="581"/>
            <line hits="13" number="582"/>
            <line hits="13" number="586"/>
            <line hits="13" number="588"/>
            <line hits="13" number="589"/>
            <line hits="13" number="590"/>
            <line hits="13" number="591"/>
            <line hits="13" number="592"/>
            <line hits="15" number="597"/>
            <line hits="15" number="598"/>
            <line hits="15" number="602"/>
            <line hits="15" number="603"/>
            <line hits="0" number="612"/>
            <line hits="0" number="613"/>
            <line hits="0" number="615"/>
            <line hits="0" number="617"/>
            <line hits="0" number="618"/>
            <line hits="0" number="620"/>
            <line hits="0" number="621"/>
            <line hits="0" number="623"/>
            <line hits="0" number="624"/>
            <line hits="0" number="626"/>
            <line hits="0" number="627"/>
            <line hits="4" number="635"/>
            <line hits="4" number="637"/>
            <line hits="4" number="643"/>
            <line hits="4" number="644"/>
            <line hits="0" number="645"/>
            <line hits="0" number="646"/>
            <line hits="0" number="647"/>
            <line hits="0" number="648"/>
            <line hits="0" number="649"/>
            <line hits="0" number="651"/>
            <line hits="0" number="655"/>
            <line hits="4" number="662"/>
            <line hits="4" number="663"/>
            <line hits="4" number="665"/>
            <line hits="4" number="667"/>
            <line hits="4" number="668"/>
            <line hits="4" number="669"/>
            <line hits="4" number="670"/>
            <line hits="4" number="671"/>
            <line hits="4" number="673"/>
            <line hits="4" number="674"/>
            <line hits="4" number="675"/>
            <line hits="4" number="676"/>
            <line hits="4" number="677"/>
            <line hits="4" number="679"/>
            <line hits="4" number="680"/>
            <line hits="4" number="681"/>
            <line hits="4" number="682"/>
            <line hits="4" number="683"/>
            <line hits="4" number="685"/>
            <line hits="4" number="686"/>
            <line hits="4" number="687"/>
            <line hits="4" number="688"/>
            <line hits="4" number="689"/>
            <line hits="4" number="692"/>
            <line hits="4" number="695"/>
            <line hits="19" number="704"/>
            <line hits="19" number="705"/>
            <line hits="19" number="706"/>
            <line hits="19" number="708"/>
            <line hits="19" number="709"/>
            <line hits="19" number="711"/>
            <line hits="19" number="712"/>
            <line hits="19" number="713"/>
            <line hits="19" number="715"/>
            <line hits="57" number="728"/>
            <line hits="57" number="729"/>
            <line hits="57" number="730"/>
            <line hits="19" number="737"/>
            <line hits="58" number="739"/>
            <line hits="58" number="741"/>
            <line hits="58" number="750"/>
            <line hits="0" number="751"/>
            <line hits="58" number="754"/>
            <line hits="0" number="755"/>
            <line hits="58" number="757"/>
            <line hits="58" number="760"/>
            <line hits="19" number="761"/>
            <line hits="58" number="764"/>
          </lines>
        </class>
        <class branch-rate="NaN" complexity="NaN" filename="RotationalFriction\+RotationalFriction1\RotationalFrictionData.m" line-rate="0.93182" name="RotationalFriction1.RotationalFrictionData">
          <methods>
            <method branch-rate="NaN" line-rate="0.875" name="RotationalFrictionData" signature="DataObj = RotationalFrictionData(NameValuePair)">
              <lines>
                <line hits="13" number="89"/>
                <line hits="4" number="90"/>
                <line hits="4" number="91"/>
                <line hits="4" number="93"/>
                <line hits="13" number="96"/>
                <line hits="0" number="98"/>
                <line hits="13" number="102"/>
                <line hits="9" number="105"/>
                <line hits="4" number="112"/>
                <line hits="0" number="113"/>
                <line hits="4" number="116"/>
                <line hits="4" number="117"/>
                <line hits="4" number="118"/>
                <line hits="4" number="119"/>
                <line hits="4" number="121"/>
                <line hits="13" number="124"/>
              </lines>
            </method>
            <method branch-rate="NaN" line-rate="1" name="resetTorqueData" signature="resetTorqueData(DataObj)">
              <lines>
                <line hits="9" number="129"/>
                <line hits="9" number="130"/>
              </lines>
            </method>
            <method branch-rate="NaN" line-rate="1" name="resetCommonTorqueData" signature="resetCommonTorqueData(DataObj)">
              <lines>
                <line hits="13" number="135"/>
                <line hits="13" number="136"/>
                <line hits="13" number="137"/>
                <line hits="13" number="138"/>
              </lines>
            </method>
            <method branch-rate="NaN" line-rate="1" name="updateFrictionTorqueValues" signature="updateFrictionTorqueValues(DataObj)">
              <lines>
                <line hits="51" number="144"/>
                <line hits="51" number="147"/>
                <line hits="51" number="148"/>
                <line hits="51" number="149"/>
                <line hits="31" number="150"/>
                <line hits="51" number="152"/>
                <line hits="51" number="153"/>
                <line hits="51" number="154"/>
                <line hits="51" number="156"/>
                <line hits="51" number="157"/>
                <line hits="51" number="158"/>
                <line hits="51" number="160"/>
                <line hits="51" number="161"/>
                <line hits="51" number="163"/>
                <line hits="51" number="164"/>
                <line hits="51" number="165"/>
                <line hits="51" number="167"/>
                <line hits="51" number="168"/>
                <line hits="51" number="169"/>
                <line hits="51" number="171"/>
              </lines>
            </method>
          </methods>
          <lines>
            <line hits="0" number="85"/>
            <line hits="9" number="86"/>
            <line hits="13" number="89"/>
            <line hits="4" number="90"/>
            <line hits="4" number="91"/>
            <line hits="4" number="93"/>
            <line hits="13" number="96"/>
            <line hits="0" number="98"/>
            <line hits="13" number="102"/>
            <line hits="9" number="105"/>
            <line hits="4" number="112"/>
            <line hits="0" number="113"/>
            <line hits="4" number="116"/>
            <line hits="4" number="117"/>
            <line hits="4" number="118"/>
            <line hits="4" number="119"/>
            <line hits="4" number="121"/>
            <line hits="13" number="124"/>
            <line hits="9" number="129"/>
            <line hits="9" number="130"/>
            <line hits="13" number="135"/>
            <line hits="13" number="136"/>
            <line hits="13" number="137"/>
            <line hits="13" number="138"/>
            <line hits="51" number="144"/>
            <line hits="51" number="147"/>
            <line hits="51" number="148"/>
            <line hits="51" number="149"/>
            <line hits="31" number="150"/>
            <line hits="51" number="152"/>
            <line hits="51" number="153"/>
            <line hits="51" number="154"/>
            <line hits="51" number="156"/>
            <line hits="51" number="157"/>
            <line hits="51" number="158"/>
            <line hits="51" number="160"/>
            <line hits="51" number="161"/>
            <line hits="51" number="163"/>
            <line hits="51" number="164"/>
            <line hits="51" number="165"/>
            <line hits="51" number="167"/>
            <line hits="51" number="168"/>
            <line hits="51" number="169"/>
            <line hits="51" number="171"/>
          </lines>
        </class>
        <class branch-rate="NaN" complexity="NaN" filename="RotationalFriction\+RotationalFriction1\RotationalFrictionModelParameters.m" line-rate="0.63636" name="RotationalFriction1.RotationalFrictionModelParameters">
          <methods>
            <method branch-rate="NaN" line-rate="0" name="RotationalFrictionModelParameters" signature="params = RotationalFrictionModelParameters(NameValuePair)">
              <lines>
                <line hits="0" number="34"/>
                <line hits="0" number="35"/>
                <line hits="0" number="36"/>
              </lines>
            </method>
            <method branch-rate="NaN" line-rate="1" name="resetPublicParameters" signature="resetPublicParameters(params)">
              <lines>
                <line hits="9" number="41"/>
                <line hits="9" number="42"/>
                <line hits="9" number="43"/>
                <line hits="9" number="44"/>
              </lines>
            </method>
            <method branch-rate="NaN" line-rate="1" name="updateDerivedParameters" signature="updateDerivedParameters(params)">
              <lines>
                <line hits="70" number="49"/>
                <line hits="70" number="50"/>
                <line hits="70" number="51"/>
              </lines>
            </method>
          </methods>
          <lines>
            <line hits="0" number="31"/>
            <line hits="0" number="34"/>
            <line hits="0" number="35"/>
            <line hits="0" number="36"/>
            <line hits="9" number="41"/>
            <line hits="9" number="42"/>
            <line hits="9" number="43"/>
            <line hits="9" number="44"/>
            <line hits="70" number="49"/>
            <line hits="70" number="50"/>
            <line hits="70" number="51"/>
          </lines>
        </class>
        <class branch-rate="NaN" complexity="NaN" filename="RotationalFriction\+RotationalFriction1\plotFrictionTorque.m" line-rate="0.91489" name="RotationalFriction1.plotFrictionTorque">
          <methods/>
          <lines>
            <line hits="58" number="9"/>
            <line hits="58" number="12"/>
            <line hits="58" number="20"/>
            <line hits="58" number="21"/>
            <line hits="0" number="23"/>
            <line hits="58" number="26"/>
            <line hits="58" number="27"/>
            <line hits="58" number="28"/>
            <line hits="0" number="30"/>
            <line hits="0" number="31"/>
            <line hits="58" number="34"/>
            <line hits="58" number="36"/>
            <line hits="0" number="37"/>
            <line hits="58" number="48"/>
            <line hits="58" number="51"/>
            <line hits="58" number="52"/>
            <line hits="58" number="54"/>
            <line hits="58" number="55"/>
            <line hits="58" number="57"/>
            <line hits="58" number="58"/>
            <line hits="58" number="60"/>
            <line hits="58" number="62"/>
            <line hits="38" number="63"/>
            <line hits="38" number="64"/>
            <line hits="38" number="65"/>
            <line hits="38" number="66"/>
            <line hits="38" number="67"/>
            <line hits="58" number="70"/>
            <line hits="39" number="71"/>
            <line hits="39" number="72"/>
            <line hits="39" number="73"/>
            <line hits="39" number="74"/>
            <line hits="39" number="75"/>
            <line hits="58" number="78"/>
            <line hits="40" number="79"/>
            <line hits="40" number="80"/>
            <line hits="40" number="81"/>
            <line hits="58" number="84"/>
            <line hits="58" number="86"/>
            <line hits="58" number="87"/>
            <line hits="58" number="89"/>
            <line hits="58" number="91"/>
            <line hits="58" number="92"/>
            <line hits="58" number="93"/>
            <line hits="58" number="95"/>
            <line hits="42" number="96"/>
            <line hits="58" number="99"/>
          </lines>
        </class>
      </classes>
    </package>
  </packages>
</coverage>
