<?xml version="1.0" encoding="UTF-8" standalone="no" ?>
<testsuites>
  <testsuite errors="0" failures="1" name="uitest_RotationalFriction" skipped="0" tests="16" time="132.1877">
    <testcase classname="uitest_RotationalFriction" name="PassingTest_1" time="0.023852"/>
    <testcase classname="uitest_RotationalFriction" name="app_launches_without_warnings_1" time="9.1206"/>
    <testcase classname="uitest_RotationalFriction" name="app_launches_without_warnings_2" time="8.9624"/>
    <testcase classname="uitest_RotationalFriction" name="app_launches_without_warnings_3" time="8.7898"/>
    <testcase classname="uitest_RotationalFriction" name="Test_error_1" time="0.24687"/>
    <testcase classname="uitest_RotationalFriction" name="Test_error_2" time="0.79642"/>
    <testcase classname="uitest_RotationalFriction" name="VisualTest_1_1" time="8.1942"/>
    <testcase classname="uitest_RotationalFriction" name="VisualTest_1_2" time="8.6905"/>
    <testcase classname="uitest_RotationalFriction" name="VisualTest_2_1" time="10.9585"/>
    <testcase classname="uitest_RotationalFriction" name="VisualTest_2_2" time="10.8113"/>
    <testcase classname="uitest_RotationalFriction" name="VisualTest_3" time="13.7987"/>
    <testcase classname="uitest_RotationalFriction" name="Test_samplemodel_1" time="13.8215"/>
    <testcase classname="uitest_RotationalFriction" name="Test_with_samplemodel_1" time="9.8104"/>
    <testcase classname="uitest_RotationalFriction" name="Test_with_samplemodel_2" time="8.6744"/>
    <testcase classname="uitest_RotationalFriction" name="Test_1" time="10.6008">
      <failure type="VerificationFailure">Verification failed in uitest_RotationalFriction/Test_1.
    ---------------------
    Framework Diagnostic:
    ---------------------
    verifyEqual failed.
    --&gt; The strings are not equal.
    
    Actual Value:
        "N*m/(rad/s)"
    Expected Value:
        "N*m/rpm"
    ------------------
    Stack Information:
    ------------------
    In C:\local\modutil\modeling-utility\Devel\AppsForPhysicalSystems\Test\RotationalFriction\uitest_RotationalFriction.m (uitest_RotationalFriction.Test_1) at 232</failure>
    </testcase>
    <testcase classname="uitest_RotationalFriction" name="Test_2" time="8.8876"/>
  </testsuite>
  <testsuite errors="0" failures="0" name="uiuptodatetest_RotationalFriction" skipped="0" tests="2" time="31.697">
    <testcase classname="uiuptodatetest_RotationalFriction" name="DarkTheme_1" time="15.9367"/>
    <testcase classname="uiuptodatetest_RotationalFriction" name="LightTheme_1" time="15.7603"/>
  </testsuite>
  <testsuite errors="0" failures="0" name="uptodatetest_RotationalFriction" skipped="0" tests="3" time="29.0927">
    <testcase classname="uptodatetest_RotationalFriction" name="PassingTest_1" time="0.39485"/>
    <testcase classname="uptodatetest_RotationalFriction" name="description_html_is_uptodate" time="19.9039"/>
    <testcase classname="uptodatetest_RotationalFriction" name="description_markdown_is_uptodate" time="8.794"/>
  </testsuite>
</testsuites>
