<?xml version="1.0" encoding="UTF-8" standalone="no" ?>
<testsuites>
  <testsuite errors="0" failures="0" name="PassingTests" skipped="0" tests="29" time="62.6834">
    <testcase classname="PassingTests" name="PassingTest_AbstractMotorEfficiencyApp_1" time="11.0235"/>
    <testcase classname="PassingTests" name="PassingTest_AbstractMotor_Description_html" time="0.012609"/>
    <testcase classname="PassingTests" name="PassingTest_AbstractMotorEfficiency_SampleModel_refsub_24b_1" time="0.18438"/>
    <testcase classname="PassingTests" name="PassingTest_SampleParams_AbstractMotor_1" time="0.019612"/>
    <testcase classname="PassingTests" name="PassingTest_SampleParams_AbstractMotor_2" time="0.018923"/>
    <testcase classname="PassingTests" name="PassingTest_CodeCoverageApp_1" time="3.0244"/>
    <testcase classname="PassingTests" name="PassingTest_ContourQuiverApp_1" time="2.9445"/>
    <testcase classname="PassingTests" name="PassingTest_FileListApp_1" time="0.71005"/>
    <testcase classname="PassingTests" name="PassingTest_FileSearchApp_1" time="1.7817"/>
    <testcase classname="PassingTests" name="PassingTest_FolderSearchApp_1" time="0.93019"/>
    <testcase classname="PassingTests" name="PassingTest_LookupTable1DBlockPlotApp_1" time="1.497"/>
    <testcase classname="PassingTests" name="PassingTest_SampleModel_1" time="0.1226"/>
    <testcase classname="PassingTests" name="PassingTest_RotationalFrictionTorqueApp_1" time="6.9345"/>
    <testcase classname="PassingTests" name="PassingTest_RotationalFrictionTorqueApp_Description_html" time="0.0052262"/>
    <testcase classname="PassingTests" name="PassingTest_RotationalFrictionTorque_SampleModel_refsub_24b_1" time="0.080946"/>
    <testcase classname="PassingTests" name="PassingTest_RotationalFrictionTorque_SampleParams1_1" time="0.033214"/>
    <testcase classname="PassingTests" name="PassingTest_RotationalFrictionTorque_SampleParams2_1" time="0.011375"/>
    <testcase classname="PassingTests" name="PassingTest_SignalDesignApp_1" time="7.3306"/>
    <testcase classname="PassingTests" name="PassingTest_SignalDesignApp_Description_html" time="0.005214"/>
    <testcase classname="PassingTests" name="PassingTest_TestResultApp_1" time="1.0647"/>
    <testcase classname="PassingTests" name="PassingTest_TextSearchApp_1" time="2.5748"/>
    <testcase classname="PassingTests" name="PassingTest_TextSearchResultApp_1" time="2.0231"/>
    <testcase classname="PassingTests" name="PassingTest_TraceGeneratorApp_1" time="7.461"/>
    <testcase classname="PassingTests" name="PassingTest_TraceGeneratorApp_Description_html" time="0.0049426"/>
    <testcase classname="PassingTests" name="PassingTest_Vehicle1DForceApp_1" time="11.833"/>
    <testcase classname="PassingTests" name="PassingTest_Vehicle1DForceApp_Description_html" time="0.00538"/>
    <testcase classname="PassingTests" name="PassingTest_Vehicle1DForce_SampleModel_refsub_24b_1" time="0.13919"/>
    <testcase classname="PassingTests" name="PassingTest_Vehicle1DForce_SampleParams1_1" time="0.022782"/>
    <testcase classname="PassingTests" name="PassingTest_Vehicle1DForce_SampleParams2_1" time="0.88397"/>
  </testsuite>
</testsuites>
