<?xml version="1.0" encoding="UTF-8" standalone="no" ?>
<coverage branch-rate="NaN" branches-covered="NaN" branches-valid="NaN" complexity="NaN" line-rate="0.76197" lines-covered="557" lines-valid="731" timestamp="1778432760.9677" version="">
  <sources>
    <source>C:\local\modutil\repo\worktrees\R2024b-devel\Devel\AppsForPhysicalSystems\AbstractMotor\+AbstractMotor1\</source>
  </sources>
  <packages>
    <package branch-rate="NaN" complexity="NaN" line-rate="0.76197" name="AbstractMotor1">
      <classes>
        <class branch-rate="NaN" complexity="NaN" filename="AbstractMotorDataSet.m" line-rate="0.87654" name="AbstractMotor1.AbstractMotorDataSet">
          <methods>
            <method branch-rate="NaN" line-rate="0.76667" name="AbstractMotorDataSet" signature="DataSet = AbstractMotorDataSet(NameValuePair)">
              <lines>
                <line hits="10" number="120"/>
                <line hits="2" number="121"/>
                <line hits="2" number="122"/>
                <line hits="2" number="124"/>
                <line hits="10" number="127"/>
                <line hits="1" number="129"/>
                <line hits="9" number="133"/>
                <line hits="7" number="136"/>
                <line hits="2" number="141"/>
                <line hits="2" number="143"/>
                <line hits="2" number="144"/>
                <line hits="0" number="145"/>
                <line hits="2" number="146"/>
                <line hits="2" number="147"/>
                <line hits="0" number="149"/>
                <line hits="0" number="150"/>
                <line hits="0" number="152"/>
                <line hits="2" number="156"/>
                <line hits="2" number="157"/>
                <line hits="2" number="158"/>
                <line hits="2" number="159"/>
                <line hits="2" number="160"/>
                <line hits="2" number="162"/>
                <line hits="2" number="163"/>
                <line hits="2" number="164"/>
                <line hits="2" number="165"/>
                <line hits="0" number="168"/>
                <line hits="0" number="169"/>
                <line hits="0" number="170"/>
                <line hits="2" number="173"/>
              </lines>
            </method>
            <method branch-rate="NaN" line-rate="0.76923" name="resetDataSet" signature="resetDataSet(DataSet)">
              <lines>
                <line hits="7" number="180"/>
                <line hits="7" number="181"/>
                <line hits="7" number="183"/>
                <line hits="7" number="184"/>
                <line hits="7" number="185"/>
                <line hits="7" number="187"/>
                <line hits="7" number="188"/>
                <line hits="7" number="189"/>
                <line hits="7" number="190"/>
                <line hits="0" number="193"/>
                <line hits="0" number="194"/>
                <line hits="0" number="195"/>
                <line hits="7" number="198"/>
              </lines>
            </method>
            <method branch-rate="NaN" line-rate="1" name="resetCommonSettings" signature="resetCommonSettings(DataSet)">
              <lines>
                <line hits="9" number="206"/>
                <line hits="9" number="208"/>
                <line hits="9" number="209"/>
                <line hits="9" number="210"/>
                <line hits="9" number="212"/>
                <line hits="9" number="214"/>
                <line hits="9" number="216"/>
                <line hits="9" number="218"/>
              </lines>
            </method>
            <method branch-rate="NaN" line-rate="1" name="updateDataSet" signature="updateDataSet(DataSet)">
              <lines>
                <line hits="13" number="224"/>
                <line hits="13" number="226"/>
                <line hits="13" number="230"/>
                <line hits="13" number="231"/>
                <line hits="13" number="232"/>
                <line hits="13" number="234"/>
                <line hits="13" number="236"/>
                <line hits="13" number="239"/>
                <line hits="13" number="241"/>
                <line hits="13" number="243"/>
                <line hits="13" number="245"/>
                <line hits="13" number="249"/>
                <line hits="13" number="252"/>
                <line hits="13" number="254"/>
                <line hits="13" number="255"/>
                <line hits="13" number="257"/>
                <line hits="13" number="260"/>
                <line hits="13" number="262"/>
                <line hits="13" number="264"/>
                <line hits="13" number="266"/>
                <line hits="13" number="270"/>
                <line hits="13" number="272"/>
                <line hits="13" number="275"/>
                <line hits="13" number="276"/>
                <line hits="13" number="282"/>
                <line hits="13" number="283"/>
                <line hits="13" number="285"/>
                <line hits="13" number="286"/>
              </lines>
            </method>
          </methods>
          <lines>
            <line hits="3" number="116"/>
            <line hits="8" number="117"/>
            <line hits="10" number="120"/>
            <line hits="2" number="121"/>
            <line hits="2" number="122"/>
            <line hits="2" number="124"/>
            <line hits="10" number="127"/>
            <line hits="1" number="129"/>
            <line hits="9" number="133"/>
            <line hits="7" number="136"/>
            <line hits="2" number="141"/>
            <line hits="2" number="143"/>
            <line hits="2" number="144"/>
            <line hits="0" number="145"/>
            <line hits="2" number="146"/>
            <line hits="2" number="147"/>
            <line hits="0" number="149"/>
            <line hits="0" number="150"/>
            <line hits="0" number="152"/>
            <line hits="2" number="156"/>
            <line hits="2" number="157"/>
            <line hits="2" number="158"/>
            <line hits="2" number="159"/>
            <line hits="2" number="160"/>
            <line hits="2" number="162"/>
            <line hits="2" number="163"/>
            <line hits="2" number="164"/>
            <line hits="2" number="165"/>
            <line hits="0" number="168"/>
            <line hits="0" number="169"/>
            <line hits="0" number="170"/>
            <line hits="2" number="173"/>
            <line hits="7" number="180"/>
            <line hits="7" number="181"/>
            <line hits="7" number="183"/>
            <line hits="7" number="184"/>
            <line hits="7" number="185"/>
            <line hits="7" number="187"/>
            <line hits="7" number="188"/>
            <line hits="7" number="189"/>
            <line hits="7" number="190"/>
            <line hits="0" number="193"/>
            <line hits="0" number="194"/>
            <line hits="0" number="195"/>
            <line hits="7" number="198"/>
            <line hits="9" number="206"/>
            <line hits="9" number="208"/>
            <line hits="9" number="209"/>
            <line hits="9" number="210"/>
            <line hits="9" number="212"/>
            <line hits="9" number="214"/>
            <line hits="9" number="216"/>
            <line hits="9" number="218"/>
            <line hits="13" number="224"/>
            <line hits="13" number="226"/>
            <line hits="13" number="230"/>
            <line hits="13" number="231"/>
            <line hits="13" number="232"/>
            <line hits="13" number="234"/>
            <line hits="13" number="236"/>
            <line hits="13" number="239"/>
            <line hits="13" number="241"/>
            <line hits="13" number="243"/>
            <line hits="13" number="245"/>
            <line hits="13" number="249"/>
            <line hits="13" number="252"/>
            <line hits="13" number="254"/>
            <line hits="13" number="255"/>
            <line hits="13" number="257"/>
            <line hits="13" number="260"/>
            <line hits="13" number="262"/>
            <line hits="13" number="264"/>
            <line hits="13" number="266"/>
            <line hits="13" number="270"/>
            <line hits="13" number="272"/>
            <line hits="13" number="275"/>
            <line hits="13" number="276"/>
            <line hits="13" number="282"/>
            <line hits="13" number="283"/>
            <line hits="13" number="285"/>
            <line hits="13" number="286"/>
          </lines>
        </class>
        <class branch-rate="NaN" complexity="NaN" filename="AbstractMotorEfficiencyAppMain.m" line-rate="0.67888" name="AbstractMotor1.AbstractMotorEfficiencyAppMain">
          <methods>
            <method branch-rate="NaN" line-rate="0.62162" name="AbstractMotorEfficiencyAppMain" signature="App = AbstractMotorEfficiencyAppMain(NameValuePair)">
              <lines>
                <line hits="3" number="115"/>
                <line hits="0" number="116"/>
                <line hits="0" number="117"/>
                <line hits="0" number="119"/>
                <line hits="3" number="124"/>
                <line hits="0" number="125"/>
                <line hits="0" number="126"/>
                <line hits="0" number="127"/>
                <line hits="0" number="128"/>
                <line hits="0" number="129"/>
                <line hits="0" number="131"/>
                <line hits="3" number="134"/>
                <line hits="1" number="135"/>
                <line hits="1" number="136"/>
                <line hits="2" number="139"/>
                <line hits="2" number="140"/>
                <line hits="2" number="141"/>
                <line hits="3" number="144"/>
                <line hits="1" number="145"/>
                <line hits="1" number="146"/>
                <line hits="1" number="147"/>
                <line hits="1" number="148"/>
                <line hits="1" number="149"/>
                <line hits="1" number="151"/>
                <line hits="0" number="156"/>
                <line hits="0" number="157"/>
                <line hits="0" number="158"/>
                <line hits="0" number="159"/>
                <line hits="0" number="160"/>
                <line hits="0" number="162"/>
                <line hits="0" number="166"/>
                <line hits="0" number="168"/>
                <line hits="0" number="170"/>
                <line hits="0" number="171"/>
                <line hits="0" number="172"/>
                <line hits="0" number="174"/>
                <line hits="2" number="181"/>
                <line hits="2" number="183"/>
                <line hits="2" number="184"/>
                <line hits="2" number="185"/>
                <line hits="2" number="186"/>
                <line hits="2" number="187"/>
                <line hits="2" number="191"/>
                <line hits="2" number="196"/>
                <line hits="0" number="197"/>
                <line hits="0" number="198"/>
                <line hits="0" number="201"/>
                <line hits="0" number="202"/>
                <line hits="0" number="204"/>
                <line hits="0" number="207"/>
                <line hits="0" number="208"/>
                <line hits="2" number="212"/>
                <line hits="2" number="214"/>
                <line hits="2" number="215"/>
                <line hits="2" number="216"/>
                <line hits="2" number="217"/>
                <line hits="2" number="218"/>
                <line hits="2" number="219"/>
                <line hits="2" number="220"/>
                <line hits="2" number="221"/>
                <line hits="2" number="222"/>
                <line hits="2" number="225"/>
                <line hits="2" number="226"/>
                <line hits="2" number="227"/>
                <line hits="2" number="228"/>
                <line hits="2" number="230"/>
                <line hits="2" number="231"/>
                <line hits="2" number="234"/>
                <line hits="2" number="236"/>
                <line hits="2" number="238"/>
                <line hits="2" number="239"/>
                <line hits="2" number="240"/>
                <line hits="2" number="241"/>
                <line hits="1" number="242"/>
              </lines>
            </method>
            <method branch-rate="NaN" line-rate="0.88686" name="build_app_gui" signature="build_app_gui(App)">
              <lines>
                <line hits="2" number="248"/>
                <line hits="2" number="249"/>
                <line hits="2" number="251"/>
                <line hits="2" number="256"/>
                <line hits="2" number="258"/>
                <line hits="2" number="261"/>
                <line hits="2" number="262"/>
                <line hits="2" number="264"/>
                <line hits="2" number="265"/>
                <line hits="2" number="266"/>
                <line hits="2" number="267"/>
                <line hits="2" number="270"/>
                <line hits="2" number="272"/>
                <line hits="2" number="274"/>
                <line hits="2" number="275"/>
                <line hits="2" number="276"/>
                <line hits="2" number="277"/>
                <line hits="2" number="280"/>
                <line hits="2" number="282"/>
                <line hits="2" number="283"/>
                <line hits="2" number="284"/>
                <line hits="2" number="285"/>
                <line hits="2" number="286"/>
                <line hits="2" number="287"/>
                <line hits="2" number="288"/>
                <line hits="2" number="289"/>
                <line hits="2" number="291"/>
                <line hits="2" number="293"/>
                <line hits="2" number="294"/>
                <line hits="0" number="296"/>
                <line hits="0" number="297"/>
                <line hits="2" number="301"/>
                <line hits="2" number="303"/>
                <line hits="2" number="304"/>
                <line hits="2" number="305"/>
                <line hits="2" number="306"/>
                <line hits="2" number="307"/>
                <line hits="2" number="308"/>
                <line hits="2" number="309"/>
                <line hits="2" number="310"/>
                <line hits="2" number="312"/>
                <line hits="2" number="314"/>
                <line hits="2" number="315"/>
                <line hits="0" number="317"/>
                <line hits="0" number="318"/>
                <line hits="2" number="322"/>
                <line hits="2" number="324"/>
                <line hits="2" number="325"/>
                <line hits="2" number="326"/>
                <line hits="2" number="327"/>
                <line hits="2" number="328"/>
                <line hits="2" number="329"/>
                <line hits="2" number="330"/>
                <line hits="2" number="331"/>
                <line hits="2" number="333"/>
                <line hits="2" number="335"/>
                <line hits="2" number="336"/>
                <line hits="0" number="338"/>
                <line hits="0" number="339"/>
                <line hits="2" number="343"/>
                <line hits="2" number="345"/>
                <line hits="2" number="346"/>
                <line hits="2" number="347"/>
                <line hits="2" number="348"/>
                <line hits="2" number="349"/>
                <line hits="2" number="350"/>
                <line hits="2" number="352"/>
                <line hits="2" number="354"/>
                <line hits="0" number="356"/>
                <line hits="0" number="357"/>
                <line hits="2" number="361"/>
                <line hits="2" number="363"/>
                <line hits="2" number="364"/>
                <line hits="2" number="365"/>
                <line hits="2" number="366"/>
                <line hits="2" number="367"/>
                <line hits="2" number="368"/>
                <line hits="2" number="369"/>
                <line hits="2" number="370"/>
                <line hits="2" number="372"/>
                <line hits="2" number="374"/>
                <line hits="2" number="375"/>
                <line hits="0" number="377"/>
                <line hits="0" number="378"/>
                <line hits="2" number="382"/>
                <line hits="2" number="384"/>
                <line hits="2" number="385"/>
                <line hits="2" number="386"/>
                <line hits="2" number="387"/>
                <line hits="2" number="388"/>
                <line hits="2" number="389"/>
                <line hits="2" number="390"/>
                <line hits="2" number="391"/>
                <line hits="2" number="393"/>
                <line hits="2" number="395"/>
                <line hits="2" number="396"/>
                <line hits="0" number="398"/>
                <line hits="0" number="399"/>
                <line hits="2" number="403"/>
                <line hits="2" number="405"/>
                <line hits="2" number="406"/>
                <line hits="2" number="407"/>
                <line hits="2" number="408"/>
                <line hits="2" number="409"/>
                <line hits="2" number="410"/>
                <line hits="2" number="411"/>
                <line hits="2" number="412"/>
                <line hits="2" number="413"/>
                <line hits="2" number="415"/>
                <line hits="2" number="417"/>
                <line hits="2" number="418"/>
                <line hits="0" number="420"/>
                <line hits="0" number="421"/>
                <line hits="0" number="422"/>
                <line hits="0" number="423"/>
                <line hits="0" number="424"/>
                <line hits="0" number="426"/>
                <line hits="0" number="429"/>
                <line hits="0" number="430"/>
                <line hits="0" number="431"/>
                <line hits="0" number="432"/>
                <line hits="2" number="436"/>
                <line hits="2" number="438"/>
                <line hits="2" number="439"/>
                <line hits="2" number="440"/>
                <line hits="2" number="441"/>
                <line hits="2" number="442"/>
                <line hits="2" number="443"/>
                <line hits="2" number="444"/>
                <line hits="2" number="445"/>
                <line hits="2" number="447"/>
                <line hits="2" number="449"/>
                <line hits="2" number="450"/>
                <line hits="0" number="452"/>
                <line hits="0" number="453"/>
                <line hits="2" number="457"/>
                <line hits="2" number="459"/>
                <line hits="2" number="460"/>
                <line hits="2" number="461"/>
                <line hits="2" number="462"/>
                <line hits="2" number="463"/>
                <line hits="2" number="464"/>
                <line hits="2" number="465"/>
                <line hits="2" number="466"/>
                <line hits="2" number="468"/>
                <line hits="2" number="470"/>
                <line hits="2" number="471"/>
                <line hits="0" number="473"/>
                <line hits="0" number="474"/>
                <line hits="2" number="481"/>
                <line hits="2" number="482"/>
                <line hits="2" number="483"/>
                <line hits="2" number="486"/>
                <line hits="2" number="488"/>
                <line hits="2" number="489"/>
                <line hits="2" number="490"/>
                <line hits="2" number="491"/>
                <line hits="2" number="492"/>
                <line hits="2" number="493"/>
                <line hits="2" number="494"/>
                <line hits="2" number="495"/>
                <line hits="2" number="496"/>
                <line hits="2" number="497"/>
                <line hits="2" number="498"/>
                <line hits="2" number="499"/>
                <line hits="2" number="502"/>
                <line hits="2" number="504"/>
                <line hits="2" number="505"/>
                <line hits="2" number="506"/>
                <line hits="2" number="507"/>
                <line hits="2" number="508"/>
                <line hits="2" number="509"/>
                <line hits="2" number="510"/>
                <line hits="2" number="513"/>
                <line hits="2" number="515"/>
                <line hits="2" number="516"/>
                <line hits="2" number="517"/>
                <line hits="2" number="518"/>
                <line hits="2" number="519"/>
                <line hits="2" number="520"/>
                <line hits="2" number="521"/>
                <line hits="2" number="522"/>
                <line hits="2" number="523"/>
                <line hits="2" number="524"/>
                <line hits="2" number="525"/>
                <line hits="2" number="526"/>
                <line hits="2" number="529"/>
                <line hits="2" number="531"/>
                <line hits="2" number="532"/>
                <line hits="2" number="533"/>
                <line hits="2" number="534"/>
                <line hits="2" number="535"/>
                <line hits="2" number="536"/>
                <line hits="2" number="537"/>
                <line hits="2" number="538"/>
                <line hits="2" number="539"/>
                <line hits="2" number="540"/>
                <line hits="2" number="543"/>
                <line hits="2" number="545"/>
                <line hits="2" number="546"/>
                <line hits="2" number="547"/>
                <line hits="2" number="548"/>
                <line hits="2" number="549"/>
                <line hits="2" number="550"/>
                <line hits="2" number="551"/>
                <line hits="2" number="552"/>
                <line hits="2" number="553"/>
                <line hits="2" number="554"/>
                <line hits="2" number="559"/>
                <line hits="2" number="560"/>
                <line hits="2" number="563"/>
                <line hits="2" number="564"/>
                <line hits="2" number="566"/>
                <line hits="2" number="567"/>
                <line hits="2" number="568"/>
                <line hits="2" number="569"/>
                <line hits="2" number="570"/>
                <line hits="2" number="571"/>
                <line hits="2" number="572"/>
                <line hits="2" number="573"/>
                <line hits="2" number="574"/>
                <line hits="2" number="575"/>
                <line hits="2" number="576"/>
                <line hits="2" number="578"/>
                <line hits="2" number="580"/>
                <line hits="2" number="581"/>
                <line hits="2" number="582"/>
                <line hits="2" number="583"/>
                <line hits="2" number="585"/>
                <line hits="0" number="587"/>
                <line hits="0" number="588"/>
                <line hits="0" number="589"/>
                <line hits="0" number="590"/>
                <line hits="0" number="591"/>
                <line hits="2" number="595"/>
                <line hits="2" number="597"/>
                <line hits="2" number="598"/>
                <line hits="2" number="601"/>
                <line hits="2" number="603"/>
                <line hits="2" number="604"/>
                <line hits="2" number="605"/>
                <line hits="2" number="606"/>
                <line hits="2" number="607"/>
                <line hits="2" number="608"/>
                <line hits="2" number="610"/>
                <line hits="2" number="613"/>
                <line hits="2" number="615"/>
                <line hits="2" number="616"/>
                <line hits="2" number="617"/>
                <line hits="2" number="618"/>
                <line hits="2" number="619"/>
                <line hits="2" number="620"/>
                <line hits="2" number="621"/>
                <line hits="2" number="622"/>
                <line hits="2" number="624"/>
                <line hits="2" number="625"/>
                <line hits="2" number="628"/>
                <line hits="2" number="630"/>
                <line hits="2" number="631"/>
                <line hits="2" number="632"/>
                <line hits="2" number="633"/>
                <line hits="2" number="634"/>
                <line hits="2" number="635"/>
                <line hits="2" number="636"/>
                <line hits="2" number="637"/>
                <line hits="2" number="639"/>
                <line hits="2" number="640"/>
                <line hits="2" number="643"/>
                <line hits="2" number="644"/>
                <line hits="2" number="648"/>
                <line hits="2" number="650"/>
                <line hits="2" number="651"/>
                <line hits="2" number="652"/>
                <line hits="2" number="653"/>
              </lines>
            </method>
            <method branch-rate="NaN" line-rate="0" name="callback_set_parameters" signature="callback_set_parameters(App)">
              <lines>
                <line hits="0" number="663"/>
                <line hits="0" number="664"/>
                <line hits="0" number="666"/>
                <line hits="0" number="668"/>
                <line hits="0" number="669"/>
                <line hits="0" number="671"/>
                <line hits="0" number="672"/>
                <line hits="0" number="675"/>
                <line hits="0" number="677"/>
                <line hits="0" number="678"/>
                <line hits="0" number="680"/>
                <line hits="0" number="681"/>
                <line hits="0" number="683"/>
                <line hits="0" number="684"/>
                <line hits="0" number="691"/>
                <line hits="0" number="692"/>
                <line hits="0" number="694"/>
                <line hits="0" number="695"/>
                <line hits="0" number="697"/>
                <line hits="0" number="698"/>
              </lines>
            </method>
            <method branch-rate="NaN" line-rate="0" name="callback_get_parameters" signature="callback_get_parameters(App)">
              <lines>
                <line hits="0" number="706"/>
                <line hits="0" number="707"/>
                <line hits="0" number="709"/>
                <line hits="0" number="711"/>
                <line hits="0" number="712"/>
                <line hits="0" number="714"/>
                <line hits="0" number="716"/>
                <line hits="0" number="718"/>
                <line hits="0" number="722"/>
                <line hits="0" number="723"/>
                <line hits="0" number="724"/>
                <line hits="0" number="725"/>
                <line hits="0" number="727"/>
                <line hits="0" number="730"/>
                <line hits="0" number="732"/>
                <line hits="0" number="740"/>
                <line hits="0" number="741"/>
                <line hits="0" number="742"/>
                <line hits="0" number="743"/>
                <line hits="0" number="744"/>
                <line hits="0" number="745"/>
                <line hits="0" number="746"/>
                <line hits="0" number="748"/>
                <line hits="0" number="752"/>
                <line hits="0" number="759"/>
                <line hits="0" number="760"/>
                <line hits="0" number="762"/>
                <line hits="0" number="763"/>
                <line hits="0" number="764"/>
                <line hits="0" number="765"/>
                <line hits="0" number="766"/>
                <line hits="0" number="768"/>
                <line hits="0" number="769"/>
                <line hits="0" number="770"/>
                <line hits="0" number="771"/>
                <line hits="0" number="772"/>
                <line hits="0" number="774"/>
                <line hits="0" number="775"/>
                <line hits="0" number="776"/>
                <line hits="0" number="778"/>
                <line hits="0" number="779"/>
                <line hits="0" number="780"/>
                <line hits="0" number="781"/>
                <line hits="0" number="782"/>
                <line hits="0" number="784"/>
                <line hits="0" number="785"/>
                <line hits="0" number="786"/>
                <line hits="0" number="787"/>
                <line hits="0" number="788"/>
                <line hits="0" number="790"/>
                <line hits="0" number="791"/>
                <line hits="0" number="792"/>
                <line hits="0" number="793"/>
                <line hits="0" number="796"/>
                <line hits="0" number="797"/>
                <line hits="0" number="798"/>
                <line hits="0" number="799"/>
                <line hits="0" number="800"/>
                <line hits="0" number="802"/>
                <line hits="0" number="803"/>
                <line hits="0" number="804"/>
                <line hits="0" number="805"/>
                <line hits="0" number="806"/>
                <line hits="0" number="808"/>
                <line hits="0" number="809"/>
                <line hits="0" number="810"/>
                <line hits="0" number="811"/>
                <line hits="0" number="812"/>
                <line hits="0" number="816"/>
                <line hits="0" number="819"/>
              </lines>
            </method>
            <method branch-rate="NaN" line-rate="1" name="react_UIChanged" signature="react_UIChanged(App)">
              <lines>
                <line hits="2" number="830"/>
                <line hits="2" number="832"/>
                <line hits="2" number="834"/>
                <line hits="2" number="835"/>
                <line hits="2" number="837"/>
                <line hits="2" number="838"/>
                <line hits="2" number="839"/>
                <line hits="2" number="841"/>
              </lines>
            </method>
            <method branch-rate="NaN" line-rate="1" name="update_DerivedParameterUI" signature="update_DerivedParameterUI(App, ParamName)">
              <lines>
                <line hits="8" number="854"/>
                <line hits="8" number="855"/>
                <line hits="8" number="856"/>
              </lines>
            </method>
            <method branch-rate="NaN" line-rate="1" name="auto_update_plot" signature="auto_update_plot(App)">
              <lines>
                <line hits="2" number="861"/>
                <line hits="2" number="862"/>
              </lines>
            </method>
            <method branch-rate="NaN" line-rate="1" name="syncVisualizationSettings" signature="syncVisualizationSettings(App)">
              <lines>
                <line hits="2" number="868"/>
                <line hits="2" number="869"/>
                <line hits="2" number="870"/>
              </lines>
            </method>
            <method branch-rate="NaN" line-rate="1" name="UpdatePlot" signature="UpdatePlot(App)">
              <lines>
                <line hits="2" number="875"/>
                <line hits="2" number="876"/>
                <line hits="2" number="878"/>
                <line hits="2" number="880"/>
                <line hits="2" number="881"/>
                <line hits="2" number="882"/>
              </lines>
            </method>
          </methods>
          <lines>
            <line hits="2" number="104"/>
            <line hits="1" number="105"/>
            <line hits="3" number="108"/>
            <line hits="3" number="109"/>
            <line hits="3" number="115"/>
            <line hits="0" number="116"/>
            <line hits="0" number="117"/>
            <line hits="0" number="119"/>
            <line hits="3" number="124"/>
            <line hits="0" number="125"/>
            <line hits="0" number="126"/>
            <line hits="0" number="127"/>
            <line hits="0" number="128"/>
            <line hits="0" number="129"/>
            <line hits="0" number="131"/>
            <line hits="3" number="134"/>
            <line hits="1" number="135"/>
            <line hits="1" number="136"/>
            <line hits="2" number="139"/>
            <line hits="2" number="140"/>
            <line hits="2" number="141"/>
            <line hits="3" number="144"/>
            <line hits="1" number="145"/>
            <line hits="1" number="146"/>
            <line hits="1" number="147"/>
            <line hits="1" number="148"/>
            <line hits="1" number="149"/>
            <line hits="1" number="151"/>
            <line hits="0" number="156"/>
            <line hits="0" number="157"/>
            <line hits="0" number="158"/>
            <line hits="0" number="159"/>
            <line hits="0" number="160"/>
            <line hits="0" number="162"/>
            <line hits="0" number="166"/>
            <line hits="0" number="168"/>
            <line hits="0" number="170"/>
            <line hits="0" number="171"/>
            <line hits="0" number="172"/>
            <line hits="0" number="174"/>
            <line hits="2" number="181"/>
            <line hits="2" number="183"/>
            <line hits="2" number="184"/>
            <line hits="2" number="185"/>
            <line hits="2" number="186"/>
            <line hits="2" number="187"/>
            <line hits="2" number="191"/>
            <line hits="2" number="196"/>
            <line hits="0" number="197"/>
            <line hits="0" number="198"/>
            <line hits="0" number="201"/>
            <line hits="0" number="202"/>
            <line hits="0" number="204"/>
            <line hits="0" number="207"/>
            <line hits="0" number="208"/>
            <line hits="2" number="212"/>
            <line hits="2" number="214"/>
            <line hits="2" number="215"/>
            <line hits="2" number="216"/>
            <line hits="2" number="217"/>
            <line hits="2" number="218"/>
            <line hits="2" number="219"/>
            <line hits="2" number="220"/>
            <line hits="2" number="221"/>
            <line hits="2" number="222"/>
            <line hits="2" number="225"/>
            <line hits="2" number="226"/>
            <line hits="2" number="227"/>
            <line hits="2" number="228"/>
            <line hits="2" number="230"/>
            <line hits="2" number="231"/>
            <line hits="2" number="234"/>
            <line hits="2" number="236"/>
            <line hits="2" number="238"/>
            <line hits="2" number="239"/>
            <line hits="2" number="240"/>
            <line hits="2" number="241"/>
            <line hits="1" number="242"/>
            <line hits="2" number="248"/>
            <line hits="2" number="249"/>
            <line hits="2" number="251"/>
            <line hits="2" number="256"/>
            <line hits="2" number="258"/>
            <line hits="2" number="261"/>
            <line hits="2" number="262"/>
            <line hits="2" number="264"/>
            <line hits="2" number="265"/>
            <line hits="2" number="266"/>
            <line hits="2" number="267"/>
            <line hits="2" number="270"/>
            <line hits="2" number="272"/>
            <line hits="2" number="274"/>
            <line hits="2" number="275"/>
            <line hits="2" number="276"/>
            <line hits="2" number="277"/>
            <line hits="2" number="280"/>
            <line hits="2" number="282"/>
            <line hits="2" number="283"/>
            <line hits="2" number="284"/>
            <line hits="2" number="285"/>
            <line hits="2" number="286"/>
            <line hits="2" number="287"/>
            <line hits="2" number="288"/>
            <line hits="2" number="289"/>
            <line hits="2" number="291"/>
            <line hits="2" number="293"/>
            <line hits="2" number="294"/>
            <line hits="0" number="296"/>
            <line hits="0" number="297"/>
            <line hits="2" number="301"/>
            <line hits="2" number="303"/>
            <line hits="2" number="304"/>
            <line hits="2" number="305"/>
            <line hits="2" number="306"/>
            <line hits="2" number="307"/>
            <line hits="2" number="308"/>
            <line hits="2" number="309"/>
            <line hits="2" number="310"/>
            <line hits="2" number="312"/>
            <line hits="2" number="314"/>
            <line hits="2" number="315"/>
            <line hits="0" number="317"/>
            <line hits="0" number="318"/>
            <line hits="2" number="322"/>
            <line hits="2" number="324"/>
            <line hits="2" number="325"/>
            <line hits="2" number="326"/>
            <line hits="2" number="327"/>
            <line hits="2" number="328"/>
            <line hits="2" number="329"/>
            <line hits="2" number="330"/>
            <line hits="2" number="331"/>
            <line hits="2" number="333"/>
            <line hits="2" number="335"/>
            <line hits="2" number="336"/>
            <line hits="0" number="338"/>
            <line hits="0" number="339"/>
            <line hits="2" number="343"/>
            <line hits="2" number="345"/>
            <line hits="2" number="346"/>
            <line hits="2" number="347"/>
            <line hits="2" number="348"/>
            <line hits="2" number="349"/>
            <line hits="2" number="350"/>
            <line hits="2" number="352"/>
            <line hits="2" number="354"/>
            <line hits="0" number="356"/>
            <line hits="0" number="357"/>
            <line hits="2" number="361"/>
            <line hits="2" number="363"/>
            <line hits="2" number="364"/>
            <line hits="2" number="365"/>
            <line hits="2" number="366"/>
            <line hits="2" number="367"/>
            <line hits="2" number="368"/>
            <line hits="2" number="369"/>
            <line hits="2" number="370"/>
            <line hits="2" number="372"/>
            <line hits="2" number="374"/>
            <line hits="2" number="375"/>
            <line hits="0" number="377"/>
            <line hits="0" number="378"/>
            <line hits="2" number="382"/>
            <line hits="2" number="384"/>
            <line hits="2" number="385"/>
            <line hits="2" number="386"/>
            <line hits="2" number="387"/>
            <line hits="2" number="388"/>
            <line hits="2" number="389"/>
            <line hits="2" number="390"/>
            <line hits="2" number="391"/>
            <line hits="2" number="393"/>
            <line hits="2" number="395"/>
            <line hits="2" number="396"/>
            <line hits="0" number="398"/>
            <line hits="0" number="399"/>
            <line hits="2" number="403"/>
            <line hits="2" number="405"/>
            <line hits="2" number="406"/>
            <line hits="2" number="407"/>
            <line hits="2" number="408"/>
            <line hits="2" number="409"/>
            <line hits="2" number="410"/>
            <line hits="2" number="411"/>
            <line hits="2" number="412"/>
            <line hits="2" number="413"/>
            <line hits="2" number="415"/>
            <line hits="2" number="417"/>
            <line hits="2" number="418"/>
            <line hits="0" number="420"/>
            <line hits="0" number="421"/>
            <line hits="0" number="422"/>
            <line hits="0" number="423"/>
            <line hits="0" number="424"/>
            <line hits="0" number="426"/>
            <line hits="0" number="429"/>
            <line hits="0" number="430"/>
            <line hits="0" number="431"/>
            <line hits="0" number="432"/>
            <line hits="2" number="436"/>
            <line hits="2" number="438"/>
            <line hits="2" number="439"/>
            <line hits="2" number="440"/>
            <line hits="2" number="441"/>
            <line hits="2" number="442"/>
            <line hits="2" number="443"/>
            <line hits="2" number="444"/>
            <line hits="2" number="445"/>
            <line hits="2" number="447"/>
            <line hits="2" number="449"/>
            <line hits="2" number="450"/>
            <line hits="0" number="452"/>
            <line hits="0" number="453"/>
            <line hits="2" number="457"/>
            <line hits="2" number="459"/>
            <line hits="2" number="460"/>
            <line hits="2" number="461"/>
            <line hits="2" number="462"/>
            <line hits="2" number="463"/>
            <line hits="2" number="464"/>
            <line hits="2" number="465"/>
            <line hits="2" number="466"/>
            <line hits="2" number="468"/>
            <line hits="2" number="470"/>
            <line hits="2" number="471"/>
            <line hits="0" number="473"/>
            <line hits="0" number="474"/>
            <line hits="2" number="481"/>
            <line hits="2" number="482"/>
            <line hits="2" number="483"/>
            <line hits="2" number="486"/>
            <line hits="2" number="488"/>
            <line hits="2" number="489"/>
            <line hits="2" number="490"/>
            <line hits="2" number="491"/>
            <line hits="2" number="492"/>
            <line hits="2" number="493"/>
            <line hits="2" number="494"/>
            <line hits="2" number="495"/>
            <line hits="2" number="496"/>
            <line hits="2" number="497"/>
            <line hits="2" number="498"/>
            <line hits="2" number="499"/>
            <line hits="2" number="502"/>
            <line hits="2" number="504"/>
            <line hits="2" number="505"/>
            <line hits="2" number="506"/>
            <line hits="2" number="507"/>
            <line hits="2" number="508"/>
            <line hits="2" number="509"/>
            <line hits="2" number="510"/>
            <line hits="2" number="513"/>
            <line hits="2" number="515"/>
            <line hits="2" number="516"/>
            <line hits="2" number="517"/>
            <line hits="2" number="518"/>
            <line hits="2" number="519"/>
            <line hits="2" number="520"/>
            <line hits="2" number="521"/>
            <line hits="2" number="522"/>
            <line hits="2" number="523"/>
            <line hits="2" number="524"/>
            <line hits="2" number="525"/>
            <line hits="2" number="526"/>
            <line hits="2" number="529"/>
            <line hits="2" number="531"/>
            <line hits="2" number="532"/>
            <line hits="2" number="533"/>
            <line hits="2" number="534"/>
            <line hits="2" number="535"/>
            <line hits="2" number="536"/>
            <line hits="2" number="537"/>
            <line hits="2" number="538"/>
            <line hits="2" number="539"/>
            <line hits="2" number="540"/>
            <line hits="2" number="543"/>
            <line hits="2" number="545"/>
            <line hits="2" number="546"/>
            <line hits="2" number="547"/>
            <line hits="2" number="548"/>
            <line hits="2" number="549"/>
            <line hits="2" number="550"/>
            <line hits="2" number="551"/>
            <line hits="2" number="552"/>
            <line hits="2" number="553"/>
            <line hits="2" number="554"/>
            <line hits="2" number="559"/>
            <line hits="2" number="560"/>
            <line hits="2" number="563"/>
            <line hits="2" number="564"/>
            <line hits="2" number="566"/>
            <line hits="2" number="567"/>
            <line hits="2" number="568"/>
            <line hits="2" number="569"/>
            <line hits="2" number="570"/>
            <line hits="2" number="571"/>
            <line hits="2" number="572"/>
            <line hits="2" number="573"/>
            <line hits="2" number="574"/>
            <line hits="2" number="575"/>
            <line hits="2" number="576"/>
            <line hits="2" number="578"/>
            <line hits="2" number="580"/>
            <line hits="2" number="581"/>
            <line hits="2" number="582"/>
            <line hits="2" number="583"/>
            <line hits="2" number="585"/>
            <line hits="0" number="587"/>
            <line hits="0" number="588"/>
            <line hits="0" number="589"/>
            <line hits="0" number="590"/>
            <line hits="0" number="591"/>
            <line hits="2" number="595"/>
            <line hits="2" number="597"/>
            <line hits="2" number="598"/>
            <line hits="2" number="601"/>
            <line hits="2" number="603"/>
            <line hits="2" number="604"/>
            <line hits="2" number="605"/>
            <line hits="2" number="606"/>
            <line hits="2" number="607"/>
            <line hits="2" number="608"/>
            <line hits="2" number="610"/>
            <line hits="2" number="613"/>
            <line hits="2" number="615"/>
            <line hits="2" number="616"/>
            <line hits="2" number="617"/>
            <line hits="2" number="618"/>
            <line hits="2" number="619"/>
            <line hits="2" number="620"/>
            <line hits="2" number="621"/>
            <line hits="2" number="622"/>
            <line hits="2" number="624"/>
            <line hits="2" number="625"/>
            <line hits="2" number="628"/>
            <line hits="2" number="630"/>
            <line hits="2" number="631"/>
            <line hits="2" number="632"/>
            <line hits="2" number="633"/>
            <line hits="2" number="634"/>
            <line hits="2" number="635"/>
            <line hits="2" number="636"/>
            <line hits="2" number="637"/>
            <line hits="2" number="639"/>
            <line hits="2" number="640"/>
            <line hits="2" number="643"/>
            <line hits="2" number="644"/>
            <line hits="2" number="648"/>
            <line hits="2" number="650"/>
            <line hits="2" number="651"/>
            <line hits="2" number="652"/>
            <line hits="2" number="653"/>
            <line hits="0" number="663"/>
            <line hits="0" number="664"/>
            <line hits="0" number="666"/>
            <line hits="0" number="668"/>
            <line hits="0" number="669"/>
            <line hits="0" number="671"/>
            <line hits="0" number="672"/>
            <line hits="0" number="675"/>
            <line hits="0" number="677"/>
            <line hits="0" number="678"/>
            <line hits="0" number="680"/>
            <line hits="0" number="681"/>
            <line hits="0" number="683"/>
            <line hits="0" number="684"/>
            <line hits="0" number="691"/>
            <line hits="0" number="692"/>
            <line hits="0" number="694"/>
            <line hits="0" number="695"/>
            <line hits="0" number="697"/>
            <line hits="0" number="698"/>
            <line hits="0" number="706"/>
            <line hits="0" number="707"/>
            <line hits="0" number="709"/>
            <line hits="0" number="711"/>
            <line hits="0" number="712"/>
            <line hits="0" number="714"/>
            <line hits="0" number="716"/>
            <line hits="0" number="718"/>
            <line hits="0" number="722"/>
            <line hits="0" number="723"/>
            <line hits="0" number="724"/>
            <line hits="0" number="725"/>
            <line hits="0" number="727"/>
            <line hits="0" number="730"/>
            <line hits="0" number="732"/>
            <line hits="0" number="740"/>
            <line hits="0" number="741"/>
            <line hits="0" number="742"/>
            <line hits="0" number="743"/>
            <line hits="0" number="744"/>
            <line hits="0" number="745"/>
            <line hits="0" number="746"/>
            <line hits="0" number="748"/>
            <line hits="0" number="752"/>
            <line hits="0" number="759"/>
            <line hits="0" number="760"/>
            <line hits="0" number="762"/>
            <line hits="0" number="763"/>
            <line hits="0" number="764"/>
            <line hits="0" number="765"/>
            <line hits="0" number="766"/>
            <line hits="0" number="768"/>
            <line hits="0" number="769"/>
            <line hits="0" number="770"/>
            <line hits="0" number="771"/>
            <line hits="0" number="772"/>
            <line hits="0" number="774"/>
            <line hits="0" number="775"/>
            <line hits="0" number="776"/>
            <line hits="0" number="778"/>
            <line hits="0" number="779"/>
            <line hits="0" number="780"/>
            <line hits="0" number="781"/>
            <line hits="0" number="782"/>
            <line hits="0" number="784"/>
            <line hits="0" number="785"/>
            <line hits="0" number="786"/>
            <line hits="0" number="787"/>
            <line hits="0" number="788"/>
            <line hits="0" number="790"/>
            <line hits="0" number="791"/>
            <line hits="0" number="792"/>
            <line hits="0" number="793"/>
            <line hits="0" number="796"/>
            <line hits="0" number="797"/>
            <line hits="0" number="798"/>
            <line hits="0" number="799"/>
            <line hits="0" number="800"/>
            <line hits="0" number="802"/>
            <line hits="0" number="803"/>
            <line hits="0" number="804"/>
            <line hits="0" number="805"/>
            <line hits="0" number="806"/>
            <line hits="0" number="808"/>
            <line hits="0" number="809"/>
            <line hits="0" number="810"/>
            <line hits="0" number="811"/>
            <line hits="0" number="812"/>
            <line hits="0" number="816"/>
            <line hits="0" number="819"/>
            <line hits="2" number="830"/>
            <line hits="2" number="832"/>
            <line hits="2" number="834"/>
            <line hits="2" number="835"/>
            <line hits="2" number="837"/>
            <line hits="2" number="838"/>
            <line hits="2" number="839"/>
            <line hits="2" number="841"/>
            <line hits="8" number="854"/>
            <line hits="8" number="855"/>
            <line hits="8" number="856"/>
            <line hits="2" number="861"/>
            <line hits="2" number="862"/>
            <line hits="2" number="868"/>
            <line hits="2" number="869"/>
            <line hits="2" number="870"/>
            <line hits="2" number="875"/>
            <line hits="2" number="876"/>
            <line hits="2" number="878"/>
            <line hits="2" number="880"/>
            <line hits="2" number="881"/>
            <line hits="2" number="882"/>
          </lines>
        </class>
        <class branch-rate="NaN" complexity="NaN" filename="AbstractMotorModelParameters.m" line-rate="0.78788" name="AbstractMotor1.AbstractMotorModelParameters">
          <methods>
            <method branch-rate="NaN" line-rate="1" name="AbstractMotorModelParameters" signature="ModelParams = AbstractMotorModelParameters(NameValuePair)">
              <lines>
                <line hits="3" number="97"/>
                <line hits="1" number="99"/>
                <line hits="2" number="103"/>
                <line hits="2" number="104"/>
                <line hits="2" number="106"/>
                <line hits="2" number="107"/>
                <line hits="2" number="108"/>
                <line hits="2" number="110"/>
                <line hits="2" number="111"/>
                <line hits="2" number="112"/>
                <line hits="2" number="114"/>
              </lines>
            </method>
            <method branch-rate="NaN" line-rate="0.66667" name="updateDerivedParameters" signature="updateDerivedParameters(ModelParams)">
              <lines>
                <line hits="15" number="123"/>
                <line hits="15" number="124"/>
                <line hits="0" number="125"/>
                <line hits="0" number="126"/>
                <line hits="0" number="127"/>
                <line hits="0" number="128"/>
                <line hits="0" number="129"/>
                <line hits="0" number="131"/>
                <line hits="15" number="136"/>
                <line hits="15" number="139"/>
                <line hits="15" number="141"/>
                <line hits="15" number="148"/>
                <line hits="0" number="149"/>
                <line hits="15" number="151"/>
                <line hits="15" number="152"/>
                <line hits="15" number="158"/>
                <line hits="15" number="159"/>
                <line hits="15" number="165"/>
                <line hits="15" number="166"/>
                <line hits="15" number="169"/>
                <line hits="15" number="170"/>
              </lines>
            </method>
          </methods>
          <lines>
            <line hits="1" number="94"/>
            <line hits="3" number="97"/>
            <line hits="1" number="99"/>
            <line hits="2" number="103"/>
            <line hits="2" number="104"/>
            <line hits="2" number="106"/>
            <line hits="2" number="107"/>
            <line hits="2" number="108"/>
            <line hits="2" number="110"/>
            <line hits="2" number="111"/>
            <line hits="2" number="112"/>
            <line hits="2" number="114"/>
            <line hits="15" number="123"/>
            <line hits="15" number="124"/>
            <line hits="0" number="125"/>
            <line hits="0" number="126"/>
            <line hits="0" number="127"/>
            <line hits="0" number="128"/>
            <line hits="0" number="129"/>
            <line hits="0" number="131"/>
            <line hits="15" number="136"/>
            <line hits="15" number="139"/>
            <line hits="15" number="141"/>
            <line hits="15" number="148"/>
            <line hits="0" number="149"/>
            <line hits="15" number="151"/>
            <line hits="15" number="152"/>
            <line hits="15" number="158"/>
            <line hits="15" number="159"/>
            <line hits="15" number="165"/>
            <line hits="15" number="166"/>
            <line hits="15" number="169"/>
            <line hits="15" number="170"/>
          </lines>
        </class>
        <class branch-rate="NaN" complexity="NaN" filename="plotAbstractMotorEfficiency.m" line-rate="0.94771" name="AbstractMotor1.plotAbstractMotorEfficiency">
          <methods/>
          <lines>
            <line hits="3" number="56"/>
            <line hits="16" number="62"/>
            <line hits="16" number="63"/>
            <line hits="16" number="66"/>
            <line hits="4" number="67"/>
            <line hits="16" number="72"/>
            <line hits="16" number="77"/>
            <line hits="15" number="78"/>
            <line hits="15" number="80"/>
            <line hits="15" number="82"/>
            <line hits="14" number="86"/>
            <line hits="16" number="89"/>
            <line hits="14" number="90"/>
            <line hits="16" number="93"/>
            <line hits="15" number="94"/>
            <line hits="12" number="102"/>
            <line hits="12" number="104"/>
            <line hits="16" number="109"/>
            <line hits="14" number="110"/>
            <line hits="16" number="113"/>
            <line hits="14" number="114"/>
            <line hits="16" number="120"/>
            <line hits="16" number="121"/>
            <line hits="16" number="124"/>
            <line hits="16" number="127"/>
            <line hits="16" number="128"/>
            <line hits="16" number="131"/>
            <line hits="16" number="132"/>
            <line hits="16" number="135"/>
            <line hits="16" number="136"/>
            <line hits="16" number="139"/>
            <line hits="16" number="140"/>
            <line hits="16" number="143"/>
            <line hits="16" number="144"/>
            <line hits="0" number="150"/>
            <line hits="16" number="153"/>
            <line hits="16" number="158"/>
            <line hits="11" number="162"/>
            <line hits="11" number="167"/>
            <line hits="11" number="172"/>
            <line hits="11" number="174"/>
            <line hits="11" number="175"/>
            <line hits="11" number="177"/>
            <line hits="10" number="178"/>
            <line hits="10" number="179"/>
            <line hits="1" number="181"/>
            <line hits="1" number="182"/>
            <line hits="11" number="185"/>
            <line hits="11" number="187"/>
            <line hits="11" number="192"/>
            <line hits="2" number="193"/>
            <line hits="2" number="194"/>
            <line hits="2" number="195"/>
            <line hits="1" number="196"/>
            <line hits="1" number="197"/>
            <line hits="1" number="199"/>
            <line hits="1" number="200"/>
            <line hits="9" number="206"/>
            <line hits="9" number="207"/>
            <line hits="8" number="208"/>
            <line hits="8" number="209"/>
            <line hits="1" number="211"/>
            <line hits="1" number="212"/>
            <line hits="9" number="214"/>
            <line hits="11" number="218"/>
            <line hits="11" number="220"/>
            <line hits="11" number="223"/>
            <line hits="11" number="224"/>
            <line hits="0" number="225"/>
            <line hits="0" number="226"/>
            <line hits="0" number="228"/>
            <line hits="11" number="232"/>
            <line hits="11" number="234"/>
            <line hits="11" number="235"/>
            <line hits="11" number="237"/>
            <line hits="11" number="238"/>
            <line hits="11" number="240"/>
            <line hits="11" number="241"/>
            <line hits="11" number="244"/>
            <line hits="11" number="246"/>
            <line hits="11" number="248"/>
            <line hits="11" number="251"/>
            <line hits="11" number="254"/>
            <line hits="11" number="257"/>
            <line hits="11" number="260"/>
            <line hits="11" number="263"/>
            <line hits="11" number="267"/>
            <line hits="11" number="270"/>
            <line hits="11" number="272"/>
            <line hits="11" number="273"/>
            <line hits="11" number="275"/>
            <line hits="11" number="278"/>
            <line hits="11" number="280"/>
            <line hits="11" number="282"/>
            <line hits="11" number="284"/>
            <line hits="11" number="286"/>
            <line hits="11" number="290"/>
            <line hits="11" number="292"/>
            <line hits="11" number="295"/>
            <line hits="11" number="296"/>
            <line hits="5" number="303"/>
            <line hits="4" number="304"/>
            <line hits="1" number="306"/>
            <line hits="5" number="309"/>
            <line hits="5" number="310"/>
            <line hits="5" number="312"/>
            <line hits="5" number="313"/>
            <line hits="5" number="315"/>
            <line hits="5" number="316"/>
            <line hits="5" number="317"/>
            <line hits="5" number="319"/>
            <line hits="5" number="320"/>
            <line hits="5" number="321"/>
            <line hits="5" number="323"/>
            <line hits="5" number="324"/>
            <line hits="5" number="326"/>
            <line hits="5" number="328"/>
            <line hits="16" number="334"/>
            <line hits="3" number="335"/>
            <line hits="3" number="336"/>
            <line hits="3" number="337"/>
            <line hits="0" number="339"/>
            <line hits="0" number="340"/>
            <line hits="0" number="342"/>
            <line hits="13" number="346"/>
            <line hits="13" number="347"/>
            <line hits="13" number="348"/>
            <line hits="13" number="349"/>
            <line hits="13" number="351"/>
            <line hits="16" number="354"/>
            <line hits="16" number="355"/>
            <line hits="16" number="357"/>
            <line hits="16" number="358"/>
            <line hits="16" number="360"/>
            <line hits="15" number="365"/>
            <line hits="16" number="368"/>
            <line hits="16" number="369"/>
            <line hits="16" number="370"/>
            <line hits="16" number="371"/>
            <line hits="16" number="372"/>
            <line hits="16" number="374"/>
            <line hits="16" number="375"/>
            <line hits="16" number="376"/>
            <line hits="16" number="377"/>
            <line hits="16" number="378"/>
            <line hits="16" number="379"/>
            <line hits="16" number="380"/>
            <line hits="16" number="381"/>
            <line hits="16" number="382"/>
            <line hits="16" number="383"/>
            <line hits="16" number="384"/>
            <line hits="16" number="386"/>
            <line hits="0" number="387"/>
          </lines>
        </class>
      </classes>
    </package>
  </packages>
</coverage>
