<?xml version="1.0" encoding="UTF-8" standalone="no" ?>
<coverage branch-rate="NaN" branches-covered="NaN" branches-valid="NaN" complexity="NaN" line-rate="0.84079" lines-covered="4626" lines-valid="5502" timestamp="1768652781.2407" version="">
  <sources>
    <source>C:\local\modutil\modeling-utility\Devel\AppUtil\</source>
  </sources>
  <packages>
    <package branch-rate="NaN" complexity="NaN" line-rate="0.75299" name="AppUtil1.Component">
      <classes>
        <class branch-rate="NaN" complexity="NaN" filename="+AppUtil1\+Component\BlockSelectorUI.m" line-rate="0.68452" name="AppUtil1.Component.BlockSelectorUI">
          <methods>
            <method branch-rate="NaN" line-rate="1" name="get.ModelFileFullPath" signature="x = get.ModelFileFullPath(component)">
              <lines>
                <line hits="27" number="134"/>
                <line hits="27" number="135"/>
              </lines>
            </method>
            <method branch-rate="NaN" line-rate="0.77778" name="set.ModelFileFullPath" signature="set.ModelFileFullPath(component, ModelFilePath)">
              <lines>
                <line hits="19" number="147"/>
                <line hits="0" number="148"/>
                <line hits="0" number="149"/>
                <line hits="0" number="151"/>
                <line hits="19" number="155"/>
                <line hits="1" number="156"/>
                <line hits="1" number="157"/>
                <line hits="1" number="158"/>
                <line hits="1" number="160"/>
                <line hits="18" number="164"/>
                <line hits="18" number="165"/>
                <line hits="18" number="166"/>
                <line hits="18" number="167"/>
                <line hits="0" number="168"/>
                <line hits="18" number="171"/>
                <line hits="18" number="173"/>
                <line hits="13" number="174"/>
                <line hits="18" number="178"/>
              </lines>
            </method>
            <method branch-rate="NaN" line-rate="1" name="get.BlockPath" signature="x = get.BlockPath(component)">
              <lines>
                <line hits="55" number="184"/>
              </lines>
            </method>
            <method branch-rate="NaN" line-rate="0.46154" name="set.BlockPath" signature="set.BlockPath(component, block_path)">
              <lines>
                <line hits="6" number="195"/>
                <line hits="6" number="197"/>
                <line hits="0" number="198"/>
                <line hits="0" number="199"/>
                <line hits="0" number="201"/>
                <line hits="0" number="202"/>
                <line hits="0" number="204"/>
                <line hits="0" number="207"/>
                <line hits="0" number="209"/>
                <line hits="6" number="214"/>
                <line hits="6" number="216"/>
                <line hits="6" number="218"/>
                <line hits="6" number="220"/>
              </lines>
            </method>
            <method branch-rate="NaN" line-rate="1" name="openSystemWithBlockHighlight" signature="openSystemWithBlockHighlight(component)">
              <lines>
                <line hits="6" number="227"/>
                <line hits="6" number="228"/>
              </lines>
            </method>
            <method branch-rate="NaN" line-rate="0.52308" name="callback_change_modelfile_dropdown" signature="callback_change_modelfile_dropdown(component)">
              <lines>
                <line hits="18" number="233"/>
                <line hits="18" number="234"/>
                <line hits="0" number="235"/>
                <line hits="0" number="236"/>
                <line hits="0" number="237"/>
                <line hits="0" number="238"/>
                <line hits="0" number="239"/>
                <line hits="0" number="240"/>
                <line hits="0" number="241"/>
                <line hits="0" number="242"/>
                <line hits="0" number="243"/>
                <line hits="0" number="245"/>
                <line hits="18" number="249"/>
                <line hits="18" number="250"/>
                <line hits="18" number="251"/>
                <line hits="18" number="252"/>
                <line hits="0" number="253"/>
                <line hits="18" number="256"/>
                <line hits="0" number="257"/>
                <line hits="18" number="260"/>
                <line hits="18" number="261"/>
                <line hits="0" number="262"/>
                <line hits="0" number="263"/>
                <line hits="0" number="264"/>
                <line hits="0" number="265"/>
                <line hits="0" number="266"/>
                <line hits="0" number="268"/>
                <line hits="0" number="272"/>
                <line hits="18" number="277"/>
                <line hits="0" number="278"/>
                <line hits="18" number="280"/>
                <line hits="18" number="281"/>
                <line hits="20" number="282"/>
                <line hits="18" number="284"/>
                <line hits="18" number="288"/>
                <line hits="1" number="290"/>
                <line hits="1" number="291"/>
                <line hits="0" number="292"/>
                <line hits="0" number="293"/>
                <line hits="0" number="294"/>
                <line hits="0" number="295"/>
                <line hits="0" number="297"/>
                <line hits="0" number="300"/>
                <line hits="0" number="302"/>
                <line hits="1" number="306"/>
                <line hits="18" number="309"/>
                <line hits="18" number="311"/>
                <line hits="18" number="312"/>
                <line hits="1" number="313"/>
                <line hits="1" number="314"/>
                <line hits="0" number="315"/>
                <line hits="0" number="316"/>
                <line hits="0" number="318"/>
                <line hits="1" number="321"/>
                <line hits="1" number="323"/>
                <line hits="17" number="328"/>
                <line hits="17" number="329"/>
                <line hits="17" number="332"/>
                <line hits="17" number="333"/>
                <line hits="17" number="335"/>
                <line hits="17" number="337"/>
                <line hits="0" number="338"/>
                <line hits="17" number="341"/>
                <line hits="17" number="342"/>
                <line hits="17" number="343"/>
              </lines>
            </method>
            <method branch-rate="NaN" line-rate="0.75" name="callback_get_parameters" signature="callback_get_parameters(component)">
              <lines>
                <line hits="4" number="348"/>
                <line hits="0" number="350"/>
                <line hits="4" number="353"/>
                <line hits="4" number="354"/>
              </lines>
            </method>
            <method branch-rate="NaN" line-rate="0.75" name="callback_set_parameters" signature="callback_set_parameters(component)">
              <lines>
                <line hits="3" number="360"/>
                <line hits="0" number="362"/>
                <line hits="3" number="365"/>
                <line hits="3" number="366"/>
              </lines>
            </method>
            <method branch-rate="NaN" line-rate="0.52941" name="subcallback_make_block_path_ready" signature="subcallback_make_block_path_ready(component)">
              <lines>
                <line hits="7" number="375"/>
                <line hits="0" number="377"/>
                <line hits="0" number="379"/>
                <line hits="0" number="381"/>
                <line hits="0" number="383"/>
                <line hits="0" number="387"/>
                <line hits="0" number="388"/>
                <line hits="0" number="390"/>
                <line hits="7" number="395"/>
                <line hits="7" number="399"/>
                <line hits="7" number="400"/>
                <line hits="4" number="401"/>
                <line hits="3" number="403"/>
                <line hits="7" number="405"/>
                <line hits="0" number="406"/>
                <line hits="7" number="408"/>
                <line hits="7" number="409"/>
              </lines>
            </method>
            <method branch-rate="NaN" line-rate="0" name="callback_open_model" signature="callback_open_model(component, NameValuePair)">
              <lines>
                <line hits="0" number="423"/>
                <line hits="0" number="425"/>
                <line hits="0" number="426"/>
                <line hits="0" number="427"/>
                <line hits="0" number="428"/>
                <line hits="0" number="429"/>
                <line hits="0" number="431"/>
                <line hits="0" number="437"/>
                <line hits="0" number="438"/>
                <line hits="0" number="439"/>
                <line hits="0" number="440"/>
                <line hits="0" number="444"/>
                <line hits="0" number="448"/>
                <line hits="0" number="449"/>
                <line hits="0" number="450"/>
                <line hits="0" number="453"/>
                <line hits="0" number="455"/>
                <line hits="0" number="457"/>
                <line hits="0" number="458"/>
                <line hits="0" number="462"/>
                <line hits="0" number="464"/>
                <line hits="0" number="465"/>
              </lines>
            </method>
            <method branch-rate="NaN" line-rate="0.7027" name="callback_change_blockpath_dropdown" signature="callback_change_blockpath_dropdown(component)">
              <lines>
                <line hits="52" number="471"/>
                <line hits="0" number="472"/>
                <line hits="52" number="475"/>
                <line hits="0" number="476"/>
                <line hits="0" number="477"/>
                <line hits="0" number="480"/>
                <line hits="52" number="484"/>
                <line hits="52" number="485"/>
                <line hits="3" number="489"/>
                <line hits="3" number="491"/>
                <line hits="3" number="492"/>
                <line hits="3" number="493"/>
                <line hits="3" number="494"/>
                <line hits="3" number="496"/>
                <line hits="3" number="498"/>
                <line hits="3" number="499"/>
                <line hits="3" number="502"/>
                <line hits="49" number="506"/>
                <line hits="49" number="507"/>
                <line hits="49" number="508"/>
                <line hits="49" number="510"/>
                <line hits="49" number="511"/>
                <line hits="49" number="512"/>
                <line hits="49" number="515"/>
                <line hits="0" number="516"/>
                <line hits="0" number="517"/>
                <line hits="0" number="518"/>
                <line hits="0" number="522"/>
                <line hits="0" number="524"/>
                <line hits="49" number="528"/>
                <line hits="17" number="529"/>
                <line hits="14" number="531"/>
                <line hits="17" number="533"/>
                <line hits="49" number="536"/>
                <line hits="0" number="537"/>
                <line hits="49" number="540"/>
                <line hits="0" number="541"/>
              </lines>
            </method>
            <method branch-rate="NaN" line-rate="0.625" name="callback_hilit" signature="callback_hilit(component)">
              <lines>
                <line hits="32" number="547"/>
                <line hits="0" number="548"/>
                <line hits="32" number="551"/>
                <line hits="0" number="552"/>
                <line hits="0" number="553"/>
                <line hits="0" number="555"/>
                <line hits="32" number="559"/>
                <line hits="32" number="560"/>
                <line hits="0" number="561"/>
                <line hits="0" number="562"/>
                <line hits="0" number="564"/>
                <line hits="32" number="568"/>
                <line hits="32" number="570"/>
                <line hits="27" number="576"/>
                <line hits="27" number="577"/>
                <line hits="27" number="578"/>
                <line hits="0" number="579"/>
                <line hits="27" number="581"/>
                <line hits="27" number="583"/>
                <line hits="0" number="584"/>
                <line hits="0" number="585"/>
                <line hits="0" number="587"/>
                <line hits="27" number="591"/>
                <line hits="27" number="595"/>
                <line hits="27" number="596"/>
                <line hits="27" number="598"/>
                <line hits="5" number="601"/>
                <line hits="5" number="602"/>
                <line hits="5" number="604"/>
                <line hits="5" number="606"/>
                <line hits="32" number="609"/>
                <line hits="0" number="610"/>
              </lines>
            </method>
            <method branch-rate="NaN" line-rate="1" name="setup" signature="setup(component)">
              <lines>
                <line hits="14" number="620"/>
                <line hits="14" number="627"/>
                <line hits="14" number="631"/>
                <line hits="14" number="634"/>
                <line hits="14" number="639"/>
                <line hits="14" number="640"/>
                <line hits="14" number="641"/>
                <line hits="14" number="642"/>
                <line hits="14" number="643"/>
                <line hits="14" number="644"/>
                <line hits="14" number="645"/>
                <line hits="14" number="646"/>
                <line hits="14" number="648"/>
                <line hits="14" number="649"/>
                <line hits="14" number="650"/>
                <line hits="14" number="651"/>
                <line hits="14" number="652"/>
                <line hits="14" number="654"/>
                <line hits="14" number="655"/>
                <line hits="14" number="656"/>
                <line hits="14" number="657"/>
                <line hits="14" number="658"/>
                <line hits="14" number="659"/>
                <line hits="14" number="660"/>
                <line hits="14" number="662"/>
                <line hits="14" number="663"/>
                <line hits="14" number="664"/>
                <line hits="14" number="665"/>
                <line hits="14" number="666"/>
                <line hits="14" number="667"/>
                <line hits="14" number="668"/>
                <line hits="14" number="669"/>
                <line hits="14" number="678"/>
                <line hits="14" number="679"/>
                <line hits="14" number="680"/>
                <line hits="14" number="681"/>
                <line hits="14" number="682"/>
                <line hits="14" number="683"/>
                <line hits="14" number="684"/>
                <line hits="14" number="685"/>
                <line hits="14" number="687"/>
                <line hits="14" number="688"/>
                <line hits="14" number="689"/>
                <line hits="14" number="690"/>
                <line hits="14" number="691"/>
                <line hits="14" number="692"/>
                <line hits="14" number="694"/>
                <line hits="14" number="695"/>
                <line hits="14" number="696"/>
                <line hits="14" number="697"/>
                <line hits="14" number="698"/>
                <line hits="14" number="699"/>
                <line hits="14" number="700"/>
                <line hits="14" number="701"/>
                <line hits="14" number="703"/>
                <line hits="14" number="704"/>
                <line hits="14" number="705"/>
                <line hits="14" number="706"/>
                <line hits="14" number="707"/>
                <line hits="14" number="708"/>
                <line hits="14" number="709"/>
                <line hits="14" number="710"/>
                <line hits="14" number="711"/>
                <line hits="14" number="712"/>
                <line hits="14" number="714"/>
                <line hits="14" number="715"/>
                <line hits="14" number="716"/>
                <line hits="14" number="717"/>
                <line hits="14" number="718"/>
                <line hits="14" number="719"/>
                <line hits="14" number="720"/>
                <line hits="14" number="721"/>
                <line hits="14" number="722"/>
                <line hits="14" number="723"/>
                <line hits="14" number="725"/>
                <line hits="14" number="726"/>
                <line hits="14" number="727"/>
                <line hits="14" number="728"/>
                <line hits="14" number="729"/>
                <line hits="14" number="730"/>
                <line hits="14" number="731"/>
                <line hits="14" number="732"/>
                <line hits="14" number="733"/>
                <line hits="14" number="734"/>
              </lines>
            </method>
            <method branch-rate="NaN" line-rate="1" name="update" signature="update(component)">
              <lines>
                <line hits="64" number="740"/>
                <line hits="64" number="742"/>
                <line hits="52" number="743"/>
                <line hits="52" number="745"/>
                <line hits="12" number="749"/>
                <line hits="12" number="750"/>
              </lines>
            </method>
            <method branch-rate="NaN" line-rate="0.77778" name="regular_update" signature="regular_update(component)">
              <lines>
                <line hits="52" number="755"/>
                <line hits="4" number="756"/>
                <line hits="52" number="759"/>
                <line hits="48" number="760"/>
                <line hits="52" number="763"/>
                <line hits="45" number="764"/>
                <line hits="52" number="767"/>
                <line hits="0" number="768"/>
                <line hits="0" number="769"/>
              </lines>
            </method>
            <method branch-rate="NaN" line-rate="0.72222" name="first_update" signature="first_update(component)">
              <lines>
                <line hits="12" number="779"/>
                <line hits="2" number="780"/>
                <line hits="12" number="783"/>
                <line hits="0" number="784"/>
                <line hits="0" number="785"/>
                <line hits="0" number="787"/>
                <line hits="12" number="791"/>
                <line hits="12" number="792"/>
                <line hits="12" number="793"/>
                <line hits="12" number="794"/>
                <line hits="12" number="795"/>
                <line hits="12" number="796"/>
                <line hits="12" number="797"/>
                <line hits="12" number="798"/>
                <line hits="12" number="800"/>
                <line hits="0" number="802"/>
                <line hits="12" number="804"/>
                <line hits="0" number="806"/>
              </lines>
            </method>
          </methods>
          <lines>
            <line hits="27" number="134"/>
            <line hits="27" number="135"/>
            <line hits="0" number="144"/>
            <line hits="19" number="147"/>
            <line hits="0" number="148"/>
            <line hits="0" number="149"/>
            <line hits="0" number="151"/>
            <line hits="19" number="155"/>
            <line hits="1" number="156"/>
            <line hits="1" number="157"/>
            <line hits="1" number="158"/>
            <line hits="1" number="160"/>
            <line hits="18" number="164"/>
            <line hits="18" number="165"/>
            <line hits="18" number="166"/>
            <line hits="18" number="167"/>
            <line hits="0" number="168"/>
            <line hits="18" number="171"/>
            <line hits="18" number="173"/>
            <line hits="13" number="174"/>
            <line hits="18" number="178"/>
            <line hits="55" number="184"/>
            <line hits="6" number="195"/>
            <line hits="6" number="197"/>
            <line hits="0" number="198"/>
            <line hits="0" number="199"/>
            <line hits="0" number="201"/>
            <line hits="0" number="202"/>
            <line hits="0" number="204"/>
            <line hits="0" number="207"/>
            <line hits="0" number="209"/>
            <line hits="6" number="214"/>
            <line hits="6" number="216"/>
            <line hits="6" number="218"/>
            <line hits="6" number="220"/>
            <line hits="6" number="227"/>
            <line hits="6" number="228"/>
            <line hits="18" number="233"/>
            <line hits="18" number="234"/>
            <line hits="0" number="235"/>
            <line hits="0" number="236"/>
            <line hits="0" number="237"/>
            <line hits="0" number="238"/>
            <line hits="0" number="239"/>
            <line hits="0" number="240"/>
            <line hits="0" number="241"/>
            <line hits="0" number="242"/>
            <line hits="0" number="243"/>
            <line hits="0" number="245"/>
            <line hits="18" number="249"/>
            <line hits="18" number="250"/>
            <line hits="18" number="251"/>
            <line hits="18" number="252"/>
            <line hits="0" number="253"/>
            <line hits="18" number="256"/>
            <line hits="0" number="257"/>
            <line hits="18" number="260"/>
            <line hits="18" number="261"/>
            <line hits="0" number="262"/>
            <line hits="0" number="263"/>
            <line hits="0" number="264"/>
            <line hits="0" number="265"/>
            <line hits="0" number="266"/>
            <line hits="0" number="268"/>
            <line hits="0" number="272"/>
            <line hits="18" number="277"/>
            <line hits="0" number="278"/>
            <line hits="18" number="280"/>
            <line hits="18" number="281"/>
            <line hits="20" number="282"/>
            <line hits="18" number="284"/>
            <line hits="18" number="288"/>
            <line hits="1" number="290"/>
            <line hits="1" number="291"/>
            <line hits="0" number="292"/>
            <line hits="0" number="293"/>
            <line hits="0" number="294"/>
            <line hits="0" number="295"/>
            <line hits="0" number="297"/>
            <line hits="0" number="300"/>
            <line hits="0" number="302"/>
            <line hits="1" number="306"/>
            <line hits="18" number="309"/>
            <line hits="18" number="311"/>
            <line hits="18" number="312"/>
            <line hits="1" number="313"/>
            <line hits="1" number="314"/>
            <line hits="0" number="315"/>
            <line hits="0" number="316"/>
            <line hits="0" number="318"/>
            <line hits="1" number="321"/>
            <line hits="1" number="323"/>
            <line hits="17" number="328"/>
            <line hits="17" number="329"/>
            <line hits="17" number="332"/>
            <line hits="17" number="333"/>
            <line hits="17" number="335"/>
            <line hits="17" number="337"/>
            <line hits="0" number="338"/>
            <line hits="17" number="341"/>
            <line hits="17" number="342"/>
            <line hits="17" number="343"/>
            <line hits="4" number="348"/>
            <line hits="0" number="350"/>
            <line hits="4" number="353"/>
            <line hits="4" number="354"/>
            <line hits="3" number="360"/>
            <line hits="0" number="362"/>
            <line hits="3" number="365"/>
            <line hits="3" number="366"/>
            <line hits="7" number="375"/>
            <line hits="0" number="377"/>
            <line hits="0" number="379"/>
            <line hits="0" number="381"/>
            <line hits="0" number="383"/>
            <line hits="0" number="387"/>
            <line hits="0" number="388"/>
            <line hits="0" number="390"/>
            <line hits="7" number="395"/>
            <line hits="7" number="399"/>
            <line hits="7" number="400"/>
            <line hits="4" number="401"/>
            <line hits="3" number="403"/>
            <line hits="7" number="405"/>
            <line hits="0" number="406"/>
            <line hits="7" number="408"/>
            <line hits="7" number="409"/>
            <line hits="0" number="420"/>
            <line hits="0" number="423"/>
            <line hits="0" number="425"/>
            <line hits="0" number="426"/>
            <line hits="0" number="427"/>
            <line hits="0" number="428"/>
            <line hits="0" number="429"/>
            <line hits="0" number="431"/>
            <line hits="0" number="437"/>
            <line hits="0" number="438"/>
            <line hits="0" number="439"/>
            <line hits="0" number="440"/>
            <line hits="0" number="444"/>
            <line hits="0" number="448"/>
            <line hits="0" number="449"/>
            <line hits="0" number="450"/>
            <line hits="0" number="453"/>
            <line hits="0" number="455"/>
            <line hits="0" number="457"/>
            <line hits="0" number="458"/>
            <line hits="0" number="462"/>
            <line hits="0" number="464"/>
            <line hits="0" number="465"/>
            <line hits="52" number="471"/>
            <line hits="0" number="472"/>
            <line hits="52" number="475"/>
            <line hits="0" number="476"/>
            <line hits="0" number="477"/>
            <line hits="0" number="480"/>
            <line hits="52" number="484"/>
            <line hits="52" number="485"/>
            <line hits="3" number="489"/>
            <line hits="3" number="491"/>
            <line hits="3" number="492"/>
            <line hits="3" number="493"/>
            <line hits="3" number="494"/>
            <line hits="3" number="496"/>
            <line hits="3" number="498"/>
            <line hits="3" number="499"/>
            <line hits="3" number="502"/>
            <line hits="49" number="506"/>
            <line hits="49" number="507"/>
            <line hits="49" number="508"/>
            <line hits="49" number="510"/>
            <line hits="49" number="511"/>
            <line hits="49" number="512"/>
            <line hits="49" number="515"/>
            <line hits="0" number="516"/>
            <line hits="0" number="517"/>
            <line hits="0" number="518"/>
            <line hits="0" number="522"/>
            <line hits="0" number="524"/>
            <line hits="49" number="528"/>
            <line hits="17" number="529"/>
            <line hits="14" number="531"/>
            <line hits="17" number="533"/>
            <line hits="49" number="536"/>
            <line hits="0" number="537"/>
            <line hits="49" number="540"/>
            <line hits="0" number="541"/>
            <line hits="32" number="547"/>
            <line hits="0" number="548"/>
            <line hits="32" number="551"/>
            <line hits="0" number="552"/>
            <line hits="0" number="553"/>
            <line hits="0" number="555"/>
            <line hits="32" number="559"/>
            <line hits="32" number="560"/>
            <line hits="0" number="561"/>
            <line hits="0" number="562"/>
            <line hits="0" number="564"/>
            <line hits="32" number="568"/>
            <line hits="32" number="570"/>
            <line hits="27" number="576"/>
            <line hits="27" number="577"/>
            <line hits="27" number="578"/>
            <line hits="0" number="579"/>
            <line hits="27" number="581"/>
            <line hits="27" number="583"/>
            <line hits="0" number="584"/>
            <line hits="0" number="585"/>
            <line hits="0" number="587"/>
            <line hits="27" number="591"/>
            <line hits="27" number="595"/>
            <line hits="27" number="596"/>
            <line hits="27" number="598"/>
            <line hits="5" number="601"/>
            <line hits="5" number="602"/>
            <line hits="5" number="604"/>
            <line hits="5" number="606"/>
            <line hits="32" number="609"/>
            <line hits="0" number="610"/>
            <line hits="14" number="620"/>
            <line hits="14" number="627"/>
            <line hits="14" number="631"/>
            <line hits="14" number="634"/>
            <line hits="14" number="639"/>
            <line hits="14" number="640"/>
            <line hits="14" number="641"/>
            <line hits="14" number="642"/>
            <line hits="14" number="643"/>
            <line hits="14" number="644"/>
            <line hits="14" number="645"/>
            <line hits="14" number="646"/>
            <line hits="14" number="648"/>
            <line hits="14" number="649"/>
            <line hits="14" number="650"/>
            <line hits="14" number="651"/>
            <line hits="14" number="652"/>
            <line hits="14" number="654"/>
            <line hits="14" number="655"/>
            <line hits="14" number="656"/>
            <line hits="14" number="657"/>
            <line hits="14" number="658"/>
            <line hits="14" number="659"/>
            <line hits="14" number="660"/>
            <line hits="14" number="662"/>
            <line hits="14" number="663"/>
            <line hits="14" number="664"/>
            <line hits="14" number="665"/>
            <line hits="14" number="666"/>
            <line hits="14" number="667"/>
            <line hits="14" number="668"/>
            <line hits="14" number="669"/>
            <line hits="14" number="678"/>
            <line hits="14" number="679"/>
            <line hits="14" number="680"/>
            <line hits="14" number="681"/>
            <line hits="14" number="682"/>
            <line hits="14" number="683"/>
            <line hits="14" number="684"/>
            <line hits="14" number="685"/>
            <line hits="14" number="687"/>
            <line hits="14" number="688"/>
            <line hits="14" number="689"/>
            <line hits="14" number="690"/>
            <line hits="14" number="691"/>
            <line hits="14" number="692"/>
            <line hits="14" number="694"/>
            <line hits="14" number="695"/>
            <line hits="14" number="696"/>
            <line hits="14" number="697"/>
            <line hits="14" number="698"/>
            <line hits="14" number="699"/>
            <line hits="14" number="700"/>
            <line hits="14" number="701"/>
            <line hits="14" number="703"/>
            <line hits="14" number="704"/>
            <line hits="14" number="705"/>
            <line hits="14" number="706"/>
            <line hits="14" number="707"/>
            <line hits="14" number="708"/>
            <line hits="14" number="709"/>
            <line hits="14" number="710"/>
            <line hits="14" number="711"/>
            <line hits="14" number="712"/>
            <line hits="14" number="714"/>
            <line hits="14" number="715"/>
            <line hits="14" number="716"/>
            <line hits="14" number="717"/>
            <line hits="14" number="718"/>
            <line hits="14" number="719"/>
            <line hits="14" number="720"/>
            <line hits="14" number="721"/>
            <line hits="14" number="722"/>
            <line hits="14" number="723"/>
            <line hits="14" number="725"/>
            <line hits="14" number="726"/>
            <line hits="14" number="727"/>
            <line hits="14" number="728"/>
            <line hits="14" number="729"/>
            <line hits="14" number="730"/>
            <line hits="14" number="731"/>
            <line hits="14" number="732"/>
            <line hits="14" number="733"/>
            <line hits="14" number="734"/>
            <line hits="64" number="740"/>
            <line hits="64" number="742"/>
            <line hits="52" number="743"/>
            <line hits="52" number="745"/>
            <line hits="12" number="749"/>
            <line hits="12" number="750"/>
            <line hits="52" number="755"/>
            <line hits="4" number="756"/>
            <line hits="52" number="759"/>
            <line hits="48" number="760"/>
            <line hits="52" number="763"/>
            <line hits="45" number="764"/>
            <line hits="52" number="767"/>
            <line hits="0" number="768"/>
            <line hits="0" number="769"/>
            <line hits="12" number="779"/>
            <line hits="2" number="780"/>
            <line hits="12" number="783"/>
            <line hits="0" number="784"/>
            <line hits="0" number="785"/>
            <line hits="0" number="787"/>
            <line hits="12" number="791"/>
            <line hits="12" number="792"/>
            <line hits="12" number="793"/>
            <line hits="12" number="794"/>
            <line hits="12" number="795"/>
            <line hits="12" number="796"/>
            <line hits="12" number="797"/>
            <line hits="12" number="798"/>
            <line hits="12" number="800"/>
            <line hits="0" number="802"/>
            <line hits="12" number="804"/>
            <line hits="0" number="806"/>
          </lines>
        </class>
        <class branch-rate="NaN" complexity="NaN" filename="+AppUtil1\+Component\Button.m" line-rate="0.92308" name="AppUtil1.Component.Button">
          <methods>
            <method branch-rate="NaN" line-rate="1" name="setup" signature="setup(component)">
              <lines>
                <line hits="154" number="48"/>
                <line hits="154" number="50"/>
                <line hits="154" number="51"/>
                <line hits="154" number="52"/>
                <line hits="154" number="53"/>
                <line hits="154" number="54"/>
                <line hits="154" number="55"/>
                <line hits="154" number="56"/>
                <line hits="154" number="57"/>
                <line hits="154" number="60"/>
                <line hits="154" number="61"/>
                <line hits="154" number="62"/>
                <line hits="154" number="63"/>
                <line hits="154" number="64"/>
                <line hits="154" number="65"/>
                <line hits="154" number="68"/>
                <line hits="154" number="69"/>
              </lines>
            </method>
            <method branch-rate="NaN" line-rate="0.91304" name="update" signature="update(component)">
              <lines>
                <line hits="440" number="74"/>
                <line hits="440" number="76"/>
                <line hits="440" number="77"/>
                <line hits="440" number="79"/>
                <line hits="440" number="80"/>
                <line hits="18" number="81"/>
                <line hits="422" number="82"/>
                <line hits="404" number="83"/>
                <line hits="18" number="84"/>
                <line hits="18" number="85"/>
                <line hits="440" number="88"/>
                <line hits="440" number="89"/>
                <line hits="18" number="90"/>
                <line hits="422" number="91"/>
                <line hits="404" number="92"/>
                <line hits="18" number="93"/>
                <line hits="18" number="94"/>
                <line hits="440" number="97"/>
                <line hits="102" number="98"/>
                <line hits="102" number="99"/>
                <line hits="102" number="100"/>
                <line hits="0" number="101"/>
                <line hits="0" number="102"/>
              </lines>
            </method>
            <method branch-rate="NaN" line-rate="0" name="get.Text" signature="x = get.Text(component)">
              <lines>
                <line hits="0" number="115"/>
              </lines>
            </method>
            <method branch-rate="NaN" line-rate="1" name="set.Text" signature="set.Text(component, x)">
              <lines>
                <line hits="284" number="123"/>
              </lines>
            </method>
            <method branch-rate="NaN" line-rate="0.75" name="get.Icon" signature="x = get.Icon(component)">
              <lines>
                <line hits="10" number="130"/>
                <line hits="10" number="131"/>
                <line hits="0" number="132"/>
                <line hits="10" number="134"/>
              </lines>
            </method>
            <method branch-rate="NaN" line-rate="1" name="set.Icon" signature="set.Icon(component, x)">
              <lines>
                <line hits="164" number="143"/>
                <line hits="154" number="144"/>
                <line hits="10" number="146"/>
              </lines>
            </method>
            <method branch-rate="NaN" line-rate="1" name="react_ButtonPushed" signature="react_ButtonPushed(component)">
              <lines>
                <line hits="16" number="155"/>
                <line hits="16" number="157"/>
              </lines>
            </method>
          </methods>
          <lines>
            <line hits="154" number="48"/>
            <line hits="154" number="50"/>
            <line hits="154" number="51"/>
            <line hits="154" number="52"/>
            <line hits="154" number="53"/>
            <line hits="154" number="54"/>
            <line hits="154" number="55"/>
            <line hits="154" number="56"/>
            <line hits="154" number="57"/>
            <line hits="154" number="60"/>
            <line hits="154" number="61"/>
            <line hits="154" number="62"/>
            <line hits="154" number="63"/>
            <line hits="154" number="64"/>
            <line hits="154" number="65"/>
            <line hits="154" number="68"/>
            <line hits="154" number="69"/>
            <line hits="440" number="74"/>
            <line hits="440" number="76"/>
            <line hits="440" number="77"/>
            <line hits="440" number="79"/>
            <line hits="440" number="80"/>
            <line hits="18" number="81"/>
            <line hits="422" number="82"/>
            <line hits="404" number="83"/>
            <line hits="18" number="84"/>
            <line hits="18" number="85"/>
            <line hits="440" number="88"/>
            <line hits="440" number="89"/>
            <line hits="18" number="90"/>
            <line hits="422" number="91"/>
            <line hits="404" number="92"/>
            <line hits="18" number="93"/>
            <line hits="18" number="94"/>
            <line hits="440" number="97"/>
            <line hits="102" number="98"/>
            <line hits="102" number="99"/>
            <line hits="102" number="100"/>
            <line hits="0" number="101"/>
            <line hits="0" number="102"/>
            <line hits="0" number="115"/>
            <line hits="284" number="123"/>
            <line hits="10" number="130"/>
            <line hits="10" number="131"/>
            <line hits="0" number="132"/>
            <line hits="10" number="134"/>
            <line hits="164" number="141"/>
            <line hits="164" number="143"/>
            <line hits="154" number="144"/>
            <line hits="10" number="146"/>
            <line hits="16" number="155"/>
            <line hits="16" number="157"/>
          </lines>
        </class>
        <class branch-rate="NaN" complexity="NaN" filename="+AppUtil1\+Component\CheckBox.m" line-rate="0.93478" name="AppUtil1.Component.CheckBox">
          <methods>
            <method branch-rate="NaN" line-rate="1" name="setup" signature="setup(component)">
              <lines>
                <line hits="181" number="43"/>
                <line hits="181" number="45"/>
                <line hits="181" number="46"/>
                <line hits="181" number="47"/>
                <line hits="181" number="48"/>
                <line hits="181" number="49"/>
                <line hits="181" number="50"/>
                <line hits="181" number="51"/>
                <line hits="181" number="52"/>
                <line hits="181" number="55"/>
                <line hits="181" number="56"/>
                <line hits="181" number="57"/>
                <line hits="181" number="58"/>
                <line hits="181" number="59"/>
                <line hits="181" number="60"/>
                <line hits="181" number="63"/>
                <line hits="181" number="64"/>
              </lines>
            </method>
            <method branch-rate="NaN" line-rate="0.91304" name="update" signature="update(component)">
              <lines>
                <line hits="542" number="69"/>
                <line hits="542" number="71"/>
                <line hits="542" number="72"/>
                <line hits="542" number="74"/>
                <line hits="542" number="75"/>
                <line hits="18" number="76"/>
                <line hits="524" number="77"/>
                <line hits="506" number="78"/>
                <line hits="18" number="79"/>
                <line hits="18" number="80"/>
                <line hits="542" number="83"/>
                <line hits="542" number="84"/>
                <line hits="506" number="85"/>
                <line hits="36" number="86"/>
                <line hits="18" number="87"/>
                <line hits="18" number="88"/>
                <line hits="18" number="89"/>
                <line hits="542" number="92"/>
                <line hits="228" number="93"/>
                <line hits="228" number="94"/>
                <line hits="228" number="95"/>
                <line hits="0" number="96"/>
                <line hits="0" number="97"/>
              </lines>
            </method>
            <method branch-rate="NaN" line-rate="1" name="get.Value" signature="on_off = get.Value(component)">
              <lines>
                <line hits="6" number="110"/>
              </lines>
            </method>
            <method branch-rate="NaN" line-rate="1" name="set.Value" signature="set.Value(component, on_off)">
              <lines>
                <line hits="206" number="118"/>
              </lines>
            </method>
            <method branch-rate="NaN" line-rate="0" name="get.Text" signature="txt = get.Text(component)">
              <lines>
                <line hits="0" number="125"/>
              </lines>
            </method>
            <method branch-rate="NaN" line-rate="1" name="set.Text" signature="set.Text(component, txt)">
              <lines>
                <line hits="248" number="133"/>
              </lines>
            </method>
            <method branch-rate="NaN" line-rate="1" name="react_CheckboxValueChanged" signature="react_CheckboxValueChanged(component)">
              <lines>
                <line hits="2" number="141"/>
                <line hits="2" number="143"/>
              </lines>
            </method>
          </methods>
          <lines>
            <line hits="181" number="43"/>
            <line hits="181" number="45"/>
            <line hits="181" number="46"/>
            <line hits="181" number="47"/>
            <line hits="181" number="48"/>
            <line hits="181" number="49"/>
            <line hits="181" number="50"/>
            <line hits="181" number="51"/>
            <line hits="181" number="52"/>
            <line hits="181" number="55"/>
            <line hits="181" number="56"/>
            <line hits="181" number="57"/>
            <line hits="181" number="58"/>
            <line hits="181" number="59"/>
            <line hits="181" number="60"/>
            <line hits="181" number="63"/>
            <line hits="181" number="64"/>
            <line hits="542" number="69"/>
            <line hits="542" number="71"/>
            <line hits="542" number="72"/>
            <line hits="542" number="74"/>
            <line hits="542" number="75"/>
            <line hits="18" number="76"/>
            <line hits="524" number="77"/>
            <line hits="506" number="78"/>
            <line hits="18" number="79"/>
            <line hits="18" number="80"/>
            <line hits="542" number="83"/>
            <line hits="542" number="84"/>
            <line hits="506" number="85"/>
            <line hits="36" number="86"/>
            <line hits="18" number="87"/>
            <line hits="18" number="88"/>
            <line hits="18" number="89"/>
            <line hits="542" number="92"/>
            <line hits="228" number="93"/>
            <line hits="228" number="94"/>
            <line hits="228" number="95"/>
            <line hits="0" number="96"/>
            <line hits="0" number="97"/>
            <line hits="6" number="110"/>
            <line hits="206" number="118"/>
            <line hits="0" number="125"/>
            <line hits="248" number="133"/>
            <line hits="2" number="141"/>
            <line hits="2" number="143"/>
          </lines>
        </class>
        <class branch-rate="NaN" complexity="NaN" filename="+AppUtil1\+Component\ComponentBase.m" line-rate="0.58333" name="AppUtil1.Component.ComponentBase">
          <methods>
            <method branch-rate="NaN" line-rate="1" name="setup" signature="setup(component)">
              <lines>
                <line hits="1060" number="51"/>
                <line hits="1060" number="56"/>
                <line hits="1060" number="57"/>
                <line hits="1060" number="61"/>
                <line hits="1060" number="62"/>
                <line hits="1060" number="63"/>
              </lines>
            </method>
            <method branch-rate="NaN" line-rate="0.25" name="update" signature="update(component)">
              <lines>
                <line hits="3213" number="68"/>
                <line hits="0" number="69"/>
                <line hits="0" number="72"/>
                <line hits="0" number="73"/>
              </lines>
            </method>
            <method branch-rate="NaN" line-rate="0" name="respondToThemeChange" signature="respondToThemeChange(component, figureObject)">
              <lines>
                <line hits="0" number="86"/>
                <line hits="0" number="87"/>
              </lines>
            </method>
          </methods>
          <lines>
            <line hits="1060" number="51"/>
            <line hits="1060" number="56"/>
            <line hits="1060" number="57"/>
            <line hits="1060" number="61"/>
            <line hits="1060" number="62"/>
            <line hits="1060" number="63"/>
            <line hits="3213" number="68"/>
            <line hits="0" number="69"/>
            <line hits="0" number="72"/>
            <line hits="0" number="73"/>
            <line hits="0" number="86"/>
            <line hits="0" number="87"/>
          </lines>
        </class>
        <class branch-rate="NaN" complexity="NaN" filename="+AppUtil1\+Component\DoubleValueUI.m" line-rate="0.75316" name="AppUtil1.Component.DoubleValueUI">
          <methods>
            <method branch-rate="NaN" line-rate="1" name="setup" signature="setup(component)">
              <lines>
                <line hits="7" number="73"/>
                <line hits="7" number="78"/>
                <line hits="7" number="79"/>
                <line hits="7" number="80"/>
                <line hits="7" number="81"/>
                <line hits="7" number="82"/>
                <line hits="7" number="83"/>
                <line hits="7" number="85"/>
                <line hits="7" number="88"/>
                <line hits="7" number="93"/>
                <line hits="7" number="94"/>
                <line hits="7" number="95"/>
                <line hits="7" number="96"/>
                <line hits="7" number="97"/>
                <line hits="7" number="98"/>
                <line hits="7" number="99"/>
                <line hits="7" number="100"/>
                <line hits="7" number="102"/>
                <line hits="7" number="103"/>
                <line hits="7" number="104"/>
                <line hits="7" number="105"/>
                <line hits="7" number="106"/>
                <line hits="7" number="107"/>
                <line hits="7" number="112"/>
                <line hits="7" number="113"/>
                <line hits="7" number="114"/>
                <line hits="7" number="115"/>
                <line hits="7" number="116"/>
                <line hits="7" number="117"/>
                <line hits="7" number="118"/>
                <line hits="7" number="119"/>
                <line hits="7" number="121"/>
                <line hits="7" number="122"/>
                <line hits="7" number="123"/>
                <line hits="7" number="124"/>
                <line hits="7" number="125"/>
                <line hits="7" number="128"/>
                <line hits="7" number="133"/>
                <line hits="7" number="134"/>
                <line hits="7" number="135"/>
                <line hits="7" number="136"/>
                <line hits="7" number="137"/>
                <line hits="7" number="138"/>
                <line hits="7" number="139"/>
                <line hits="7" number="140"/>
                <line hits="7" number="142"/>
                <line hits="7" number="143"/>
                <line hits="7" number="144"/>
                <line hits="7" number="145"/>
                <line hits="7" number="146"/>
                <line hits="7" number="147"/>
                <line hits="7" number="152"/>
                <line hits="7" number="153"/>
                <line hits="7" number="154"/>
                <line hits="7" number="155"/>
                <line hits="7" number="156"/>
                <line hits="7" number="157"/>
                <line hits="7" number="158"/>
                <line hits="7" number="159"/>
                <line hits="7" number="161"/>
                <line hits="7" number="162"/>
                <line hits="7" number="163"/>
                <line hits="7" number="164"/>
                <line hits="7" number="165"/>
              </lines>
            </method>
            <method branch-rate="NaN" line-rate="1" name="update" signature="update(component)">
              <lines>
                <line hits="22" number="171"/>
                <line hits="22" number="173"/>
                <line hits="15" number="174"/>
                <line hits="15" number="175"/>
                <line hits="15" number="177"/>
                <line hits="7" number="181"/>
                <line hits="7" number="182"/>
                <line hits="7" number="184"/>
              </lines>
            </method>
            <method branch-rate="NaN" line-rate="0.56522" name="regular_update" signature="regular_update(component)">
              <lines>
                <line hits="15" number="189"/>
                <line hits="7" number="190"/>
                <line hits="15" number="193"/>
                <line hits="15" number="196"/>
                <line hits="15" number="199"/>
                <line hits="15" number="200"/>
                <line hits="7" number="201"/>
                <line hits="8" number="204"/>
                <line hits="8" number="205"/>
                <line hits="15" number="209"/>
                <line hits="0" number="210"/>
                <line hits="15" number="213"/>
                <line hits="15" number="215"/>
                <line hits="15" number="218"/>
                <line hits="0" number="219"/>
                <line hits="0" number="220"/>
                <line hits="0" number="221"/>
                <line hits="0" number="222"/>
                <line hits="0" number="223"/>
                <line hits="0" number="224"/>
                <line hits="0" number="225"/>
                <line hits="0" number="226"/>
                <line hits="0" number="227"/>
              </lines>
            </method>
            <method branch-rate="NaN" line-rate="0.81818" name="first_update" signature="first_update(component)">
              <lines>
                <line hits="7" number="238"/>
                <line hits="0" number="240"/>
                <line hits="7" number="244"/>
                <line hits="7" number="246"/>
                <line hits="7" number="247"/>
                <line hits="7" number="248"/>
                <line hits="7" number="250"/>
                <line hits="7" number="251"/>
                <line hits="0" number="252"/>
                <line hits="7" number="255"/>
                <line hits="7" number="257"/>
              </lines>
            </method>
            <method branch-rate="NaN" line-rate="0.2" name="alertOnError" signature="alertOnError(component)">
              <lines>
                <line hits="22" number="266"/>
                <line hits="22" number="268"/>
                <line hits="0" number="271"/>
                <line hits="0" number="272"/>
                <line hits="0" number="274"/>
                <line hits="0" number="276"/>
                <line hits="0" number="277"/>
                <line hits="0" number="278"/>
                <line hits="0" number="279"/>
                <line hits="0" number="280"/>
              </lines>
            </method>
            <method branch-rate="NaN" line-rate="0" name="get.MainDoubleValue" signature="x = get.MainDoubleValue(component)">
              <lines>
                <line hits="0" number="290"/>
              </lines>
            </method>
            <method branch-rate="NaN" line-rate="0" name="set.MainDoubleValue" signature="set.MainDoubleValue(component, x)">
              <lines>
                <line hits="0" number="298"/>
                <line hits="0" number="299"/>
                <line hits="0" number="300"/>
                <line hits="0" number="301"/>
                <line hits="0" number="302"/>
                <line hits="0" number="304"/>
                <line hits="0" number="307"/>
                <line hits="0" number="308"/>
              </lines>
            </method>
            <method branch-rate="NaN" line-rate="0" name="get.ValueText" signature="str = get.ValueText(component)">
              <lines>
                <line hits="0" number="320"/>
              </lines>
            </method>
            <method branch-rate="NaN" line-rate="0.42857" name="set.ValueText" signature="set.ValueText(component, str)">
              <lines>
                <line hits="4" number="328"/>
                <line hits="4" number="329"/>
                <line hits="0" number="330"/>
                <line hits="0" number="331"/>
                <line hits="0" number="332"/>
                <line hits="0" number="334"/>
                <line hits="4" number="338"/>
              </lines>
            </method>
            <method branch-rate="NaN" line-rate="0.61538" name="react_ValueTextUI_ValueChanged" signature="react_ValueTextUI_ValueChanged(component)">
              <lines>
                <line hits="8" number="346"/>
                <line hits="8" number="347"/>
                <line hits="8" number="348"/>
                <line hits="0" number="349"/>
                <line hits="0" number="350"/>
                <line hits="0" number="351"/>
                <line hits="0" number="353"/>
                <line hits="8" number="356"/>
                <line hits="8" number="357"/>
                <line hits="8" number="359"/>
                <line hits="8" number="361"/>
                <line hits="0" number="363"/>
                <line hits="8" number="366"/>
              </lines>
            </method>
            <method branch-rate="NaN" line-rate="1" name="updateInfoUI" signature="updateInfoUI(component)">
              <lines>
                <line hits="8" number="376"/>
                <line hits="8" number="377"/>
                <line hits="8" number="380"/>
                <line hits="8" number="381"/>
                <line hits="4" number="382"/>
                <line hits="4" number="384"/>
              </lines>
            </method>
            <method branch-rate="NaN" line-rate="1" name="get.InfoText" signature="str = get.InfoText(component)">
              <lines>
                <line hits="22" number="395"/>
              </lines>
            </method>
            <method branch-rate="NaN" line-rate="1" name="set.InfoText" signature="set.InfoText(component, str)">
              <lines>
                <line hits="8" number="403"/>
                <line hits="8" number="404"/>
                <line hits="4" number="406"/>
                <line hits="4" number="409"/>
                <line hits="4" number="410"/>
              </lines>
            </method>
          </methods>
          <lines>
            <line hits="7" number="73"/>
            <line hits="7" number="78"/>
            <line hits="7" number="79"/>
            <line hits="7" number="80"/>
            <line hits="7" number="81"/>
            <line hits="7" number="82"/>
            <line hits="7" number="83"/>
            <line hits="7" number="85"/>
            <line hits="7" number="88"/>
            <line hits="7" number="93"/>
            <line hits="7" number="94"/>
            <line hits="7" number="95"/>
            <line hits="7" number="96"/>
            <line hits="7" number="97"/>
            <line hits="7" number="98"/>
            <line hits="7" number="99"/>
            <line hits="7" number="100"/>
            <line hits="7" number="102"/>
            <line hits="7" number="103"/>
            <line hits="7" number="104"/>
            <line hits="7" number="105"/>
            <line hits="7" number="106"/>
            <line hits="7" number="107"/>
            <line hits="7" number="112"/>
            <line hits="7" number="113"/>
            <line hits="7" number="114"/>
            <line hits="7" number="115"/>
            <line hits="7" number="116"/>
            <line hits="7" number="117"/>
            <line hits="7" number="118"/>
            <line hits="7" number="119"/>
            <line hits="7" number="121"/>
            <line hits="7" number="122"/>
            <line hits="7" number="123"/>
            <line hits="7" number="124"/>
            <line hits="7" number="125"/>
            <line hits="7" number="128"/>
            <line hits="7" number="133"/>
            <line hits="7" number="134"/>
            <line hits="7" number="135"/>
            <line hits="7" number="136"/>
            <line hits="7" number="137"/>
            <line hits="7" number="138"/>
            <line hits="7" number="139"/>
            <line hits="7" number="140"/>
            <line hits="7" number="142"/>
            <line hits="7" number="143"/>
            <line hits="7" number="144"/>
            <line hits="7" number="145"/>
            <line hits="7" number="146"/>
            <line hits="7" number="147"/>
            <line hits="7" number="152"/>
            <line hits="7" number="153"/>
            <line hits="7" number="154"/>
            <line hits="7" number="155"/>
            <line hits="7" number="156"/>
            <line hits="7" number="157"/>
            <line hits="7" number="158"/>
            <line hits="7" number="159"/>
            <line hits="7" number="161"/>
            <line hits="7" number="162"/>
            <line hits="7" number="163"/>
            <line hits="7" number="164"/>
            <line hits="7" number="165"/>
            <line hits="22" number="171"/>
            <line hits="22" number="173"/>
            <line hits="15" number="174"/>
            <line hits="15" number="175"/>
            <line hits="15" number="177"/>
            <line hits="7" number="181"/>
            <line hits="7" number="182"/>
            <line hits="7" number="184"/>
            <line hits="15" number="189"/>
            <line hits="7" number="190"/>
            <line hits="15" number="193"/>
            <line hits="15" number="196"/>
            <line hits="15" number="199"/>
            <line hits="15" number="200"/>
            <line hits="7" number="201"/>
            <line hits="8" number="204"/>
            <line hits="8" number="205"/>
            <line hits="15" number="209"/>
            <line hits="0" number="210"/>
            <line hits="15" number="213"/>
            <line hits="15" number="215"/>
            <line hits="15" number="218"/>
            <line hits="0" number="219"/>
            <line hits="0" number="220"/>
            <line hits="0" number="221"/>
            <line hits="0" number="222"/>
            <line hits="0" number="223"/>
            <line hits="0" number="224"/>
            <line hits="0" number="225"/>
            <line hits="0" number="226"/>
            <line hits="0" number="227"/>
            <line hits="7" number="238"/>
            <line hits="0" number="240"/>
            <line hits="7" number="244"/>
            <line hits="7" number="246"/>
            <line hits="7" number="247"/>
            <line hits="7" number="248"/>
            <line hits="7" number="250"/>
            <line hits="7" number="251"/>
            <line hits="0" number="252"/>
            <line hits="7" number="255"/>
            <line hits="7" number="257"/>
            <line hits="22" number="266"/>
            <line hits="22" number="268"/>
            <line hits="0" number="271"/>
            <line hits="0" number="272"/>
            <line hits="0" number="274"/>
            <line hits="0" number="276"/>
            <line hits="0" number="277"/>
            <line hits="0" number="278"/>
            <line hits="0" number="279"/>
            <line hits="0" number="280"/>
            <line hits="0" number="290"/>
            <line hits="0" number="298"/>
            <line hits="0" number="299"/>
            <line hits="0" number="300"/>
            <line hits="0" number="301"/>
            <line hits="0" number="302"/>
            <line hits="0" number="304"/>
            <line hits="0" number="307"/>
            <line hits="0" number="308"/>
            <line hits="0" number="320"/>
            <line hits="4" number="328"/>
            <line hits="4" number="329"/>
            <line hits="0" number="330"/>
            <line hits="0" number="331"/>
            <line hits="0" number="332"/>
            <line hits="0" number="334"/>
            <line hits="4" number="338"/>
            <line hits="8" number="346"/>
            <line hits="8" number="347"/>
            <line hits="8" number="348"/>
            <line hits="0" number="349"/>
            <line hits="0" number="350"/>
            <line hits="0" number="351"/>
            <line hits="0" number="353"/>
            <line hits="8" number="356"/>
            <line hits="8" number="357"/>
            <line hits="8" number="359"/>
            <line hits="8" number="361"/>
            <line hits="0" number="363"/>
            <line hits="8" number="366"/>
            <line hits="8" number="376"/>
            <line hits="8" number="377"/>
            <line hits="8" number="380"/>
            <line hits="8" number="381"/>
            <line hits="4" number="382"/>
            <line hits="4" number="384"/>
            <line hits="22" number="395"/>
            <line hits="8" number="403"/>
            <line hits="8" number="404"/>
            <line hits="4" number="406"/>
            <line hits="4" number="409"/>
            <line hits="4" number="410"/>
          </lines>
        </class>
        <class branch-rate="NaN" complexity="NaN" filename="+AppUtil1\+Component\DropDown.m" line-rate="0.75472" name="AppUtil1.Component.DropDown">
          <methods>
            <method branch-rate="NaN" line-rate="1" name="setup" signature="setup(component)">
              <lines>
                <line hits="61" number="47"/>
                <line hits="61" number="49"/>
                <line hits="61" number="50"/>
                <line hits="61" number="51"/>
                <line hits="61" number="52"/>
                <line hits="61" number="53"/>
                <line hits="61" number="54"/>
                <line hits="61" number="55"/>
                <line hits="61" number="56"/>
                <line hits="61" number="59"/>
                <line hits="61" number="60"/>
                <line hits="61" number="61"/>
                <line hits="61" number="62"/>
                <line hits="61" number="63"/>
                <line hits="61" number="64"/>
                <line hits="61" number="67"/>
                <line hits="61" number="68"/>
              </lines>
            </method>
            <method branch-rate="NaN" line-rate="0.51852" name="update" signature="update(component)">
              <lines>
                <line hits="171" number="73"/>
                <line hits="171" number="75"/>
                <line hits="171" number="76"/>
                <line hits="171" number="78"/>
                <line hits="171" number="79"/>
                <line hits="0" number="80"/>
                <line hits="171" number="81"/>
                <line hits="171" number="82"/>
                <line hits="0" number="83"/>
                <line hits="0" number="84"/>
                <line hits="171" number="87"/>
                <line hits="171" number="88"/>
                <line hits="171" number="89"/>
                <line hits="0" number="91"/>
                <line hits="0" number="92"/>
                <line hits="0" number="93"/>
                <line hits="0" number="94"/>
                <line hits="0" number="95"/>
                <line hits="0" number="96"/>
                <line hits="0" number="97"/>
                <line hits="0" number="98"/>
                <line hits="171" number="102"/>
                <line hits="12" number="103"/>
                <line hits="12" number="104"/>
                <line hits="12" number="105"/>
                <line hits="0" number="106"/>
                <line hits="0" number="107"/>
              </lines>
            </method>
            <method branch-rate="NaN" line-rate="1" name="get.Items" signature="x = get.Items(component)">
              <lines>
                <line hits="75" number="120"/>
              </lines>
            </method>
            <method branch-rate="NaN" line-rate="1" name="set.Items" signature="set.Items(component, x)">
              <lines>
                <line hits="152" number="128"/>
              </lines>
            </method>
            <method branch-rate="NaN" line-rate="1" name="get.Value" signature="x = get.Value(component)">
              <lines>
                <line hits="479" number="135"/>
              </lines>
            </method>
            <method branch-rate="NaN" line-rate="1" name="set.Value" signature="set.Value(component, x)">
              <lines>
                <line hits="158" number="144"/>
                <line hits="158" number="147"/>
              </lines>
            </method>
            <method branch-rate="NaN" line-rate="1" name="dropdownValueChanged" signature="dropdownValueChanged(component)">
              <lines>
                <line hits="188" number="155"/>
                <line hits="188" number="156"/>
                <line hits="70" number="157"/>
                <line hits="187" number="160"/>
              </lines>
            </method>
          </methods>
          <lines>
            <line hits="61" number="47"/>
            <line hits="61" number="49"/>
            <line hits="61" number="50"/>
            <line hits="61" number="51"/>
            <line hits="61" number="52"/>
            <line hits="61" number="53"/>
            <line hits="61" number="54"/>
            <line hits="61" number="55"/>
            <line hits="61" number="56"/>
            <line hits="61" number="59"/>
            <line hits="61" number="60"/>
            <line hits="61" number="61"/>
            <line hits="61" number="62"/>
            <line hits="61" number="63"/>
            <line hits="61" number="64"/>
            <line hits="61" number="67"/>
            <line hits="61" number="68"/>
            <line hits="171" number="73"/>
            <line hits="171" number="75"/>
            <line hits="171" number="76"/>
            <line hits="171" number="78"/>
            <line hits="171" number="79"/>
            <line hits="0" number="80"/>
            <line hits="171" number="81"/>
            <line hits="171" number="82"/>
            <line hits="0" number="83"/>
            <line hits="0" number="84"/>
            <line hits="171" number="87"/>
            <line hits="171" number="88"/>
            <line hits="171" number="89"/>
            <line hits="0" number="91"/>
            <line hits="0" number="92"/>
            <line hits="0" number="93"/>
            <line hits="0" number="94"/>
            <line hits="0" number="95"/>
            <line hits="0" number="96"/>
            <line hits="0" number="97"/>
            <line hits="0" number="98"/>
            <line hits="171" number="102"/>
            <line hits="12" number="103"/>
            <line hits="12" number="104"/>
            <line hits="12" number="105"/>
            <line hits="0" number="106"/>
            <line hits="0" number="107"/>
            <line hits="75" number="120"/>
            <line hits="152" number="128"/>
            <line hits="479" number="135"/>
            <line hits="158" number="144"/>
            <line hits="158" number="147"/>
            <line hits="188" number="155"/>
            <line hits="188" number="156"/>
            <line hits="70" number="157"/>
            <line hits="187" number="160"/>
          </lines>
        </class>
        <class branch-rate="NaN" complexity="NaN" filename="+AppUtil1\+Component\EditField.m" line-rate="0.86842" name="AppUtil1.Component.EditField">
          <methods>
            <method branch-rate="NaN" line-rate="1" name="setup" signature="setup(component)">
              <lines>
                <line hits="117" number="36"/>
                <line hits="117" number="38"/>
                <line hits="117" number="39"/>
                <line hits="117" number="40"/>
                <line hits="117" number="41"/>
                <line hits="117" number="42"/>
                <line hits="117" number="43"/>
                <line hits="117" number="44"/>
                <line hits="117" number="45"/>
                <line hits="117" number="48"/>
                <line hits="117" number="49"/>
                <line hits="117" number="50"/>
                <line hits="117" number="51"/>
                <line hits="117" number="52"/>
                <line hits="117" number="53"/>
                <line hits="117" number="54"/>
                <line hits="117" number="59"/>
              </lines>
            </method>
            <method branch-rate="NaN" line-rate="0.70588" name="update" signature="update(component)">
              <lines>
                <line hits="383" number="65"/>
                <line hits="383" number="67"/>
                <line hits="383" number="69"/>
                <line hits="383" number="70"/>
                <line hits="383" number="72"/>
                <line hits="383" number="73"/>
                <line hits="0" number="74"/>
                <line hits="383" number="75"/>
                <line hits="383" number="76"/>
                <line hits="0" number="77"/>
                <line hits="0" number="78"/>
                <line hits="383" number="81"/>
                <line hits="60" number="82"/>
                <line hits="60" number="83"/>
                <line hits="60" number="84"/>
                <line hits="0" number="85"/>
                <line hits="0" number="86"/>
              </lines>
            </method>
            <method branch-rate="NaN" line-rate="1" name="get.Value" signature="x = get.Value(component)">
              <lines>
                <line hits="1" number="101"/>
              </lines>
            </method>
            <method branch-rate="NaN" line-rate="1" name="set.Value" signature="set.Value(component, x)">
              <lines>
                <line hits="136" number="109"/>
              </lines>
            </method>
            <method branch-rate="NaN" line-rate="1" name="editfieldValueChanged" signature="editfieldValueChanged(component)">
              <lines>
                <line hits="6" number="119"/>
                <line hits="6" number="121"/>
              </lines>
            </method>
          </methods>
          <lines>
            <line hits="117" number="36"/>
            <line hits="117" number="38"/>
            <line hits="117" number="39"/>
            <line hits="117" number="40"/>
            <line hits="117" number="41"/>
            <line hits="117" number="42"/>
            <line hits="117" number="43"/>
            <line hits="117" number="44"/>
            <line hits="117" number="45"/>
            <line hits="117" number="48"/>
            <line hits="117" number="49"/>
            <line hits="117" number="50"/>
            <line hits="117" number="51"/>
            <line hits="117" number="52"/>
            <line hits="117" number="53"/>
            <line hits="117" number="54"/>
            <line hits="117" number="59"/>
            <line hits="383" number="65"/>
            <line hits="383" number="67"/>
            <line hits="383" number="69"/>
            <line hits="383" number="70"/>
            <line hits="383" number="72"/>
            <line hits="383" number="73"/>
            <line hits="0" number="74"/>
            <line hits="383" number="75"/>
            <line hits="383" number="76"/>
            <line hits="0" number="77"/>
            <line hits="0" number="78"/>
            <line hits="383" number="81"/>
            <line hits="60" number="82"/>
            <line hits="60" number="83"/>
            <line hits="60" number="84"/>
            <line hits="0" number="85"/>
            <line hits="0" number="86"/>
            <line hits="1" number="101"/>
            <line hits="136" number="109"/>
            <line hits="6" number="119"/>
            <line hits="6" number="121"/>
          </lines>
        </class>
        <class branch-rate="NaN" complexity="NaN" filename="+AppUtil1\+Component\EditableDropDown.m" line-rate="0.74545" name="AppUtil1.Component.EditableDropDown">
          <methods>
            <method branch-rate="NaN" line-rate="1" name="setup" signature="setup(component)">
              <lines>
                <line hits="45" number="47"/>
                <line hits="45" number="49"/>
                <line hits="45" number="50"/>
                <line hits="45" number="51"/>
                <line hits="45" number="52"/>
                <line hits="45" number="53"/>
                <line hits="45" number="54"/>
                <line hits="45" number="55"/>
                <line hits="45" number="56"/>
                <line hits="45" number="59"/>
                <line hits="45" number="60"/>
                <line hits="45" number="61"/>
                <line hits="45" number="62"/>
                <line hits="45" number="63"/>
                <line hits="45" number="64"/>
                <line hits="45" number="67"/>
                <line hits="45" number="68"/>
              </lines>
            </method>
            <method branch-rate="NaN" line-rate="0.51852" name="update" signature="update(component)">
              <lines>
                <line hits="146" number="73"/>
                <line hits="146" number="75"/>
                <line hits="146" number="76"/>
                <line hits="146" number="78"/>
                <line hits="146" number="79"/>
                <line hits="0" number="80"/>
                <line hits="146" number="81"/>
                <line hits="146" number="82"/>
                <line hits="0" number="83"/>
                <line hits="0" number="84"/>
                <line hits="146" number="87"/>
                <line hits="146" number="88"/>
                <line hits="146" number="89"/>
                <line hits="0" number="91"/>
                <line hits="0" number="92"/>
                <line hits="0" number="93"/>
                <line hits="0" number="94"/>
                <line hits="0" number="95"/>
                <line hits="0" number="96"/>
                <line hits="0" number="97"/>
                <line hits="0" number="98"/>
                <line hits="146" number="102"/>
                <line hits="27" number="103"/>
                <line hits="27" number="104"/>
                <line hits="27" number="105"/>
                <line hits="0" number="106"/>
                <line hits="0" number="107"/>
              </lines>
            </method>
            <method branch-rate="NaN" line-rate="1" name="get.Items" signature="x = get.Items(component)">
              <lines>
                <line hits="5" number="120"/>
              </lines>
            </method>
            <method branch-rate="NaN" line-rate="1" name="set.Items" signature="set.Items(component, x)">
              <lines>
                <line hits="61" number="128"/>
              </lines>
            </method>
            <method branch-rate="NaN" line-rate="1" name="get.Value" signature="x = get.Value(component)">
              <lines>
                <line hits="1" number="135"/>
              </lines>
            </method>
            <method branch-rate="NaN" line-rate="1" name="set.Value" signature="set.Value(component, x)">
              <lines>
                <line hits="53" number="144"/>
                <line hits="53" number="147"/>
              </lines>
            </method>
            <method branch-rate="NaN" line-rate="0.83333" name="dropdownValueChanged" signature="dropdownValueChanged(component)">
              <lines>
                <line hits="57" number="155"/>
                <line hits="57" number="156"/>
                <line hits="1" number="157"/>
                <line hits="57" number="159"/>
                <line hits="0" number="160"/>
                <line hits="57" number="163"/>
              </lines>
            </method>
          </methods>
          <lines>
            <line hits="45" number="47"/>
            <line hits="45" number="49"/>
            <line hits="45" number="50"/>
            <line hits="45" number="51"/>
            <line hits="45" number="52"/>
            <line hits="45" number="53"/>
            <line hits="45" number="54"/>
            <line hits="45" number="55"/>
            <line hits="45" number="56"/>
            <line hits="45" number="59"/>
            <line hits="45" number="60"/>
            <line hits="45" number="61"/>
            <line hits="45" number="62"/>
            <line hits="45" number="63"/>
            <line hits="45" number="64"/>
            <line hits="45" number="67"/>
            <line hits="45" number="68"/>
            <line hits="146" number="73"/>
            <line hits="146" number="75"/>
            <line hits="146" number="76"/>
            <line hits="146" number="78"/>
            <line hits="146" number="79"/>
            <line hits="0" number="80"/>
            <line hits="146" number="81"/>
            <line hits="146" number="82"/>
            <line hits="0" number="83"/>
            <line hits="0" number="84"/>
            <line hits="146" number="87"/>
            <line hits="146" number="88"/>
            <line hits="146" number="89"/>
            <line hits="0" number="91"/>
            <line hits="0" number="92"/>
            <line hits="0" number="93"/>
            <line hits="0" number="94"/>
            <line hits="0" number="95"/>
            <line hits="0" number="96"/>
[...]
            <line hits="4" number="27"/>
            <line hits="3" number="28"/>
            <line hits="0" number="31"/>
            <line hits="3" number="34"/>
            <line hits="4" number="36"/>
            <line hits="4" number="37"/>
            <line hits="4" number="42"/>
            <line hits="4" number="44"/>
            <line hits="4" number="45"/>
            <line hits="1" number="61"/>
            <line hits="1" number="63"/>
            <line hits="1" number="72"/>
            <line hits="1" number="73"/>
            <line hits="1" number="74"/>
            <line hits="1" number="81"/>
            <line hits="1" number="82"/>
            <line hits="1" number="83"/>
            <line hits="0" number="84"/>
            <line hits="1" number="86"/>
            <line hits="1" number="87"/>
            <line hits="1" number="91"/>
            <line hits="1" number="93"/>
            <line hits="0" number="96"/>
            <line hits="0" number="97"/>
            <line hits="0" number="98"/>
            <line hits="0" number="99"/>
            <line hits="0" number="100"/>
          </lines>
        </class>
        <class branch-rate="NaN" complexity="NaN" filename="Test\TextArea\apptest_TextArea_1_simplest.m" line-rate="0.95455" name="apptest_TextArea_1_simplest">
          <methods/>
          <lines>
            <line hits="3" number="9"/>
            <line hits="3" number="10"/>
            <line hits="3" number="11"/>
            <line hits="3" number="13"/>
            <line hits="3" number="14"/>
            <line hits="3" number="15"/>
            <line hits="3" number="16"/>
            <line hits="3" number="17"/>
            <line hits="3" number="18"/>
            <line hits="3" number="22"/>
            <line hits="3" number="23"/>
            <line hits="3" number="24"/>
            <line hits="3" number="26"/>
            <line hits="3" number="29"/>
            <line hits="0" number="30"/>
            <line hits="3" number="33"/>
            <line hits="3" number="34"/>
            <line hits="3" number="35"/>
            <line hits="3" number="36"/>
            <line hits="3" number="37"/>
            <line hits="3" number="38"/>
            <line hits="3" number="39"/>
          </lines>
        </class>
        <class branch-rate="NaN" complexity="NaN" filename="Test\TextArea\uitest_TextArea.m" line-rate="0.73077" name="uitest_TextArea">
          <methods>
            <method branch-rate="NaN" line-rate="0.88889" name="test_method_setup" signature="test_method_setup(testcase)">
              <lines>
                <line hits="4" number="27"/>
                <line hits="3" number="28"/>
                <line hits="0" number="31"/>
                <line hits="3" number="34"/>
                <line hits="4" number="36"/>
                <line hits="4" number="37"/>
                <line hits="4" number="42"/>
                <line hits="4" number="44"/>
                <line hits="4" number="45"/>
              </lines>
            </method>
            <method branch-rate="NaN" line-rate="1" name="app_launches_without_warnings_1" signature="app_launches_without_warnings_1(testcase)">
              <lines>
                <line hits="1" number="61"/>
                <line hits="1" number="63"/>
              </lines>
            </method>
            <method branch-rate="NaN" line-rate="1" name="Gesture_1" signature="Gesture_1(testcase)">
              <lines>
                <line hits="1" number="72"/>
                <line hits="1" number="73"/>
              </lines>
            </method>
            <method branch-rate="NaN" line-rate="0.83333" name="LightTheme_1" signature="LightTheme_1(testcase)">
              <lines>
                <line hits="1" number="80"/>
                <line hits="1" number="81"/>
                <line hits="1" number="82"/>
                <line hits="0" number="83"/>
                <line hits="1" number="85"/>
                <line hits="1" number="86"/>
              </lines>
            </method>
            <method branch-rate="NaN" line-rate="0.28571" name="DarkTheme_1" signature="DarkTheme_1(testcase)">
              <lines>
                <line hits="1" number="90"/>
                <line hits="1" number="92"/>
                <line hits="0" number="95"/>
                <line hits="0" number="96"/>
                <line hits="0" number="97"/>
                <line hits="0" number="98"/>
                <line hits="0" number="99"/>
              </lines>
            </method>
          </methods>
          <lines>
            <line hits="4" number="27"/>
            <line hits="3" number="28"/>
            <line hits="0" number="31"/>
            <line hits="3" number="34"/>
            <line hits="4" number="36"/>
            <line hits="4" number="37"/>
            <line hits="4" number="42"/>
            <line hits="4" number="44"/>
            <line hits="4" number="45"/>
            <line hits="1" number="61"/>
            <line hits="1" number="63"/>
            <line hits="1" number="72"/>
            <line hits="1" number="73"/>
            <line hits="1" number="80"/>
            <line hits="1" number="81"/>
            <line hits="1" number="82"/>
            <line hits="0" number="83"/>
            <line hits="1" number="85"/>
            <line hits="1" number="86"/>
            <line hits="1" number="90"/>
            <line hits="1" number="92"/>
            <line hits="0" number="95"/>
            <line hits="0" number="96"/>
            <line hits="0" number="97"/>
            <line hits="0" number="98"/>
            <line hits="0" number="99"/>
          </lines>
        </class>
        <class branch-rate="NaN" complexity="NaN" filename="Test\WindowHeader\apptest_WindowHeader_1_simplest.m" line-rate="0.95238" name="apptest_WindowHeader_1_simplest">
          <methods/>
          <lines>
            <line hits="1" number="9"/>
            <line hits="1" number="10"/>
            <line hits="1" number="11"/>
            <line hits="1" number="13"/>
            <line hits="1" number="14"/>
            <line hits="1" number="15"/>
            <line hits="1" number="16"/>
            <line hits="1" number="17"/>
            <line hits="1" number="18"/>
            <line hits="1" number="22"/>
            <line hits="1" number="23"/>
            <line hits="1" number="26"/>
            <line hits="1" number="29"/>
            <line hits="0" number="30"/>
            <line hits="1" number="33"/>
            <line hits="1" number="34"/>
            <line hits="1" number="35"/>
            <line hits="1" number="36"/>
            <line hits="1" number="37"/>
            <line hits="1" number="38"/>
            <line hits="1" number="39"/>
          </lines>
        </class>
        <class branch-rate="NaN" complexity="NaN" filename="Test\WindowHeader\apptest_WindowHeader_2_no_MainFigure.m" line-rate="0.94737" name="apptest_WindowHeader_2_no_MainFigure">
          <methods/>
          <lines>
            <line hits="1" number="9"/>
            <line hits="1" number="10"/>
            <line hits="1" number="11"/>
            <line hits="1" number="13"/>
            <line hits="1" number="14"/>
            <line hits="1" number="15"/>
            <line hits="1" number="16"/>
            <line hits="1" number="17"/>
            <line hits="1" number="18"/>
            <line hits="1" number="22"/>
            <line hits="1" number="26"/>
            <line hits="0" number="27"/>
            <line hits="1" number="30"/>
            <line hits="1" number="31"/>
            <line hits="1" number="32"/>
            <line hits="1" number="33"/>
            <line hits="1" number="34"/>
            <line hits="1" number="35"/>
            <line hits="1" number="36"/>
          </lines>
        </class>
        <class branch-rate="NaN" complexity="NaN" filename="Test\WindowHeader\apptest_WindowHeader_3.m" line-rate="0.95455" name="apptest_WindowHeader_3">
          <methods/>
          <lines>
            <line hits="3" number="9"/>
            <line hits="3" number="10"/>
            <line hits="3" number="11"/>
            <line hits="3" number="13"/>
            <line hits="3" number="14"/>
            <line hits="3" number="15"/>
            <line hits="3" number="16"/>
            <line hits="3" number="17"/>
            <line hits="3" number="18"/>
            <line hits="3" number="22"/>
            <line hits="3" number="23"/>
            <line hits="3" number="24"/>
            <line hits="3" number="25"/>
            <line hits="3" number="28"/>
            <line hits="0" number="29"/>
            <line hits="3" number="32"/>
            <line hits="3" number="33"/>
            <line hits="3" number="34"/>
            <line hits="3" number="35"/>
            <line hits="3" number="36"/>
            <line hits="3" number="37"/>
            <line hits="3" number="38"/>
          </lines>
        </class>
        <class branch-rate="NaN" complexity="NaN" filename="Test\WindowHeader\uitest_WindowHeader.m" line-rate="0.8" name="uitest_WindowHeader">
          <methods>
            <method branch-rate="NaN" line-rate="0.88889" name="test_method_setup" signature="test_method_setup(testcase)">
              <lines>
                <line hits="6" number="27"/>
                <line hits="5" number="28"/>
                <line hits="0" number="31"/>
                <line hits="5" number="34"/>
                <line hits="6" number="36"/>
                <line hits="6" number="37"/>
                <line hits="6" number="42"/>
                <line hits="6" number="44"/>
                <line hits="6" number="45"/>
              </lines>
            </method>
            <method branch-rate="NaN" line-rate="1" name="app_launches_without_warnings_1" signature="app_launches_without_warnings_1(testcase)">
              <lines>
                <line hits="1" number="61"/>
                <line hits="1" number="63"/>
              </lines>
            </method>
            <method branch-rate="NaN" line-rate="1" name="app_launches_without_warnings_2" signature="app_launches_without_warnings_2(testcase)">
              <lines>
                <line hits="1" number="68"/>
                <line hits="1" number="70"/>
              </lines>
            </method>
            <method branch-rate="NaN" line-rate="1" name="app_launches_without_warnings_3" signature="app_launches_without_warnings_3(testcase)">
              <lines>
                <line hits="1" number="75"/>
                <line hits="1" number="77"/>
              </lines>
            </method>
            <method branch-rate="NaN" line-rate="1" name="Gesture_1" signature="Gesture_1(testcase)">
              <lines>
                <line hits="1" number="89"/>
                <line hits="1" number="90"/>
                <line hits="1" number="91"/>
                <line hits="1" number="92"/>
                <line hits="1" number="93"/>
                <line hits="1" number="94"/>
                <line hits="1" number="95"/>
              </lines>
            </method>
            <method branch-rate="NaN" line-rate="0.83333" name="LightTheme_1" signature="LightTheme_1(testcase)">
              <lines>
                <line hits="1" number="102"/>
                <line hits="1" number="103"/>
                <line hits="1" number="104"/>
                <line hits="0" number="105"/>
                <line hits="1" number="107"/>
                <line hits="1" number="108"/>
              </lines>
            </method>
            <method branch-rate="NaN" line-rate="0.28571" name="DarkTheme_1" signature="DarkTheme_1(testcase)">
              <lines>
                <line hits="1" number="112"/>
                <line hits="1" number="114"/>
                <line hits="0" number="117"/>
                <line hits="0" number="118"/>
                <line hits="0" number="119"/>
                <line hits="0" number="120"/>
                <line hits="0" number="121"/>
              </lines>
            </method>
          </methods>
          <lines>
            <line hits="6" number="27"/>
            <line hits="5" number="28"/>
            <line hits="0" number="31"/>
            <line hits="5" number="34"/>
            <line hits="6" number="36"/>
            <line hits="6" number="37"/>
            <line hits="6" number="42"/>
            <line hits="6" number="44"/>
            <line hits="6" number="45"/>
            <line hits="1" number="61"/>
            <line hits="1" number="63"/>
            <line hits="1" number="68"/>
            <line hits="1" number="70"/>
            <line hits="1" number="75"/>
            <line hits="1" number="77"/>
            <line hits="1" number="89"/>
            <line hits="1" number="90"/>
            <line hits="1" number="91"/>
            <line hits="1" number="92"/>
            <line hits="1" number="93"/>
            <line hits="1" number="94"/>
            <line hits="1" number="95"/>
            <line hits="1" number="102"/>
            <line hits="1" number="103"/>
            <line hits="1" number="104"/>
            <line hits="0" number="105"/>
            <line hits="1" number="107"/>
            <line hits="1" number="108"/>
            <line hits="1" number="112"/>
            <line hits="1" number="114"/>
            <line hits="0" number="117"/>
            <line hits="0" number="118"/>
            <line hits="0" number="119"/>
            <line hits="0" number="120"/>
            <line hits="0" number="121"/>
          </lines>
        </class>
        <class branch-rate="NaN" complexity="NaN" filename="buildfile.m" line-rate="0" name="buildfile">
          <methods/>
          <lines>
            <line hits="0" number="13"/>
            <line hits="0" number="14"/>
            <line hits="0" number="16"/>
            <line hits="0" number="17"/>
            <line hits="0" number="18"/>
            <line hits="0" number="19"/>
            <line hits="0" number="20"/>
            <line hits="0" number="21"/>
            <line hits="0" number="22"/>
            <line hits="0" number="24"/>
            <line hits="0" number="25"/>
            <line hits="0" number="26"/>
            <line hits="0" number="27"/>
            <line hits="0" number="28"/>
            <line hits="0" number="29"/>
            <line hits="0" number="30"/>
            <line hits="0" number="31"/>
            <line hits="0" number="32"/>
            <line hits="0" number="33"/>
            <line hits="0" number="34"/>
          </lines>
        </class>
        <class branch-rate="NaN" complexity="NaN" filename="uitest_AppUtil.m" line-rate="0.54762" name="uitest_AppUtil">
          <methods>
            <method branch-rate="NaN" line-rate="0.88889" name="test_method_setup" signature="test_method_setup(testcase)">
              <lines>
                <line hits="6" number="27"/>
                <line hits="2" number="28"/>
                <line hits="0" number="31"/>
                <line hits="2" number="34"/>
                <line hits="6" number="36"/>
                <line hits="6" number="37"/>
                <line hits="6" number="42"/>
                <line hits="6" number="44"/>
                <line hits="6" number="45"/>
              </lines>
            </method>
            <method branch-rate="NaN" line-rate="0.5" name="app_launches_without_warnings_1" signature="app_launches_without_warnings_1(testcase)">
              <lines>
                <line hits="1" number="62"/>
                <line hits="1" number="64"/>
                <line hits="0" number="67"/>
                <line hits="0" number="69"/>
              </lines>
            </method>
            <method branch-rate="NaN" line-rate="1" name="app_launches_without_warnings_2" signature="app_launches_without_warnings_2(testcase)">
              <lines>
                <line hits="1" number="74"/>
                <line hits="1" number="76"/>
              </lines>
            </method>
            <method branch-rate="NaN" line-rate="0.28571" name="test_ColormapApp_LightTheme" signature="test_ColormapApp_LightTheme(testcase)">
              <lines>
                <line hits="1" number="88"/>
                <line hits="1" number="90"/>
                <line hits="0" number="93"/>
                <line hits="0" number="94"/>
                <line hits="0" number="95"/>
                <line hits="0" number="96"/>
                <line hits="0" number="97"/>
              </lines>
            </method>
            <method branch-rate="NaN" line-rate="0.28571" name="test_ColormapApp_DarkTheme" signature="test_ColormapApp_DarkTheme(testcase)">
              <lines>
                <line hits="1" number="101"/>
                <line hits="1" number="103"/>
                <line hits="0" number="106"/>
                <line hits="0" number="107"/>
                <line hits="0" number="108"/>
                <line hits="0" number="109"/>
                <line hits="0" number="110"/>
              </lines>
            </method>
            <method branch-rate="NaN" line-rate="0.83333" name="test_MonitorInfoApp_LightTheme" signature="test_MonitorInfoApp_LightTheme(testcase)">
              <lines>
                <line hits="1" number="117"/>
                <line hits="1" number="118"/>
                <line hits="1" number="119"/>
                <line hits="0" number="120"/>
                <line hits="1" number="122"/>
                <line hits="1" number="123"/>
              </lines>
            </method>
            <method branch-rate="NaN" line-rate="0.28571" name="test_MonitorInfoApp_DarkTheme" signature="test_MonitorInfoApp_DarkTheme(testcase)">
              <lines>
                <line hits="1" number="127"/>
                <line hits="1" number="129"/>
                <line hits="0" number="132"/>
                <line hits="0" number="133"/>
                <line hits="0" number="134"/>
                <line hits="0" number="135"/>
                <line hits="0" number="136"/>
              </lines>
            </method>
          </methods>
          <lines>
            <line hits="6" number="27"/>
            <line hits="2" number="28"/>
            <line hits="0" number="31"/>
            <line hits="2" number="34"/>
            <line hits="6" number="36"/>
            <line hits="6" number="37"/>
            <line hits="6" number="42"/>
            <line hits="6" number="44"/>
            <line hits="6" number="45"/>
            <line hits="1" number="62"/>
            <line hits="1" number="64"/>
            <line hits="0" number="67"/>
            <line hits="0" number="69"/>
            <line hits="1" number="74"/>
            <line hits="1" number="76"/>
            <line hits="1" number="88"/>
            <line hits="1" number="90"/>
            <line hits="0" number="93"/>
            <line hits="0" number="94"/>
            <line hits="0" number="95"/>
            <line hits="0" number="96"/>
            <line hits="0" number="97"/>
            <line hits="1" number="101"/>
            <line hits="1" number="103"/>
            <line hits="0" number="106"/>
            <line hits="0" number="107"/>
            <line hits="0" number="108"/>
            <line hits="0" number="109"/>
            <line hits="0" number="110"/>
            <line hits="1" number="117"/>
            <line hits="1" number="118"/>
            <line hits="1" number="119"/>
            <line hits="0" number="120"/>
            <line hits="1" number="122"/>
            <line hits="1" number="123"/>
            <line hits="1" number="127"/>
            <line hits="1" number="129"/>
            <line hits="0" number="132"/>
            <line hits="0" number="133"/>
            <line hits="0" number="134"/>
            <line hits="0" number="135"/>
            <line hits="0" number="136"/>
          </lines>
        </class>
      </classes>
    </package>
  </packages>
</coverage>
