<?xml version="1.0" encoding="UTF-8" standalone="no" ?>
<testsuites>
  <testsuite errors="0" failures="0" name="ui_test_TestUtil" skipped="0" tests="2" time="5.1007">
    <testcase classname="ui_test_TestUtil" name="app_launches_without_warnings_1" time="3.3727"/>
    <testcase classname="ui_test_TestUtil" name="PassingTest_1" time="1.7281"/>
  </testsuite>
  <testsuite errors="0" failures="0" name="ui_uptodate_test_TestUtil" skipped="0" tests="2" time="0.080533">
    <testcase classname="ui_uptodate_test_TestUtil" name="app_screenshot_is_uptodate_1_1_dark" time="0.06697"/>
    <testcase classname="ui_uptodate_test_TestUtil" name="app_screenshot_is_uptodate_1_2_light" time="0.013563"/>
  </testsuite>
  <testsuite errors="0" failures="0" name="unittest_summarizeCodeCoverage" skipped="0" tests="4" time="0.77994">
    <testcase classname="unittest_summarizeCodeCoverage" name="Test_error_1" time="0.091752"/>
    <testcase classname="unittest_summarizeCodeCoverage" name="PassingTest_1" time="0.38421"/>
    <testcase classname="unittest_summarizeCodeCoverage" name="PassingTest_2" time="0.23142"/>
    <testcase classname="unittest_summarizeCodeCoverage" name="Test_1" time="0.072545"/>
  </testsuite>
  <testsuite errors="0" failures="0" name="unittest_summarizeTestResult" skipped="0" tests="3" time="1.2576">
    <testcase classname="unittest_summarizeTestResult" name="Test_error_1" time="0.020075"/>
    <testcase classname="unittest_summarizeTestResult" name="PassingTest_1" time="1.1761"/>
    <testcase classname="unittest_summarizeTestResult" name="Test_1" time="0.061462"/>
  </testsuite>
</testsuites>
