<?xml version="1.0" encoding="UTF-8" standalone="no" ?>
<coverage branch-rate="NaN" branches-covered="NaN" branches-valid="NaN" complexity="NaN" line-rate="0.95299" lines-covered="669" lines-valid="702" timestamp="1778239915.7062" version="">
  <sources>
    <source>C:\local\modutil\repo\worktrees\R2024b-devel\Devel\AppsForPhysicalSystems\Vehicle1D\+Vehicle1D1\</source>
  </sources>
  <packages>
    <package branch-rate="NaN" complexity="NaN" line-rate="0.95299" name="Vehicle1D1">
      <classes>
        <class branch-rate="NaN" complexity="NaN" filename="Vehicle1DAppMain.m" line-rate="0.9433" name="Vehicle1D1.Vehicle1DAppMain">
          <methods>
            <method branch-rate="NaN" line-rate="0.82857" name="Vehicle1DAppMain" signature="App = Vehicle1DAppMain(NameValuePair)">
              <lines>
                <line hits="12" number="114"/>
                <line hits="12" number="115"/>
                <line hits="12" number="118"/>
                <line hits="3" number="119"/>
                <line hits="3" number="120"/>
                <line hits="3" number="121"/>
                <line hits="0" number="122"/>
                <line hits="0" number="123"/>
                <line hits="0" number="125"/>
                <line hits="9" number="128"/>
                <line hits="2" number="129"/>
                <line hits="2" number="130"/>
                <line hits="7" number="133"/>
                <line hits="7" number="134"/>
                <line hits="7" number="135"/>
                <line hits="12" number="138"/>
                <line hits="5" number="139"/>
                <line hits="5" number="140"/>
                <line hits="1" number="141"/>
                <line hits="1" number="142"/>
                <line hits="1" number="143"/>
                <line hits="1" number="145"/>
                <line hits="4" number="150"/>
                <line hits="4" number="151"/>
                <line hits="0" number="152"/>
                <line hits="0" number="153"/>
                <line hits="0" number="154"/>
                <line hits="0" number="156"/>
                <line hits="4" number="160"/>
                <line hits="1" number="162"/>
                <line hits="3" number="164"/>
                <line hits="0" number="165"/>
                <line hits="0" number="166"/>
                <line hits="0" number="168"/>
                <line hits="11" number="175"/>
                <line hits="11" number="177"/>
                <line hits="11" number="178"/>
                <line hits="11" number="179"/>
                <line hits="11" number="180"/>
                <line hits="11" number="181"/>
                <line hits="11" number="185"/>
                <line hits="11" number="190"/>
                <line hits="4" number="191"/>
                <line hits="4" number="192"/>
                <line hits="4" number="193"/>
                <line hits="0" number="194"/>
                <line hits="0" number="196"/>
                <line hits="4" number="199"/>
                <line hits="4" number="200"/>
                <line hits="7" number="204"/>
                <line hits="7" number="205"/>
                <line hits="7" number="206"/>
                <line hits="7" number="207"/>
                <line hits="7" number="209"/>
                <line hits="7" number="210"/>
                <line hits="7" number="212"/>
                <line hits="7" number="214"/>
                <line hits="7" number="215"/>
                <line hits="7" number="216"/>
                <line hits="11" number="219"/>
                <line hits="11" number="220"/>
                <line hits="11" number="221"/>
                <line hits="11" number="222"/>
                <line hits="11" number="225"/>
                <line hits="11" number="227"/>
                <line hits="11" number="229"/>
                <line hits="11" number="230"/>
                <line hits="11" number="231"/>
                <line hits="11" number="232"/>
                <line hits="4" number="233"/>
              </lines>
            </method>
            <method branch-rate="NaN" line-rate="1" name="build_app_gui" signature="build_app_gui(App)">
              <lines>
                <line hits="11" number="239"/>
                <line hits="11" number="240"/>
                <line hits="11" number="242"/>
                <line hits="11" number="247"/>
                <line hits="11" number="248"/>
                <line hits="11" number="253"/>
                <line hits="11" number="254"/>
                <line hits="11" number="256"/>
                <line hits="11" number="257"/>
                <line hits="11" number="258"/>
                <line hits="11" number="259"/>
                <line hits="11" number="261"/>
                <line hits="11" number="262"/>
                <line hits="11" number="263"/>
                <line hits="11" number="264"/>
                <line hits="11" number="265"/>
                <line hits="11" number="266"/>
                <line hits="11" number="271"/>
                <line hits="11" number="272"/>
                <line hits="11" number="273"/>
                <line hits="11" number="276"/>
                <line hits="11" number="278"/>
                <line hits="11" number="279"/>
                <line hits="11" number="280"/>
                <line hits="11" number="281"/>
                <line hits="11" number="282"/>
                <line hits="11" number="283"/>
                <line hits="11" number="284"/>
                <line hits="11" number="285"/>
                <line hits="11" number="286"/>
                <line hits="11" number="289"/>
                <line hits="11" number="291"/>
                <line hits="11" number="292"/>
                <line hits="11" number="293"/>
                <line hits="11" number="294"/>
                <line hits="11" number="295"/>
                <line hits="11" number="296"/>
                <line hits="11" number="299"/>
                <line hits="11" number="301"/>
                <line hits="11" number="302"/>
                <line hits="11" number="303"/>
                <line hits="11" number="304"/>
                <line hits="11" number="305"/>
                <line hits="11" number="306"/>
                <line hits="11" number="309"/>
                <line hits="11" number="311"/>
                <line hits="11" number="312"/>
                <line hits="11" number="313"/>
                <line hits="11" number="314"/>
                <line hits="11" number="315"/>
                <line hits="11" number="316"/>
                <line hits="11" number="317"/>
                <line hits="11" number="318"/>
                <line hits="11" number="319"/>
                <line hits="11" number="324"/>
                <line hits="11" number="325"/>
                <line hits="11" number="326"/>
                <line hits="11" number="329"/>
                <line hits="11" number="331"/>
                <line hits="11" number="332"/>
                <line hits="11" number="333"/>
                <line hits="11" number="334"/>
                <line hits="11" number="335"/>
                <line hits="11" number="336"/>
                <line hits="11" number="339"/>
                <line hits="11" number="341"/>
                <line hits="11" number="342"/>
                <line hits="11" number="343"/>
                <line hits="11" number="344"/>
                <line hits="11" number="345"/>
                <line hits="11" number="346"/>
                <line hits="11" number="351"/>
                <line hits="11" number="352"/>
                <line hits="11" number="353"/>
                <line hits="11" number="356"/>
                <line hits="11" number="358"/>
                <line hits="11" number="359"/>
                <line hits="11" number="360"/>
                <line hits="11" number="361"/>
                <line hits="11" number="362"/>
                <line hits="11" number="363"/>
                <line hits="11" number="368"/>
                <line hits="11" number="369"/>
                <line hits="11" number="370"/>
                <line hits="11" number="373"/>
                <line hits="11" number="375"/>
                <line hits="11" number="376"/>
                <line hits="11" number="377"/>
                <line hits="11" number="378"/>
                <line hits="11" number="379"/>
                <line hits="11" number="380"/>
                <line hits="11" number="381"/>
                <line hits="11" number="382"/>
                <line hits="11" number="383"/>
                <line hits="11" number="386"/>
                <line hits="11" number="388"/>
                <line hits="11" number="389"/>
                <line hits="11" number="390"/>
                <line hits="11" number="391"/>
                <line hits="11" number="392"/>
                <line hits="11" number="393"/>
                <line hits="11" number="396"/>
                <line hits="11" number="398"/>
                <line hits="11" number="399"/>
                <line hits="11" number="400"/>
                <line hits="11" number="401"/>
                <line hits="11" number="402"/>
                <line hits="11" number="403"/>
                <line hits="11" number="408"/>
                <line hits="11" number="409"/>
                <line hits="11" number="410"/>
                <line hits="11" number="413"/>
                <line hits="11" number="415"/>
                <line hits="11" number="416"/>
                <line hits="11" number="417"/>
                <line hits="11" number="418"/>
                <line hits="11" number="419"/>
                <line hits="11" number="420"/>
                <line hits="11" number="423"/>
                <line hits="11" number="425"/>
                <line hits="11" number="426"/>
                <line hits="11" number="427"/>
                <line hits="11" number="428"/>
                <line hits="11" number="429"/>
                <line hits="11" number="430"/>
                <line hits="11" number="433"/>
                <line hits="11" number="435"/>
                <line hits="11" number="436"/>
                <line hits="11" number="437"/>
                <line hits="11" number="438"/>
                <line hits="11" number="439"/>
                <line hits="11" number="440"/>
                <line hits="11" number="443"/>
                <line hits="11" number="445"/>
                <line hits="11" number="446"/>
                <line hits="11" number="447"/>
                <line hits="11" number="448"/>
                <line hits="11" number="449"/>
                <line hits="11" number="450"/>
                <line hits="11" number="453"/>
                <line hits="11" number="455"/>
                <line hits="11" number="456"/>
                <line hits="11" number="458"/>
                <line hits="11" number="459"/>
                <line hits="11" number="460"/>
                <line hits="11" number="461"/>
                <line hits="11" number="462"/>
                <line hits="11" number="463"/>
                <line hits="11" number="464"/>
                <line hits="11" number="465"/>
                <line hits="11" number="469"/>
                <line hits="11" number="474"/>
                <line hits="11" number="475"/>
                <line hits="11" number="478"/>
                <line hits="11" number="479"/>
                <line hits="11" number="481"/>
                <line hits="11" number="482"/>
                <line hits="11" number="483"/>
                <line hits="11" number="484"/>
                <line hits="11" number="485"/>
                <line hits="11" number="486"/>
                <line hits="11" number="487"/>
                <line hits="11" number="488"/>
                <line hits="11" number="489"/>
                <line hits="11" number="490"/>
                <line hits="11" number="491"/>
                <line hits="11" number="493"/>
                <line hits="11" number="495"/>
                <line hits="11" number="496"/>
                <line hits="11" number="497"/>
                <line hits="11" number="498"/>
                <line hits="11" number="500"/>
                <line hits="3" number="502"/>
                <line hits="3" number="503"/>
                <line hits="3" number="504"/>
                <line hits="11" number="508"/>
                <line hits="11" number="510"/>
                <line hits="11" number="511"/>
                <line hits="11" number="516"/>
                <line hits="11" number="517"/>
                <line hits="11" number="518"/>
                <line hits="11" number="521"/>
                <line hits="11" number="523"/>
                <line hits="11" number="524"/>
                <line hits="11" number="525"/>
                <line hits="11" number="526"/>
                <line hits="11" number="527"/>
                <line hits="11" number="528"/>
                <line hits="11" number="529"/>
                <line hits="11" number="530"/>
                <line hits="11" number="531"/>
                <line hits="11" number="534"/>
                <line hits="11" number="536"/>
                <line hits="11" number="537"/>
                <line hits="11" number="538"/>
                <line hits="11" number="539"/>
                <line hits="11" number="540"/>
                <line hits="11" number="541"/>
                <line hits="11" number="542"/>
                <line hits="11" number="543"/>
                <line hits="11" number="544"/>
                <line hits="11" number="547"/>
                <line hits="11" number="549"/>
                <line hits="11" number="550"/>
                <line hits="11" number="551"/>
                <line hits="11" number="552"/>
                <line hits="11" number="553"/>
                <line hits="11" number="554"/>
                <line hits="11" number="557"/>
                <line hits="11" number="559"/>
                <line hits="11" number="560"/>
                <line hits="11" number="561"/>
                <line hits="11" number="562"/>
                <line hits="11" number="563"/>
                <line hits="11" number="564"/>
                <line hits="11" number="567"/>
                <line hits="11" number="568"/>
                <line hits="11" number="572"/>
                <line hits="11" number="574"/>
                <line hits="11" number="575"/>
                <line hits="11" number="576"/>
                <line hits="11" number="577"/>
              </lines>
            </method>
            <method branch-rate="NaN" line-rate="0.66667" name="update_MaxPowerFYI" signature="update_MaxPowerFYI(App)">
              <lines>
                <line hits="25" number="582"/>
                <line hits="25" number="583"/>
                <line hits="25" number="584"/>
                <line hits="25" number="585"/>
                <line hits="0" number="587"/>
                <line hits="0" number="588"/>
              </lines>
            </method>
            <method branch-rate="NaN" line-rate="1" name="callback_set_parameters" signature="callback_set_parameters(App)">
              <lines>
                <line hits="1" number="594"/>
                <line hits="1" number="595"/>
                <line hits="1" number="597"/>
                <line hits="1" number="599"/>
                <line hits="1" number="600"/>
                <line hits="1" number="602"/>
                <line hits="1" number="604"/>
                <line hits="1" number="606"/>
                <line hits="1" number="607"/>
                <line hits="1" number="609"/>
                <line hits="1" number="610"/>
              </lines>
            </method>
            <method branch-rate="NaN" line-rate="0.79412" name="callback_get_parameters" signature="callback_get_parameters(App)">
              <lines>
                <line hits="4" number="616"/>
                <line hits="4" number="618"/>
                <line hits="4" number="620"/>
                <line hits="4" number="621"/>
                <line hits="0" number="622"/>
                <line hits="0" number="623"/>
                <line hits="0" number="624"/>
                <line hits="0" number="625"/>
                <line hits="0" number="626"/>
                <line hits="0" number="628"/>
                <line hits="0" number="632"/>
                <line hits="4" number="639"/>
                <line hits="4" number="640"/>
                <line hits="4" number="643"/>
                <line hits="4" number="644"/>
                <line hits="4" number="646"/>
                <line hits="4" number="648"/>
                <line hits="4" number="650"/>
                <line hits="4" number="651"/>
                <line hits="4" number="653"/>
                <line hits="4" number="654"/>
                <line hits="4" number="658"/>
                <line hits="4" number="660"/>
                <line hits="4" number="663"/>
                <line hits="4" number="665"/>
                <line hits="4" number="666"/>
                <line hits="4" number="667"/>
                <line hits="4" number="668"/>
                <line hits="4" number="670"/>
                <line hits="4" number="671"/>
                <line hits="4" number="672"/>
                <line hits="4" number="673"/>
                <line hits="4" number="679"/>
                <line hits="4" number="682"/>
              </lines>
            </method>
            <method branch-rate="NaN" line-rate="0.94444" name="react_PresetChanged" signature="react_PresetChanged(App)">
              <lines>
                <line hits="6" number="688"/>
                <line hits="6" number="690"/>
                <line hits="0" number="692"/>
                <line hits="6" number="696"/>
                <line hits="6" number="700"/>
                <line hits="6" number="701"/>
                <line hits="6" number="705"/>
                <line hits="6" number="706"/>
                <line hits="6" number="707"/>
                <line hits="6" number="708"/>
                <line hits="6" number="711"/>
                <line hits="6" number="712"/>
                <line hits="6" number="715"/>
                <line hits="6" number="718"/>
                <line hits="6" number="719"/>
                <line hits="6" number="720"/>
                <line hits="6" number="724"/>
                <line hits="6" number="727"/>
              </lines>
            </method>
            <method branch-rate="NaN" line-rate="1" name="react_UIChanged" signature="react_UIChanged(App, NameValuePair)">
              <lines>
                <line hits="25" number="742"/>
                <line hits="25" number="743"/>
                <line hits="25" number="744"/>
                <line hits="25" number="745"/>
                <line hits="25" number="746"/>
                <line hits="25" number="747"/>
                <line hits="25" number="748"/>
                <line hits="25" number="749"/>
                <line hits="25" number="750"/>
                <line hits="25" number="751"/>
                <line hits="25" number="752"/>
                <line hits="25" number="753"/>
                <line hits="25" number="754"/>
                <line hits="25" number="755"/>
                <line hits="25" number="756"/>
                <line hits="25" number="758"/>
                <line hits="25" number="759"/>
                <line hits="25" number="760"/>
                <line hits="25" number="761"/>
                <line hits="25" number="762"/>
                <line hits="25" number="764"/>
                <line hits="25" number="765"/>
                <line hits="25" number="766"/>
                <line hits="25" number="767"/>
              </lines>
            </method>
          </methods>
          <lines>
            <line hits="8" number="107"/>
            <line hits="8" number="108"/>
            <line hits="12" number="114"/>
            <line hits="12" number="115"/>
            <line hits="12" number="118"/>
            <line hits="3" number="119"/>
            <line hits="3" number="120"/>
            <line hits="3" number="121"/>
            <line hits="0" number="122"/>
            <line hits="0" number="123"/>
            <line hits="0" number="125"/>
            <line hits="9" number="128"/>
            <line hits="2" number="129"/>
            <line hits="2" number="130"/>
            <line hits="7" number="133"/>
            <line hits="7" number="134"/>
            <line hits="7" number="135"/>
            <line hits="12" number="138"/>
            <line hits="5" number="139"/>
            <line hits="5" number="140"/>
            <line hits="1" number="141"/>
            <line hits="1" number="142"/>
            <line hits="1" number="143"/>
            <line hits="1" number="145"/>
            <line hits="4" number="150"/>
            <line hits="4" number="151"/>
            <line hits="0" number="152"/>
            <line hits="0" number="153"/>
            <line hits="0" number="154"/>
            <line hits="0" number="156"/>
            <line hits="4" number="160"/>
            <line hits="1" number="162"/>
            <line hits="3" number="164"/>
            <line hits="0" number="165"/>
            <line hits="0" number="166"/>
            <line hits="0" number="168"/>
            <line hits="11" number="175"/>
            <line hits="11" number="177"/>
            <line hits="11" number="178"/>
            <line hits="11" number="179"/>
            <line hits="11" number="180"/>
            <line hits="11" number="181"/>
            <line hits="11" number="185"/>
            <line hits="11" number="190"/>
            <line hits="4" number="191"/>
            <line hits="4" number="192"/>
            <line hits="4" number="193"/>
            <line hits="0" number="194"/>
            <line hits="0" number="196"/>
            <line hits="4" number="199"/>
            <line hits="4" number="200"/>
            <line hits="7" number="204"/>
            <line hits="7" number="205"/>
            <line hits="7" number="206"/>
            <line hits="7" number="207"/>
            <line hits="7" number="209"/>
            <line hits="7" number="210"/>
            <line hits="7" number="212"/>
            <line hits="7" number="214"/>
            <line hits="7" number="215"/>
            <line hits="7" number="216"/>
            <line hits="11" number="219"/>
            <line hits="11" number="220"/>
            <line hits="11" number="221"/>
            <line hits="11" number="222"/>
            <line hits="11" number="225"/>
            <line hits="11" number="227"/>
            <line hits="11" number="229"/>
            <line hits="11" number="230"/>
            <line hits="11" number="231"/>
            <line hits="11" number="232"/>
            <line hits="4" number="233"/>
            <line hits="11" number="239"/>
            <line hits="11" number="240"/>
            <line hits="11" number="242"/>
            <line hits="11" number="247"/>
            <line hits="11" number="248"/>
            <line hits="11" number="253"/>
            <line hits="11" number="254"/>
            <line hits="11" number="256"/>
            <line hits="11" number="257"/>
            <line hits="11" number="258"/>
            <line hits="11" number="259"/>
            <line hits="11" number="261"/>
            <line hits="11" number="262"/>
            <line hits="11" number="263"/>
            <line hits="11" number="264"/>
            <line hits="11" number="265"/>
            <line hits="11" number="266"/>
            <line hits="11" number="271"/>
            <line hits="11" number="272"/>
            <line hits="11" number="273"/>
            <line hits="11" number="276"/>
            <line hits="11" number="278"/>
            <line hits="11" number="279"/>
            <line hits="11" number="280"/>
            <line hits="11" number="281"/>
            <line hits="11" number="282"/>
            <line hits="11" number="283"/>
            <line hits="11" number="284"/>
            <line hits="11" number="285"/>
            <line hits="11" number="286"/>
            <line hits="11" number="289"/>
            <line hits="11" number="291"/>
            <line hits="11" number="292"/>
            <line hits="11" number="293"/>
            <line hits="11" number="294"/>
            <line hits="11" number="295"/>
            <line hits="11" number="296"/>
            <line hits="11" number="299"/>
            <line hits="11" number="301"/>
            <line hits="11" number="302"/>
            <line hits="11" number="303"/>
            <line hits="11" number="304"/>
            <line hits="11" number="305"/>
            <line hits="11" number="306"/>
            <line hits="11" number="309"/>
            <line hits="11" number="311"/>
            <line hits="11" number="312"/>
            <line hits="11" number="313"/>
            <line hits="11" number="314"/>
            <line hits="11" number="315"/>
            <line hits="11" number="316"/>
            <line hits="11" number="317"/>
            <line hits="11" number="318"/>
            <line hits="11" number="319"/>
            <line hits="11" number="324"/>
            <line hits="11" number="325"/>
            <line hits="11" number="326"/>
            <line hits="11" number="329"/>
            <line hits="11" number="331"/>
            <line hits="11" number="332"/>
            <line hits="11" number="333"/>
            <line hits="11" number="334"/>
            <line hits="11" number="335"/>
            <line hits="11" number="336"/>
            <line hits="11" number="339"/>
            <line hits="11" number="341"/>
            <line hits="11" number="342"/>
            <line hits="11" number="343"/>
            <line hits="11" number="344"/>
            <line hits="11" number="345"/>
            <line hits="11" number="346"/>
            <line hits="11" number="351"/>
            <line hits="11" number="352"/>
            <line hits="11" number="353"/>
            <line hits="11" number="356"/>
            <line hits="11" number="358"/>
            <line hits="11" number="359"/>
            <line hits="11" number="360"/>
            <line hits="11" number="361"/>
            <line hits="11" number="362"/>
            <line hits="11" number="363"/>
            <line hits="11" number="368"/>
            <line hits="11" number="369"/>
            <line hits="11" number="370"/>
            <line hits="11" number="373"/>
            <line hits="11" number="375"/>
            <line hits="11" number="376"/>
            <line hits="11" number="377"/>
            <line hits="11" number="378"/>
            <line hits="11" number="379"/>
            <line hits="11" number="380"/>
            <line hits="11" number="381"/>
            <line hits="11" number="382"/>
            <line hits="11" number="383"/>
            <line hits="11" number="386"/>
            <line hits="11" number="388"/>
            <line hits="11" number="389"/>
            <line hits="11" number="390"/>
            <line hits="11" number="391"/>
            <line hits="11" number="392"/>
            <line hits="11" number="393"/>
            <line hits="11" number="396"/>
            <line hits="11" number="398"/>
            <line hits="11" number="399"/>
            <line hits="11" number="400"/>
            <line hits="11" number="401"/>
            <line hits="11" number="402"/>
            <line hits="11" number="403"/>
            <line hits="11" number="408"/>
            <line hits="11" number="409"/>
            <line hits="11" number="410"/>
            <line hits="11" number="413"/>
            <line hits="11" number="415"/>
            <line hits="11" number="416"/>
            <line hits="11" number="417"/>
            <line hits="11" number="418"/>
            <line hits="11" number="419"/>
            <line hits="11" number="420"/>
            <line hits="11" number="423"/>
            <line hits="11" number="425"/>
            <line hits="11" number="426"/>
            <line hits="11" number="427"/>
            <line hits="11" number="428"/>
            <line hits="11" number="429"/>
            <line hits="11" number="430"/>
            <line hits="11" number="433"/>
            <line hits="11" number="435"/>
            <line hits="11" number="436"/>
            <line hits="11" number="437"/>
            <line hits="11" number="438"/>
            <line hits="11" number="439"/>
            <line hits="11" number="440"/>
            <line hits="11" number="443"/>
            <line hits="11" number="445"/>
            <line hits="11" number="446"/>
            <line hits="11" number="447"/>
            <line hits="11" number="448"/>
            <line hits="11" number="449"/>
            <line hits="11" number="450"/>
            <line hits="11" number="453"/>
            <line hits="11" number="455"/>
            <line hits="11" number="456"/>
            <line hits="11" number="458"/>
            <line hits="11" number="459"/>
            <line hits="11" number="460"/>
            <line hits="11" number="461"/>
            <line hits="11" number="462"/>
            <line hits="11" number="463"/>
            <line hits="11" number="464"/>
            <line hits="11" number="465"/>
            <line hits="11" number="469"/>
            <line hits="11" number="474"/>
            <line hits="11" number="475"/>
            <line hits="11" number="478"/>
            <line hits="11" number="479"/>
            <line hits="11" number="481"/>
            <line hits="11" number="482"/>
            <line hits="11" number="483"/>
            <line hits="11" number="484"/>
            <line hits="11" number="485"/>
            <line hits="11" number="486"/>
            <line hits="11" number="487"/>
            <line hits="11" number="488"/>
            <line hits="11" number="489"/>
            <line hits="11" number="490"/>
            <line hits="11" number="491"/>
            <line hits="11" number="493"/>
            <line hits="11" number="495"/>
            <line hits="11" number="496"/>
            <line hits="11" number="497"/>
            <line hits="11" number="498"/>
            <line hits="11" number="500"/>
            <line hits="3" number="502"/>
            <line hits="3" number="503"/>
            <line hits="3" number="504"/>
            <line hits="11" number="508"/>
            <line hits="11" number="510"/>
            <line hits="11" number="511"/>
            <line hits="11" number="516"/>
            <line hits="11" number="517"/>
            <line hits="11" number="518"/>
            <line hits="11" number="521"/>
            <line hits="11" number="523"/>
            <line hits="11" number="524"/>
            <line hits="11" number="525"/>
            <line hits="11" number="526"/>
            <line hits="11" number="527"/>
            <line hits="11" number="528"/>
            <line hits="11" number="529"/>
            <line hits="11" number="530"/>
            <line hits="11" number="531"/>
            <line hits="11" number="534"/>
            <line hits="11" number="536"/>
            <line hits="11" number="537"/>
            <line hits="11" number="538"/>
            <line hits="11" number="539"/>
            <line hits="11" number="540"/>
            <line hits="11" number="541"/>
            <line hits="11" number="542"/>
            <line hits="11" number="543"/>
            <line hits="11" number="544"/>
            <line hits="11" number="547"/>
            <line hits="11" number="549"/>
            <line hits="11" number="550"/>
            <line hits="11" number="551"/>
            <line hits="11" number="552"/>
            <line hits="11" number="553"/>
            <line hits="11" number="554"/>
            <line hits="11" number="557"/>
            <line hits="11" number="559"/>
            <line hits="11" number="560"/>
            <line hits="11" number="561"/>
            <line hits="11" number="562"/>
            <line hits="11" number="563"/>
            <line hits="11" number="564"/>
            <line hits="11" number="567"/>
            <line hits="11" number="568"/>
            <line hits="11" number="572"/>
            <line hits="11" number="574"/>
            <line hits="11" number="575"/>
            <line hits="11" number="576"/>
            <line hits="11" number="577"/>
            <line hits="25" number="582"/>
            <line hits="25" number="583"/>
            <line hits="25" number="584"/>
            <line hits="25" number="585"/>
            <line hits="0" number="587"/>
            <line hits="0" number="588"/>
            <line hits="1" number="594"/>
            <line hits="1" number="595"/>
            <line hits="1" number="597"/>
            <line hits="1" number="599"/>
            <line hits="1" number="600"/>
            <line hits="1" number="602"/>
            <line hits="1" number="604"/>
            <line hits="1" number="606"/>
            <line hits="1" number="607"/>
            <line hits="1" number="609"/>
            <line hits="1" number="610"/>
            <line hits="4" number="616"/>
            <line hits="4" number="618"/>
            <line hits="4" number="620"/>
            <line hits="4" number="621"/>
            <line hits="0" number="622"/>
            <line hits="0" number="623"/>
            <line hits="0" number="624"/>
            <line hits="0" number="625"/>
            <line hits="0" number="626"/>
            <line hits="0" number="628"/>
            <line hits="0" number="632"/>
            <line hits="4" number="639"/>
            <line hits="4" number="640"/>
            <line hits="4" number="643"/>
            <line hits="4" number="644"/>
            <line hits="4" number="646"/>
            <line hits="4" number="648"/>
            <line hits="4" number="650"/>
            <line hits="4" number="651"/>
            <line hits="4" number="653"/>
            <line hits="4" number="654"/>
            <line hits="4" number="658"/>
            <line hits="4" number="660"/>
            <line hits="4" number="663"/>
            <line hits="4" number="665"/>
            <line hits="4" number="666"/>
            <line hits="4" number="667"/>
            <line hits="4" number="668"/>
            <line hits="4" number="670"/>
            <line hits="4" number="671"/>
            <line hits="4" number="672"/>
            <line hits="4" number="673"/>
            <line hits="4" number="679"/>
            <line hits="4" number="682"/>
            <line hits="6" number="688"/>
            <line hits="6" number="690"/>
            <line hits="0" number="692"/>
            <line hits="6" number="696"/>
            <line hits="6" number="700"/>
            <line hits="6" number="701"/>
            <line hits="6" number="705"/>
            <line hits="6" number="706"/>
            <line hits="6" number="707"/>
            <line hits="6" number="708"/>
            <line hits="6" number="711"/>
            <line hits="6" number="712"/>
            <line hits="6" number="715"/>
            <line hits="6" number="718"/>
            <line hits="6" number="719"/>
            <line hits="6" number="720"/>
            <line hits="6" number="724"/>
            <line hits="6" number="727"/>
            <line hits="25" number="735"/>
            <line hits="25" number="742"/>
            <line hits="25" number="743"/>
            <line hits="25" number="744"/>
            <line hits="25" number="745"/>
            <line hits="25" number="746"/>
            <line hits="25" number="747"/>
            <line hits="25" number="748"/>
            <line hits="25" number="749"/>
            <line hits="25" number="750"/>
            <line hits="25" number="751"/>
            <line hits="25" number="752"/>
            <line hits="25" number="753"/>
            <line hits="25" number="754"/>
            <line hits="25" number="755"/>
            <line hits="25" number="756"/>
            <line hits="25" number="758"/>
            <line hits="25" number="759"/>
            <line hits="25" number="760"/>
            <line hits="25" number="761"/>
            <line hits="25" number="762"/>
            <line hits="25" number="764"/>
            <line hits="25" number="765"/>
            <line hits="25" number="766"/>
            <line hits="25" number="767"/>
          </lines>
        </class>
        <class branch-rate="NaN" complexity="NaN" filename="Vehicle1DDataSet.m" line-rate="0.92105" name="Vehicle1D1.Vehicle1DDataSet">
          <methods>
            <method branch-rate="NaN" line-rate="0.78571" name="Vehicle1DDataSet" signature="DataSet = Vehicle1DDataSet(NameValuePair)">
              <lines>
                <line hits="30" number="103"/>
                <line hits="30" number="105"/>
                <line hits="4" number="106"/>
                <line hits="4" number="107"/>
                <line hits="4" number="109"/>
                <line hits="30" number="112"/>
                <line hits="2" number="114"/>
                <line hits="28" number="118"/>
                <line hits="24" number="121"/>
                <line hits="4" number="126"/>
                <line hits="4" number="128"/>
                <line hits="4" number="129"/>
                <line hits="0" number="130"/>
                <line hits="0" number="131"/>
                <line hits="0" number="133"/>
                <line hits="4" number="137"/>
                <line hits="4" number="138"/>
                <line hits="4" number="139"/>
                <line hits="0" number="140"/>
                <line hits="0" number="141"/>
                <line hits="0" number="143"/>
                <line hits="4" number="147"/>
                <line hits="4" number="148"/>
                <line hits="4" number="149"/>
                <line hits="4" number="150"/>
                <line hits="4" number="151"/>
                <line hits="4" number="155"/>
                <line hits="4" number="157"/>
              </lines>
            </method>
            <method branch-rate="NaN" line-rate="1" name="resetDataSet" signature="resetDataSet(DataSet)">
              <lines>
                <line hits="24" number="163"/>
                <line hits="24" number="164"/>
                <line hits="24" number="165"/>
                <line hits="24" number="166"/>
                <line hits="24" number="168"/>
                <line hits="24" number="169"/>
                <line hits="24" number="171"/>
                <line hits="24" number="173"/>
                <line hits="24" number="174"/>
                <line hits="24" number="175"/>
                <line hits="24" number="177"/>
              </lines>
            </method>
            <method branch-rate="NaN" line-rate="1" name="resetCommonSettings" signature="resetCommonSettings(DataSet)">
              <lines>
                <line hits="28" number="183"/>
                <line hits="28" number="185"/>
                <line hits="28" number="186"/>
                <line hits="28" number="187"/>
                <line hits="28" number="188"/>
                <line hits="28" number="190"/>
              </lines>
            </method>
            <method branch-rate="NaN" line-rate="1" name="updateDataSet" signature="updateDataSet(DataSet)">
              <lines>
                <line hits="55" number="196"/>
                <line hits="55" number="198"/>
                <line hits="55" number="200"/>
                <line hits="55" number="202"/>
                <line hits="55" number="203"/>
                <line hits="55" number="204"/>
                <line hits="55" number="206"/>
                <line hits="55" number="207"/>
                <line hits="55" number="209"/>
                <line hits="55" number="210"/>
                <line hits="55" number="211"/>
                <line hits="55" number="214"/>
                <line hits="55" number="215"/>
                <line hits="55" number="217"/>
                <line hits="55" number="218"/>
                <line hits="55" number="219"/>
                <line hits="55" number="221"/>
                <line hits="55" number="222"/>
                <line hits="55" number="225"/>
                <line hits="55" number="226"/>
                <line hits="273" number="227"/>
                <line hits="273" number="228"/>
                <line hits="273" number="229"/>
                <line hits="273" number="230"/>
                <line hits="55" number="232"/>
                <line hits="55" number="235"/>
                <line hits="55" number="236"/>
                <line hits="220" number="237"/>
                <line hits="55" number="239"/>
              </lines>
            </method>
          </methods>
          <lines>
            <line hits="6" number="99"/>
            <line hits="26" number="100"/>
            <line hits="30" number="103"/>
            <line hits="30" number="105"/>
            <line hits="4" number="106"/>
            <line hits="4" number="107"/>
            <line hits="4" number="109"/>
            <line hits="30" number="112"/>
            <line hits="2" number="114"/>
            <line hits="28" number="118"/>
            <line hits="24" number="121"/>
            <line hits="4" number="126"/>
            <line hits="4" number="128"/>
            <line hits="4" number="129"/>
            <line hits="0" number="130"/>
            <line hits="0" number="131"/>
            <line hits="0" number="133"/>
            <line hits="4" number="137"/>
            <line hits="4" number="138"/>
            <line hits="4" number="139"/>
            <line hits="0" number="140"/>
            <line hits="0" number="141"/>
            <line hits="0" number="143"/>
            <line hits="4" number="147"/>
            <line hits="4" number="148"/>
            <line hits="4" number="149"/>
            <line hits="4" number="150"/>
            <line hits="4" number="151"/>
            <line hits="4" number="155"/>
            <line hits="4" number="157"/>
            <line hits="24" number="163"/>
            <line hits="24" number="164"/>
            <line hits="24" number="165"/>
            <line hits="24" number="166"/>
            <line hits="24" number="168"/>
            <line hits="24" number="169"/>
            <line hits="24" number="171"/>
            <line hits="24" number="173"/>
            <line hits="24" number="174"/>
            <line hits="24" number="175"/>
            <line hits="24" number="177"/>
            <line hits="28" number="183"/>
            <line hits="28" number="185"/>
            <line hits="28" number="186"/>
            <line hits="28" number="187"/>
            <line hits="28" number="188"/>
            <line hits="28" number="190"/>
            <line hits="55" number="196"/>
            <line hits="55" number="198"/>
            <line hits="55" number="200"/>
            <line hits="55" number="202"/>
            <line hits="55" number="203"/>
            <line hits="55" number="204"/>
            <line hits="55" number="206"/>
            <line hits="55" number="207"/>
            <line hits="55" number="209"/>
            <line hits="55" number="210"/>
            <line hits="55" number="211"/>
            <line hits="55" number="214"/>
            <line hits="55" number="215"/>
            <line hits="55" number="217"/>
            <line hits="55" number="218"/>
            <line hits="55" number="219"/>
            <line hits="55" number="221"/>
            <line hits="55" number="222"/>
            <line hits="55" number="225"/>
            <line hits="55" number="226"/>
            <line hits="273" number="227"/>
            <line hits="273" number="228"/>
            <line hits="273" number="229"/>
            <line hits="273" number="230"/>
            <line hits="55" number="232"/>
            <line hits="55" number="235"/>
            <line hits="55" number="236"/>
            <line hits="220" number="237"/>
            <line hits="55" number="239"/>
          </lines>
        </class>
        <class branch-rate="NaN" complexity="NaN" filename="Vehicle1DModelParameters.m" line-rate="1" name="Vehicle1D1.Vehicle1DModelParameters">
          <methods>
            <method branch-rate="NaN" line-rate="1" name="Vehicle1DModelParameters" signature="ModelParams = Vehicle1DModelParameters(NameValuePair)">
              <lines>
                <line hits="86" number="96"/>
                <line hits="80" number="98"/>
                <line hits="6" number="102"/>
                <line hits="6" number="103"/>
                <line hits="6" number="104"/>
                <line hits="6" number="105"/>
                <line hits="6" number="107"/>
                <line hits="6" number="109"/>
                <line hits="6" number="111"/>
                <line hits="6" number="113"/>
                <line hits="6" number="115"/>
                <line hits="6" number="117"/>
                <line hits="6" number="119"/>
              </lines>
            </method>
            <method branch-rate="NaN" line-rate="1" name="updateDerivedParameters" signature="updateDerivedParameters(ModelParams)">
              <lines>
                <line hits="110" number="125"/>
                <line hits="110" number="126"/>
                <line hits="110" number="127"/>
                <line hits="110" number="128"/>
                <line hits="110" number="130"/>
                <line hits="110" number="131"/>
                <line hits="110" number="132"/>
                <line hits="110" number="133"/>
                <line hits="110" number="135"/>
                <line hits="110" number="136"/>
                <line hits="110" number="137"/>
                <line hits="110" number="139"/>
                <line hits="110" number="140"/>
                <line hits="110" number="141"/>
                <line hits="110" number="142"/>
                <line hits="110" number="143"/>
                <line hits="110" number="144"/>
                <line hits="110" number="145"/>
                <line hits="110" number="146"/>
                <line hits="110" number="147"/>
              </lines>
            </method>
          </methods>
          <lines>
            <line hits="79" number="93"/>
            <line hits="86" number="96"/>
            <line hits="80" number="98"/>
            <line hits="6" number="102"/>
            <line hits="6" number="103"/>
            <line hits="6" number="104"/>
            <line hits="6" number="105"/>
            <line hits="6" number="107"/>
            <line hits="6" number="109"/>
            <line hits="6" number="111"/>
            <line hits="6" number="113"/>
            <line hits="6" number="115"/>
            <line hits="6" number="117"/>
            <line hits="6" number="119"/>
            <line hits="110" number="125"/>
            <line hits="110" number="126"/>
            <line hits="110" number="127"/>
            <line hits="110" number="128"/>
            <line hits="110" number="130"/>
            <line hits="110" number="131"/>
            <line hits="110" number="132"/>
            <line hits="110" number="133"/>
            <line hits="110" number="135"/>
            <line hits="110" number="136"/>
            <line hits="110" number="137"/>
            <line hits="110" number="139"/>
            <line hits="110" number="140"/>
            <line hits="110" number="141"/>
            <line hits="110" number="142"/>
            <line hits="110" number="143"/>
            <line hits="110" number="144"/>
            <line hits="110" number="145"/>
            <line hits="110" number="146"/>
            <line hits="110" number="147"/>
          </lines>
        </class>
        <class branch-rate="NaN" complexity="NaN" filename="Vehicle1DParameterPresets.m" line-rate="1" name="Vehicle1D1.Vehicle1DParameterPresets">
          <methods>
            <method branch-rate="NaN" line-rate="1" name="Vehicle1DParameterPresets" signature="PresetDictionary = Vehicle1DParameterPresets()">
              <lines>
                <line hits="16" number="14"/>
                <line hits="16" number="16"/>
                <line hits="16" number="17"/>
                <line hits="16" number="18"/>
                <line hits="16" number="19"/>
                <line hits="16" number="20"/>
                <line hits="16" number="21"/>
                <line hits="16" number="22"/>
                <line hits="16" number="23"/>
                <line hits="16" number="24"/>
                <line hits="16" number="25"/>
                <line hits="16" number="26"/>
                <line hits="16" number="28"/>
                <line hits="16" number="32"/>
                <line hits="16" number="34"/>
                <line hits="16" number="35"/>
                <line hits="16" number="36"/>
                <line hits="16" number="37"/>
                <line hits="16" number="38"/>
                <line hits="16" number="39"/>
                <line hits="16" number="40"/>
                <line hits="16" number="41"/>
                <line hits="16" number="42"/>
                <line hits="16" number="43"/>
                <line hits="16" number="44"/>
                <line hits="16" number="46"/>
                <line hits="16" number="50"/>
                <line hits="16" number="52"/>
                <line hits="16" number="53"/>
                <line hits="16" number="54"/>
                <line hits="16" number="55"/>
                <line hits="16" number="56"/>
                <line hits="16" number="57"/>
                <line hits="16" number="58"/>
                <line hits="16" number="59"/>
                <line hits="16" number="60"/>
                <line hits="16" number="61"/>
                <line hits="16" number="62"/>
                <line hits="16" number="64"/>
              </lines>
            </method>
          </methods>
          <lines>
            <line hits="16" number="14"/>
            <line hits="16" number="16"/>
            <line hits="16" number="17"/>
            <line hits="16" number="18"/>
            <line hits="16" number="19"/>
            <line hits="16" number="20"/>
            <line hits="16" number="21"/>
            <line hits="16" number="22"/>
            <line hits="16" number="23"/>
            <line hits="16" number="24"/>
            <line hits="16" number="25"/>
            <line hits="16" number="26"/>
            <line hits="16" number="28"/>
            <line hits="16" number="32"/>
            <line hits="16" number="34"/>
            <line hits="16" number="35"/>
            <line hits="16" number="36"/>
            <line hits="16" number="37"/>
            <line hits="16" number="38"/>
            <line hits="16" number="39"/>
            <line hits="16" number="40"/>
            <line hits="16" number="41"/>
            <line hits="16" number="42"/>
            <line hits="16" number="43"/>
            <line hits="16" number="44"/>
            <line hits="16" number="46"/>
            <line hits="16" number="50"/>
            <line hits="16" number="52"/>
            <line hits="16" number="53"/>
            <line hits="16" number="54"/>
            <line hits="16" number="55"/>
            <line hits="16" number="56"/>
            <line hits="16" number="57"/>
            <line hits="16" number="58"/>
            <line hits="16" number="59"/>
            <line hits="16" number="60"/>
            <line hits="16" number="61"/>
            <line hits="16" number="62"/>
            <line hits="16" number="64"/>
          </lines>
        </class>
        <class branch-rate="NaN" complexity="NaN" filename="plotVehicle1DPerformance.m" line-rate="0.9697" name="Vehicle1D1.plotVehicle1DPerformance">
          <methods/>
          <lines>
            <line hits="28" number="20"/>
            <line hits="33" number="23"/>
            <line hits="33" number="24"/>
            <line hits="33" number="27"/>
            <line hits="30" number="28"/>
            <line hits="33" number="37"/>
            <line hits="33" number="38"/>
            <line hits="33" number="40"/>
            <line hits="33" number="42"/>
            <line hits="33" number="45"/>
            <line hits="33" number="46"/>
            <line hits="33" number="49"/>
            <line hits="33" number="50"/>
            <line hits="33" number="53"/>
            <line hits="33" number="54"/>
            <line hits="33" number="57"/>
            <line hits="33" number="58"/>
            <line hits="33" number="61"/>
            <line hits="33" number="62"/>
            <line hits="33" number="64"/>
            <line hits="33" number="66"/>
            <line hits="33" number="71"/>
            <line hits="33" number="75"/>
            <line hits="33" number="76"/>
            <line hits="33" number="80"/>
            <line hits="33" number="81"/>
            <line hits="33" number="85"/>
            <line hits="33" number="86"/>
            <line hits="33" number="89"/>
            <line hits="0" number="95"/>
            <line hits="33" number="98"/>
            <line hits="33" number="103"/>
            <line hits="2" number="107"/>
            <line hits="2" number="108"/>
            <line hits="2" number="109"/>
            <line hits="2" number="110"/>
            <line hits="2" number="112"/>
            <line hits="2" number="114"/>
            <line hits="2" number="115"/>
            <line hits="2" number="116"/>
            <line hits="2" number="117"/>
            <line hits="2" number="120"/>
            <line hits="2" number="121"/>
            <line hits="2" number="125"/>
            <line hits="2" number="126"/>
            <line hits="2" number="127"/>
            <line hits="2" number="128"/>
            <line hits="2" number="129"/>
            <line hits="2" number="130"/>
            <line hits="2" number="131"/>
            <line hits="2" number="133"/>
            <line hits="2" number="134"/>
            <line hits="2" number="135"/>
            <line hits="2" number="137"/>
            <line hits="2" number="138"/>
            <line hits="2" number="140"/>
            <line hits="2" number="141"/>
            <line hits="2" number="143"/>
            <line hits="2" number="144"/>
            <line hits="2" number="146"/>
            <line hits="2" number="149"/>
            <line hits="2" number="151"/>
            <line hits="2" number="152"/>
            <line hits="2" number="154"/>
            <line hits="2" number="155"/>
            <line hits="2" number="157"/>
            <line hits="2" number="158"/>
            <line hits="10" number="159"/>
            <line hits="10" number="160"/>
            <line hits="10" number="161"/>
            <line hits="10" number="162"/>
            <line hits="2" number="166"/>
            <line hits="2" number="167"/>
            <line hits="8" number="168"/>
            <line hits="31" number="174"/>
            <line hits="30" number="175"/>
            <line hits="1" number="177"/>
            <line hits="31" number="180"/>
            <line hits="31" number="181"/>
            <line hits="31" number="182"/>
            <line hits="31" number="184"/>
            <line hits="31" number="185"/>
            <line hits="31" number="186"/>
            <line hits="31" number="188"/>
            <line hits="31" number="189"/>
            <line hits="31" number="191"/>
            <line hits="31" number="192"/>
            <line hits="31" number="194"/>
            <line hits="31" number="195"/>
            <line hits="31" number="197"/>
            <line hits="31" number="199"/>
            <line hits="31" number="201"/>
            <line hits="31" number="202"/>
            <line hits="31" number="203"/>
            <line hits="155" number="204"/>
            <line hits="155" number="205"/>
            <line hits="31" number="208"/>
            <line hits="31" number="209"/>
            <line hits="33" number="216"/>
            <line hits="28" number="217"/>
            <line hits="28" number="218"/>
            <line hits="28" number="219"/>
            <line hits="0" number="221"/>
            <line hits="0" number="222"/>
            <line hits="0" number="224"/>
            <line hits="5" number="228"/>
            <line hits="5" number="229"/>
            <line hits="5" number="230"/>
            <line hits="5" number="231"/>
            <line hits="5" number="233"/>
            <line hits="33" number="237"/>
            <line hits="33" number="242"/>
            <line hits="33" number="244"/>
            <line hits="33" number="246"/>
            <line hits="33" number="247"/>
            <line hits="33" number="248"/>
            <line hits="33" number="250"/>
            <line hits="33" number="252"/>
            <line hits="33" number="253"/>
            <line hits="132" number="254"/>
            <line hits="132" number="255"/>
            <line hits="132" number="256"/>
            <line hits="33" number="260"/>
            <line hits="33" number="262"/>
            <line hits="33" number="264"/>
            <line hits="33" number="266"/>
            <line hits="33" number="268"/>
            <line hits="33" number="269"/>
            <line hits="33" number="270"/>
            <line hits="33" number="271"/>
            <line hits="33" number="276"/>
            <line hits="33" number="277"/>
            <line hits="132" number="278"/>
            <line hits="132" number="279"/>
            <line hits="132" number="280"/>
            <line hits="132" number="282"/>
            <line hits="132" number="283"/>
            <line hits="132" number="284"/>
            <line hits="33" number="287"/>
            <line hits="33" number="288"/>
            <line hits="33" number="289"/>
            <line hits="33" number="294"/>
            <line hits="33" number="295"/>
            <line hits="33" number="296"/>
            <line hits="33" number="297"/>
            <line hits="33" number="298"/>
            <line hits="33" number="299"/>
            <line hits="33" number="300"/>
            <line hits="33" number="301"/>
            <line hits="33" number="302"/>
            <line hits="33" number="303"/>
            <line hits="33" number="306"/>
            <line hits="33" number="307"/>
            <line hits="33" number="308"/>
            <line hits="33" number="309"/>
            <line hits="33" number="312"/>
            <line hits="33" number="313"/>
            <line hits="33" number="314"/>
            <line hits="33" number="315"/>
            <line hits="33" number="319"/>
            <line hits="33" number="320"/>
            <line hits="33" number="321"/>
            <line hits="33" number="323"/>
            <line hits="33" number="325"/>
            <line hits="0" number="326"/>
          </lines>
        </class>
      </classes>
    </package>
  </packages>
</coverage>
